Experimental Variograms (VarCalc Version 1.400)
10
Variogram Index
Lag Distance
Number of Pairs
Variogram Value
Variogram Number
Calculation Azimuth
Calculation Dip
Variogram Type
Variogram Tail Index
Variogram Head Index
     1      1.497462     19700      0.176718     1      0.000000      0.000000     1     1     1
     1      5.408112    196822      0.698800     1      0.000000      0.000000     1     1     1
     1     10.282553    343968      0.994232     1      0.000000      0.000000     1     1     1
     1     15.217770    487648      1.024201     1      0.000000      0.000000     1     1     1
     1     20.146387    609676      1.013671     1      0.000000      0.000000     1     1     1
     1     25.091836    697302      0.970516     1      0.000000      0.000000     1     1     1
     1     30.072135    791192      1.002631     1      0.000000      0.000000     1     1     1
     1     35.079324    851840      1.025409     1      0.000000      0.000000     1     1     1
     1     40.084644    881210      1.021383     1      0.000000      0.000000     1     1     1
     1     45.033698    885276      1.037800     1      0.000000      0.000000     1     1     1
     1     50.006453    919334      1.008147     1      0.000000      0.000000     1     1     1
     1     55.017213    888590      0.936732     1      0.000000      0.000000     1     1     1
     1     60.000168    859196      0.870861     1      0.000000      0.000000     1     1     1
