With Rotated Coordinates: Normal Score Transform: pygeostat_saved_data
 7
X
Y
Z
value
NS_value
Rotated X
Rotated Y
47.770000 30.670000 0.500000 165.458893     -0.28911  51.979717      22.819527    
9.870000 72.339996 0.500000 227.343399      0.05957  21.064952      69.905362    
7.600000 96.019997 0.500000 176.246704     -0.21150  22.527268      93.648930    
45.610001 28.590000 0.500000 162.413300     -0.29565  49.520928      21.103034    
15.590000 18.379999 0.500000 609.767822      1.41353  18.273327      15.714897    
49.919998 70.309998 0.500000 137.289200     -0.36180  60.304307      61.635157    
45.279999 36.150002 0.500000 106.803299     -0.56437  50.377633      28.621583    
55.430000 40.709999 0.500000 348.921112      0.53522  61.116012      31.537629    
27.209999 96.120003 0.500000 1.954400     -1.46654  41.911480      90.680025    
98.510002 24.100000 0.500000 211.701096     -0.02193  101.06725      8.3929297    
66.610001 86.760002 0.500000 389.505890      0.75959  79.362176      75.271743    
19.110001 44.990002 0.500000 243.880005      0.14780  25.912712      41.446638    
7.570000 37.660000 0.500000 317.177795      0.45029  13.368123      36.012134    
83.400002 21.420000 0.500000 356.059998      0.57174  85.724036      8.1096497    
64.959999 90.580002 0.500000 259.291687      0.23720  78.330068      79.302829    
42.099998 51.869999 0.500000 89.163300     -0.66274  49.695933      44.645503    
47.099998 74.160004 0.500000 503.107788      1.05265  58.121299      65.878908    
8.400000 40.540001 0.500000 156.662201     -0.31534  14.638435      38.726837    
26.709999 21.860001 0.500000 391.565796      0.77642  29.800812      17.412504    
17.260000 44.430000 0.500000 221.412201      0.01567  23.997884      41.182934    
63.730000 29.290001 0.500000 583.816589      1.31801  67.527344      18.959824    
48.110001 7.190000 0.500000 49.231098     -0.90117  48.642451     -.42458304    
94.680000 30.120001 0.500000 4.586700     -1.38028  98.226138      14.937959    
35.970001 39.919998 0.500000 693.219971      1.60953  41.772014      33.801569    
22.820000 18.910000 0.500000 185.274506     -0.14147  25.497224      15.107352    
74.660004 90.839996 0.500000 66.292503     -0.83716  87.951322      78.042207    
23.320000 14.990000 0.500000 60.297798     -0.87330  25.377845      11.157397    
13.630000 3.270000 0.500000 18.743299     -1.19394  13.973733      1.0975391    
96.300003 55.360001 0.500000 261.944092      0.25011  103.77460      39.613788    
90.000000 54.610001 0.500000 0.000000     -3.02334  97.434837      39.858560    
31.809999 83.250000 0.500000 0.000000     -1.86273  44.441534      77.248874    
88.800003 70.250000 0.500000 398.127808      0.81950  98.696249      55.493725    
24.820000 4.220000 0.500000 248.990005      0.17319  25.174578     0.28534141    
77.059998 69.230003 0.500000 214.600006     -0.00313  86.941220      56.322827    
72.309998 80.580002 0.500000 495.592194      1.04181  84.025231      68.276153    
38.250000 63.270000 0.500000 0.308900     -1.54436  47.676688      56.507423    
54.380001 51.200001 0.500000 195.858398     -0.10358  61.719938      42.062738    
61.099998 81.419998 0.500000 184.214996     -0.15414  73.084649      70.859437    
67.459999 91.910004 0.500000 76.598900     -0.76798  81.007347      80.225371    
45.820000 53.419998 0.500000 41.741100     -0.96909  53.612609      45.594482    
17.549999 26.480000 0.500000 504.497803      1.07472  21.476314      23.408563    
35.360001 48.950001 0.500000 482.136597      0.99961  42.582128      42.815822    
97.570000 33.970001 0.500000 0.000000     -1.60953  101.68283      18.288463    
61.750000 77.190002 0.500000 236.482498      0.09729  73.064932      66.579837    
15.310000 64.599998 0.500000 858.669983      2.02859  25.227175      61.409653    
95.570000 22.150000 0.500000 284.837799      0.35512  97.858398      6.9268550    
93.489998 21.629999 0.500000 282.811096      0.34180  95.722658      6.7386401    
51.900002 78.660004 0.500000 251.459106      0.20509  63.566162      69.572620    
2.980000 64.540001 0.500000 177.182205     -0.20509  13.039592      63.279232    
95.930000 40.509998 0.500000 9.561100     -1.31801  101.08610      25.004495    
65.389999 68.440002 0.500000 354.035614      0.56437  75.291315      57.368143    
39.599998 56.570000 0.500000 31.750000     -1.08595  47.961954      49.678725    
8.100000 54.740002 0.500000 281.348907      0.32854  16.563498      52.798943    
26.799999 27.379999 0.500000 295.754211      0.38195  30.753222      22.850462    
50.599998 64.389999 0.500000 0.000000     -1.73636  60.049843      55.681668    
51.880001 44.160000 0.500000 402.385010      0.84609  58.149418      35.500497    
35.490002 43.410000 0.500000 867.247803      2.08028  41.843881      37.323691    
63.070000 60.150002 0.500000 48.055599     -0.92014  71.703037      49.543134    
92.989998 12.430000 0.500000 102.753304     -0.57913  93.789617     -2.2698744    
93.160004 89.589996 0.500000 12.638900     -1.23320  106.02801      73.913559    
91.660004 13.190000 0.500000 184.681702     -0.14780  92.594888     -1.3111744    
15.330000 16.450001 0.500000 384.345612      0.72655  17.714609      13.849334    
79.099998 90.010002 0.500000 165.626694     -0.28258  92.206812      76.527864    
90.900002 25.969999 0.500000 152.614395     -0.34180  93.843475      11.430372    
25.660000 82.690002 0.500000 0.000000     -1.68236  38.279649      77.657843    
19.950001 52.459999 0.500000 950.764893      2.28182  27.910935      48.693262    
66.459999 31.410000 0.500000 560.609985      1.24672  70.555373      20.626656    
54.970001 86.129997 0.500000 85.807503     -0.69429  67.766929      76.470391    
7.600000 16.309999 0.500000 221.636703      0.02193  10.057877      14.920294    
31.090000 93.470001 0.500000 9.676700     -1.28871  45.329160      87.455683    
16.700001 94.089996 0.500000 605.390930      1.39671  31.213314      90.319136    
27.670000 89.550003 0.500000 0.000000     -2.67379  41.338043      84.118952    
2.330000 60.270000 0.500000 217.250000      0.00313  11.729619      59.163484    
51.270000 51.439999 0.500000 179.943298     -0.17956  58.685770      42.786292    
36.020000 33.060001 0.500000 579.722473      1.30322  40.748258      27.018208    
5.170000 90.519997 0.500000 281.403290      0.33517  19.266796      88.596779    
24.010000 23.379999 0.500000 126.393303     -0.41588  27.371835      19.336161    
4.130000 89.739998 0.500000 157.894196     -0.30877  18.117581      87.989075    
71.370003 48.259998 0.500000 320.628387      0.46421  78.040847      36.501109    
56.779999 78.720001 0.500000 366.387512      0.60904  68.395464      68.868478    
35.040001 46.880001 0.500000 637.956726      1.46654  41.942248      40.821367    
80.500000 1.250000 0.500000 195.949997     -0.09729  79.704455     -11.358364    
64.330002 88.959999 0.500000 379.339996      0.66274  77.454403      77.801324    
0.730000 11.280000 0.500000 133.301697     -0.37522  2.4855932      11.026927    
1.570000 74.019997 0.500000 221.821701      0.02820  13.129949      72.863086    
33.680000 65.059998 0.500000 1.560000     -1.48517  43.442969      58.990289    
58.000000 96.239998 0.500000 144.524399     -0.34845  72.341176      85.981925    
93.730003 13.310000 0.500000 175.593307     -0.21791  94.658174     -1.5164709    
48.590000 51.540001 0.500000 47.275600     -0.92975  56.054409      43.304307    
28.309999 12.070000 0.500000 407.453308      0.86416  29.849620      7.4927388    
75.080002 29.490000 0.500000 440.246613      0.95912  78.768895      17.381829    
74.519997 12.220000 0.500000 129.481705     -0.39546  75.514161     0.41205575    
91.449997 51.290001 0.500000 0.737500     -1.50432  98.347620      36.352605    
33.529999 41.450001 0.500000 873.608826      2.13821  39.601398      35.694435    
76.099998 32.490002 0.500000 690.503418      1.58706  80.245637      20.185334    
1.230000 6.750000 0.500000 0.000000     -2.13821  2.2707893      6.4744819    
13.510000 52.820000 0.500000 657.721130      1.50432  21.606538      50.056269    
73.830002 67.790001 0.500000 249.382202      0.17956  83.525725      55.405837    
96.940002 76.330002 0.500000 168.319199     -0.26307  107.68715      60.225496    
18.549999 11.190000 0.500000 78.788902     -0.74297  20.072119      8.1503734    
66.040001 26.000000 0.500000 83.500000     -0.70229  69.294235      15.348965    
73.620003 92.360001 0.500000 31.715599     -1.09732  87.161906      79.706190    
24.799999 36.230000 0.500000 521.259216      1.10884  30.162290      31.904374    
31.170000 91.220001 0.500000 3.835000     -1.39671  45.056198      85.220869    
32.279999 86.070000 0.500000 0.000000     -2.49771  45.346893      79.960631    
63.939999 13.170000 0.500000 275.706696      0.29565  65.213033      3.0054360    
61.380001 26.830000 0.500000 360.353302      0.57913  64.821448      16.897731    
70.629997 6.870000 0.500000 584.732178      1.33310  70.835129     -4.2635468    
59.980000 48.279999 0.500000 341.205811      0.51365  66.794202      38.302653    
1.330000 1.900000 0.500000 6.237500     -1.36421  1.6108510      1.6685500    
31.940001 20.420000 0.500000 368.518311      0.61660  34.741158      15.172079    
24.379999 74.949997 0.500000 119.525002     -0.49940  35.804603      70.213366    
25.160000 19.120001 0.500000 333.786713      0.49940  27.841266      14.948711    
3.900000 37.470001 0.500000 503.402191      1.06362  9.7135840      36.398589    
32.400002 97.730003 0.500000 30.643299     -1.10884  47.289445      91.458308    
9.170000 41.200001 0.500000 107.566704     -0.55704  15.502202      39.258257    
80.010002 7.490000 0.500000 370.774414      0.62419  80.196640     -5.1185361    
54.919998 58.619999 0.500000 206.190796     -0.04074  63.414030      49.306909    
20.139999 44.240002 0.500000 281.014404      0.32194  26.812703      40.544744    
82.610001 97.559998 0.500000 0.000000     -2.02859  96.854681      83.435821    
67.669998 27.830000 0.500000 234.181107      0.08470  71.190439      16.901447    
6.630000 41.820000 0.500000 204.248306     -0.05329  13.090463      40.267966    
86.440002 37.959999 0.500000 434.297485      0.92975  91.314034      23.970453    
94.599998 54.169998 0.500000 121.685799     -0.47821  101.90937      38.704375    
41.000000 75.160004 0.500000 128.122498     -0.40905  52.252837      67.820847    
33.770000 52.139999 0.500000 422.572205      0.88251  41.510728      46.215277    
47.200001 51.880001 0.500000 40.224400     -0.98933  54.734711      43.857565    
82.349998 34.660000 0.500000 538.076721      1.19394  86.758151      21.350900    
12.390000 87.220001 0.500000 292.411102      0.37522  25.881673      84.207955    
44.560001 57.200001 0.500000 9.940000     -1.27446  52.959445      49.525054    
65.089996 85.129997 0.500000 391.724487      0.78492  77.605896      73.899587    
36.639999 80.300003 0.500000 12.637500     -1.24672  48.750588      73.579618    
2.220000 95.660004 0.500000 156.317795     -0.32194  17.157190      94.134986    
8.290000 57.060001 0.500000 178.806702     -0.19231  17.114087      55.060656    
68.379997 63.090000 0.500000 40.496700     -0.97916  77.407576      51.616269    
69.510002 58.639999 0.500000 82.922501     -0.71842  77.827535      47.044283    
13.370000 68.120003 0.500000 422.587799      0.89180  23.861709      65.189804    
97.529999 64.089996 0.500000 364.784393      0.59402  106.35513      48.043889    
85.870003 13.420000 0.500000 380.245605      0.68634  86.912151     -.17825035    
91.760002 21.070000 0.500000 191.898407     -0.10989  93.926358      6.4561666    
85.739998 1.380000 0.500000 433.018890      0.91061  84.900276     -12.049681    
73.050003 91.500000 0.500000 44.242199     -0.94924  86.464390      78.945945    
23.030001 88.080002 0.500000 350.576691      0.54246  36.525211      83.392905    
93.620003 35.830002 0.500000 69.283302     -0.79348  98.072433      20.743480    
82.989998 33.799999 0.500000 600.266724      1.38028  87.255738      20.401369    
34.810001 91.769997 0.500000 39.395802     -1.03109  48.737422      85.194672    
69.800003 56.380001 0.500000 171.267502     -0.25011  77.760424      44.766744    
43.669998 5.170000 0.500000 208.476700     -0.03447  43.941114     -1.7251440    
28.309999 30.230000 0.500000 471.301086      0.98933  32.690470      25.429159    
61.980000 87.940002 0.500000 212.728302     -0.01567  74.973770      77.161507    
82.620003 66.489998 0.500000 120.147797     -0.49231  92.004141      52.746780    
80.769997 80.260002 0.500000 250.077805      0.18593  92.331015      66.636657    
7.670000 94.809998 0.500000 98.174400     -0.63183  22.407121      92.442877    
93.040001 72.360001 0.500000 182.238907     -0.16683  103.21412      56.914467    
87.290001 68.529999 0.500000 307.188904      0.42958  96.935770      54.031117    
68.000000 65.019997 0.500000 67.194397     -0.82830  77.334176      53.581949    
33.060001 85.930000 0.500000 0.000000     -1.58706  46.095391      79.700336    
31.920000 48.480000 0.500000 710.625916      1.65710  39.110955      42.889743    
74.099998 67.690002 0.500000 180.654205     -0.17319  83.776753      55.264832    
64.680000 71.820000 0.500000 510.158295      1.09732  75.118805      60.817596    
83.120003 77.790001 0.500000 373.781097      0.63183  94.265695      63.829444    
46.910000 71.419998 0.500000 108.184998     -0.54974  57.505009      63.202359    
2.480000 23.910000 0.500000 252.805603      0.21791  6.1898151      23.227671    
4.700000 41.299999 0.500000 244.548294      0.15414  11.102878      40.056286    
41.310001 24.270000 0.500000 425.486694      0.90117  44.598071      17.508888    
38.599998 74.730003 0.500000 39.917801     -0.99961  49.815116      67.771583    
47.919998 77.849998 0.500000 627.306580      1.43076  59.508446      69.395196    
13.000000 50.560001 0.500000 392.078888      0.79348  20.749275      47.903875    
32.009998 79.540001 0.500000 0.000000     -1.82833  44.058699      73.553265    
6.670000 60.849998 0.500000 154.851700     -0.32854  16.106918      59.057416    
9.160000 37.529999 0.500000 243.003296      0.12882  14.918210      35.635003    
68.230003 21.290001 0.500000 0.000000     -1.79597  70.720468      10.354362    
36.750000 64.529999 0.500000 2.398300     -1.43076  46.392262      57.986561    
76.220001 94.800003 0.500000 20.676701     -1.18126  90.111594      81.709423    
29.459999 71.599998 0.500000 0.000000     -1.98181  40.298005      66.109924    
32.310001 2.820000 0.500000 238.321106      0.10989  32.353356     -2.2691166    
27.360001 54.590000 0.500000 401.113312      0.83716  35.562911      49.637859    
12.230000 46.340000 0.500000 166.036697     -0.27606  19.328601      43.856284    
47.840000 48.700001 0.500000 246.417801      0.16048  54.869369      40.616598    
38.160000 82.959999 0.500000 91.463303     -0.64720  50.667990      75.969085    
26.230000 60.860001 0.500000 526.869202      1.14430  35.427667      56.007437    
2.270000 24.940001 0.500000 793.451111      1.86273  6.1435282      24.277842    
32.290001 38.209999 0.500000 787.488770      1.82833  37.869818      32.688302    
93.449997 77.199997 0.500000 222.843307      0.04074  104.37621      61.630737    
46.310001 12.090000 0.500000 82.468300     -0.72655  47.631141      4.6966719    
60.639999 13.740000 0.500000 242.073303      0.12250  62.042830      4.0846521    
27.080000 83.500000 0.500000 0.000000     -1.63285  39.808878      78.235731    
20.639999 34.169998 0.500000 412.755493      0.87330  25.731252      30.520501    
0.910000 51.700001 0.500000 365.538300      0.60151  8.9864583      50.921133    
74.199997 59.790001 0.500000 79.400803     -0.73474  82.639689      47.446450    
81.849998 88.290001 0.500000 223.478302      0.04702  94.653888      74.398844    
10.790000 20.299999 0.500000 482.946686      1.00999  13.832777      18.362144    
16.750000 10.030000 0.500000 77.680000     -0.75959  18.112817      7.2862368    
90.989998 93.660004 0.500000 3.380000     -1.41353  104.52141      78.272922    
85.900002 66.820000 0.500000 102.451103     -0.59402  95.295381      52.559614    
80.320000 45.880001 0.500000 202.179993     -0.07841  86.508341      32.750326    
18.309999 34.560001 0.500000 392.114502      0.80209  23.490948      31.270195    
12.000000 9.680000 0.500000 72.372200     -0.77642  13.366546      7.6836096    
92.029999 36.970001 0.500000 98.325600     -0.62419  96.680339      22.118175    
62.450001 57.750000 0.500000 243.808899      0.14147  70.715228      47.269669    
16.930000 71.489998 0.500000 758.139893      1.70874  27.905063      67.961402    
85.620003 13.360000 0.500000 380.245605      0.67843  86.655843     -.19840303    
68.769997 81.690002 0.500000 531.277771      1.16876  80.702456      69.926265    
76.739998 77.860001 0.500000 381.125000      0.71033  87.975189      64.896635    
21.420000 51.090000 0.500000 1046.204102      2.49771  29.148521      47.110171    
50.400002 38.419998 0.500000 0.000000     -2.37603  55.789706      30.062687    
40.270000 60.759998 0.500000 9.652200     -1.30322  49.279167      53.712326    
63.320000 42.470001 0.500000 220.183304      0.00940  69.184198      32.041695    
67.360001 74.000000 0.500000 288.287811      0.36180  78.106838      62.551512    
21.879999 49.770000 0.500000 1052.666626      2.67379  29.396363      45.734463    
36.980000 92.150002 0.500000 113.063301     -0.52800  50.940151      85.230536    
27.730000 71.970001 0.500000 0.000000     -1.76538  38.647186      66.746003    
74.290001 17.010000 0.500000 67.517502     -0.81077  76.036318      5.1790622    
25.879999 79.059998 0.500000 0.000000     -1.65710  37.929082      74.038114    
67.639999 59.799999 0.500000 43.964401     -0.95912  76.162019      48.482535    
1.220000 52.860001 0.500000 255.509995      0.22433  9.4741057      52.018357    
93.440002 35.439999 0.500000 69.283302     -0.80209  97.833638      20.386437    
79.900002 47.689999 0.500000 543.423279      1.21991  86.376660      34.603742    
81.919998 64.570000 0.500000 60.377499     -0.86416  91.012400      50.959925    
5.320000 57.540001 0.500000 109.627800     -0.54246  14.255741      55.999357    
8.910000 84.459999 0.500000 124.153297     -0.44337  22.012758      82.026325    
31.600000 88.669998 0.500000 0.179200     -1.56535  45.081995      82.634994    
84.910004 40.880001 0.500000 226.672501      0.05329  90.259662      27.093849    
76.980003 13.630000 0.500000 35.395000     -1.05265  78.164453      1.4198666    
17.680000 34.750000 0.500000 566.364380      1.27446  22.898427      31.556409    
94.589996 20.700001 0.500000 380.462494      0.69429  96.663630      5.6480143    
11.050000 40.029999 0.500000 88.750801     -0.67056  17.176028      37.808562    
53.939999 81.260002 0.500000 209.818893     -0.02820  65.987773      71.821482    
80.480003 71.070000 0.500000 384.741089      0.73474  90.606958      57.605164    
42.849998 13.670000 0.500000 489.567810      1.03109  44.460903      6.7984832    
30.930000 33.509998 0.500000 487.525604      1.02048  35.791319      28.258916    
37.320000 52.200001 0.500000 100.346703     -0.60151  45.026408      45.719198    
3.200000 24.650000 0.500000 592.384521      1.36421  7.0167122      23.845927    
88.820000 25.110001 0.500000 167.223297     -0.26956  91.654548      10.906346    
25.770000 62.709999 0.500000 1116.698853      3.02334  35.262734      57.906619    
6.680000 15.420000 0.500000 125.688301     -0.42958  9.0099775      14.185172    
94.639999 70.379997 0.500000 173.630798     -0.23720  104.48468      54.708545    
19.870001 40.950001 0.500000 230.916702      0.07213  26.031360      37.337486    
79.629997 12.040000 0.500000 252.419205      0.21150  80.533091     -.56510826    
19.790001 69.800003 0.500000 966.505798      2.37603  30.465479      65.844811    
18.750000 34.380001 0.500000 392.114502      0.81077  23.897373      31.023580    
88.919998 11.070000 0.500000 363.809998      0.58656  89.556975     -2.9764423    
34.790001 92.660004 0.500000 39.698299     -1.00999  48.856896      86.076850    
73.820000 30.500000 0.500000 454.374512      0.96909  77.682404      18.576502    
97.459999 2.840000 0.500000 45.026699     -0.93945  96.704379     -12.441068    
2.500000 87.750000 0.500000 48.753300     -0.91061  16.196345      86.278566    
57.720001 71.269997 0.500000 267.186615      0.27606  68.158456      61.363148    
41.360001 64.589996 0.500000 0.338300     -1.52403  50.954892      57.324656    
46.320000 46.959999 0.500000 94.539200     -0.63950  53.095886      39.135799    
67.650002 94.690002 0.500000 21.767799     -1.16876  81.629898      82.941419    
63.009998 44.820000 0.500000 326.717804      0.47821  69.245633      34.411256    
96.040001 11.960000 0.500000 60.224201     -0.88251  96.728545     -3.2112135    
75.529999 19.100000 0.500000 198.786697     -0.09099  77.587998      7.0493524    
68.400002 0.740000 0.500000 302.006592      0.38870  67.673646     -9.9692283    
94.730003 25.520000 0.500000 169.210007     -0.25658  97.555927      10.386769    
48.490002 35.430000 0.500000 99.867798     -0.60904  53.435483      27.408290    
72.930000 33.509998 0.500000 703.957825      1.63285  77.274229      21.688669    
25.639999 46.139999 0.500000 675.173279      1.56535  32.542214      41.560960    
33.130001 84.809998 0.500000 0.000000     -1.93901  45.989322      78.583172    
48.369999 73.610001 0.500000 353.802307      0.55704  59.289625      65.137005    
4.510000 84.400002 0.500000 87.820801     -0.67843  17.657543      82.655379    
50.990002 85.870003 0.500000 123.779999     -0.45029  63.795258      76.836207    
97.769997 72.550003 0.500000 174.776703     -0.22433  107.91561      56.362195    
15.530000 27.490000 0.500000 552.091125      1.23320  19.639183      24.722125    
40.730000 34.000000 0.500000 376.048889      0.64720  45.547318      27.209828    
95.900002 54.080002 0.500000 190.727798     -0.11619  103.17929      38.412122    
51.110001 61.689999 0.500000 13.745800     -1.21991  60.131194      52.935127    
0.710000 15.010000 0.500000 541.830017      1.20682  3.0493400      14.714134    
84.239998 18.990000 0.500000 189.624207     -0.12882  86.173554      5.5781627    
79.750000 33.730000 0.500000 661.240784      1.52403  84.044680      20.839079    
59.619999 89.620003 0.500000 173.994202     -0.23076  72.905635      79.190009    
48.759998 68.940002 0.500000 59.902199     -0.89180  58.944274      60.463492    
6.590000 51.660000 0.500000 291.429993      0.36850  14.590271      49.993077    
83.860001 26.010000 0.500000 264.592194      0.25658  86.896406      12.571179    
42.790001 96.430000 0.500000 255.968903      0.23076  57.348160      88.548956    
92.699997 69.769997 0.500000 403.806702      0.85509  102.47314      54.409538    
72.050003 88.169998 0.500000 186.004501     -0.13514  84.955774      75.813375    
79.690002 60.650002 0.500000 17.831699     -1.20682  88.196636      47.437037    
51.590000 53.669998 0.500000 87.330002     -0.68634  59.350679      44.938777    
84.309998 20.730000 0.500000 248.578293      0.16683  86.514888      7.2857900    
12.080000 8.860000 0.500000 65.804398     -0.84609  13.317285      6.8611904    
54.220001 37.540001 0.500000 353.527496      0.54974  59.425013      28.595945    
85.489998 11.270000 0.500000 329.742188      0.48525  86.200491     -2.2423344    
55.070000 49.650002 0.500000 387.017792      0.74297  62.158968      40.423882    
97.480003 22.440001 0.500000 390.797791      0.76798  99.790252      6.9144954    
96.790001 10.990000 0.500000 77.776703     -0.75125  97.317570     -4.2865970    
63.770000 92.089996 0.500000 275.635590      0.28911  77.390935      80.980390    
16.270000 63.209999 0.500000 850.188416      1.93901  25.957912      59.886590    
50.820000 1.690000 0.500000 436.088898      0.93945  50.458696     -6.2808062    
29.600000 82.019997 0.500000 0.000000     -2.28182  42.066329      76.379735    
65.139999 34.000000 0.500000 853.871094      1.98181  69.656789      23.391263    
88.959999 75.620003 0.500000 770.246582      1.73636  99.694328      60.772586    
55.360001 19.740000 0.500000 380.807800      0.70229  57.766444      10.836756    
22.219999 67.790001 0.500000 935.685608      2.20435  32.551126      63.479420    
46.060001 21.910000 0.500000 384.064209      0.71842  48.920405      14.434880    
29.799999 8.270000 0.500000 638.325928      1.48517  30.726825      3.5064357    
64.629997 73.800003 0.500000 524.684082      1.12050  75.379158      62.781044    
4.890000 61.779999 0.500000 280.351593      0.31534  14.494317      60.254420    
60.799999 58.939999 0.500000 316.935486      0.44337  69.271697      48.703135    
88.519997 13.470000 0.500000 387.201111      0.75125  89.537341     -.54341632    
53.099998 35.279999 0.500000 463.678894      0.97916  57.965257      26.538974    
27.129999 88.139999 0.500000 0.000000     -2.08028  40.584117      82.810783    
59.119999 86.430000 0.500000 183.335007     -0.16048  71.912764      76.117498    
17.379999 2.640000 0.500000 399.093292      0.82830  17.579009     -.11133361    
87.150002 73.959999 0.500000 573.659973      1.28871  97.646934      59.416165    
68.690002 16.629999 0.500000 102.680000     -0.58656  70.445819      5.6797725    
41.830002 79.540001 0.500000 265.543304      0.26307  53.757803      72.017078    
96.559998 71.070000 0.500000 302.010010      0.39546  106.48898      55.089699    
70.889999 15.290000 0.500000 113.223297     -0.52081  72.409108      4.0121157    
44.040001 35.000000 0.500000 130.813293     -0.38195  48.973002      27.679718    
92.050003 15.520000 0.500000 116.404404     -0.50651  93.344578     0.92913018    
70.889999 9.580000 0.500000 433.545593      0.92014  71.515868     -1.6275847    
9.630000 73.029999 0.500000 202.009995     -0.08470  20.935847      70.624415    
1.450000 10.740000 0.500000 35.651699     -1.04181  3.1122542      10.380943    
39.570000 93.070000 0.500000 303.622498      0.40225  53.642183      85.734042    
71.769997 32.430000 0.500000 777.927490      1.76538  75.959559      20.803432    
92.860001 77.269997 0.500000 317.932190      0.45724  103.80443      61.792171    
24.629999 91.279999 0.500000 35.264198     -1.06362  38.606101      86.303210    
96.800003 4.240000 0.500000 116.368301     -0.51365  96.271516     -10.955058    
30.100000 24.840000 0.500000 565.086670      1.26047  33.615251      19.825501    
31.129999 85.430000 0.500000 0.000000     -2.20435  44.110933      79.508410    
61.040001 80.360001 0.500000 203.269196     -0.07213  72.859571      69.821876    
63.599998 8.890000 0.500000 111.348900     -0.53522  64.207679     -1.1686822    
86.169998 83.309998 0.500000 90.789200     -0.65495  98.141657      68.804356    
95.180000 79.279999 0.500000 122.989998     -0.45724  106.41030      63.414498    
59.049999 79.599998 0.500000 307.124207      0.42272  70.775179      69.382535    
86.540001 88.620003 0.500000 34.825802     -1.07472  99.337773      73.991105    
32.369999 71.250000 0.500000 0.000000     -1.70874  43.117426      65.309011    
29.650000 50.220001 0.500000 736.379089      1.68236  37.141098      44.963428    
43.220001 34.160000 0.500000 133.536697     -0.36850  48.031692      26.978336    
4.500000 17.070000 0.500000 525.046692      1.13232  7.1149338      16.155885    
89.480003 81.910004 0.500000 204.796707     -0.04702  101.19190      66.903800    
54.820000 8.580000 0.500000 336.181702      0.50651  55.487283     -.10137134    
56.200001 51.869999 0.500000 279.084991      0.30220  63.622341      42.439776    
51.639999 90.620003 0.500000 126.360001     -0.42272  65.180317      81.426045    
94.669998 96.849998 0.500000 25.564199     -1.13232  108.65513      80.847963    
37.590000 64.080002 0.500000 7.962200     -1.33310  47.151525      57.410699    
54.939999 23.650000 0.500000 508.951691      1.08595  57.963272      14.764320    
98.269997 44.169998 0.500000 212.814407     -0.00940  103.96984      28.253378    
52.020000 35.240002 0.500000 333.071106      0.49231  56.892298      26.668418    
78.120003 17.170000 0.500000 280.234406      0.30877  79.844196      4.7379480    
81.510002 85.169998 0.500000 374.584106      0.63950  93.830002      71.370441    
59.320000 17.770000 0.500000 268.214111      0.28258  61.369513      8.2715294    
89.500000 25.920000 0.500000 160.259995     -0.30220  92.452888      11.599997    
97.330002 43.990002 0.500000 39.524399     -1.02048  103.01326      28.222645    
61.369999 94.540001 0.500000 99.828300     -0.61660  75.403747      83.775674    
25.670000 17.990000 0.500000 314.437805      0.43646  28.168216      13.752841    
38.869999 40.200001 0.500000 667.809998      1.54436  44.680110      33.624465    
84.489998 22.559999 0.500000 204.233307     -0.05957  86.978947      9.0651004    
11.460000 77.769997 0.500000 260.986694      0.24365  23.484816      75.019780    
94.050003 5.860000 0.500000 231.270798      0.07841  93.808797     -8.9248081    
1.320000 49.240002 0.500000 347.124115      0.52081  9.0065819      48.427282    
8.250000 29.570000 0.500000 785.291077      1.79597  12.774196      27.915360    
45.700001 5.110000 0.500000 222.167801      0.03447  45.936738     -2.1019677    
17.830000 71.849998 0.500000 629.206726      1.44842  28.850299      68.176179    
43.700001 6.870000 0.500000 379.435608      0.67056  44.236686     -.50767325E-01
67.430000 5.300000 0.500000 348.535614      0.52800  67.428927     -5.3136277    
90.410004 56.110001 0.500000 0.000000     -1.89949  98.074445      41.275953    
59.259998 98.440002 0.500000 67.496696     -0.81950  73.929818      87.957736    
38.470001 50.500000 0.500000 130.483307     -0.38870  45.896312      43.860227    
85.809998 55.090000 0.500000 120.544403     -0.48525  93.371509      40.988110    
51.020000 96.820000 0.500000 243.326706      0.13514  65.537844      87.646699    
67.029999 68.750000 0.500000 234.253296      0.09099  76.959618      57.417771    
53.349998 97.440002 0.500000 190.017807     -0.12250  67.936145      87.894576    
4.120000 54.410000 0.500000 306.292511      0.40905  12.580875      53.095613    
74.209999 28.950001 0.500000 307.010010      0.41588  77.825129      16.984577    
41.610001 30.150000 0.500000 251.031693      0.19231  45.814212      23.269565    
48.830002 88.230003 0.500000 24.600000     -1.14430  62.031037      79.505050    
17.309999 21.830000 0.500000 587.953308      1.34849  20.511849      18.853356    
29.959999 2.250000 0.500000 439.236694      0.94924  29.943119     -2.4644776    
69.629997 75.739998 0.500000 325.262512      0.47120  80.621082      63.914982    
41.849998 61.650002 0.500000 7.805000     -1.34849  50.978940      54.344206    
46.220001 95.160004 0.500000 179.164993     -0.18593  60.537260      86.758025    
42.869999 68.480003 0.500000 2.070000     -1.44842  53.054831      60.930555    
37.560001 51.680000 0.500000 122.061096     -0.47120  45.182108      45.168055    
60.110001 19.639999 0.500000 238.183304      0.10358  62.442320      9.9949222    
22.100000 24.260000 0.500000 153.167801     -0.33517  25.623012      20.504117    
68.540001 6.040000 0.500000 532.397827      1.18126  68.641024     -4.7563807    
63.040001 22.150000 0.500000 204.014496     -0.06585  65.728897      12.015668    
67.010002 90.459999 0.500000 83.134499     -0.71033  80.336059      78.863613    
88.900002 45.360001 0.500000 228.528900      0.06585  94.901363      30.894520    
15.300000 2.810000 0.500000 129.448898     -0.40225  15.551212     0.38195694    
19.170000 51.930000 0.500000 811.435791      1.89949  27.057627      48.291807    
53.820000 53.080002 0.500000 178.339996     -0.19870  61.460928      44.007196    
95.500000 98.809998 0.500000 61.423302     -0.85509  109.78153      82.653992    
64.000000 38.110001 0.500000 379.035889      0.65495  69.173771      27.628998    
12.310000 9.490000 0.500000 72.372200     -0.78492  13.643007      7.4474541    
95.680000 55.759998 0.500000 251.179993      0.19870  103.22481      40.105850    
78.650002 71.489998 0.500000 527.396729      1.15644  88.865189      58.306267    
1.410000 84.919998 0.500000 22.536699     -1.15644  14.677055      83.653919    
56.090000 91.029999 0.500000 124.279999     -0.43646  69.639668      81.134860    
40.529999 56.889999 0.500000 29.884399     -1.12050  48.930564      49.849300    
55.049999 39.040001 0.500000 241.190002      0.11619  60.479444      29.947637    
76.470001 12.850000 0.500000 104.115799     -0.57174  77.538711     0.72925157    
0.690000 40.000000 0.500000 283.859985      0.34845  6.9388835      39.399594    
14.940000 21.059999 0.500000 10.072500     -1.26047  18.050573      18.463585    
53.480000 10.030000 0.500000 266.564392      0.26956  54.390610      1.5403989    
49.389999 70.779999 0.500000 137.289200     -0.35512  59.854357      62.182282    
8.010000 96.000000 0.500000 122.753304     -0.46421  22.929092      93.565041    
79.790001 13.460000 0.500000 172.210800     -0.24365  80.913262     0.81237904    
