With Rotated Coordinates: Normal Score Transform: pygeostat_saved_data
 7
X
Y
Z
value
NS_value
Rotated X
Rotated Y
47.770000 30.670000 0.500000 165.458893     -0.28911  52.370056      21.908880    
9.870000 72.339996 0.500000 227.343399      0.05957  22.281761      69.527081    
7.600000 96.019997 0.500000 176.246704     -0.21150  24.158236      93.241511    
45.610001 28.590000 0.500000 162.413300     -0.29565  49.881684      20.235560    
15.590000 18.379999 0.500000 609.767822      1.41353  18.544806      15.393590    
49.919998 70.309998 0.500000 137.289200     -0.36180  61.370804      60.573315    
45.279999 36.150002 0.500000 106.803299     -0.56437  50.869476      27.738013    
55.430000 40.709999 0.500000 348.921112      0.53522  61.657111      30.466204    
27.209999 96.120003 0.500000 1.954400     -1.46654  43.487681      89.934757    
98.510002 24.100000 0.500000 211.701096     -0.02193  101.19833      6.6277847    
66.610001 86.760002 0.500000 389.505890      0.75959  80.663762      73.875217    
19.110001 44.990002 0.500000 243.880005      0.14780  26.632109      40.988086    
7.570000 37.660000 0.500000 317.177795      0.45029  13.994585      35.773343    
83.400002 21.420000 0.500000 356.059998      0.57174  85.852513      6.6123238    
64.959999 90.580002 0.500000 259.291687      0.23720  79.702163      77.923703    
42.099998 51.869999 0.500000 89.163300     -0.66274  50.467535      43.771389    
47.099998 74.160004 0.500000 503.107788      1.05265  59.262193      64.854518    
8.400000 40.540001 0.500000 156.662201     -0.31534  15.312082      38.465463    
26.709999 21.860001 0.500000 391.565796      0.77642  30.100163      16.889756    
17.260000 44.430000 0.500000 221.412201      0.01567  24.712970      40.757841    
63.730000 29.290001 0.500000 583.816589      1.31801  67.847953      17.778422    
48.110001 7.190000 0.500000 49.231098     -0.90117  48.627632     -1.2734462    
94.680000 30.120001 0.500000 4.586700     -1.38028  98.471881      13.221401    
35.970001 39.919998 0.500000 693.219971      1.60953  42.355571      33.067398    
22.820000 18.910000 0.500000 185.274506     -0.14147  25.757000      14.660063    
74.660004 90.839996 0.500000 66.292503     -0.83716  89.299950      76.495359    
23.320000 14.990000 0.500000 60.297798     -0.87330  25.568703      10.712793    
13.630000 3.270000 0.500000 18.743299     -1.19394  13.990759     0.85349671    
96.300003 55.360001 0.500000 261.944092      0.25011  104.45015      37.796638    
90.000000 54.610001 0.500000 0.000000     -3.02334  98.115625      38.152017    
31.809999 83.250000 0.500000 0.000000     -1.86273  45.782944      76.461497    
88.800003 70.250000 0.500000 398.127808      0.81950  99.649716      53.762786    
24.820000 4.220000 0.500000 248.990005      0.17319  25.175724     -.15405902    
77.059998 69.230003 0.500000 214.600006     -0.00313  87.910947      54.796916    
72.309998 80.580002 0.500000 495.592194      1.04181  85.204017      66.799311    
38.250000 63.270000 0.500000 0.308900     -1.54436  48.655617      55.666744    
54.380001 51.200001 0.500000 195.858398     -0.10358  62.444633      40.979170    
61.099998 81.419998 0.500000 184.214996     -0.15414  74.310186      69.573142    
67.459999 91.910004 0.500000 76.598900     -0.76798  82.395135      78.799379    
45.820000 53.419998 0.500000 41.741100     -0.96909  54.400176      44.651869    
17.549999 26.480000 0.500000 504.497803      1.07472  21.881579      23.030184    
35.360001 48.950001 0.500000 482.136597      0.99961  43.322882      42.066141    
97.570000 33.970001 0.500000 0.000000     -1.60953  101.98652      16.511068    
61.750000 77.190002 0.500000 236.482498      0.09729  74.215782      65.294538    
15.310000 64.599998 0.500000 858.669983      2.02859  26.295079      60.960025    
95.570000 22.150000 0.500000 284.837799      0.35512  97.964384      5.2179355    
93.489998 21.629999 0.500000 282.811096      0.34180  95.825685      5.0670231    
51.900002 78.660004 0.500000 251.459106      0.20509  64.770691      68.452641    
2.980000 64.540001 0.500000 177.182205     -0.20509  14.141981      63.042022    
95.930000 40.509998 0.500000 9.561100     -1.31801  101.50710      23.236491    
65.389999 68.440002 0.500000 354.035614      0.56437  76.281060      56.045391    
39.599998 56.570000 0.500000 31.750000     -1.08595  48.821662      48.834107    
8.100000 54.740002 0.500000 281.348907      0.32854  17.482444      52.501828    
26.799999 27.379999 0.500000 295.754211      0.38195  31.147334      22.310264    
50.599998 64.389999 0.500000 0.000000     -1.73636  61.012476      54.625173    
51.880001 44.160000 0.500000 402.385010      0.84609  58.760131      34.480243    
35.490002 43.410000 0.500000 867.247803      2.08028  42.488896      36.587730    
63.070000 60.150002 0.500000 48.055599     -0.92014  72.556763      48.284198    
92.989998 12.430000 0.500000 102.753304     -0.57913  93.735718     -3.9063832    
93.160004 89.589996 0.500000 12.638900     -1.23320  107.30183      72.051858    
91.660004 13.190000 0.500000 184.681702     -0.14780  92.557902     -2.9269783    
15.330000 16.450001 0.500000 384.345612      0.72655  17.953616      13.538062    
79.099998 90.010002 0.500000 165.626694     -0.28258  93.528364      74.906977    
90.900002 25.969999 0.500000 152.614395     -0.34180  94.028670      9.7908368    
25.660000 82.690002 0.500000 0.000000     -1.68236  39.629135      76.977943    
19.950001 52.459999 0.500000 950.764893      2.28182  28.756499      48.198732    
66.459999 31.410000 0.500000 560.609985      1.24672  70.904612      19.392154    
54.970001 86.129997 0.500000 85.807503     -0.69429  69.091200      75.276048    
7.600000 16.309999 0.500000 221.636703      0.02193  10.316741      14.742487    
31.090000 93.470001 0.500000 9.676700     -1.28871  46.848568      86.651260    
16.700001 94.089996 0.500000 605.390930      1.39671  32.784847      89.760633    
27.670000 89.550003 0.500000 0.000000     -2.67379  42.799825      83.384692    
2.330000 60.270000 0.500000 217.250000      0.00313  12.760378      58.949763    
51.270000 51.439999 0.500000 179.943298     -0.17956  59.423556      41.755568    
36.020000 33.060001 0.500000 579.722473      1.30322  41.213584      26.302938    
5.170000 90.519997 0.500000 281.403290      0.33517  20.810088      88.247034    
24.010000 23.379999 0.500000 126.393303     -0.41588  27.705128      18.855512    
4.130000 89.739998 0.500000 157.894196     -0.30877  19.650443      87.659479    
71.370003 48.259998 0.500000 320.628387      0.46421  78.665993      35.133549    
56.779999 78.720001 0.500000 366.387512      0.60904  69.586968      67.664324    
35.040001 46.880001 0.500000 637.956726      1.46654  42.648291      40.083156    
80.500000 1.250000 0.500000 195.949997     -0.09729  79.494084     -12.747669    
64.330002 88.959999 0.500000 379.339996      0.66274  78.800426      76.437709    
0.730000 11.280000 0.500000 133.301697     -0.37522  2.6776611      10.981868    
1.570000 74.019997 0.500000 221.821701      0.02820  14.399586      72.622839    
33.680000 65.059998 0.500000 1.560000     -1.48517  44.465875      58.223120    
58.000000 96.239998 0.500000 144.524399     -0.34845  73.830750      84.706302    
93.730003 13.310000 0.500000 175.593307     -0.21791  94.617291     -3.1682529    
48.590000 51.540001 0.500000 47.275600     -0.92975  56.801636      42.319428    
28.309999 12.070000 0.500000 407.453308      0.86416  29.975840      6.9706499    
75.080002 29.490000 0.500000 440.246613      0.95912  79.060253      16.004475    
74.519997 12.220000 0.500000 129.481705     -0.39546  75.509852     -.90591083    
91.449997 51.290001 0.500000 0.737500     -1.50432  98.967081      34.630665    
33.529999 41.450001 0.500000 873.608826      2.13821  40.218320      34.997859    
76.099998 32.490002 0.500000 690.503418      1.58706  80.585698      18.781780    
1.230000 6.750000 0.500000 0.000000     -2.13821  2.3834387      6.4338651    
13.510000 52.820000 0.500000 657.721130      1.50432  22.476849      49.671559    
73.830002 67.790001 0.500000 249.382202      0.17956  84.479968      53.939673    
96.940002 76.330002 0.500000 168.319199     -0.26307  108.72183      58.336923    
18.549999 11.190000 0.500000 78.788902     -0.74297  20.211306      7.7988253    
66.040001 26.000000 0.500000 83.500000     -0.70229  69.551558      14.137276    
73.620003 92.360001 0.500000 31.715599     -1.09732  88.539695      78.172866    
24.799999 36.230000 0.500000 521.259216      1.10884  30.714505      31.373110    
31.170000 91.220001 0.500000 3.835000     -1.39671  46.536644      84.421551    
32.279999 86.070000 0.500000 0.000000     -2.49771  46.735492      79.157040    
63.939999 13.170000 0.500000 275.706696      0.29565  65.255553      1.8668539    
61.380001 26.830000 0.500000 360.353302      0.57913  65.106481      15.763867    
70.629997 6.870000 0.500000 584.732178      1.33310  70.749932     -5.4991409    
59.980000 48.279999 0.500000 341.205811      0.51365  67.452503      37.131100    
1.330000 1.900000 0.500000 6.237500     -1.36421  1.6397258      1.6401827    
31.940001 20.420000 0.500000 368.518311      0.61660  35.000656      14.563451    
24.379999 74.949997 0.500000 119.525002     -0.49940  37.024542      69.577796    
25.160000 19.120001 0.500000 333.786713      0.49940  28.097916      14.460537    
3.900000 37.470001 0.500000 503.402191      1.06362  10.347348      36.223520    
32.400002 97.730003 0.500000 30.643299     -1.10884  48.878410      90.619063    
9.170000 41.200001 0.500000 107.566704     -0.55704  16.184992      38.981727    
80.010002 7.490000 0.500000 370.774414      0.62419  80.095095     -6.5173809    
54.919998 58.619999 0.500000 206.190796     -0.04074  64.264896      48.192672    
20.139999 44.240002 0.500000 281.014404      0.32194  27.516223      40.070623    
82.610001 97.559998 0.500000 0.000000     -2.02859  98.296085      81.732766    
67.669998 27.830000 0.500000 234.181107      0.08470  71.474567      15.656428    
6.630000 41.820000 0.500000 204.248306     -0.05329  13.791242      40.033373    
86.440002 37.959999 0.500000 434.297485      0.92975  91.718469      22.373153    
94.599998 54.169998 0.500000 121.685799     -0.47821  102.56933      36.919917    
41.000000 75.160004 0.500000 128.122498     -0.40905  53.428516      66.898579    
33.770000 52.139999 0.500000 422.572205      0.88251  42.310974      45.483776    
47.200001 51.880001 0.500000 40.224400     -0.98933  55.491794      42.895633    
82.349998 34.660000 0.500000 538.076721      1.19394  87.117562      19.833510    
12.390000 87.220001 0.500000 292.411102      0.37522  27.347362      83.743432    
44.560001 57.200001 0.500000 9.940000     -1.27446  53.815710      48.593242    
65.089996 85.129997 0.500000 391.724487      0.78492  78.883801      72.533922    
36.639999 80.300003 0.500000 12.637500     -1.24672  50.027304      72.717597    
2.220000 95.660004 0.500000 156.317795     -0.32194  18.797458      93.821215    
8.290000 57.060001 0.500000 178.806702     -0.19231  18.072421      54.753588    
68.379997 63.090000 0.500000 40.496700     -0.97916  78.296615      50.257459    
69.510002 58.639999 0.500000 82.922501     -0.71842  78.636718      45.678841    
13.370000 68.120003 0.500000 422.587799      0.89180  24.995794      64.763431    
97.529999 64.089996 0.500000 364.784393      0.59402  107.17741      46.180419    
85.870003 13.420000 0.500000 380.245605      0.68634  86.895803     -1.6950494    
91.760002 21.070000 0.500000 191.898407     -0.10989  94.024728      4.8159424    
85.739998 1.380000 0.500000 433.018890      0.91061  84.677049     -13.529560    
73.050003 91.500000 0.500000 44.242199     -0.94924  87.829017      77.424910    
23.030001 88.080002 0.500000 350.576691      0.54246  37.975055      82.742751    
93.620003 35.830002 0.500000 69.283302     -0.79348  98.419519      19.028721    
82.989998 33.799999 0.500000 600.266724      1.38028  87.598502      18.875439    
34.810001 91.769997 0.500000 39.395802     -1.03109  50.216851      84.331111    
69.800003 56.380001 0.500000 171.267502     -0.25011  78.529868      43.402819    
43.669998 5.170000 0.500000 208.476700     -0.03447  43.904314     -2.4917594    
28.309999 30.230000 0.500000 471.301086      0.98933  33.129291      24.854759    
61.980000 87.940002 0.500000 212.728302     -0.01567  76.309006      75.841282    
82.620003 66.489998 0.500000 120.147797     -0.49231  92.910686      51.133053    
80.769997 80.260002 0.500000 250.077805      0.18593  93.479922      65.015110    
7.670000 94.809998 0.500000 98.174400     -0.63183  24.017059      92.037740    
93.040001 72.360001 0.500000 182.238907     -0.16683  104.19170      55.104464    
87.290001 68.529999 0.500000 307.188904      0.42958  97.863979      52.331125    
68.000000 65.019997 0.500000 67.194397     -0.82830  78.257531      52.224121    
33.060001 85.930000 0.500000 0.000000     -1.58706  47.479333      78.883721    
31.920000 48.480000 0.500000 710.625916      1.65710  39.853527      42.200630    
74.099998 67.690002 0.500000 180.654205     -0.17319  84.728498      53.794309    
64.680000 71.820000 0.500000 510.158295      1.09732  76.168778      59.497329    
83.120003 77.790001 0.500000 373.781097      0.63183  95.365315      62.174559    
46.910000 71.419998 0.500000 108.184998     -0.54974  58.599284      62.189132    
2.480000 23.910000 0.500000 252.805603      0.21791  6.5942511      23.116106    
4.700000 41.299999 0.500000 244.548294      0.15414  11.800266      39.856413    
41.310001 24.270000 0.500000 425.486694      0.90117  44.896851      16.727878    
38.599998 74.730003 0.500000 39.917801     -0.99961  50.990306      66.891867    
47.919998 77.849998 0.500000 627.306580      1.43076  60.710496      68.346061    
13.000000 50.560001 0.500000 392.078888      0.79348  21.582153      47.534455    
32.009998 79.540001 0.500000 0.000000     -1.82833  45.335670      72.773132    
6.670000 60.849998 0.500000 154.851700     -0.32854  17.135159      58.767316    
9.160000 37.529999 0.500000 243.003296      0.12882  15.537855      35.369217    
68.230003 21.290001 0.500000 0.000000     -1.79597  70.890406      9.1185425    
36.750000 64.529999 0.500000 2.398300     -1.43076  47.397202      57.168073    
76.220001 94.800003 0.500000 20.676701     -1.18126  91.523896      80.124314    
29.459999 71.599998 0.500000 0.000000     -1.98181  41.445645      65.396558    
32.310001 2.820000 0.500000 238.321106      0.10989  32.308827     -2.8334149    
27.360001 54.590000 0.500000 401.113312      0.83716  36.423795      49.009641    
12.230000 46.340000 0.500000 166.036697     -0.27606  20.091055      43.512274    
47.840000 48.700001 0.500000 246.417801      0.16048  55.569869      39.652810    
38.160000 82.959999 0.500000 91.463303     -0.64720  51.986116      75.073236    
26.230000 60.860001 0.500000 526.869202      1.14430  36.399736      55.380609    
2.270000 24.940001 0.500000 793.451111      1.86273  6.5662993      24.166925    
32.290001 38.209999 0.500000 787.488770      1.82833  38.434540      32.022403    
93.449997 77.199997 0.500000 222.843307      0.04074  105.43592      59.799734    
46.310001 12.090000 0.500000 82.468300     -0.72655  47.705854      3.8646785    
60.639999 13.740000 0.500000 242.073303      0.12250  62.104667      3.0012333    
27.080000 83.500000 0.500000 0.000000     -1.63285  41.168217      77.529055    
20.639999 34.169998 0.500000 412.755493      0.87330  26.259989      30.066781    
0.910000 51.700001 0.500000 365.538300      0.60151  9.8737859      50.756542    
74.199997 59.790001 0.500000 79.400803     -0.73474  83.455157      45.996962    
81.849998 88.290001 0.500000 223.478302      0.04702  95.937910      72.735575    
10.790000 20.299999 0.500000 482.946686      1.00999  14.151133      18.117933    
16.750000 10.030000 0.500000 77.680000     -0.75959  18.237221      6.9690148    
90.989998 93.660004 0.500000 3.380000     -1.41353  105.87154      76.436851    
85.900002 66.820000 0.500000 102.451103     -0.59402  96.198159      50.888475    
80.320000 45.880001 0.500000 202.179993     -0.07841  87.066737      31.235559    
18.309999 34.560001 0.500000 392.114502      0.80209  24.033110      30.855459    
12.000000 9.680000 0.500000 72.372200     -0.77642  13.498607      7.4491609    
92.029999 36.970001 0.500000 98.325600     -0.62419  97.051630      20.427502    
62.450001 57.750000 0.500000 243.808899      0.14147  71.529427      46.028319    
16.930000 71.489998 0.500000 758.139893      1.70874  29.086903      67.464041    
85.620003 13.360000 0.500000 380.245605      0.67843  86.639182     -1.7107258    
68.769997 81.690002 0.500000 531.277771      1.16876  81.910546      68.507163    
76.739998 77.860001 0.500000 381.125000      0.71033  89.094392      63.351372    
21.420000 51.090000 0.500000 1046.204102      2.49771  29.966267      46.594284    
50.400002 38.419998 0.500000 0.000000     -2.37603  56.305875      29.084443    
40.270000 60.759998 0.500000 9.652200     -1.30322  50.209071      52.844105    
63.320000 42.470001 0.500000 220.183304      0.00940  69.732865      30.829384    
67.360001 74.000000 0.500000 288.287811      0.36180  79.186616      61.178832    
21.879999 49.770000 0.500000 1052.666626      2.67379  30.190062      45.214460    
36.980000 92.150002 0.500000 113.063301     -0.52800  52.419871      84.328527    
27.730000 71.970001 0.500000 0.000000     -1.76538  39.806178      66.061351    
74.290001 17.010000 0.500000 67.517502     -0.81077  76.115124      3.8512567    
25.879999 79.059998 0.500000 0.000000     -1.65710  39.215448      73.364884    
67.639999 59.799999 0.500000 43.964401     -0.95912  76.996556      47.145940    
1.220000 52.860001 0.500000 255.509995      0.22433  10.380508      51.845088    
93.440002 35.439999 0.500000 69.283302     -0.80209  98.174530      18.675900    
79.900002 47.689999 0.500000 543.423279      1.21991  86.967423      33.090991    
81.919998 64.570000 0.500000 60.377499     -0.86416  91.887912      49.363778    
5.320000 57.540001 0.500000 109.627800     -0.54246  15.230893      55.742031    
8.910000 84.459999 0.500000 124.153297     -0.44337  23.440962      81.629657    
31.600000 88.669998 0.500000 0.179200     -1.56535  46.517308      81.835619    
84.910004 40.880001 0.500000 226.672501      0.05329  90.718768      25.514475    
76.980003 13.630000 0.500000 35.395000     -1.05265  78.177328     0.55492542E-01
17.680000 34.750000 0.500000 566.364380      1.27446  23.445675      31.151970    
94.589996 20.700001 0.500000 380.462494      0.69429  96.747479      3.9601412    
11.050000 40.029999 0.500000 88.750801     -0.67056  17.833262      37.503041    
53.939999 81.260002 0.500000 209.818893     -0.02820  67.231180      70.658898    
80.480003 71.070000 0.500000 384.741089      0.73474  91.598507      56.015081    
42.849998 13.670000 0.500000 489.567810      1.03109  44.572781      6.0214980    
30.930000 33.509998 0.500000 487.525604      1.02048  36.279054      27.629968    
37.320000 52.200001 0.500000 100.346703     -0.60151  45.817460      44.926416    
3.200000 24.650000 0.500000 592.384521      1.36421  7.4318124      23.719837    
88.820000 25.110001 0.500000 167.223297     -0.26956  91.830931      9.3050926    
25.770000 62.709999 0.500000 1116.698853      3.02334  36.267973      57.282380    
6.680000 15.420000 0.500000 125.688301     -0.42958  9.2561707      14.025766    
94.639999 70.379997 0.500000 173.630798     -0.23720  105.42356      52.876703    
19.870001 40.950001 0.500000 230.916702      0.07213  26.679024      36.877489    
79.629997 12.040000 0.500000 252.419205      0.21150  80.510962     -1.9705184    
19.790001 69.800003 0.500000 966.505798      2.37603  31.609990      65.303087    
18.750000 34.380001 0.500000 392.114502      0.81077  24.435170      30.601788    
88.919998 11.070000 0.500000 363.809998      0.58656  89.491389     -4.5389737    
34.790001 92.660004 0.500000 39.698299     -1.00999  50.351703      85.211070    
73.820000 30.500000 0.500000 454.374512      0.96909  77.994778      17.217928    
97.459999 2.840000 0.500000 45.026699     -0.93945  96.472523     -14.126897    
2.500000 87.750000 0.500000 48.753300     -0.91061  17.699647      85.982760    
57.720001 71.269997 0.500000 267.186615      0.27606  69.219010      60.164273    
41.360001 64.589996 0.500000 0.338300     -1.52403  51.947585      56.426640    
46.320000 46.959999 0.500000 94.539200     -0.63950  53.770813      38.203188    
67.650002 94.690002 0.500000 21.767799     -1.16876  83.064993      81.504149    
63.009998 44.820000 0.500000 326.717804      0.47821  69.835646      33.197512    
96.040001 11.960000 0.500000 60.224201     -0.88251  96.657770     -4.8988703    
75.529999 19.100000 0.500000 198.786697     -0.09099  77.699209      5.6941815    
68.400002 0.740000 0.500000 302.006592      0.38870  67.489352     -11.148778    
94.730003 25.520000 0.500000 169.210007     -0.25658  97.722343      8.6826016    
48.490002 35.430000 0.500000 99.867798     -0.60904  53.905685      26.471538    
72.930000 33.509998 0.500000 703.957825      1.63285  77.640979      20.336744    
25.639999 46.139999 0.500000 675.173279      1.56535  33.262596      40.986690    
33.130001 84.809998 0.500000 0.000000     -1.93901  47.353783      77.768579    
48.369999 73.610001 0.500000 353.802307      0.55704  60.417392      64.092338    
4.510000 84.400002 0.500000 87.820801     -0.67843  19.097389      82.334623    
50.990002 85.870003 0.500000 123.779999     -0.45029  65.126519      75.711124    
97.769997 72.550003 0.500000 174.776703     -0.22433  108.88283      54.470224    
15.530000 27.490000 0.500000 552.091125      1.23320  20.067653      24.375609    
40.730000 34.000000 0.500000 376.048889      0.64720  46.015258      26.410773    
95.900002 54.080002 0.500000 190.727798     -0.11619  103.83396      36.605545    
51.110001 61.689999 0.500000 13.745800     -1.21991  61.045881      51.877631    
0.710000 15.010000 0.500000 541.830017      1.20682  3.3056726      14.658674    
84.239998 18.990000 0.500000 189.624207     -0.12882  86.257782      4.0733772    
79.750000 33.730000 0.500000 661.240784      1.52403  84.395571      19.369123    
59.619999 89.620003 0.500000 173.994202     -0.23076  74.276587      77.905570    
48.759998 68.940002 0.500000 59.902199     -0.89180  59.990530      59.425564    
6.590000 51.660000 0.500000 291.429993      0.36850  15.460548      49.730827    
83.860001 26.010000 0.500000 264.592194      0.25658  87.102568      11.052713    
42.790001 96.430000 0.500000 255.968903      0.23076  58.884818      87.534606    
92.699997 69.769997 0.500000 403.806702      0.85509  103.40711      52.612849    
72.050003 88.169998 0.500000 186.004501     -0.13514  86.265961      74.319146    
79.690002 60.650002 0.500000 17.831699     -1.20682  89.011094      45.890569    
51.590000 53.669998 0.500000 87.330002     -0.68634  60.125929      43.896121    
84.309998 20.730000 0.500000 248.578293      0.16683  86.628866      5.7747873    
12.080000 8.860000 0.500000 65.804398     -0.84609  13.435001      6.6277267    
54.220001 37.540001 0.500000 353.527496      0.54974  59.915030      27.554480    
85.489998 11.270000 0.500000 329.742188      0.48525  86.148228     -3.7463989    
55.070000 49.650002 0.500000 387.017792      0.74297  62.854995      39.332902    
97.480003 22.440001 0.500000 390.797791      0.76798  99.895728      5.1718622    
96.790001 10.990000 0.500000 77.776703     -0.75125  97.227937     -5.9843700    
63.770000 92.089996 0.500000 275.635590      0.28911  78.792450      79.617398    
16.270000 63.209999 0.500000 850.188416      1.93901  26.999123      59.424441    
50.820000 1.690000 0.500000 436.088898      0.93945  50.341395     -7.1604752    
29.600000 82.019997 0.500000 0.000000     -2.28182  43.392932      75.633943    
65.139999 34.000000 0.500000 853.871094      1.98181  70.054414      22.172022    
88.959999 75.620003 0.500000 770.246582      1.73636  100.73977      59.023424    
55.360001 19.740000 0.500000 380.807800      0.70229  57.946773      9.8269418    
22.219999 67.790001 0.500000 935.685608      2.20435  33.654037      62.901656    
46.060001 21.910000 0.500000 384.064209      0.71842  49.164878      13.578903    
29.799999 8.270000 0.500000 638.325928      1.48517  30.783340      2.9696446    
64.629997 73.800003 0.500000 524.684082      1.12050  76.463358      61.455934    
4.890000 61.779999 0.500000 280.351593      0.31534  15.543694      59.992282    
60.799999 58.939999 0.500000 316.935486      0.44337  70.111134      47.486759    
88.519997 13.470000 0.500000 387.201111      0.75125  89.514220     -2.1059756    
53.099998 35.279999 0.500000 463.678894      0.97916  58.419597      25.523299    
27.129999 88.139999 0.500000 0.000000     -2.08028  42.023183      82.089880    
59.119999 86.430000 0.500000 183.335007     -0.16048  73.230245      74.850854    
17.379999 2.640000 0.500000 399.093292      0.82830  17.574389     -.41811266    
87.150002 73.959999 0.500000 573.659973      1.28871  98.669017      57.702942    
68.690002 16.629999 0.500000 102.680000     -0.58656  70.534216      4.4494584    
41.830002 79.540001 0.500000 265.543304      0.26307  55.006486      71.067906    
96.559998 71.070000 0.500000 302.010010      0.39546  107.43421      53.222819    
70.889999 15.290000 0.500000 113.223297     -0.52081  72.468101      2.7477915    
44.040001 35.000000 0.500000 130.813293     -0.38195  49.448621      26.820806    
92.050003 15.520000 0.500000 116.404404     -0.50651  93.346576     -.70009882    
70.889999 9.580000 0.500000 433.545593      0.92014  71.476570     -2.8754608    
9.630000 73.029999 0.500000 202.009995     -0.08470  22.165225      70.248277    
1.450000 10.740000 0.500000 35.651699     -1.04181  3.2929527      10.325045    
39.570000 93.070000 0.500000 303.622498      0.40225  55.130279      84.784799    
71.769997 32.430000 0.500000 777.927490      1.76538  76.311060      19.474586    
92.860001 77.269997 0.500000 317.932190      0.45724  104.86704      59.971122    
24.629999 91.279999 0.500000 35.264198     -1.06362  40.106419      85.616296    
96.800003 4.240000 0.500000 116.368301     -0.51365  96.065662     -12.633559    
30.100000 24.840000 0.500000 565.086670      1.26047  33.956134      19.235814    
31.129999 85.430000 0.500000 0.000000     -2.20435  45.491828      78.726459    
61.040001 80.360001 0.500000 203.269196     -0.07213  74.067034      68.539667    
63.599998 8.890000 0.500000 111.348900     -0.53522  64.177503     -2.2890827    
86.169998 83.309998 0.500000 90.789200     -0.65495  99.327511      67.081069    
95.180000 79.279999 0.500000 122.989998     -0.45724  107.50083      61.547724    
59.049999 79.599998 0.500000 307.124207      0.42272  71.975291      68.136771    
86.540001 88.620003 0.500000 34.825802     -1.07472  100.61397      72.246153    
32.369999 71.250000 0.500000 0.000000     -1.70874  44.250659      64.546561    
29.650000 50.220001 0.500000 736.379089      1.68236  37.920161      44.308378    
43.220001 34.160000 0.500000 133.536697     -0.36850  48.495214      26.135958    
4.500000 17.070000 0.500000 525.046692      1.13232  7.3958093      16.029252    
89.480003 81.910004 0.500000 204.796707     -0.04702  102.34412      65.127568    
54.820000 8.580000 0.500000 336.181702      0.50651  55.477062     -1.0697425    
56.200001 51.869999 0.500000 279.084991      0.30220  64.353327      41.322949    
51.639999 90.620003 0.500000 126.360001     -0.42272  66.591470      80.276090    
94.669998 96.849998 0.500000 25.564199     -1.13232  110.04957      78.939356    
37.590000 64.080002 0.500000 7.962200     -1.33310  48.146299      56.579048    
54.939999 23.650000 0.500000 508.951691      1.08595  58.212116      13.750473    
98.269997 44.169998 0.500000 212.814407     -0.00940  104.44709      26.434551    
52.020000 35.240002 0.500000 333.071106      0.49231  57.349061      25.671449    
78.120003 17.170000 0.500000 280.234406      0.30877  79.914724      3.3437531    
81.510002 85.169998 0.500000 374.584106      0.63950  95.061297      69.722011    
59.320000 17.770000 0.500000 268.214111      0.28258  61.504524      7.1992240    
89.500000 25.920000 0.500000 160.259995     -0.30220  92.641255      9.9847052    
97.330002 43.990002 0.500000 39.524399     -1.02048  103.49012      26.420518    
61.369999 94.540001 0.500000 99.828300     -0.61660  76.854350      82.446938    
25.670000 17.990000 0.500000 314.437805      0.43646  28.403946      13.259143    
38.869999 40.200001 0.500000 667.809998      1.54436  45.260133      32.839568    
84.489998 22.559999 0.500000 204.233307     -0.05957  87.123908      7.5457279    
11.460000 77.769997 0.500000 260.986694      0.24365  24.790515      74.598488    
94.050003 5.860000 0.500000 231.270798      0.07841  93.638750     -10.560638    
1.320000 49.240002 0.500000 347.124115      0.52081  9.8503828      48.262720    
8.250000 29.570000 0.500000 785.291077      1.79597  13.259441      27.688168    
45.700001 5.110000 0.500000 222.167801      0.03447  45.893057     -2.9033542    
17.830000 71.849998 0.500000 629.206726      1.44842  30.035743      67.662288    
43.700001 6.870000 0.500000 379.435608      0.67056  44.229063     -.82279621    
67.430000 5.300000 0.500000 348.535614      0.52800  67.325922     -6.4896154    
90.410004 56.110001 0.500000 0.000000     -1.89949  98.779872      39.558032    
59.259998 98.440002 0.500000 67.496696     -0.81950  75.453632      86.654087    
38.470001 50.500000 0.500000 130.483307     -0.38870  46.654788      43.052546    
85.809998 55.090000 0.500000 120.544403     -0.48525  94.072629      39.352309    
51.020000 96.820000 0.500000 243.326706      0.13514  67.057508      86.489557    
67.029999 68.750000 0.500000 234.253296      0.09099  77.949975      56.065896    
53.349998 97.440002 0.500000 190.017807     -0.12250  69.459770      86.695540    
4.120000 54.410000 0.500000 306.292511      0.40905  13.505605      52.867959    
74.209999 28.950001 0.500000 307.010010      0.41588  78.109697      15.623754    
41.610001 30.150000 0.500000 251.031693      0.19231  46.213344      22.466453    
48.830002 88.230003 0.500000 24.600000     -1.14430  63.409144      78.410350    
17.309999 21.830000 0.500000 587.953308      1.34849  20.837761      18.492503    
29.959999 2.250000 0.500000 439.236694      0.94924  29.895548     -2.9866817    
69.629997 75.739998 0.500000 325.262512      0.47120  81.724273      62.498215    
41.849998 61.650002 0.500000 7.805000     -1.34849  51.919613      53.446224    
46.220001 95.160004 0.500000 179.164993     -0.18593  62.042176      85.688291    
42.869999 68.480003 0.500000 2.070000     -1.44842  54.110135      59.995341    
37.560001 51.680000 0.500000 122.061096     -0.47120  45.963518      44.372639    
60.110001 19.639999 0.500000 238.183304      0.10358  62.607245      8.9036312    
22.100000 24.260000 0.500000 153.167801     -0.33517  25.976956      20.053811    
68.540001 6.040000 0.500000 532.397827      1.18126  68.547559     -5.9536074    
63.040001 22.150000 0.500000 204.014496     -0.06585  65.928589      10.866711    
67.010002 90.459999 0.500000 83.134499     -0.71033  81.700183      77.449544    
88.900002 45.360001 0.500000 228.528900      0.06585  95.426093      29.233557    
15.300000 2.810000 0.500000 129.448898     -0.40225  15.555510     0.11049269    
19.170000 51.930000 0.500000 811.435791      1.89949  27.896314      47.812231    
53.820000 53.080002 0.500000 178.339996     -0.19870  62.219599      42.927853    
95.500000 98.809998 0.500000 61.423302     -0.85509  111.20732      80.725451    
64.000000 38.110001 0.500000 379.035889      0.65495  69.645428      26.417541    
12.310000 9.490000 0.500000 72.372200     -0.78492  13.770905      7.2082165    
95.680000 55.759998 0.500000 251.179993      0.19870  103.90903      38.298221    
78.650002 71.489998 0.500000 527.396729      1.15644  89.869240      56.746475    
1.410000 84.919998 0.500000 22.536699     -1.15644  16.134782      83.385029    
56.090000 91.029999 0.500000 124.279999     -0.43646  71.045060      79.907123    
40.529999 56.889999 0.500000 29.884399     -1.12050  49.793102      48.987752    
55.049999 39.040001 0.500000 241.190002      0.11619  60.992891      28.887564    
76.470001 12.850000 0.500000 104.115799     -0.57174  77.539629     -.62409659    
0.690000 40.000000 0.500000 283.859985      0.34845  7.6254444      39.272493    
14.940000 21.059999 0.500000 10.072500     -1.26047  18.370058      18.145747    
53.480000 10.030000 0.500000 266.564392      0.26956  54.409210     0.59091729    
49.389999 70.779999 0.500000 137.289200     -0.35512  60.930472      61.128209    
8.010000 96.000000 0.500000 122.753304     -0.46421  24.558535      93.150622    
79.790001 13.460000 0.500000 172.210800     -0.24365  80.915116     -.59987580    
