With Rotated Coordinates: Normal Score Transform: pygeostat_saved_data
 7
X
Y
Z
value
NS_value
Rotated X
Rotated Y
47.770000 30.670000 0.500000 165.458893     -0.28911  50.714199      25.508662    
9.870000 72.339996 0.500000 227.343399      0.05957  17.377520      70.912014    
7.600000 96.019997 0.500000 176.246704     -0.21150  17.595189      94.699573    
45.610001 28.590000 0.500000 162.413300     -0.29565  48.348613      23.665838    
15.590000 18.379999 0.500000 609.767822      1.41353  17.425829      16.649713    
49.919998 70.309998 0.500000 137.289200     -0.36180  56.995927      64.706772    
45.279999 36.150002 0.500000 106.803299     -0.56437  48.810655      31.218920    
55.430000 40.709999 0.500000 348.921112      0.53522  59.381702      34.692973    
27.209999 96.120003 0.500000 1.954400     -1.46654  37.108216      92.749228    
98.510002 24.100000 0.500000 211.701096     -0.02193  100.48949      13.670879    
66.610001 86.760002 0.500000 389.505890      0.75959  75.313994      79.322081    
19.110001 44.990002 0.500000 243.880005      0.14780  23.708050      42.746003    
7.570000 37.660000 0.500000 317.177795      0.45029  11.465073      36.662414    
83.400002 21.420000 0.500000 356.059998      0.57174  85.182128      12.584985    
64.959999 90.580002 0.500000 259.291687      0.23720  74.072330      83.293626    
42.099998 51.869999 0.500000 89.163300     -0.66274  47.291261      47.185202    
47.099998 74.160004 0.500000 503.107788      1.05265  54.593810      68.830457    
8.400000 40.540001 0.500000 156.662201     -0.31534  12.591568      39.439880    
26.709999 21.860001 0.500000 391.565796      0.77642  28.848671      18.948295    
17.260000 44.430000 0.500000 221.412201      0.01567  21.809648      42.382447    
63.730000 29.290001 0.500000 583.816589      1.31801  66.442519      22.467948    
48.110001 7.190000 0.500000 49.231098     -0.90117  48.598009      2.1217480    
94.680000 30.120001 0.500000 4.586700     -1.38028  97.309730      20.058246    
35.970001 39.919998 0.500000 693.219971      1.60953  39.945730      35.941423    
22.820000 18.910000 0.500000 185.274506     -0.14147  24.671623      16.421070    
74.660004 90.839996 0.500000 66.292503     -0.83716  83.746374      82.538270    
23.320000 14.990000 0.500000 60.297798     -0.87330  24.759132      12.470279    
13.630000 3.270000 0.500000 18.743299     -1.19394  13.897142      1.8273637    
96.300003 55.360001 0.500000 261.944092      0.25011  101.55916      44.990642    
90.000000 54.610001 0.500000 0.000000     -3.02334  95.215270      44.903280    
31.809999 83.250000 0.500000 0.000000     -1.86273  40.337735      79.468898    
88.800003 70.250000 0.500000 398.127808      0.81950  95.656672      60.583035    
24.820000 4.220000 0.500000 248.990005      0.17319  25.125144      1.6024860    
77.059998 69.230003 0.500000 214.600006     -0.00313  83.874361      60.795791    
72.309998 80.580002 0.500000 495.592194      1.04181  80.336780      72.580123    
38.250000 63.270000 0.500000 0.308900     -1.54436  44.653978      58.925187    
54.380001 51.200001 0.500000 195.858398     -0.10358  59.433959      45.235264    
61.099998 81.419998 0.500000 184.214996     -0.15414  69.275993      74.587282    
67.459999 91.910004 0.500000 76.598900     -0.76798  76.697657      84.355021    
45.820000 53.419998 0.500000 41.741100     -0.96909  51.152904      48.337864    
17.549999 26.480000 0.500000 504.497803      1.07472  20.221772      24.500465    
35.360001 48.950001 0.500000 482.136597      0.99961  40.282964      44.985721    
97.570000 33.970001 0.500000 0.000000     -1.60953  100.58633      23.585068    
61.750000 77.190002 0.500000 236.482498      0.09729  69.480279      70.312515    
15.310000 64.599998 0.500000 858.669983      2.02859  21.978669      62.645782    
95.570000 22.150000 0.500000 284.837799      0.35512  97.361763      12.038875    
93.489998 21.629999 0.500000 282.811096      0.34180  95.238801      11.739142    
51.900002 78.660004 0.500000 251.459106      0.20509  59.837898      72.804069    
2.980000 64.540001 0.500000 177.182205     -0.20509  9.7099423      63.874949    
95.930000 40.509998 0.500000 9.561100     -1.31801  99.638933      30.260665    
65.389999 68.440002 0.500000 354.035614      0.56437  72.185714      61.229964    
39.599998 56.570000 0.500000 31.750000     -1.08595  45.296240      52.120777    
8.100000 54.740002 0.500000 281.348907      0.32854  13.777516      53.593450    
26.799999 27.379999 0.500000 295.754211      0.38195  29.515175      24.428646    
50.599998 64.389999 0.500000 0.000000     -1.73636  57.053394      58.748124    
51.880001 44.160000 0.500000 402.385010      0.84609  56.211774      38.495150    
35.490002 43.410000 0.500000 867.247803      2.08028  39.833165      39.462480    
63.070000 60.150002 0.500000 48.055599     -0.92014  69.011883      53.227884    
92.989998 12.430000 0.500000 102.753304     -0.57913  93.779878      2.6418056    
93.160004 89.589996 0.500000 12.638900     -1.23320  102.01437      79.361341    
91.660004 13.190000 0.500000 184.681702     -0.14780  92.536611      3.5366645    
15.330000 16.450001 0.500000 384.345612      0.72655  16.965514      14.757465    
79.099998 90.010002 0.500000 165.626694     -0.28258  88.075287      81.248717    
90.900002 25.969999 0.500000 152.614395     -0.34180  93.116646      16.326095    
25.660000 82.690002 0.500000 0.000000     -1.68236  34.162891      79.554817    
19.950001 52.459999 0.500000 950.764893      2.28182  25.324276      50.087275    
66.459999 31.410000 0.500000 560.609985      1.24672  69.379163      24.290971    
54.970001 86.129997 0.500000 85.807503     -0.69429  63.671906      79.912238    
7.600000 16.309999 0.500000 221.636703      0.02193  9.2632255      15.426235    
31.090000 93.470001 0.500000 9.676700     -1.28871  40.689961      89.708173    
16.700001 94.089996 0.500000 605.390930      1.39671  26.443599      91.828936    
27.670000 89.550003 0.500000 0.000000     -2.67379  36.878945      86.167136    
2.330000 60.270000 0.500000 217.250000      0.00313  8.6171664      59.696283    
51.270000 51.439999 0.500000 179.943298     -0.17956  56.366082      45.799031    
36.020000 33.060001 0.500000 579.722473      1.30322  39.278390      29.113780    
5.170000 90.519997 0.500000 281.403290      0.33517  14.603594      89.483707    
24.010000 23.379999 0.500000 126.393303     -0.41588  26.322346      20.742193    
4.130000 89.739998 0.500000 157.894196     -0.30877  13.487759      88.816690    
71.370003 48.259998 0.500000 320.628387      0.46421  76.023574      40.535428    
56.779999 78.720001 0.500000 366.387512      0.60904  64.697433      72.353639    
35.040001 46.880001 0.500000 637.956726      1.46654  39.748343      42.960510    
80.500000 1.250000 0.500000 195.949997     -0.09729  80.189673     -7.1713889    
64.330002 88.959999 0.500000 379.339996      0.66274  73.276447      81.748351    
0.730000 11.280000 0.500000 133.301697     -0.37522  1.9050820      11.141901    
1.570000 74.019997 0.500000 221.821701      0.02820  9.2985959      73.450398    
33.680000 65.059998 0.500000 1.560000     -1.48517  40.296119      61.183074    
58.000000 96.239998 0.500000 144.524399     -0.34845  67.742089      89.650134    
93.730003 13.310000 0.500000 175.593307     -0.21791  94.607814      3.4396333    
48.590000 51.540001 0.500000 47.275600     -0.92975  53.711216      46.178621    
28.309999 12.070000 0.500000 407.453308      0.86416  29.416572      9.0446786    
75.080002 29.490000 0.500000 440.246613      0.95912  77.751250      21.480454    
74.519997 12.220000 0.500000 129.481705     -0.39546  75.389106      4.3635969    
91.449997 51.290001 0.500000 0.737500     -1.50432  96.310289      41.449901    
33.529999 41.450001 0.500000 873.608826      2.13821  37.679023      37.718094    
76.099998 32.490002 0.500000 690.503418      1.58706  79.079244      24.357403    
1.230000 6.750000 0.500000 0.000000     -2.13821  1.9288291      6.5844528    
13.510000 52.820000 0.500000 657.721130      1.50432  18.957184      51.118467    
73.830002 67.790001 0.500000 249.382202      0.17956  80.511538      59.701304    
96.940002 76.330002 0.500000 168.319199     -0.26307  104.38761      65.778869    
18.549999 11.190000 0.500000 78.788902     -0.74297  19.618054      9.1896971    
66.040001 26.000000 0.500000 83.500000     -0.70229  68.395967      18.954510    
73.620003 92.360001 0.500000 31.715599     -1.09732  82.870954      84.158658    
24.799999 36.230000 0.500000 521.259216      1.10884  28.451208      33.439223    
31.170000 91.220001 0.500000 3.835000     -1.39671  40.534334      87.462136    
32.279999 86.070000 0.500000 0.000000     -2.49771  41.099931      82.224321    
63.939999 13.170000 0.500000 275.706696      0.29565  64.966369      6.4143036    
61.380001 26.830000 0.500000 360.353302      0.57913  63.848254      20.267065    
70.629997 6.870000 0.500000 584.732178      1.33310  70.961189     -.55047957    
59.980000 48.279999 0.500000 341.205811      0.51365  64.698057      41.745899    
1.330000 1.900000 0.500000 6.237500     -1.36421  1.5213182      1.7505687    
31.940001 20.420000 0.500000 368.518311      0.61660  33.899502      16.969498    
24.379999 74.949997 0.500000 119.525002     -0.49940  32.080851      71.991009    
25.160000 19.120001 0.500000 333.786713      0.49940  27.020755      16.385324    
3.900000 37.470001 0.500000 503.402191      1.06362  7.7953170      36.857075    
32.400002 97.730003 0.500000 30.643299     -1.10884  42.438078      93.807905    
9.170000 41.200001 0.500000 107.566704     -0.55704  13.426339      40.015777    
80.010002 7.490000 0.500000 370.774414      0.62419  80.354617     -.91435349    
54.919998 58.619999 0.500000 206.190796     -0.04074  60.746599      52.558170    
20.139999 44.240002 0.500000 281.014404      0.32194  24.654009      41.892448    
82.610001 97.559998 0.500000 0.000000     -2.02859  92.355251      88.390458    
67.669998 27.830000 0.500000 234.181107      0.08470  70.208322      20.604104    
6.630000 41.820000 0.500000 204.248306     -0.05329  10.965060      40.897882    
86.440002 37.959999 0.500000 434.297485      0.92975  89.934375      28.716610    
94.599998 54.169998 0.500000 121.685799     -0.47821  99.744076      43.984857    
41.000000 75.160004 0.500000 128.122498     -0.40905  48.631757      70.462603    
33.770000 52.139999 0.500000 422.572205      0.88251  39.035118      48.324444    
47.200001 51.880001 0.500000 40.224400     -0.98933  52.364371      46.662053    
82.349998 34.660000 0.500000 538.076721      1.19394  85.521833      25.862210    
12.390000 87.220001 0.500000 292.411102      0.37522  21.439099      85.447093    
44.560001 57.200001 0.500000 9.940000     -1.27446  50.294925      52.228865    
65.089996 85.129997 0.500000 391.724487      0.78492  73.631934      77.859889    
36.639999 80.300003 0.500000 12.637500     -1.24672  44.832917      76.030188    
2.220000 95.660004 0.500000 156.317795     -0.32194  12.207032      94.903915    
8.290000 57.060001 0.500000 178.806702     -0.19231  14.208981      55.880879    
68.379997 63.090000 0.500000 40.496700     -0.97916  74.600105      55.596730    
69.510002 58.639999 0.500000 82.922501     -0.71842  75.258768      51.052989    
13.370000 68.120003 0.500000 422.587799      0.89180  20.417237      66.349289    
97.529999 64.089996 0.500000 364.784393      0.59402  103.69495      53.544243    
85.870003 13.420000 0.500000 380.245605      0.68634  86.802370      4.3706245    
91.760002 21.070000 0.500000 191.898407     -0.10989  93.459746      11.363044    
85.739998 1.380000 0.500000 433.018890      0.91061  85.414555     -7.5898299    
73.050003 91.500000 0.500000 44.242199     -0.94924  82.214182      83.362949    
23.030001 88.080002 0.500000 350.576691      0.54246  32.110707      85.190200    
93.620003 35.830002 0.500000 69.283302     -0.79348  96.852398      25.847767    
82.989998 33.799999 0.500000 600.266724      1.38028  86.068432      24.940022    
34.810001 91.769997 0.500000 39.395802     -1.03109  44.211885      87.628635    
69.800003 56.380001 0.500000 171.267502     -0.25011  75.310946      48.775058    
43.669998 5.170000 0.500000 208.476700     -0.03447  43.971181     0.57692045    
28.309999 30.230000 0.500000 471.301086      0.98933  31.314809      27.105196    
61.980000 87.940002 0.500000 212.728302     -0.01567  70.832700      80.979583    
82.620003 66.489998 0.500000 120.147797     -0.49231  89.117499      57.489617    
80.769997 80.260002 0.500000 250.077805      0.18593  88.716985      71.377566    
7.670000 94.809998 0.500000 98.174400     -0.63183  17.538326      93.488886    
93.040001 72.360001 0.500000 182.238907     -0.16683  100.09400      62.238277    
87.290001 68.529999 0.500000 307.188904      0.42958  93.975153      59.030295    
68.000000 65.019997 0.500000 67.194397     -0.82830  74.423929      57.555875    
33.060001 85.930000 0.500000 0.000000     -1.58706  41.861026      82.003555    
31.920000 48.480000 0.500000 710.625916      1.65710  36.812679      44.877873    
74.099998 67.690002 0.500000 180.654205     -0.17319  80.769602      59.573630    
64.680000 71.820000 0.500000 510.158295      1.09732  71.832910      64.665662    
83.120003 77.790001 0.500000 373.781097      0.63183  90.795932      68.675453    
46.910000 71.419998 0.500000 108.184998     -0.54974  54.118445      66.125322    
2.480000 23.910000 0.500000 252.805603      0.21791  4.9656898      23.519788    
4.700000 41.299999 0.500000 244.548294      0.15414  8.9912783      40.582470    
41.310001 24.270000 0.500000 425.486694      0.90117  43.620606      19.818976    
38.599998 74.730003 0.500000 39.917801     -0.99961  46.199955      70.285826    
47.919998 77.849998 0.500000 627.306580      1.43076  55.795028      72.414524    
13.000000 50.560001 0.500000 392.078888      0.79348  18.213744      48.924158    
32.009998 79.540001 0.500000 0.000000     -1.82833  40.148838      75.758317    
6.670000 60.849998 0.500000 154.851700     -0.32854  12.994018      59.819451    
9.160000 37.529999 0.500000 243.003296      0.12882  13.032774      36.366925    
68.230003 21.290001 0.500000 0.000000     -1.79597  70.081643      14.041395    
36.750000 64.529999 0.500000 2.398300     -1.43076  43.293901      60.335076    
76.220001 94.800003 0.500000 20.676701     -1.18126  85.711758      86.313519    
29.459999 71.599998 0.500000 0.000000     -1.98181  36.782852      68.128357    
32.310001 2.820000 0.500000 238.321106      0.10989  32.427774     -.57276298    
27.360001 54.590000 0.500000 401.113312      0.83716  32.916329      51.431051    
12.230000 46.340000 0.500000 166.036697     -0.27606  17.006852      44.807762    
47.840000 48.700001 0.500000 246.417801      0.16048  52.668464      43.432576    
38.160000 82.959999 0.500000 91.463303     -0.64720  46.622637      78.516729    
26.230000 60.860001 0.500000 526.869202      1.14430  32.447912      57.784822    
2.270000 24.940001 0.500000 793.451111      1.86273  4.8645047      24.566097    
32.290001 38.209999 0.500000 787.488770      1.82833  36.107145      34.625456    
93.449997 77.199997 0.500000 222.843307      0.04074  101.00767      67.008903    
46.310001 12.090000 0.500000 82.468300     -0.72655  47.320059      7.1830565    
60.639999 13.740000 0.500000 242.073303      0.12250  61.744028      7.3261250    
27.080000 83.500000 0.500000 0.000000     -1.63285  35.659780      80.211948    
20.639999 34.169998 0.500000 412.755493      0.87330  24.098668      31.825344    
0.910000 51.700001 0.500000 365.538300      0.60151  6.3091365      51.321662    
74.199997 59.790001 0.500000 79.400803     -0.73474  80.043279      51.706454    
81.849998 88.290001 0.500000 223.478302      0.04702  90.630433      79.250685    
10.790000 20.299999 0.500000 482.946686      1.00999  12.852819      19.060931    
16.750000 10.030000 0.500000 77.680000     -0.75959  17.706662      8.2242029    
90.989998 93.660004 0.500000 3.380000     -1.41353  100.28168      83.635880    
85.900002 66.820000 0.500000 102.451103     -0.59402  92.414025      57.474958    
80.320000 45.880001 0.500000 202.179993     -0.07841  84.675765      37.232939    
18.309999 34.560001 0.500000 392.114502      0.80209  21.822199      32.456762    
12.000000 9.680000 0.500000 72.372200     -0.77642  12.946098      8.3726304    
92.029999 36.970001 0.500000 98.325600     -0.62419  95.390266      27.147721    
62.450001 57.750000 0.500000 243.808899      0.14147  68.144412      50.905837    
16.930000 71.489998 0.500000 758.139893      1.70874  24.309995      69.328701    
85.620003 13.360000 0.500000 380.245605      0.67843  86.547468      4.3370853    
68.769997 81.690002 0.500000 531.277771      1.16876  76.932198      74.054074    
76.739998 77.860001 0.500000 381.125000      0.71033  84.458194      69.411962    
21.420000 51.090000 0.500000 1046.204102      2.49771  26.643018      48.571124    
50.400002 38.419998 0.500000 0.000000     -2.37603  54.139889      32.941295    
40.270000 60.759998 0.500000 9.652200     -1.30322  46.400546      56.217787    
63.320000 42.470001 0.500000 220.183304      0.00940  67.412450      35.618604    
67.360001 74.000000 0.500000 288.287811      0.36180  74.726102      66.553583    
21.879999 49.770000 0.500000 1052.666626      2.67379  26.962520      47.210272    
36.980000 92.150002 0.500000 113.063301     -0.52800  46.409718      87.779732    
27.730000 71.970001 0.500000 0.000000     -1.76538  35.101006      68.677168    
74.290001 17.010000 0.500000 67.517502     -0.81077  75.661062      9.1513979    
25.879999 79.059998 0.500000 0.000000     -1.65710  34.002246      75.921703    
67.639999 59.799999 0.500000 43.964401     -0.95912  73.520262      52.402103    
1.220000 52.860001 0.500000 255.509995      0.22433  6.7386913      52.442904    
93.440002 35.439999 0.500000 69.283302     -0.80209  96.632617      25.478715    
79.900002 47.689999 0.500000 543.423279      1.21991  84.447264      39.076924    
81.919998 64.570000 0.500000 60.377499     -0.86416  88.220635      55.653307    
5.320000 57.540001 0.500000 109.627800     -0.54246  11.305424      56.668699    
8.910000 84.459999 0.500000 124.153297     -0.44337  17.689664      83.065970    
31.600000 88.669998 0.500000 0.179200     -1.56535  40.695430      84.881155    
84.910004 40.880001 0.500000 226.672501      0.05329  88.717982      31.780544    
76.980003 13.630000 0.500000 35.395000     -1.05265  77.983021      5.5087321    
17.680000 34.750000 0.500000 566.364380      1.27446  21.215511      32.711573    
94.589996 20.700001 0.500000 380.462494      0.69429  96.235561      10.699257    
11.050000 40.029999 0.500000 88.750801     -0.67056  15.173741      38.655671    
53.939999 81.260002 0.500000 209.818893     -0.02820  62.138493      75.176586    
80.480003 71.070000 0.500000 384.741089      0.73474  87.467963      62.268220    
42.849998 13.670000 0.500000 489.567810      1.03109  44.044165      9.1160699    
30.930000 33.509998 0.500000 487.525604      1.02048  34.263311      30.093361    
37.320000 52.200001 0.500000 100.346703     -0.60151  42.571943      48.013042    
3.200000 24.650000 0.500000 592.384521      1.36421  5.7590967      24.180474    
88.820000 25.110001 0.500000 167.223297     -0.26956  90.958145      15.688228    
25.770000 62.709999 0.500000 1116.698853      3.02334  32.183809      59.672769    
6.680000 15.420000 0.500000 125.688301     -0.42958  8.2552352      14.637277    
94.639999 70.379997 0.500000 173.630798     -0.23720  101.47826      60.101874    
19.870001 40.950001 0.500000 230.916702      0.07213  24.041592      38.648692    
79.629997 12.040000 0.500000 252.419205      0.21150  80.452298      3.6504425    
19.790001 69.800003 0.500000 966.505798      2.37603  26.977676      67.349013    
18.750000 34.380001 0.500000 392.114502      0.81077  22.240974      32.231755    
88.919998 11.070000 0.500000 363.809998      0.58656  89.590015      1.7146867    
34.790001 92.660004 0.500000 39.698299     -1.00999  44.285025      88.515857    
73.820000 30.500000 0.500000 454.374512      0.96909  76.603724      22.616627    
97.459999 2.840000 0.500000 45.026699     -0.93945  97.222964     -7.3629017    
2.500000 87.750000 0.500000 48.753300     -0.91061  11.658677      87.007975    
57.720001 71.269997 0.500000 267.186615      0.27606  64.853548      64.846190    
41.360001 64.589996 0.500000 0.338300     -1.52403  47.884920      59.912868    
46.320000 46.959999 0.500000 94.539200     -0.63950  50.974911      41.860989    
67.650002 94.690002 0.500000 21.767799     -1.16876  77.177209      87.099930    
63.009998 44.820000 0.500000 326.717804      0.47821  67.349788      37.988133    
96.040001 11.960000 0.500000 60.224201     -0.88251  96.764044      1.8555682    
75.529999 19.100000 0.500000 198.786697     -0.09099  77.112731      11.100334    
68.400002 0.740000 0.500000 302.006592      0.38870  68.102651     -6.4138008    
94.730003 25.520000 0.500000 169.210007     -0.25658  96.878629      15.478217    
48.490002 35.430000 0.500000 99.867798     -0.60904  51.927812      30.167325    
72.930000 33.509998 0.500000 703.957825      1.63285  76.033230      25.703166    
25.639999 46.139999 0.500000 675.173279      1.56535  30.322484      43.207130    
33.130001 84.809998 0.500000 0.000000     -1.93901  41.813570      80.882372    
48.369999 73.610001 0.500000 353.802307      0.55704  55.799363      68.150716    
4.510000 84.400002 0.500000 87.820801     -0.67843  13.307496      83.466227    
50.990002 85.870003 0.500000 123.779999     -0.45029  59.686533      80.069692    
97.769997 72.550003 0.500000 174.776703     -0.22433  104.81794      61.932819    
15.530000 27.490000 0.500000 552.091125      1.23320  18.318412      25.716080    
40.730000 34.000000 0.500000 376.048889      0.64720  44.060845      29.556300    
95.900002 54.080002 0.500000 190.727798     -0.11619  101.02755      43.759466    
51.110001 61.689999 0.500000 13.745800     -1.21991  57.278376      56.009605    
0.710000 15.010000 0.500000 541.830017      1.20682  2.2750828      14.853558    
84.239998 18.990000 0.500000 189.624207     -0.12882  85.763518      10.080493    
79.750000 33.730000 0.500000 661.240784      1.52403  82.838866      25.209079    
59.619999 89.620003 0.500000 173.994202     -0.23076  68.661236      82.897068    
48.759998 68.940002 0.500000 59.902199     -0.89180  55.699078      63.465534    
6.590000 51.660000 0.500000 291.429993      0.36850  11.953840      50.688159    
83.860001 26.010000 0.500000 264.592194      0.25658  86.119392      17.101758    
42.790001 96.430000 0.500000 255.968903      0.23076  52.635273      91.428973    
92.699997 69.769997 0.500000 403.806702      0.85509  99.485127      59.698002    
72.050003 88.169998 0.500000 186.004501     -0.13514  80.871580      80.155717    
79.690002 60.650002 0.500000 17.831699     -1.20682  85.593103      51.987882    
51.590000 53.669998 0.500000 87.330002     -0.68634  56.917427      47.983365    
84.309998 20.730000 0.500000 248.578293      0.16683  86.015014      11.803644    
12.080000 8.860000 0.500000 65.804398     -0.84609  12.939947      7.5487602    
54.220001 37.540001 0.500000 353.527496      0.54974  57.846977      31.666820    
85.489998 11.270000 0.500000 329.742188      0.48525  86.199711      2.2721237    
55.070000 49.650002 0.500000 387.017792      0.74297  59.958159      43.621632    
97.480003 22.440001 0.500000 390.797791      0.76798  99.291616      12.127637    
96.790001 10.990000 0.500000 77.776703     -0.75125  97.408543     0.81248564    
63.770000 92.089996 0.500000 275.635590      0.28911  73.046687      84.919737    
16.270000 63.209999 0.500000 850.188416      1.93901  22.788115      61.163050    
50.820000 1.690000 0.500000 436.088898      0.93945  50.718256     -3.6313945    
29.600000 82.019997 0.500000 0.000000     -2.28182  38.011272      78.476640    
65.139999 34.000000 0.500000 853.871094      1.98181  68.337123      27.004761    
88.959999 75.620003 0.500000 770.246582      1.73636  96.377109      65.906897    
55.360001 19.740000 0.500000 380.807800      0.70229  57.120125      13.845166    
22.219999 67.790001 0.500000 935.685608      2.20435  29.184260      65.096018    
46.060001 21.910000 0.500000 384.064209      0.71842  48.097898      16.975394    
29.799999 8.270000 0.500000 638.325928      1.48517  30.501202      5.1097480    
64.629997 73.800003 0.500000 524.684082      1.12050  71.990148      66.640045    
4.890000 61.779999 0.500000 280.351593      0.31534  11.320980      60.930418    
60.799999 58.939999 0.500000 316.935486      0.44337  66.627838      52.261789    
88.519997 13.470000 0.500000 387.201111      0.75125  89.443074      4.1433507    
53.099998 35.279999 0.500000 463.678894      0.97916  56.496875      29.536270    
27.129999 88.139999 0.500000 0.000000     -2.08028  36.194517      84.821302    
59.119999 86.430000 0.500000 183.335007     -0.16048  67.830528      79.776805    
17.379999 2.640000 0.500000 399.093292      0.82830  17.560745     0.80883323    
87.150002 73.959999 0.500000 573.659973      1.28871  94.403510      64.445183    
68.690002 16.629999 0.500000 102.680000     -0.58656  70.052019      9.3588378    
41.830002 79.540001 0.500000 265.543304      0.26307  49.915047      74.731847    
96.559998 71.070000 0.500000 302.010010      0.39546  103.45987      60.587403    
70.889999 15.290000 0.500000 113.223297     -0.52081  72.099896      7.7962172    
44.040001 35.000000 0.500000 130.813293     -0.38195  47.457241      30.204833    
92.050003 15.520000 0.500000 116.404404     -0.50651  93.168025      5.8131345    
70.889999 9.580000 0.500000 433.545593      0.92014  71.503039      2.1174972    
9.630000 73.029999 0.500000 202.009995     -0.08470  17.210959      71.623324    
1.450000 10.740000 0.500000 35.651699     -1.04181  2.5646924      10.529599    
39.570000 93.070000 0.500000 303.622498      0.40225  49.081695      88.423962    
71.769997 32.430000 0.500000 777.927490      1.76538  74.766691      24.750338    
92.860001 77.269997 0.500000 317.932190      0.45724  100.42822      67.140191    
24.629999 91.279999 0.500000 35.264198     -1.06362  34.036431      88.205422    
96.800003 4.240000 0.500000 116.368301     -0.51365  96.712923     -5.9015826    
30.100000 24.840000 0.500000 565.086670      1.26047  32.531596      21.557617    
31.129999 85.430000 0.500000 0.000000     -2.20435  39.889332      81.708035    
61.040001 80.360001 0.500000 203.269196     -0.07213  69.105525      73.539363    
63.599998 8.890000 0.500000 111.348900     -0.53522  64.180849      2.1932896    
86.169998 83.309998 0.500000 90.789200     -0.65495  94.406216      73.846400    
95.180000 79.279999 0.500000 122.989998     -0.45724  102.94561      68.896676    
59.049999 79.599998 0.500000 307.124207      0.42272  67.046982      72.991535    
86.540001 88.620003 0.500000 34.825802     -1.07472  95.329238      79.088640    
32.369999 71.250000 0.500000 0.000000     -1.70874  39.640326      67.476099    
29.650000 50.220001 0.500000 736.379089      1.68236  34.736994      46.845622    
43.220001 34.160000 0.500000 133.536697     -0.36850  46.553930      29.455148    
4.500000 17.070000 0.500000 525.046692      1.13232  6.2596494      16.506111    
89.480003 81.910004 0.500000 204.796707     -0.04702  97.551749      72.108085    
54.820000 8.580000 0.500000 336.181702      0.50651  55.416545      2.8027476    
56.200001 51.869999 0.500000 279.084991      0.30220  61.314023      45.711350    
51.639999 90.620003 0.500000 126.360001     -0.42272  60.829479      84.725727    
94.669998 96.849998 0.500000 25.564199     -1.13232  104.27497      86.423734    
37.590000 64.080002 0.500000 7.962200     -1.33310  44.082262      59.799740    
54.939999 23.650000 0.500000 508.951691      1.08595  57.111130      17.777649    
98.269997 44.169998 0.500000 212.814407     -0.00940  102.34869      33.656018    
52.020000 35.240002 0.500000 333.071106      0.49231  55.418612      29.609383    
78.120003 17.170000 0.500000 280.234406      0.30877  79.486807      8.9101771    
81.510002 85.169998 0.500000 374.584106      0.63950  89.966171      76.183313    
59.320000 17.770000 0.500000 268.214111      0.28258  60.852510      11.472026    
89.500000 25.920000 0.500000 160.259995     -0.30220  91.719087      16.422710    
97.330002 43.990002 0.500000 39.524399     -1.02048  101.39503      33.575265    
61.369999 94.540001 0.500000 99.828300     -0.61660  70.915929      87.607189    
25.670000 17.990000 0.500000 314.437805      0.43646  27.409844      15.208203    
38.869999 40.200001 0.500000 667.809998      1.54436  42.859109      35.916760    
84.489998 22.559999 0.500000 204.233307     -0.05957  86.385315      13.604803    
11.460000 77.769997 0.500000 260.986694      0.24365  19.526399      76.146069    
94.050003 5.860000 0.500000 231.270798      0.07841  94.147324     -4.0030039    
1.320000 49.240002 0.500000 347.124115      0.52081  6.4597506      48.832283    
8.250000 29.570000 0.500000 785.291077      1.79597  11.295712      28.545653    
45.700001 5.110000 0.500000 222.167801      0.03447  45.983792     0.30505605    
17.830000 71.849998 0.500000 629.206726      1.44842  25.242695      69.592654    
43.700001 6.870000 0.500000 379.435608      0.67056  44.178718      2.2644715    
67.430000 5.300000 0.500000 348.535614      0.52800  67.614612     -1.7773882    
90.410004 56.110001 0.500000 0.000000     -1.89949  95.779821      46.352206    
59.259998 98.440002 0.500000 67.496696     -0.81950  69.225148      91.706381    
38.470001 50.500000 0.500000 130.483307     -0.38870  43.537946      46.202146    
85.809998 55.090000 0.500000 120.544403     -0.48525  91.098395      45.818624    
51.020000 96.820000 0.500000 243.326706      0.13514  60.860953      90.956568    
67.029999 68.750000 0.500000 234.253296      0.09099  73.849133      61.366838    
53.349998 97.440002 0.500000 190.017807     -0.12250  63.242995      91.329622    
4.120000 54.410000 0.500000 306.292511      0.40905  9.7848239      53.681279    
74.209999 28.950001 0.500000 307.010010      0.41588  76.829568      21.034353    
41.610001 30.150000 0.500000 251.031693      0.19231  44.533590      25.635406    
48.830002 88.230003 0.500000 24.600000     -1.14430  57.785053      82.642545    
17.309999 21.830000 0.500000 587.953308      1.34849  19.497029      19.901025    
29.959999 2.250000 0.500000 439.236694      0.94924  30.031064     -.89399837    
69.629997 75.739998 0.500000 325.262512      0.47120  77.165542      68.046770    
41.849998 61.650002 0.500000 7.805000     -1.34849  48.064919      56.937761    
46.220001 95.160004 0.500000 179.164993     -0.18593  55.913732      89.807402    
42.869999 68.480003 0.500000 2.070000     -1.44842  49.793262      63.623727    
37.560001 51.680000 0.500000 122.061096     -0.47120  42.756274      47.470802    
60.110001 19.639999 0.500000 238.183304      0.10358  61.833651      13.249203    
22.100000 24.260000 0.500000 153.167801     -0.33517  24.514794      21.817022    
68.540001 6.040000 0.500000 532.397827      1.18126  68.795884     -1.1574687    
63.040001 22.150000 0.500000 204.014496     -0.06585  65.009967      15.439186    
67.010002 90.459999 0.500000 83.134499     -0.71033  76.098559      82.959997    
88.900002 45.360001 0.500000 228.528900      0.06585  93.154410      35.818934    
15.300000 2.810000 0.500000 129.448898     -0.40225  15.509910      1.1953211    
19.170000 51.930000 0.500000 811.435791      1.89949  24.493148      49.641711    
53.820000 53.080002 0.500000 178.339996     -0.19870  59.073539      47.163502    
95.500000 98.809998 0.500000 61.423302     -0.85509  105.30530      88.286238    
64.000000 38.110001 0.500000 379.035889      0.65495  67.632981      31.211409    
12.310000 9.490000 0.500000 72.372200     -0.78492  13.234540      8.1512674    
95.680000 55.759998 0.500000 251.179993      0.19870  100.98436      45.453256    
78.650002 71.489998 0.500000 527.396729      1.15644  85.691889      62.877205    
1.410000 84.919998 0.500000 22.536699     -1.15644  10.278833      84.307412    
56.090000 91.029999 0.500000 124.279999     -0.43646  65.297959      84.668326    
40.529999 56.889999 0.500000 29.884399     -1.12050  46.254596      52.341811    
55.049999 39.040001 0.500000 241.190002      0.11619  58.829221      33.071844    
76.470001 12.850000 0.500000 104.115799     -0.57174  77.394281      4.7863147    
0.690000 40.000000 0.500000 283.859985      0.34845  4.8673586      39.708751    
14.940000 21.059999 0.500000 10.072500     -1.26047  17.059526      19.382975    
53.480000 10.030000 0.500000 266.564392      0.26956  54.235451      4.3848724    
49.389999 70.779999 0.500000 137.289200     -0.35512  56.517960      65.229598    
8.010000 96.000000 0.500000 122.753304     -0.46421  18.000853      94.636829    
79.790001 13.460000 0.500000 172.210800     -0.24365  80.759856      5.0459386    
