With Rotated Coordinates: Normal Score Transform: pygeostat_saved_data
 7
X
Y
Z
value
NS_value
Rotated X
Rotated Y
47.770000 30.670000 0.500000 165.458893     -0.28911  48.297990      29.831627    
9.870000 72.339996 0.500000 227.343399      0.05957  11.131004      72.156723    
7.600000 96.019997 0.500000 176.246704     -0.21150  9.2746225      95.872734    
45.610001 28.590000 0.500000 162.413300     -0.29565  46.102019      27.789641    
15.590000 18.379999 0.500000 609.767822      1.41353  15.908401      18.105117    
49.919998 70.309998 0.500000 137.289200     -0.36180  51.139474      69.428065    
45.279999 36.150002 0.500000 106.803299     -0.56437  45.904007      35.354251    
55.430000 40.709999 0.500000 348.921112      0.53522  56.132045      39.736412    
27.209999 96.120003 0.500000 1.954400     -1.46654  28.883380      95.630484    
98.510002 24.100000 0.500000 211.701096     -0.02193  98.915601      22.377093    
66.610001 86.760002 0.500000 389.505890      0.75959  68.114027      85.584283    
19.110001 44.990002 0.500000 243.880005      0.14780  19.892274      44.649634    
7.570000 37.660000 0.500000 317.177795      0.45029  8.2261047      37.522149    
83.400002 21.420000 0.500000 356.059998      0.57174  83.761130      19.961207    
64.959999 90.580002 0.500000 259.291687      0.23720  66.530944      89.432498    
42.099998 51.869999 0.500000 89.163300     -0.66274  42.998842      51.127353    
47.099998 74.160004 0.500000 503.107788      1.05265  48.387095      73.326701    
8.400000 40.540001 0.500000 156.662201     -0.31534  9.1062412      40.387226    
26.709999 21.860001 0.500000 391.565796      0.77642  27.087441      21.390518    
17.260000 44.430000 0.500000 221.412201      0.01567  18.032782      44.122005    
63.730000 29.290001 0.500000 583.816589      1.31801  64.231475      28.173298    
48.110001 7.190000 0.500000 49.231098     -0.90117  48.228156      6.3492696    
94.680000 30.120001 0.500000 4.586700     -1.38028  95.191246      28.463020    
35.970001 39.919998 0.500000 693.219971      1.60953  36.661223      39.286155    
22.820000 18.910000 0.500000 185.274506     -0.14147  23.146549      18.508856    
74.660004 90.839996 0.500000 66.292503     -0.83716  76.234009      89.523164    
23.320000 14.990000 0.500000 60.297798     -0.87330  23.578060      14.580727    
13.630000 3.270000 0.500000 18.743299     -1.19394  13.684993      3.0316257    
96.300003 55.360001 0.500000 261.944092      0.25011  97.251501      53.670903    
90.000000 54.610001 0.500000 0.000000     -3.02334  90.939368      53.030967    
31.809999 83.250000 0.500000 0.000000     -1.86273  33.258067      82.682160    
88.800003 70.250000 0.500000 398.127808      0.81950  90.012510      68.689527    
24.820000 4.220000 0.500000 248.990005      0.17319  24.889869      3.7861885    
77.059998 69.230003 0.500000 214.600006     -0.00313  78.256492      67.874577    
72.309998 80.580002 0.500000 495.592194      1.04181  73.705300      79.305746    
38.250000 63.270000 0.500000 0.308900     -1.54436  39.348388      62.592809    
54.380001 51.200001 0.500000 195.858398     -0.10358  55.265282      50.243141    
61.099998 81.419998 0.500000 184.214996     -0.15414  62.511667      80.341255    
67.459999 91.910004 0.500000 76.598900     -0.76798  69.053775      90.718666    
45.820000 53.419998 0.500000 41.741100     -0.96909  46.745329      52.612193    
17.549999 26.480000 0.500000 504.497803      1.07472  18.009466      26.169677    
35.360001 48.950001 0.500000 482.136597      0.99961  36.208911      48.325429    
97.570000 33.970001 0.500000 0.000000     -1.60953  98.147998      32.261996    
61.750000 77.190002 0.500000 236.482498      0.09729  63.087746      76.100559    
15.310000 64.599998 0.500000 858.669983      2.02859  16.435094      64.322963    
95.570000 22.150000 0.500000 284.837799      0.35512  95.942015      20.478700    
93.489998 21.629999 0.500000 282.811096      0.34180  93.853255      19.995079    
51.900002 78.660004 0.500000 251.459106      0.20509  53.264904      77.742244    
2.980000 64.540001 0.500000 177.182205     -0.20509  4.1059245      64.478163    
95.930000 40.509998 0.500000 9.561100     -1.31801  96.622386      38.829619    
65.389999 68.440002 0.500000 354.035614      0.56437  66.574483      67.288365    
39.599998 56.570000 0.500000 31.750000     -1.08595  40.581249      55.870269    
8.100000 54.740002 0.500000 281.348907      0.32854  9.0541111      54.590300    
26.799999 27.379999 0.500000 295.754211      0.38195  27.273764      26.908104    
50.599998 64.389999 0.500000 0.000000     -1.73636  51.716052      63.497100    
51.880001 44.160000 0.500000 402.385010      0.84609  52.642798      43.247843    
35.490002 43.410000 0.500000 867.247803      2.08028  36.242206      42.784003    
63.070000 60.150002 0.500000 48.055599     -0.92014  64.110156      59.040118    
92.989998 12.430000 0.500000 102.753304     -0.57913  93.192769      10.805208    
93.160004 89.589996 0.500000 12.638900     -1.23320  94.709376      87.950485    
91.660004 13.190000 0.500000 184.681702     -0.14780  91.876241      11.588303    
15.330000 16.450001 0.500000 384.345612      0.72655  15.614757      16.179950    
79.099998 90.010002 0.500000 165.626694     -0.28258  80.658842      88.615808    
90.900002 25.969999 0.500000 152.614395     -0.34180  91.339396      24.379620    
25.660000 82.690002 0.500000 0.000000     -1.68236  27.099231      82.229579    
19.950001 52.459999 0.500000 950.764893      2.28182  20.862516      52.103834    
66.459999 31.410000 0.500000 560.609985      1.24672  66.998057      30.245329    
54.970001 86.129997 0.500000 85.807503     -0.69429  56.464805      85.157520    
7.600000 16.309999 0.500000 221.636703      0.02193  7.8834912      16.174877    
31.090000 93.470001 0.500000 9.676700     -1.28871  32.716541      92.913170    
16.700001 94.089996 0.500000 605.390930      1.39671  18.339554      93.784210    
27.670000 89.550003 0.500000 0.000000     -2.67379  29.228649      89.053456    
2.330000 60.270000 0.500000 217.250000      0.00313  3.3815017      60.220156    
51.270000 51.439999 0.500000 179.943298     -0.17956  52.159943      50.537380    
36.020000 33.060001 0.500000 579.722473      1.30322  36.591491      32.426330    
5.170000 90.519997 0.500000 281.403290      0.33517  6.7490044      90.415981    
24.010000 23.379999 0.500000 126.393303     -0.41588  24.414380      22.957406    
4.130000 89.739998 0.500000 157.894196     -0.30877  5.6955499      89.654252    
71.370003 48.259998 0.500000 320.628387      0.46421  72.201386      47.007069    
56.779999 78.720001 0.500000 366.387512      0.60904  58.145205      77.717064    
35.040001 46.880001 0.500000 637.956726      1.46654  35.852833      46.261329    
80.500000 1.250000 0.500000 195.949997     -0.09729  80.509555     -.15510909    
64.330002 88.959999 0.500000 379.339996      0.66274  65.872770      87.823737    
0.730000 11.280000 0.500000 133.301697     -0.37522 0.92675196      11.265542    
1.570000 74.019997 0.500000 221.821701      0.02820  2.8615879      73.981323    
33.680000 65.059998 0.500000 1.560000     -1.48517  34.810324      64.462292    
58.000000 96.239998 0.500000 144.524399     -0.34845  59.670786      95.213101    
93.730003 13.310000 0.500000 175.593307     -0.21791  93.948019      11.672159    
48.590000 51.540001 0.500000 47.275600     -0.92975  49.482097      50.684139    
28.309999 12.070000 0.500000 407.453308      0.86416  28.516338      11.574084    
75.080002 29.490000 0.500000 440.246613      0.95912  75.583238      28.175182    
74.519997 12.220000 0.500000 129.481705     -0.39546  74.721916      10.917586    
91.449997 51.290001 0.500000 0.737500     -1.50432  92.331203      49.686167    
33.529999 41.450001 0.500000 873.608826      2.13821  34.248294      40.858509    
76.099998 32.490002 0.500000 690.503418      1.58706  76.655436      31.156926    
1.230000 6.750000 0.500000 0.000000     -2.13821  1.3476164      6.7275055    
13.510000 52.820000 0.500000 657.721130      1.50432  14.429778      52.576173    
73.830002 67.790001 0.500000 249.382202      0.17956  75.001856      66.491165    
96.940002 76.330002 0.500000 168.319199     -0.26307  98.257380      74.626540    
18.549999 11.190000 0.500000 78.788902     -0.74297  18.742466      10.864554    
66.040001 26.000000 0.500000 83.500000     -0.70229  66.483705      24.843483    
73.620003 92.360001 0.500000 31.715599     -1.09732  75.220695      91.061088    
24.799999 36.230000 0.500000 521.259216      1.10884  25.428523      35.791662    
31.170000 91.220001 0.500000 3.835000     -1.39671  32.757261      90.662116    
32.279999 86.070000 0.500000 0.000000     -2.49771  33.777211      85.493527    
63.939999 13.170000 0.500000 275.706696      0.29565  64.160109      12.052087    
61.380001 26.830000 0.500000 360.353302      0.57913  61.838901      25.754685    
70.629997 6.870000 0.500000 584.732178      1.33310  70.739138      5.6362903    
59.980000 48.279999 0.500000 341.205811      0.51365  60.813467      47.225850    
1.330000 1.900000 0.500000 6.237500     -1.36421  1.3629570      1.8764989    
31.940001 20.420000 0.500000 368.518311      0.61660  32.291515      19.859460    
24.379999 74.949997 0.500000 119.525002     -0.49940  25.684344      74.513092    
25.160000 19.120001 0.500000 333.786713      0.49940  25.489858      18.677986    
3.900000 37.470001 0.500000 503.402191      1.06362  4.5533477      37.396230    
32.400002 97.730003 0.500000 30.643299     -1.10884  34.100691      97.149660    
9.170000 41.200001 0.500000 107.566704     -0.55704  9.8876425      41.033687    
80.010002 7.490000 0.500000 370.774414      0.62419  80.128535      6.0924922    
54.919998 58.619999 0.500000 206.190796     -0.04074  55.934693      57.652585    
20.139999 44.240002 0.500000 281.014404      0.32194  20.909026      43.881773    
82.610001 97.559998 0.500000 0.000000     -2.02859  84.300076      96.103396    
67.669998 27.830000 0.500000 234.181107      0.08470  68.145392      26.644757    
6.630000 41.820000 0.500000 204.248306     -0.05329  7.3588499      41.697921    
86.440002 37.959999 0.500000 434.297485      0.92975  87.089330      36.445631    
94.599998 54.169998 0.500000 121.685799     -0.47821  95.530987      52.510750    
41.000000 75.160004 0.500000 128.122498     -0.40905  42.305478      74.433008    
33.770000 52.139999 0.500000 422.572205      0.88251  34.674825      51.542690    
47.200001 51.880001 0.500000 40.224400     -0.98933  48.098243      51.048346    
82.349998 34.660000 0.500000 538.076721      1.19394  82.942356      33.217515    
12.390000 87.220001 0.500000 292.411102      0.37522  13.910312      86.990482    
44.560001 57.200001 0.500000 9.940000     -1.27446  45.551492      56.413610    
65.089996 85.129997 0.500000 391.724487      0.78492  66.565806      83.981054    
36.639999 80.300003 0.500000 12.637500     -1.24672  38.035847      79.648317    
2.220000 95.660004 0.500000 156.317795     -0.32194  3.8891591      95.606690    
8.290000 57.060001 0.500000 178.806702     -0.19231  9.2845717      56.906630    
68.379997 63.090000 0.500000 40.496700     -0.97916  69.470655      61.886996    
69.510002 58.639999 0.500000 82.922501     -0.71842  70.522824      57.417951    
13.370000 68.120003 0.500000 422.587799      0.89180  14.556822      67.876289    
97.529999 64.089996 0.500000 364.784393      0.59402  98.633669      62.378102    
85.870003 13.420000 0.500000 380.245605      0.68634  86.091136      11.919318    
91.760002 21.070000 0.500000 191.898407     -0.10989  92.113749      19.465358    
85.739998 1.380000 0.500000 433.018890      0.91061  85.751024     -.11657946    
73.050003 91.500000 0.500000 44.242199     -0.94924  74.635772      90.211166    
23.030001 88.080002 0.500000 350.576691      0.54246  24.563701      87.664658    
93.620003 35.830002 0.500000 69.283302     -0.79348  94.231064      34.190651    
82.989998 33.799999 0.500000 600.266724      1.38028  83.567250      32.346476    
34.810001 91.769997 0.500000 39.395802     -1.03109  36.406307      91.148502    
69.800003 56.380001 0.500000 171.267502     -0.25011  70.773339      55.153236    
43.669998 5.170000 0.500000 208.476700     -0.03447  43.753576      4.4070660    
28.309999 30.230000 0.500000 471.301086      0.98933  28.833273      29.731318    
61.980000 87.940002 0.500000 212.728302     -0.01567  63.505325      86.844908    
82.620003 66.489998 0.500000 120.147797     -0.49231  83.767830      65.037953    
80.769997 80.260002 0.500000 250.077805      0.18593  82.158426      78.838147    
7.670000 94.809998 0.500000 98.174400     -0.63183  9.3234944      94.661698    
93.040001 72.360001 0.500000 182.238907     -0.16683  94.288687      70.725208    
87.290001 68.529999 0.500000 307.188904      0.42958  88.472720      66.996141    
68.000000 65.019997 0.500000 67.194397     -0.82830  69.124399      63.823331    
33.060001 85.930000 0.500000 0.000000     -1.58706  34.554651      85.339936    
31.920000 48.480000 0.500000 710.625916      1.65710  32.761231      47.915535    
74.099998 67.690002 0.500000 180.654205     -0.17319  75.270066      66.386469    
64.680000 71.820000 0.500000 510.158295      1.09732  65.923581      70.680240    
83.120003 77.790001 0.500000 373.781097      0.63183  84.464966      76.327509    
46.910000 71.419998 0.500000 108.184998     -0.54974  48.149306      70.590428    
2.480000 23.910000 0.500000 252.805603      0.21791  2.8969093      23.863076    
4.700000 41.299999 0.500000 244.548294      0.15414  5.4200685      41.211683    
41.310001 24.270000 0.500000 425.486694      0.90117  41.727279      23.545345    
38.599998 74.730003 0.500000 39.917801     -0.99961  39.898337      74.044958    
47.919998 77.849998 0.500000 627.306580      1.43076  49.271369      77.001822    
13.000000 50.560001 0.500000 392.078888      0.79348  13.880414      50.325419    
32.009998 79.540001 0.500000 0.000000     -1.82833  33.393287      78.969235    
6.670000 60.849998 0.500000 154.851700     -0.32854  7.7309630      60.724323    
9.160000 37.529999 0.500000 243.003296      0.12882  9.8135937      37.364419    
68.230003 21.290001 0.500000 0.000000     -1.79597  68.591173      20.095981    
36.750000 64.529999 0.500000 2.398300     -1.43076  37.870607      63.878795    
76.220001 94.800003 0.500000 20.676701     -1.18126  77.862880      93.455342    
29.459999 71.599998 0.500000 0.000000     -1.98181  30.705104      71.074945    
32.310001 2.820000 0.500000 238.321106      0.10989  32.354296      2.2556832    
27.360001 54.590000 0.500000 401.113312      0.83716  28.308561      54.104188    
12.230000 46.340000 0.500000 166.036697     -0.27606  13.036882      46.119499    
47.840000 48.700001 0.500000 246.417801      0.16048  48.682646      47.857661    
38.160000 82.959999 0.500000 91.463303     -0.64720  39.602040      82.281380    
26.230000 60.860001 0.500000 526.869202      1.14430  27.288159      60.392955    
2.270000 24.940001 0.500000 793.451111      1.86273  2.7049173      24.896586    
32.290001 38.209999 0.500000 787.488770      1.82833  32.951940      37.640641    
93.449997 77.199997 0.500000 222.843307      0.04074  94.783090      75.557312    
46.310001 12.090000 0.500000 82.468300     -0.72655  46.513947      11.279938    
60.639999 13.740000 0.500000 242.073303      0.12250  60.870559      12.679593    
27.080000 83.500000 0.500000 0.000000     -1.63285  28.533152      83.014671    
20.639999 34.169998 0.500000 412.755493      0.87330  21.233204      33.804576    
0.910000 51.700001 0.500000 365.538300      0.60151  1.8121508      51.676245    
74.199997 59.790001 0.500000 79.400803     -0.73474  75.232175      58.485926    
81.849998 88.290001 0.500000 223.478302      0.04702  83.378405      86.848075    
10.790000 20.299999 0.500000 482.946686      1.00999  11.142640      20.108596    
16.750000 10.030000 0.500000 77.680000     -0.75959  16.922497      9.7361446    
90.989998 93.660004 0.500000 3.380000     -1.41353  92.610732      92.057745    
85.900002 66.820000 0.500000 102.451103     -0.59402  87.053089      65.310661    
80.320000 45.880001 0.500000 202.179993     -0.07841  81.108483      44.471236    
18.309999 34.560001 0.500000 392.114502      0.80209  18.910365      34.235184    
12.000000 9.680000 0.500000 72.372200     -0.77642  12.167112      9.4690968    
92.029999 36.970001 0.500000 98.325600     -0.62419  92.661198      35.358225    
62.450001 57.750000 0.500000 243.808899      0.14147  63.448366      56.651302    
16.930000 71.489998 0.500000 758.139893      1.70874  18.175094      71.183640    
85.620003 13.360000 0.500000 380.245605      0.67843  85.840127      11.863690    
68.769997 81.690002 0.500000 531.277771      1.16876  70.185210      80.477358    
76.739998 77.860001 0.500000 381.125000      0.71033  78.087154      76.508845    
21.420000 51.090000 0.500000 1046.204102      2.49771  22.308381      50.708388    
50.400002 38.419998 0.500000 0.000000     -2.37603  51.062847      37.534545    
40.270000 60.759998 0.500000 9.652200     -1.30322  41.324275      60.047936    
63.320000 42.470001 0.500000 220.183304      0.00940  64.051560      41.358446    
67.360001 74.000000 0.500000 288.287811      0.36180  68.641220      72.813135    
21.879999 49.770000 0.500000 1052.666626      2.67379  22.745273      49.380561    
36.980000 92.150002 0.500000 113.063301     -0.52800  38.582607      91.490577    
27.730000 71.970001 0.500000 0.000000     -1.76538  28.981826      71.475084    
74.290001 17.010000 0.500000 67.517502     -0.81077  74.575552      15.710870    
25.879999 79.059998 0.500000 0.000000     -1.65710  27.255845      78.596289    
67.639999 59.799999 0.500000 43.964401     -0.95912  68.673351      58.610410    
1.220000 52.860001 0.500000 255.509995      0.22433  2.1423484      52.830658    
93.440002 35.439999 0.500000 69.283302     -0.80209  94.044284      33.803848    
79.900002 47.689999 0.500000 543.423279      1.21991  80.720138      46.288288    
81.919998 64.570000 0.500000 60.377499     -0.86416  83.034423      63.130465    
5.320000 57.540001 0.500000 109.627800     -0.54246  6.3234012      57.438391    
8.910000 84.459999 0.500000 124.153297     -0.44337  10.382673      84.291634    
31.600000 88.669998 0.500000 0.179200     -1.56535  33.142692      88.104997    
84.910004 40.880001 0.500000 226.672501      0.05329  85.610526      39.391891    
76.980003 13.630000 0.500000 35.395000     -1.05265  77.206155      12.284438    
17.680000 34.750000 0.500000 566.364380      1.27446  18.283778      34.436149    
94.589996 20.700001 0.500000 380.462494      0.69429  94.936854      19.046025    
11.050000 40.029999 0.500000 88.750801     -0.67056  11.746937      39.831053    
53.939999 81.260002 0.500000 209.818893     -0.02820  55.349966      80.306243    
80.480003 71.070000 0.500000 384.741089      0.73474  81.708088      69.654606    
42.849998 13.670000 0.500000 489.567810      1.03109  43.082046      12.920082    
30.930000 33.509998 0.500000 487.525604      1.02048  31.510119      32.965091    
37.320000 52.200001 0.500000 100.346703     -0.60151  38.225332      51.540727    
3.200000 24.650000 0.500000 592.384521      1.36421  3.6297144      24.590398    
88.820000 25.110001 0.500000 167.223297     -0.26956  89.244702      23.556054    
25.770000 62.709999 0.500000 1116.698853      3.02334  26.860515      62.250699    
6.680000 15.420000 0.500000 125.688301     -0.42958  6.9480987      15.301069    
94.639999 70.379997 0.500000 173.630798     -0.23720  95.853885      68.717582    
19.870001 40.950001 0.500000 230.916702      0.07213  20.581651      40.596985    
79.629997 12.040000 0.500000 252.419205      0.21150  79.827996      10.648431    
19.790001 69.800003 0.500000 966.505798      2.37603  21.005165      69.443989    
18.750000 34.380001 0.500000 392.114502      0.81077  19.347158      34.047532    
88.919998 11.070000 0.500000 363.809998      0.58656  89.099653      9.5164461    
34.790001 92.660004 0.500000 39.698299     -1.00999  36.401842      92.038722    
73.820000 30.500000 0.500000 454.374512      0.96909  74.341055      29.207018    
97.459999 2.840000 0.500000 45.026699     -0.93945  97.494720      1.1386560    
2.500000 87.750000 0.500000 48.753300     -0.91061  4.0310679      87.693004    
57.720001 71.269997 0.500000 267.186615      0.27606  58.955043      70.251789    
41.360001 64.589996 0.500000 0.338300     -1.52403  42.480953      63.858327    
46.320000 46.959999 0.500000 94.539200     -0.63950  47.132510      46.144451    
67.650002 94.690002 0.500000 21.767799     -1.16876  69.292267      93.494925    
63.009998 44.820000 0.500000 326.717804      0.47821  63.782618      43.713498    
96.040001 11.960000 0.500000 60.224201     -0.88251  96.234104      10.282049    
75.529999 19.100000 0.500000 198.786697     -0.09099  75.851836      17.778911    
68.400002 0.740000 0.500000 302.006592      0.38870  68.402499     -.45385733    
94.730003 25.520000 0.500000 169.210007     -0.25658  95.160961      23.862847    
48.490002 35.430000 0.500000 99.867798     -0.60904  49.100955      34.578337    
72.930000 33.509998 0.500000 703.957825      1.63285  73.503723      32.232090    
25.639999 46.139999 0.500000 675.173279      1.56535  26.441348      45.685492    
33.130001 84.809998 0.500000 0.000000     -1.93901  34.605094      84.218883    
48.369999 73.610001 0.500000 353.802307      0.55704  49.647304      72.754617    
4.510000 84.400002 0.500000 87.820801     -0.67843  5.9822962      84.308437    
50.990002 85.870003 0.500000 123.779999     -0.45029  52.480874      84.967026    
97.769997 72.550003 0.500000 174.776703     -0.22433  99.021278      70.832632    
15.530000 27.490000 0.500000 552.091125      1.23320  16.007401      27.214777    
40.730000 34.000000 0.500000 376.048889      0.64720  41.317178      33.283985    
95.900002 54.080002 0.500000 190.727798     -0.11619  96.829222      52.398080    
51.110001 61.689999 0.500000 13.745800     -1.21991  52.178856      60.788611    
0.710000 15.010000 0.500000 541.830017      1.20682 0.97185248      14.995323    
84.239998 18.990000 0.500000 189.624207     -0.12882  84.558589      17.516917    
79.750000 33.730000 0.500000 661.240784      1.52403  80.326523      32.333033    
59.619999 89.620003 0.500000 173.994202     -0.23076  61.175003      88.565841    
48.759998 68.940002 0.500000 59.902199     -0.89180  49.955741      68.078523    
6.590000 51.660000 0.500000 291.429993      0.36850  7.4905876      51.537121    
83.860001 26.010000 0.500000 264.592194      0.25658  84.301166      24.542480    
42.790001 96.430000 0.500000 255.968903      0.23076  44.466419      95.668525    
92.699997 69.769997 0.500000 403.806702      0.85509  93.903533      68.141533    
72.050003 88.169998 0.500000 186.004501     -0.13514  73.577808      86.899123    
79.690002 60.650002 0.500000 17.831699     -1.20682  80.736353      59.249982    
51.590000 53.669998 0.500000 87.330002     -0.68634  52.518813      52.761454    
84.309998 20.730000 0.500000 248.578293      0.16683  84.658946      19.255430    
12.080000 8.860000 0.500000 65.804398     -0.84609  12.232788      8.6478255    
54.220001 37.540001 0.500000 353.527496      0.54974  54.866906      36.588014    
85.489998 11.270000 0.500000 329.742188      0.48525  85.673666      9.7762773    
55.070000 49.650002 0.500000 387.017792      0.74297  55.928125      48.681336    
97.480003 22.440001 0.500000 390.797791      0.76798  97.856788      20.735323    
96.790001 10.990000 0.500000 77.776703     -0.75125  96.967061      9.2991077    
63.770000 92.089996 0.500000 275.635590      0.28911  65.367480      90.963030    
16.270000 63.209999 0.500000 850.188416      1.93901  17.370689      62.916421    
50.820000 1.690000 0.500000 436.088898      0.93945  50.841754     0.80281132    
29.600000 82.019997 0.500000 0.000000     -2.28182  31.026938      81.490914    
65.139999 34.000000 0.500000 853.871094      1.98181  65.723460      32.857972    
88.959999 75.620003 0.500000 770.246582      1.73636  90.266201      74.055920    
55.360001 19.740000 0.500000 380.807800      0.70229  55.696080      18.770828    
22.219999 67.790001 0.500000 935.685608      2.20435  23.399713      67.391884    
46.060001 21.910000 0.500000 384.064209      0.71842  46.435368      21.102805    
29.799999 8.270000 0.500000 638.325928      1.48517  29.939792      7.7486587    
64.629997 73.800003 0.500000 524.684082      1.12050  65.908141      72.660814    
4.890000 61.779999 0.500000 280.351593      0.31534  5.9674649      61.685247    
60.799999 58.939999 0.500000 316.935486      0.44337  61.819384      57.869916    
88.519997 13.470000 0.500000 387.201111      0.75125  88.741599      11.923062    
53.099998 35.279999 0.500000 463.678894      0.97916  53.707631      34.347903    
27.129999 88.139999 0.500000 0.000000     -2.08028  28.664122      87.653091    
59.119999 86.430000 0.500000 183.335007     -0.16048  60.619406      85.385050    
17.379999 2.640000 0.500000 399.093292      0.82830  17.423426      2.3362751    
87.150002 73.959999 0.500000 573.659973      1.28871  88.427509      72.427757    
68.690002 16.629999 0.500000 102.680000     -0.58656  68.969774      15.428660    
41.830002 79.540001 0.500000 265.543304      0.26307  43.211796      78.797852    
96.559998 71.070000 0.500000 302.010010      0.39546  97.785634      69.373971    
70.889999 15.290000 0.500000 113.223297     -0.52081  71.146049      14.050470    
44.040001 35.000000 0.500000 130.813293     -0.38195  44.644128      34.226065    
92.050003 15.520000 0.500000 116.404404     -0.50651  92.306845      13.911142    
70.889999 9.580000 0.500000 433.545593      0.92014  71.046396      8.3413399    
9.630000 73.029999 0.500000 202.009995     -0.08470  10.903083      72.850810    
1.450000 10.740000 0.500000 35.651699     -1.04181  1.6372180      10.713058    
39.570000 93.070000 0.500000 303.622498      0.40225  41.188269      92.365233    
71.769997 32.430000 0.500000 777.927490      1.76538  72.325048      31.172502    
92.860001 77.269997 0.500000 317.932190      0.45724  94.194405      75.637598    
24.629999 91.279999 0.500000 35.264198     -1.06362  26.219303      90.836244    
96.800003 4.240000 0.500000 116.368301     -0.51365  96.859258      2.5499612    
30.100000 24.840000 0.500000 565.086670      1.26047  30.528933      24.310899    
31.129999 85.430000 0.500000 0.000000     -2.20435  32.616217      84.873695    
61.040001 80.360001 0.500000 203.269196     -0.07213  62.433180      79.282467    
63.599998 8.890000 0.500000 111.348900     -0.53522  63.745463      7.7786730    
86.169998 83.309998 0.500000 90.789200     -0.65495  87.610834      81.793436    
95.180000 79.279999 0.500000 122.989998     -0.45724  96.549130      77.606804    
59.049999 79.599998 0.500000 307.124207      0.42272  60.430217      78.557310    
86.540001 88.620003 0.500000 34.825802     -1.07472  88.073453      87.096174    
32.369999 71.250000 0.500000 0.000000     -1.70874  33.608553      70.674214    
29.650000 50.220001 0.500000 736.379089      1.68236  30.521944      49.694888    
43.220001 34.160000 0.500000 133.536697     -0.36850  43.809593      33.400504    
4.500000 17.070000 0.500000 525.046692      1.13232  4.7972272      16.988864    
89.480003 81.910004 0.500000 204.796707     -0.04702  90.895901      80.335887    
54.820000 8.580000 0.500000 336.181702      0.50651  54.961392      7.6219523    
56.200001 51.869999 0.500000 279.084991      0.30220  57.096698      50.881274    
51.639999 90.620003 0.500000 126.360001     -0.42272  53.213671      89.704959    
94.669998 96.849998 0.500000 25.564199     -1.13232  96.345845      95.183028    
37.590000 64.080002 0.500000 7.962200     -1.33310  38.702625      63.414206    
54.939999 23.650000 0.500000 508.951691      1.08595  55.344381      22.687563    
98.269997 44.169998 0.500000 212.814407     -0.00940  99.025903      42.448223    
52.020000 35.240002 0.500000 333.071106      0.49231  52.627100      34.326761    
78.120003 17.170000 0.500000 280.234406      0.30877  78.407763      15.804003    
81.510002 85.169998 0.500000 374.584106      0.63950  82.984009      83.734481    
59.320000 17.770000 0.500000 268.214111      0.28258  59.621095      16.732017    
89.500000 25.920000 0.500000 160.259995     -0.30220  89.938735      24.354062    
97.330002 43.990002 0.500000 39.524399     -1.02048  98.082910      42.284659    
61.369999 94.540001 0.500000 99.828300     -0.61660  63.010603      93.454548    
25.670000 17.990000 0.500000 314.437805      0.43646  25.980059      17.539257    
38.869999 40.200001 0.500000 667.809998      1.54436  39.565666      39.515503    
84.489998 22.559999 0.500000 204.233307     -0.05957  84.870856      21.082009    
11.460000 77.769997 0.500000 260.986694      0.24365  12.815528      77.558148    
94.050003 5.860000 0.500000 231.270798      0.07841  94.137950      4.2177086    
1.320000 49.240002 0.500000 347.124115      0.52081  2.1791555      49.209465    
8.250000 29.570000 0.500000 785.291077      1.79597  8.7648111      29.421514    
45.700001 5.110000 0.500000 222.167801      0.03447  45.782222      4.3116467    
17.830000 71.849998 0.500000 629.206726      1.44842  19.081240      71.527878    
43.700001 6.870000 0.500000 379.435608      0.67056  43.813243      6.1062835    
67.430000 5.300000 0.500000 348.535614      0.52800  67.512228      4.1223770    
90.410004 56.110001 0.500000 0.000000     -1.89949  91.375489      54.523583    
59.259998 98.440002 0.500000 67.496696     -0.81950  60.968987      97.390780    
38.470001 50.500000 0.500000 130.483307     -0.38870  39.345488      49.820915    
85.809998 55.090000 0.500000 120.544403     -0.48525  86.758382      53.584019    
51.020000 96.820000 0.500000 243.326706      0.13514  52.701971      95.914832    
67.029999 68.750000 0.500000 234.253296      0.09099  68.219643      67.569694    
53.349998 97.440002 0.500000 190.017807     -0.12250  55.042435      96.494076    
4.120000 54.410000 0.500000 306.292511      0.40905  5.0689579      54.329809    
74.209999 28.950001 0.500000 307.010010      0.41588  74.703944      27.650449    
41.610001 30.150000 0.500000 251.031693      0.19231  42.129854      29.419213    
48.830002 88.230003 0.500000 24.600000     -1.14430  50.362391      87.364364    
17.309999 21.830000 0.500000 587.953308      1.34849  17.688349      21.524574    
29.959999 2.250000 0.500000 439.236694      0.94924  29.994704      1.7267832    
69.629997 75.739998 0.500000 325.262512      0.47120  70.941237      74.513251    
41.849998 61.650002 0.500000 7.805000     -1.34849  42.919565      60.910229    
46.220001 95.160004 0.500000 179.164993     -0.18593  47.873733      94.338860    
42.869999 68.480003 0.500000 2.070000     -1.44842  44.058611      67.721389    
37.560001 51.680000 0.500000 122.061096     -0.47120  38.456221      51.016616    
60.110001 19.639999 0.500000 238.183304      0.10358  60.443611      18.587944    
22.100000 24.260000 0.500000 153.167801     -0.33517  22.520029      23.870607    
68.540001 6.040000 0.500000 532.397827      1.18126  68.634975      4.8428921    
63.040001 22.150000 0.500000 204.014496     -0.06585  63.416971      21.046427    
67.010002 90.459999 0.500000 83.134499     -0.71033  68.578541      89.276736    
88.900002 45.360001 0.500000 228.528900      0.06585  89.678103      43.801573    
15.300000 2.810000 0.500000 129.448898     -0.40225  15.346711      2.5425502    
19.170000 51.930000 0.500000 811.435791      1.89949  20.073384      51.587528    
53.820000 53.080002 0.500000 178.339996     -0.19870  54.738177      52.132629    
95.500000 98.809998 0.500000 61.423302     -0.85509  97.209927      97.128244    
64.000000 38.110001 0.500000 379.035889      0.65495  64.655364      36.987243    
12.310000 9.490000 0.500000 72.372200     -0.78492  12.473748      9.2737155    
95.680000 55.759998 0.500000 251.179993      0.19870  96.638574      54.081659    
78.650002 71.489998 0.500000 527.396729      1.15644  79.885696      70.106478    
1.410000 84.919998 0.500000 22.536699     -1.15644  2.8918436      84.882456    
56.090000 91.029999 0.500000 124.279999     -0.43646  57.670150      90.037229    
40.529999 56.889999 0.500000 29.884399     -1.12050  41.516693      56.173988    
55.049999 39.040001 0.500000 241.190002      0.11619  55.722957      38.073300    
76.470001 12.850000 0.500000 104.115799     -0.57174  76.682618      11.513457    
0.690000 40.000000 0.500000 283.859985      0.34845  1.3879912      39.981866    
14.940000 21.059999 0.500000 10.072500     -1.26047  15.305272      20.796053    
53.480000 10.030000 0.500000 266.564392      0.26956  53.646902      9.0951177    
49.389999 70.779999 0.500000 137.289200     -0.35512  50.617758      69.907245    
8.010000 96.000000 0.500000 122.753304     -0.46421  9.6842110      95.845585    
79.790001 13.460000 0.500000 172.210800     -0.24365  80.012758      12.065422    
