With Rotated Coordinates: Normal Score Transform: pygeostat_saved_data
 7
X
Y
Z
value
NS_value
Rotated X
Rotated Y
47.770000 30.670000 0.500000 165.458893     -0.28911  51.573545      23.723223    
9.870000 72.339996 0.500000 227.343399      0.05957  19.841727      70.262350    
7.600000 96.019997 0.500000 176.246704     -0.21150  20.889438      94.027821    
45.610001 28.590000 0.500000 162.413300     -0.29565  49.145087      21.964079    
15.590000 18.379999 0.500000 609.767822      1.41353  17.996281      16.031417    
49.919998 70.309998 0.500000 137.289200     -0.36180  59.219440      62.678225    
45.279999 36.150002 0.500000 106.803299     -0.56437  49.870445      29.496435    
55.430000 40.709999 0.500000 348.921112      0.53522  60.556296      32.599447    
27.209999 96.120003 0.500000 1.954400     -1.46654  40.322512      91.397670    
98.510002 24.100000 0.500000 211.701096     -0.02193  100.90538      10.155518    
66.610001 86.760002 0.500000 389.505890      0.75959  78.036415      76.645339    
19.110001 44.990002 0.500000 243.880005      0.14780  25.185422      41.892564    
7.570000 37.660000 0.500000 317.177795      0.45029  12.737588      36.239955    
83.400002 21.420000 0.500000 356.059998      0.57174  85.569447      9.6045052    
64.959999 90.580002 0.500000 259.291687      0.23720  76.934112      80.657799    
42.099998 51.869999 0.500000 89.163300     -0.66274  48.909192      45.506017    
47.099998 74.160004 0.500000 503.107788      1.05265  56.962702      66.883231    
8.400000 40.540001 0.500000 156.662201     -0.31534  13.960329      38.976414    
26.709999 21.860001 0.500000 391.565796      0.77642  29.492383      17.929948    
17.260000 44.430000 0.500000 221.412201      0.01567  23.275488      41.595483    
63.730000 29.290001 0.500000 583.816589      1.31801  67.186164      20.135451    
48.110001 7.190000 0.500000 49.231098     -0.90117  48.642452     0.42440944    
94.680000 30.120001 0.500000 4.586700     -1.38028  97.950475      16.649966    
35.970001 39.919998 0.500000 693.219971      1.60953  41.175733      34.525443    
22.820000 18.910000 0.500000 185.274506     -0.14147  25.229681      15.550039    
74.660004 90.839996 0.500000 66.292503     -0.83716  86.575902      79.565283    
23.320000 14.990000 0.500000 60.297798     -0.87330  25.179256      11.598602    
13.630000 3.270000 0.500000 18.743299     -1.19394  13.952450      1.3412472    
96.300003 55.360001 0.500000 261.944092      0.25011  103.06744      41.418871    
90.000000 54.610001 0.500000 0.000000     -3.02334  96.724369      41.552961    
31.809999 83.250000 0.500000 0.000000     -1.86273  43.086587      78.012721    
88.800003 70.250000 0.500000 398.127808      0.81950  97.712718      57.207760    
24.820000 4.220000 0.500000 248.990005      0.17319  25.165764     0.72465491    
77.059998 69.230003 0.500000 214.600006     -0.00313  85.945010      57.831583    
72.309998 80.580002 0.500000 495.592194      1.04181  82.820851      69.732196    
38.250000 63.270000 0.500000 0.308900     -1.54436  46.683236      57.330890    
54.380001 51.200001 0.500000 195.858398     -0.10358  60.976441      43.133493    
61.099998 81.419998 0.500000 184.214996     -0.15414  71.836851      72.124148    
67.459999 91.910004 0.500000 76.598900     -0.76798  79.594883      81.626925    
45.820000 53.419998 0.500000 41.741100     -0.96909  52.808710      46.523207    
17.549999 26.480000 0.500000 504.497803      1.07472  21.064507      23.779811    
35.360001 48.950001 0.500000 482.136597      0.99961  41.828403      43.552462    
97.570000 33.970001 0.500000 0.000000     -1.60953  101.34817      20.060288    
61.750000 77.190002 0.500000 236.482498      0.09729  71.891825      67.844855    
15.310000 64.599998 0.500000 858.669983      2.02859  24.151586      61.840575    
95.570000 22.150000 0.500000 284.837799      0.35512  97.722604      8.6336646    
93.489998 21.629999 0.500000 282.811096      0.34180  95.590474      8.4082045    
51.900002 78.660004 0.500000 251.459106      0.20509  62.342271      70.671406    
2.980000 64.540001 0.500000 177.182205     -0.20509  11.933231      63.497166    
95.930000 40.509998 0.500000 9.561100     -1.31801  100.63432      26.764882    
65.389999 68.440002 0.500000 354.035614      0.56437  74.278635      58.673420    
39.599998 56.570000 0.500000 31.750000     -1.08595  47.087636      50.508210    
8.100000 54.740002 0.500000 281.348907      0.32854  15.639507      53.079974    
26.799999 27.379999 0.500000 295.754211      0.38195  30.349743      23.383700    
50.599998 64.389999 0.500000 0.000000     -1.73636  59.068918      56.721201    
51.880001 44.160000 0.500000 402.385010      0.84609  57.520992      36.509937    
35.490002 43.410000 0.500000 867.247803      2.08028  41.186120      38.048283    
63.070000 60.150002 0.500000 48.055599     -0.92014  70.827469      50.786979    
92.989998 12.430000 0.500000 102.753304     -0.57913  93.814947     -.63267418    
93.160004 89.589996 0.500000 12.638900     -1.23320  104.72189      75.752746    
91.660004 13.190000 0.500000 184.681702     -0.14780  92.603668     0.30502894    
15.330000 16.450001 0.500000 384.345612      0.72655  17.470207      14.156387    
79.099998 90.010002 0.500000 165.626694     -0.28258  90.857173      78.125439    
90.900002 25.969999 0.500000 152.614395     -0.34180  93.629695      13.066426    
25.660000 82.690002 0.500000 0.000000     -1.68236  36.918503      78.314087    
19.950001 52.459999 0.500000 950.764893      2.28182  27.056870      49.172958    
66.459999 31.410000 0.500000 560.609985      1.24672  70.184642      21.854876    
54.970001 86.129997 0.500000 85.807503     -0.69429  66.422015      77.641440    
7.600000 16.309999 0.500000 221.636703      0.02193  9.7959504      15.093556    
31.090000 93.470001 0.500000 9.676700     -1.28871  43.795944      88.233466    
16.700001 94.089996 0.500000 605.390930      1.39671  29.632274      90.850128    
27.670000 89.550003 0.500000 0.000000     -2.67379  39.863669      84.827589    
2.330000 60.270000 0.500000 217.250000      0.00313  10.695287      59.359183    
51.270000 51.439999 0.500000 179.943298     -0.17956  57.930108      43.803984    
36.020000 33.060001 0.500000 579.722473      1.30322  40.270519      27.725248    
5.170000 90.519997 0.500000 281.403290      0.33517  17.717635      88.919538    
24.010000 23.379999 0.500000 126.393303     -0.41588  27.030203      19.810920    
4.130000 89.739998 0.500000 157.894196     -0.30877  16.579201      88.291870    
71.370003 48.259998 0.500000 320.628387      0.46421  77.391929      37.857550    
56.779999 78.720001 0.500000 366.387512      0.60904  67.183127      70.051655    
35.040001 46.880001 0.500000 637.956726      1.46654  41.223429      41.547143    
80.500000 1.250000 0.500000 195.949997     -0.09729  79.890546     -9.9655995    
64.330002 88.959999 0.500000 379.339996      0.66274  76.084786      79.141241    
0.730000 11.280000 0.500000 133.301697     -0.37522  2.2927683      11.068627    
1.570000 74.019997 0.500000 221.821701      0.02820  11.856313      73.081138    
33.680000 65.059998 0.500000 1.560000     -1.48517  42.406830      59.739489    
58.000000 96.239998 0.500000 144.524399     -0.34845  70.829567      87.231357    
93.730003 13.310000 0.500000 175.593307     -0.21791  94.670223     0.13577293    
48.590000 51.540001 0.500000 47.275600     -0.92975  55.290107      44.275996    
28.309999 12.070000 0.500000 407.453308      0.86416  29.714307      8.0125453    
75.080002 29.490000 0.500000 440.246613      0.95912  78.453543      18.753889    
74.519997 12.220000 0.500000 129.481705     -0.39546  75.495469      1.7298968    
91.449997 51.290001 0.500000 0.737500     -1.50432  97.698200      38.063471    
33.529999 41.450001 0.500000 873.608826      2.13821  38.972412      36.380139    
76.099998 32.490002 0.500000 690.503418      1.58706  79.881132      21.582739    
1.230000 6.750000 0.500000 0.000000     -2.13821  2.1574481      6.5131266    
13.510000 52.820000 0.500000 657.721130      1.50432  20.729645      50.425731    
73.830002 67.790001 0.500000 249.382202      0.17956  82.546038      56.855123    
96.940002 76.330002 0.500000 168.319199     -0.26307  106.61967      62.095723    
18.549999 11.190000 0.500000 78.788902     -0.74297  19.926819      8.4994388    
66.040001 26.000000 0.500000 83.500000     -0.70229  69.015805      16.555978    
73.620003 92.360001 0.500000 31.715599     -1.09732  85.757566      81.215236    
24.799999 36.230000 0.500000 521.259216      1.10884  29.600889      32.425919    
31.170000 91.220001 0.500000 3.835000     -1.39671  43.562026      85.994229    
32.279999 86.070000 0.500000 0.000000     -2.49771  43.944481      80.739865    
63.939999 13.170000 0.500000 275.706696      0.29565  65.150649      4.1431026    
61.380001 26.830000 0.500000 360.353302      0.57913  64.516669      18.026447    
70.629997 6.870000 0.500000 584.732178      1.33310  70.898750     -3.0266540    
59.980000 48.279999 0.500000 341.205811      0.51365  66.115556      39.462539    
1.330000 1.900000 0.500000 6.237500     -1.36421  1.5814854      1.6964091    
31.940001 20.420000 0.500000 368.518311      0.61660  34.471078      15.776085    
24.379999 74.949997 0.500000 119.525002     -0.49940  34.573758      70.827549    
25.160000 19.120001 0.500000 333.786713      0.49940  27.576134      15.432331    
3.900000 37.470001 0.500000 503.402191      1.06362  9.0768617      36.562570    
32.400002 97.730003 0.500000 30.643299     -1.10884  45.686075      92.269693    
9.170000 41.200001 0.500000 107.566704     -0.55704  14.814690      39.522828    
80.010002 7.490000 0.500000 370.774414      0.62419  80.273757     -3.7181322    
54.919998 58.619999 0.500000 206.190796     -0.04074  62.543847      50.406127    
20.139999 44.240002 0.500000 281.014404      0.32194  26.101016      41.006515    
82.610001 97.559998 0.500000 0.000000     -2.02859  95.383774      85.113461    
67.669998 27.830000 0.500000 234.181107      0.08470  70.884626      18.141317    
6.630000 41.820000 0.500000 204.248306     -0.05329  12.385696      40.490293    
86.440002 37.959999 0.500000 434.297485      0.92975  90.881785      25.560452    
94.599998 54.169998 0.500000 121.685799     -0.47821  101.21836      40.477044    
41.000000 75.160004 0.500000 128.122498     -0.40905  51.061242      68.722455    
33.770000 52.139999 0.500000 422.572205      0.88251  40.697838      46.932701    
47.200001 51.880001 0.500000 40.224400     -0.98933  53.960954      44.806138    
82.349998 34.660000 0.500000 538.076721      1.19394  86.372313      22.861787    
12.390000 87.220001 0.500000 292.411102      0.37522  24.408099      84.646827    
44.560001 57.200001 0.500000 9.940000     -1.27446  52.087048      50.441781    
65.089996 85.129997 0.500000 391.724487      0.78492  76.304350      75.242741    
36.639999 80.300003 0.500000 12.637500     -1.24672  47.459021      74.419227    
2.220000 95.660004 0.500000 156.317795     -0.32194  15.511694      94.420083    
8.290000 57.060001 0.500000 178.806702     -0.19231  16.150540      55.350952    
68.379997 63.090000 0.500000 40.496700     -0.97916  76.494958      52.959356    
69.510002 58.639999 0.500000 82.922501     -0.71842  76.994646      48.395396    
13.370000 68.120003 0.500000 422.587799      0.89180  22.720356      65.596319    
97.529999 64.089996 0.500000 364.784393      0.59402  105.50045      49.892724    
85.870003 13.420000 0.500000 380.245605      0.68634  86.902025      1.3386030    
91.760002 21.070000 0.500000 191.898407     -0.10989  93.799377      8.0944243    
85.739998 1.380000 0.500000 433.018890      0.91061  85.097641     -10.566131    
73.050003 91.500000 0.500000 44.242199     -0.94924  85.073424      80.442933    
23.030001 88.080002 0.500000 350.576691      0.54246  35.064242      84.017657    
93.620003 35.830002 0.500000 69.283302     -0.79348  97.695472      22.451921    
82.989998 33.799999 0.500000 600.266724      1.38028  86.886396      21.921084    
34.810001 91.769997 0.500000 39.395802     -1.03109  47.243147      86.032282    
69.800003 56.380001 0.500000 171.267502     -0.25011  76.967294      46.117032    
43.669998 5.170000 0.500000 208.476700     -0.03447  43.964530     -.95800308    
28.309999 30.230000 0.500000 471.301086      0.98933  32.241691      25.995813    
61.980000 87.940002 0.500000 212.728302     -0.01567  73.615698      78.458227    
82.620003 66.489998 0.500000 120.147797     -0.49231  91.069570      54.344440    
80.769997 80.260002 0.500000 250.077805      0.18593  91.153982      68.237906    
7.670000 94.809998 0.500000 98.174400     -0.63183  20.790357      92.819856    
93.040001 72.360001 0.500000 182.238907     -0.16683  102.20511      58.707133    
87.290001 68.529999 0.500000 307.188904      0.42958  95.978033      55.714650    
68.000000 65.019997 0.500000 67.194397     -0.82830  76.387263      54.923456    
33.060001 85.930000 0.500000 0.000000     -1.58706  44.697408      80.492672    
31.920000 48.480000 0.500000 710.625916      1.65710  38.356469      43.565791    
74.099998 67.690002 0.500000 180.654205     -0.17319  82.799489      56.718521    
64.680000 71.820000 0.500000 510.158295      1.09732  74.045951      62.119337    
83.120003 77.790001 0.500000 373.781097      0.63183  93.137360      65.464886    
46.910000 71.419998 0.500000 108.184998     -0.54974  56.393218      64.196333    
2.480000 23.910000 0.500000 252.805603      0.21791  5.7834936      23.332160    
4.700000 41.299999 0.500000 244.548294      0.15414  10.402109      40.243957    
41.310001 24.270000 0.500000 425.486694      0.90117  44.285706      18.284565    
38.599998 74.730003 0.500000 39.917801     -0.99961  48.624752      68.630654    
47.919998 77.849998 0.500000 627.306580      1.43076  58.288269      70.423193    
13.000000 50.560001 0.500000 392.078888      0.79348  19.910077      48.258704    
32.009998 79.540001 0.500000 0.000000     -1.82833  42.768307      74.310993    
6.670000 60.849998 0.500000 154.851700     -0.32854  15.073771      59.329525    
9.160000 37.529999 0.500000 243.003296      0.12882  14.294022      35.889934    
68.230003 21.290001 0.500000 0.000000     -1.79597  70.528989      11.587027    
36.750000 64.529999 0.500000 2.398300     -1.43076  45.373192      58.787386    
76.220001 94.800003 0.500000 20.676701     -1.18126  88.671843      83.269642    
29.459999 71.599998 0.500000 0.000000     -1.98181  39.138090      66.803152    
32.310001 2.820000 0.500000 238.321106      0.10989  32.388030     -1.7041270    
27.360001 54.590000 0.500000 401.113312      0.83716  34.691195      50.250958    
12.230000 46.340000 0.500000 166.036697     -0.27606  18.560260      44.186935    
47.840000 48.700001 0.500000 246.417801      0.16048  54.152155      41.568015    
38.160000 82.959999 0.500000 91.463303     -0.64720  49.334430      76.841793    
26.230000 60.860001 0.500000 526.869202      1.14430  34.444806      56.617205    
2.270000 24.940001 0.500000 793.451111      1.86273  5.7188858      24.381364    
32.290001 38.209999 0.500000 787.488770      1.82833  37.293561      33.344242    
93.449997 77.199997 0.500000 222.843307      0.04074  103.28471      63.442966    
46.310001 12.090000 0.500000 82.468300     -0.72655  47.541918      5.5272346    
60.639999 13.740000 0.500000 242.073303      0.12250  61.962093      5.1668266    
27.080000 83.500000 0.500000 0.000000     -1.63285  38.437413      78.918576    
20.639999 34.169998 0.500000 412.755493      0.87330  25.194676      30.964925    
0.910000 51.700001 0.500000 365.538300      0.60151  8.0963933      51.070213    
74.199997 59.790001 0.500000 79.400803     -0.73474  81.799048      48.881485    
81.849998 88.290001 0.500000 223.478302      0.04702  93.341033      76.039451    
10.790000 20.299999 0.500000 482.946686      1.00999  13.510206      18.600763    
16.750000 10.030000 0.500000 77.680000     -0.75959  17.982896      7.6012393    
90.989998 93.660004 0.500000 3.380000     -1.41353  103.13944      80.085151    
85.900002 66.820000 0.500000 102.451103     -0.59402  94.363576      54.214743    
80.320000 45.880001 0.500000 202.179993     -0.07841  85.923593      34.255117    
18.309999 34.560001 0.500000 392.114502      0.80209  22.941630      31.675406    
12.000000 9.680000 0.500000 72.372200     -0.77642  13.230412      7.9157177    
92.029999 36.970001 0.500000 98.325600     -0.62419  96.279599      23.802111    
62.450001 57.750000 0.500000 243.808899      0.14147  69.879488      48.496621    
16.930000 71.489998 0.500000 758.139893      1.70874  26.714723      68.438062    
85.620003 13.360000 0.500000 380.245605      0.67843  86.646108      1.3139802    
68.769997 81.690002 0.500000 531.277771      1.16876  79.469783      71.324067    
76.739998 77.860001 0.500000 381.125000      0.71033  86.829187      66.422129    
21.420000 51.090000 0.500000 1046.204102      2.49771  28.321896      47.611708    
50.400002 38.419998 0.500000 0.000000     -2.37603  55.256543      31.031773    
40.270000 60.759998 0.500000 9.652200     -1.30322  48.334252      54.564185    
63.320000 42.470001 0.500000 220.183304      0.00940  68.614456      33.244245    
67.360001 74.000000 0.500000 288.287811      0.36180  77.003268      63.905137    
21.879999 49.770000 0.500000 1052.666626      2.67379  28.593710      46.240535    
36.980000 92.150002 0.500000 113.063301     -0.52800  49.444915      86.106583    
27.730000 71.970001 0.500000 0.000000     -1.76538  37.476422      67.410324    
74.290001 17.010000 0.500000 67.517502     -0.81077  75.934350      6.5052901    
25.879999 79.059998 0.500000 0.000000     -1.65710  36.631162      74.688792    
67.639999 59.799999 0.500000 43.964401     -0.95912  75.304282      49.804361    
1.220000 52.860001 0.500000 255.509995      0.22433  8.5648172      52.175780    
93.440002 35.439999 0.500000 69.283302     -0.80209  97.462945      22.090765    
79.900002 47.689999 0.500000 543.423279      1.21991  85.759586      36.105952    
81.919998 64.570000 0.500000 60.377499     -0.86416  90.109165      52.540549    
5.320000 57.540001 0.500000 109.627800     -0.54246  13.276246      56.239625    
8.910000 84.459999 0.500000 124.153297     -0.44337  20.577848      82.398008    
31.600000 88.669998 0.500000 0.179200     -1.56535  43.632949      83.409198    
84.910004 40.880001 0.500000 226.672501      0.05329  89.773062      28.664971    
76.980003 13.630000 0.500000 35.395000     -1.05265  78.127768      2.7838081    
17.680000 34.750000 0.500000 566.364380      1.27446  22.344205      31.951235    
94.589996 20.700001 0.500000 380.462494      0.69429  96.550336      7.3341671    
11.050000 40.029999 0.500000 88.750801     -0.67056  16.513561      38.102567    
53.939999 81.260002 0.500000 209.818893     -0.02820  64.724265      72.962188    
80.480003 71.070000 0.500000 384.741089      0.73474  89.587809      59.177700    
42.849998 13.670000 0.500000 489.567810      1.03109  44.335481      7.5733974    
30.930000 33.509998 0.500000 487.525604      1.02048  35.292682      28.879257    
37.320000 52.200001 0.500000 100.346703     -0.60151  44.221640      46.498054    
3.200000 24.650000 0.500000 592.384521      1.36421  6.5994747      23.964754    
88.820000 25.110001 0.500000 167.223297     -0.26956  91.450247      12.504277    
25.770000 62.709999 0.500000 1116.698853      3.02334  34.246753      58.513219    
6.680000 15.420000 0.500000 125.688301     -0.42958  8.7610399      14.340257    
94.639999 70.379997 0.500000 173.630798     -0.23720  103.51397      56.523722    
19.870001 40.950001 0.500000 230.916702      0.07213  25.375766      37.786109    
79.629997 12.040000 0.500000 252.419205      0.21150  80.530687     0.84047402    
19.790001 69.800003 0.500000 966.505798      2.37603  29.311689      66.366478    
18.750000 34.380001 0.500000 392.114502      0.81077  23.352298      31.435922    
88.919998 11.070000 0.500000 363.809998      0.58656  89.595281     -1.4130042    
34.790001 92.660004 0.500000 39.698299     -1.00999  47.347207      86.916411    
73.820000 30.500000 0.500000 454.374512      0.96909  77.346368      19.929418    
97.459999 2.840000 0.500000 45.026699     -0.93945  96.906777     -10.751449    
2.500000 87.750000 0.500000 48.753300     -0.91061  14.688110      86.548090    
57.720001 71.269997 0.500000 267.186615      0.27606  67.077140      62.543331    
41.360001 64.589996 0.500000 0.338300     -1.52403  49.946678      58.205211    
46.320000 46.959999 0.500000 94.539200     -0.63950  52.404786      40.056490    
67.650002 94.690002 0.500000 21.767799     -1.16876  80.169938      84.353425    
63.009998 44.820000 0.500000 326.717804      0.47821  68.634527      35.614518    
96.040001 11.960000 0.500000 60.224201     -0.88251  96.769857     -1.5225785    
75.529999 19.100000 0.500000 198.786697     -0.09099  77.453152      8.4023760    
68.400002 0.740000 0.500000 302.006592      0.38870  67.837326     -8.7866419    
94.730003 25.520000 0.500000 169.210007     -0.25658  97.359795      12.087773    
48.490002 35.430000 0.500000 99.867798     -0.60904  52.949004      28.336694    
72.930000 33.509998 0.500000 703.957825      1.63285  76.883941      23.033987    
25.639999 46.139999 0.500000 675.173279      1.56535  31.811919      42.122570    
33.130001 84.809998 0.500000 0.000000     -1.93901  44.610852      79.373828    
48.369999 73.610001 0.500000 353.802307      0.55704  58.143798      66.161831    
4.510000 84.400002 0.500000 87.820801     -0.67843  16.212319      82.950956    
50.990002 85.870003 0.500000 123.779999     -0.45029  62.444565      77.937885    
97.769997 72.550003 0.500000 174.776703     -0.22433  106.91551      58.236998    
15.530000 27.490000 0.500000 552.091125      1.23320  19.204732      25.061111    
40.730000 34.000000 0.500000 376.048889      0.64720  45.065504      28.000594    
95.900002 54.080002 0.500000 190.727798     -0.11619  102.49319      40.206999    
51.110001 61.689999 0.500000 13.745800     -1.21991  59.198190      53.976499    
0.710000 15.010000 0.500000 541.830017      1.20682  2.7920786      14.765111    
84.239998 18.990000 0.500000 189.624207     -0.12882  86.063077      7.0812490    
79.750000 33.730000 0.500000 661.240784      1.52403  83.668187      22.302687    
59.619999 89.620003 0.500000 173.994202     -0.23076  71.512475      80.450327    
48.759998 68.940002 0.500000 59.902199     -0.89180  57.880063      61.483003    
6.590000 51.660000 0.500000 291.429993      0.36850  13.715549      50.240098    
83.860001 26.010000 0.500000 264.592194      0.25658  86.663774      14.085816    
42.790001 96.430000 0.500000 255.968903      0.23076  55.794034      89.536333    
92.699997 69.769997 0.500000 403.806702      0.85509  101.50795      56.189654    
72.050003 88.169998 0.500000 186.004501     -0.13514  83.619709      77.284511    
79.690002 60.650002 0.500000 17.831699     -1.20682  87.355313      48.969056    
51.590000 53.669998 0.500000 87.330002     -0.68634  58.557350      45.967745    
84.309998 20.730000 0.500000 248.578293      0.16683  86.374557      8.7945733    
12.080000 8.860000 0.500000 65.804398     -0.84609  13.195512      7.0925640    
54.220001 37.540001 0.500000 353.527496      0.54974  58.916894      29.628699    
85.489998 11.270000 0.500000 329.742188      0.48525  86.226496     -.73758689    
55.070000 49.650002 0.500000 387.017792      0.74297  61.444007      41.502549    
97.480003 22.440001 0.500000 390.797791      0.76798  99.654379      8.6550223    
96.790001 10.990000 0.500000 77.776703     -0.75125  97.377560     -2.5875184    
63.770000 92.089996 0.500000 275.635590      0.28911  75.965845      82.318714    
16.270000 63.209999 0.500000 850.188416      1.93901  24.908793      60.330497    
50.820000 1.690000 0.500000 436.088898      0.93945  50.560626     -5.3992239    
29.600000 82.019997 0.500000 0.000000     -2.28182  40.726912      77.102260    
65.139999 34.000000 0.500000 853.871094      1.98181  69.237946      24.603379    
88.959999 75.620003 0.500000 770.246582      1.73636  98.618517      62.503236    
55.360001 19.740000 0.500000 380.807800      0.70229  57.568518      11.843269    
22.219999 67.790001 0.500000 935.685608      2.20435  31.438300      64.037847    
46.060001 21.910000 0.500000 384.064209      0.71842  48.661031      15.286460    
29.799999 8.270000 0.500000 638.325928      1.48517  30.660949      4.0421587    
64.629997 73.800003 0.500000 524.684082      1.12050  74.271998      64.087029    
4.890000 61.779999 0.500000 280.351593      0.31534  13.440525      60.498204    
60.799999 58.939999 0.500000 316.935486      0.44337  68.411160      49.904675    
88.519997 13.470000 0.500000 387.201111      0.75125  89.533188      1.0193085    
53.099998 35.279999 0.500000 463.678894      0.97916  57.493259      27.546565    
27.129999 88.139999 0.500000 0.000000     -2.08028  39.132689      83.506461    
59.119999 86.430000 0.500000 183.335007     -0.16048  70.573378      77.360956    
17.379999 2.640000 0.500000 399.093292      0.82830  17.578275     0.19547936    
87.150002 73.959999 0.500000 573.659973      1.28871  96.595107      61.111289    
68.690002 16.629999 0.500000 102.680000     -0.58656  70.335964      6.9083565    
41.830002 79.540001 0.500000 265.543304      0.26307  52.492744      72.944312    
96.559998 71.070000 0.500000 302.010010      0.39546  105.51131      56.939797    
70.889999 15.290000 0.500000 113.223297     -0.52081  72.328059      5.2752179    
44.040001 35.000000 0.500000 130.813293     -0.38195  48.482465      28.530199    
92.050003 15.520000 0.500000 116.404404     -0.50651  93.314145      2.5580762    
70.889999 9.580000 0.500000 433.545593      0.92014  71.533381     -.37921281    
9.630000 73.029999 0.500000 202.009995     -0.08470  19.700093      70.979039    
1.450000 10.740000 0.500000 35.651699     -1.04181  2.9306078      10.433678    
39.570000 93.070000 0.500000 303.622498      0.40225  52.137748      86.657170    
71.769997 32.430000 0.500000 777.927490      1.76538  75.584920      22.125941    
92.860001 77.269997 0.500000 317.932190      0.45724  102.71020      63.594397    
24.629999 91.279999 0.500000 35.264198     -1.06362  37.094022      86.963835    
96.800003 4.240000 0.500000 116.368301     -0.51365  96.448046     -9.2732199    
30.100000 24.840000 0.500000 565.086670      1.26047  33.264129      20.409149    
31.129999 85.430000 0.500000 0.000000     -2.20435  42.716602      80.266143    
61.040001 80.360001 0.500000 203.269196     -0.07213  71.629914      71.082817    
63.599998 8.890000 0.500000 111.348900     -0.53522  64.218296     -.47925742E-01
86.169998 83.309998 0.500000 90.789200     -0.65495  96.925908      70.506685    
95.180000 79.279999 0.500000 122.989998     -0.45724  105.28736      65.261956    
59.049999 79.599998 0.500000 307.124207      0.42272  69.553507      70.607165    
86.540001 88.620003 0.500000 34.825802     -1.07472  98.031320      75.713519    
32.369999 71.250000 0.500000 0.000000     -1.70874  41.971060      66.051567    
29.650000 50.220001 0.500000 736.379089      1.68236  36.350721      45.604781    
43.220001 34.160000 0.500000 133.536697     -0.36850  47.553540      27.812496    
4.500000 17.070000 0.500000 525.046692      1.13232  6.8318911      16.277597    
89.480003 81.910004 0.500000 204.796707     -0.04702  100.00886      68.659652    
54.820000 8.580000 0.500000 336.181702      0.50651  55.480601     0.86703070    
56.200001 51.869999 0.500000 279.084991      0.30220  62.871975      43.543675    
51.639999 90.620003 0.500000 126.360001     -0.42272  63.749309      82.551197    
94.669998 96.849998 0.500000 25.564199     -1.13232  107.22759      82.731943    
37.590000 64.080002 0.500000 7.962200     -1.33310  46.142389      58.224863    
54.939999 23.650000 0.500000 508.951691      1.08595  57.696771      15.773670    
98.269997 44.169998 0.500000 212.814407     -0.00940  103.46092      30.063599    
52.020000 35.240002 0.500000 333.071106      0.49231  56.418205      27.657264    
78.120003 17.170000 0.500000 280.234406      0.30877  79.749347      6.1306998    
81.510002 85.169998 0.500000 374.584106      0.63950  92.570125      72.997130    
59.320000 17.770000 0.500000 268.214111      0.28258  61.215808      9.3413153    
89.500000 25.920000 0.500000 160.259995     -0.30220  92.236359      13.211756    
97.330002 43.990002 0.500000 39.524399     -1.02048  102.50502      30.016176    
61.369999 94.540001 0.500000 99.828300     -0.61660  73.930175      85.078891    
25.670000 17.990000 0.500000 314.437805      0.43646  27.923905      14.242349    
38.869999 40.200001 0.500000 667.809998      1.54436  44.086478      34.399119    
84.489998 22.559999 0.500000 204.233307     -0.05957  86.807492      10.581712    
11.460000 77.769997 0.500000 260.986694      0.24365  22.171964      75.418221    
94.050003 5.860000 0.500000 231.270798      0.07841  93.950269     -7.2862596    
1.320000 49.240002 0.500000 347.124115      0.52081  8.1600376      48.577093    
8.250000 29.570000 0.500000 785.291077      1.79597  12.285060      28.134049    
45.700001 5.110000 0.500000 222.167801      0.03447  45.966426     -1.2999410    
17.830000 71.849998 0.500000 629.206726      1.44842  27.656067      68.669302    
43.700001 6.870000 0.500000 379.435608      0.67056  44.230835     0.72127703    
67.430000 5.300000 0.500000 348.535614      0.52800  67.511393     -4.1360214    
90.410004 56.110001 0.500000 0.000000     -1.89949  97.339143      42.981302    
59.259998 98.440002 0.500000 67.496696     -0.81950  72.383484      89.234593    
38.470001 50.500000 0.500000 130.483307     -0.38870  45.123855      44.654548    
85.809998 55.090000 0.500000 120.544403     -0.48525  92.641947      42.611424    
51.020000 96.820000 0.500000 243.326706      0.13514  63.998216      88.777143    
67.029999 68.750000 0.500000 234.253296      0.09099  75.945818      58.752157    
53.349998 97.440002 0.500000 190.017807     -0.12250  66.391827      89.066838    
4.120000 54.410000 0.500000 306.292511      0.40905  11.652313      53.307092    
74.209999 28.950001 0.500000 307.010010      0.41588  77.516854      18.340226    
41.610001 30.150000 0.500000 251.031693      0.19231  45.401124      24.065589    
48.830002 88.230003 0.500000 24.600000     -1.14430  60.634035      80.575532    
17.309999 21.830000 0.500000 587.953308      1.34849  20.179688      19.208466    
29.959999 2.250000 0.500000 439.236694      0.94924  29.981570     -1.9415228    
69.629997 75.739998 0.500000 325.262512      0.47120  79.493333      65.312279    
41.849998 61.650002 0.500000 7.805000     -1.34849  50.022739      55.225634    
46.220001 95.160004 0.500000 179.164993     -0.18593  59.013904      87.801333    
42.869999 68.480003 0.500000 2.070000     -1.44842  51.983365      61.847210    
37.560001 51.680000 0.500000 122.061096     -0.47120  44.386935      45.949712    
60.110001 19.639999 0.500000 238.183304      0.10358  62.258374      11.083169    
22.100000 24.260000 0.500000 153.167801     -0.33517  25.261264      20.948178    
68.540001 6.040000 0.500000 532.397827      1.18126  68.713580     -3.5577053    
63.040001 22.150000 0.500000 204.014496     -0.06585  65.509184      13.160965    
67.010002 90.459999 0.500000 83.134499     -0.71033  78.947464      80.253659    
88.900002 45.360001 0.500000 228.528900      0.06585  94.347725      32.546072    
15.300000 2.810000 0.500000 129.448898     -0.40225  15.542178     0.65330485    
19.170000 51.930000 0.500000 811.435791      1.89949  26.210698      48.756672    
53.820000 53.080002 0.500000 178.339996     -0.19870  60.683536      45.073135    
95.500000 98.809998 0.500000 61.423302     -0.85509  108.32229      84.557355    
64.000000 38.110001 0.500000 379.035889      0.65495  68.681043      28.832039    
12.310000 9.490000 0.500000 72.372200     -0.78492  13.510953      7.6844231    
95.680000 55.759998 0.500000 251.179993      0.19870  102.50914      41.901263    
78.650002 71.489998 0.500000 527.396729      1.15644  87.834070      59.848298    
1.410000 84.919998 0.500000 22.536699     -1.15644  13.214857      83.897328    
56.090000 91.029999 0.500000 124.279999     -0.43646  68.213063      82.337882    
40.529999 56.889999 0.500000 29.884399     -1.12050  48.053121      50.695664    
55.049999 39.040001 0.500000 241.190002      0.11619  59.947574      30.998587    
76.470001 12.850000 0.500000 104.115799     -0.57174  77.514175      2.0823776    
0.690000 40.000000 0.500000 283.859985      0.34845  6.2502090      39.514693    
14.940000 21.059999 0.500000 10.072500     -1.26047  17.725590      18.775798    
53.480000 10.030000 0.500000 266.564392      0.26956  54.355443      2.4894113    
49.389999 70.779999 0.500000 137.289200     -0.35512  58.760011      63.217414    
8.010000 96.000000 0.500000 122.753304     -0.46421  21.292665      93.950958    
79.790001 13.460000 0.500000 172.210800     -0.24365  80.886760      2.2243864    
