With Rotated Coordinates: Normal Score Transform: pygeostat_saved_data
 7
X
Y
Z
value
NS_value
Rotated X
Rotated Y
47.770000 30.670000 0.500000 165.458893     -0.28911  50.261287      26.389862    
9.870000 72.339996 0.500000 227.343399      0.05957  16.137288      71.204493    
7.600000 96.019997 0.500000 176.246704     -0.21150  15.939774      94.992228    
45.610001 28.590000 0.500000 162.413300     -0.29565  47.928224      24.506033    
15.590000 18.379999 0.500000 609.767822      1.41353  17.132598      16.951300    
49.919998 70.309998 0.500000 137.289200     -0.36180  55.857957      65.691633    
45.279999 36.150002 0.500000 106.803299     -0.56437  48.258375      32.066028    
55.430000 40.709999 0.500000 348.921112      0.53522  58.767182      35.724042    
27.209999 96.120003 0.500000 1.954400     -1.46654  35.483867      93.382730    
98.510002 24.100000 0.500000 211.701096     -0.02193  100.23560      15.422580    
66.610001 86.760002 0.500000 389.505890      0.75959  73.918162      80.624410    
19.110001 44.990002 0.500000 243.880005      0.14780  22.958419      43.153255    
7.570000 37.660000 0.500000 317.177795      0.45029  10.823479      36.856923    
83.400002 21.420000 0.500000 356.059998      0.57174  84.949516      14.069701    
64.959999 90.580002 0.500000 259.291687      0.23720  72.607374      84.573681    
42.099998 51.869999 0.500000 89.163300     -0.66274  46.460563      48.003361    
47.099998 74.160004 0.500000 503.107788      1.05265  53.384238      69.772768    
8.400000 40.540001 0.500000 156.662201     -0.31534  11.901329      39.653626    
26.709999 21.860001 0.500000 391.565796      0.77642  28.513584      19.448887    
17.260000 44.430000 0.500000 221.412201      0.01567  21.066650      42.756622    
63.730000 29.290001 0.500000 583.816589      1.31801  66.040280      23.624108    
48.110001 7.190000 0.500000 49.231098     -0.90117  48.553578      2.9695770    
94.680000 30.120001 0.500000 4.586700     -1.38028  96.944845      21.753480    
35.970001 39.919998 0.500000 693.219971      1.60953  39.312381      36.633098    
22.820000 18.910000 0.500000 185.274506     -0.14147  24.381278      16.849148    
74.660004 90.839996 0.500000 66.292503     -0.83716  82.293127      83.987274    
23.320000 14.990000 0.500000 60.297798     -0.87330  24.537725      12.900487    
13.630000 3.270000 0.500000 18.743299     -1.19394  13.863133      2.0696239    
96.300003 55.360001 0.500000 261.944092      0.25011  100.75849      46.756241    
90.000000 54.610001 0.500000 0.000000     -3.02334  94.417098      46.558177    
31.809999 83.250000 0.500000 0.000000     -1.86273  38.944668      80.160785    
88.800003 70.250000 0.500000 398.127808      0.81950  94.584783      62.243247    
24.820000 4.220000 0.500000 248.990005      0.17319  25.093350      2.0407361    
77.059998 69.230003 0.500000 214.600006     -0.00313  82.800554      62.250341    
72.309998 80.580002 0.500000 495.592194      1.04181  79.057847      73.971139    
38.250000 63.270000 0.500000 0.308900     -1.54436  43.618791      59.695531    
54.380001 51.200001 0.500000 195.858398     -0.10358  58.635443      46.265640    
61.099998 81.419998 0.500000 184.214996     -0.15414  67.963714      75.784955    
67.459999 91.910004 0.500000 76.598900     -0.76798  75.213778      85.680732    
45.820000 53.419998 0.500000 41.741100     -0.96909  50.301501      49.223243    
17.549999 26.480000 0.500000 504.497803      1.07472  19.791100      24.849652    
35.360001 48.950001 0.500000 482.136597      0.99961  39.491719      45.681904    
97.570000 33.970001 0.500000 0.000000     -1.60953  100.15940      25.336949    
61.750000 77.190002 0.500000 236.482498      0.09729  68.242575      71.514404    
15.310000 64.599998 0.500000 858.669983      2.02859  20.882002      63.019821    
95.570000 22.150000 0.500000 284.837799      0.35512  97.136827      13.736238    
93.489998 21.629999 0.500000 282.811096      0.34180  95.019419      13.399500    
51.900002 78.660004 0.500000 251.459106      0.20509  58.558178      73.837296    
2.980000 64.540001 0.500000 177.182205     -0.20509  8.5936919      64.034683    
95.930000 40.509998 0.500000 9.561100     -1.31801  99.095636      31.994995    
65.389999 68.440002 0.500000 354.035614      0.56437  71.106109      62.480453    
39.599998 56.570000 0.500000 31.750000     -1.08595  44.379708      52.903367    
8.100000 54.740002 0.500000 281.348907      0.32854  12.840083      53.825738    
26.799999 27.379999 0.500000 295.754211      0.38195  29.084341      24.940036    
50.599998 64.389999 0.500000 0.000000     -1.73636  56.019408      59.734895    
51.880001 44.160000 0.500000 402.385010      0.84609  55.531380      39.470318    
35.490002 43.410000 0.500000 867.247803      2.08028  39.138383      40.151654    
63.070000 60.150002 0.500000 48.055599     -0.92014  68.072418      54.424200    
92.989998 12.430000 0.500000 102.753304     -0.57913  93.719489      4.2780878    
93.160004 89.589996 0.500000 12.638900     -1.23320  100.61378      81.129650    
91.660004 13.190000 0.500000 184.681702     -0.14780  92.460794      5.1511124    
15.330000 16.450001 0.500000 384.345612      0.72655  16.705377      15.051306    
79.099998 90.010002 0.500000 165.626694     -0.28258  86.643887      82.773468    
90.900002 25.969999 0.500000 152.614395     -0.34180  92.817535      17.948718    
25.660000 82.690002 0.500000 0.000000     -1.68236  32.769264      80.138925    
19.950001 52.459999 0.500000 950.764893      2.28182  24.446275      50.521616    
66.459999 31.410000 0.500000 560.609985      1.24672  68.944661      25.498105    
54.970001 86.129997 0.500000 85.807503     -0.69429  62.267547      81.011295    
7.600000 16.309999 0.500000 221.636703      0.02193  8.9925898      15.585551    
31.090000 93.470001 0.500000 9.676700     -1.28871  39.118140      90.404647    
16.700001 94.089996 0.500000 605.390930      1.39671  24.836936      92.276454    
27.670000 89.550003 0.500000 0.000000     -2.67379  35.369504      86.797639    
2.330000 60.270000 0.500000 217.250000      0.00313  7.5740102      59.837582    
51.270000 51.439999 0.500000 179.943298     -0.17956  55.558193      46.775779    
36.020000 33.060001 0.500000 579.722473      1.30322  38.764302      29.794848    
5.170000 90.519997 0.500000 281.403290      0.33517  13.039664      89.724946    
24.010000 23.379999 0.500000 126.393303     -0.41588  25.956336      21.198422    
4.130000 89.739998 0.500000 157.894196     -0.30877  11.935640      89.038557    
71.370003 48.259998 0.500000 320.628387      0.46421  75.304555      41.856049    
56.779999 78.720001 0.500000 366.387512      0.60904  63.424834      73.471745    
35.040001 46.880001 0.500000 637.956726      1.46654  38.992524      43.647671    
80.500000 1.250000 0.500000 195.949997     -0.09729  80.302618     -5.7707939    
64.330002 88.959999 0.500000 379.339996      0.66274  71.838582      83.014750    
0.730000 11.280000 0.500000 133.301697     -0.37522  1.7103389      11.173453    
1.570000 74.019997 0.500000 221.821701      0.02820  8.0152934      73.601494    
33.680000 65.059998 0.500000 1.560000     -1.48517  39.222190      61.877020    
58.000000 96.239998 0.500000 144.524399     -0.34845  66.167161      90.818743    
93.730003 13.310000 0.500000 175.593307     -0.21791  94.533375      5.0902435    
48.590000 51.540001 0.500000 47.275600     -0.92975  52.897107      47.108978    
28.309999 12.070000 0.500000 407.453308      0.86416  29.254241      9.5566910    
75.080002 29.490000 0.500000 440.246613      0.95912  77.364523      22.834128    
74.519997 12.220000 0.500000 129.481705     -0.39546  75.301469      5.6786536    
91.449997 51.290001 0.500000 0.737500     -1.50432  95.572220      43.124435    
33.529999 41.450001 0.500000 873.608826      2.13821  37.015013      38.369939    
76.099998 32.490002 0.500000 690.503418      1.58706  78.642105      25.733816    
1.230000 6.750000 0.500000 0.000000     -2.13821  1.8136207      6.6171126    
13.510000 52.820000 0.500000 657.721130      1.50432  18.062157      51.441530    
73.830002 67.790001 0.500000 249.382202      0.17956  79.457344      61.097331    
96.940002 76.330002 0.500000 168.319199     -0.26307  103.22371      67.590665    
18.549999 11.190000 0.500000 78.788902     -0.74297  19.454683      9.5306797    
66.040001 26.000000 0.500000 83.500000     -0.70229  68.054748      20.145297    
73.620003 92.360001 0.500000 31.715599     -1.09732  81.389561      85.592137    
24.799999 36.230000 0.500000 521.259216      1.10884  27.863280      33.930672    
31.170000 91.220001 0.500000 3.835000     -1.39671  39.001736      88.156237    
32.279999 86.070000 0.500000 0.000000     -2.49771  39.658659      82.929090    
63.939999 13.170000 0.500000 275.706696      0.29565  64.844529      7.5471461    
61.380001 26.830000 0.500000 360.353302      0.57913  63.484820      21.378284    
70.629997 6.870000 0.500000 584.732178      1.33310  70.959988     0.68804778    
59.980000 48.279999 0.500000 341.205811      0.51365  63.959637      42.868678    
1.330000 1.900000 0.500000 6.237500     -1.36421  1.4905349      1.7768528    
31.940001 20.420000 0.500000 368.518311      0.61660  33.598180      17.558541    
24.379999 74.949997 0.500000 119.525002     -0.49940  30.819548      72.539933    
25.160000 19.120001 0.500000 333.786713      0.49940  26.730676      16.854405    
3.900000 37.470001 0.500000 503.402191      1.06362  7.1508851      36.987509    
32.400002 97.730003 0.500000 30.643299     -1.10884  40.794441      94.534265    
9.170000 41.200001 0.500000 107.566704     -0.55704  12.725922      40.244004    
80.010002 7.490000 0.500000 370.774414      0.62419  80.358336     0.48816719    
54.919998 58.619999 0.500000 206.190796     -0.04074  59.820080      53.610339    
20.139999 44.240002 0.500000 281.014404      0.32194  23.919130      42.316339    
82.610001 97.559998 0.500000 0.000000     -2.02859  90.798559      89.988817    
67.669998 27.830000 0.500000 234.181107      0.08470  69.838038      21.826270    
6.630000 41.820000 0.500000 204.248306     -0.05329  10.249624      41.083020    
86.440002 37.959999 0.500000 434.297485      0.92975  89.419504      30.281807    
94.599998 54.169998 0.500000 121.685799     -0.47821  98.961243      45.718932    
41.000000 75.160004 0.500000 128.122498     -0.40905  47.394609      71.300612    
33.770000 52.139999 0.500000 422.572205      0.88251  38.185795      48.998341    
47.200001 51.880001 0.500000 40.224400     -0.98933  51.542031      47.568831    
82.349998 34.660000 0.500000 538.076721      1.19394  85.057449      27.350833    
12.390000 87.220001 0.500000 292.411102      0.37522  19.944576      85.808243    
44.560001 57.200001 0.500000 9.940000     -1.27446  49.375745      53.098678    
65.089996 85.129997 0.500000 391.724487      0.78492  72.261877      79.133085    
36.639999 80.300003 0.500000 12.637500     -1.24672  43.499179      76.801051    
2.220000 95.660004 0.500000 156.317795     -0.32194  10.548871      95.102503    
8.290000 57.060001 0.500000 178.806702     -0.19231  13.231561      56.120349    
68.379997 63.090000 0.500000 40.496700     -0.97916  73.618446      56.890214    
69.510002 58.639999 0.500000 82.922501     -0.71842  74.356308      52.358660    
13.370000 68.120003 0.500000 422.587799      0.89180  19.256173      66.695514    
97.529999 64.089996 0.500000 364.784393      0.59402  102.74468      55.345815    
85.870003 13.420000 0.500000 380.245605      0.68634  86.712872      5.8848690    
91.760002 21.070000 0.500000 191.898407     -0.10989  93.247199      12.992411    
85.739998 1.380000 0.500000 433.018890      0.91061  85.534006     -6.0979845    
73.050003 91.500000 0.500000 44.242199     -0.94924  80.746776      84.785088    
23.030001 88.080002 0.500000 350.576691      0.54246  30.619043      85.737634    
93.620003 35.830002 0.500000 69.283302     -0.79348  96.386541      27.534137    
82.989998 33.799999 0.500000 600.266724      1.38028  85.620060      26.438325    
34.810001 91.769997 0.500000 39.395802     -1.03109  42.675821      88.386893    
69.800003 56.380001 0.500000 171.267502     -0.25011  74.448234      50.081987    
43.669998 5.170000 0.500000 208.476700     -0.03447  43.954416      1.3442355    
28.309999 30.230000 0.500000 471.301086      0.98933  30.836989      27.647587    
61.980000 87.940002 0.500000 212.728302     -0.01567  69.408624      82.203451    
82.620003 66.489998 0.500000 120.147797     -0.49231  88.100594      59.036176    
80.769997 80.260002 0.500000 250.077805      0.18593  87.457763      72.915019    
7.670000 94.809998 0.500000 98.174400     -0.63183  15.904049      93.780733    
93.040001 72.360001 0.500000 182.238907     -0.16683  98.992545      63.975679    
87.290001 68.529999 0.500000 307.188904      0.42958  92.930619      60.661397    
68.000000 65.019997 0.500000 67.194397     -0.82830  73.408106      58.845986    
33.060001 85.930000 0.500000 0.000000     -1.58706  40.423491      82.721641    
31.920000 48.480000 0.500000 710.625916      1.65710  36.023845      45.513508    
74.099998 67.690002 0.500000 180.654205     -0.17319  79.717597      60.974181    
64.680000 71.820000 0.500000 510.158295      1.09732  70.693398      65.909470    
83.120003 77.790001 0.500000 373.781097      0.63183  89.583552      70.249601    
46.910000 71.419998 0.500000 108.184998     -0.54974  52.956156      67.059747    
2.480000 23.910000 0.500000 252.805603      0.21791  4.5544566      23.602869    
4.700000 41.299999 0.500000 244.548294      0.15414  8.2816471      40.733208    
41.310001 24.270000 0.500000 425.486694      0.90117  43.268074      20.577242    
38.599998 74.730003 0.500000 39.917801     -0.99961  44.966262      71.081421    
47.919998 77.849998 0.500000 627.306580      1.43076  54.522722      73.377252    
13.000000 50.560001 0.500000 392.078888      0.79348  17.357125      49.234580    
32.009998 79.540001 0.500000 0.000000     -1.82833  38.820558      76.447472    
6.670000 60.849998 0.500000 154.851700     -0.32854  11.948045      60.037117    
9.160000 37.529999 0.500000 243.003296      0.12882  12.396098      36.588839    
68.230003 21.290001 0.500000 0.000000     -1.79597  69.825913      15.262350    
36.750000 64.529999 0.500000 2.398300     -1.43076  42.234315      61.081469    
76.220001 94.800003 0.500000 20.676701     -1.18126  84.192325      87.796250    
29.459999 71.599998 0.500000 0.000000     -1.98181  35.588246      68.759930    
32.310001 2.820000 0.500000 238.321106      0.10989  32.432831     -.67330648E-02
27.360001 54.590000 0.500000 401.113312      0.83716  32.013720      51.997687    
12.230000 46.340000 0.500000 166.036697     -0.27606  16.222258      45.097748    
47.840000 48.700001 0.500000 246.417801      0.16048  51.902439      44.345152    
38.160000 82.959999 0.500000 91.463303     -0.64720  45.245230      79.318448    
26.230000 60.860001 0.500000 526.869202      1.14430  31.434485      58.342315    
2.270000 24.940001 0.500000 793.451111      1.86273  4.4350263      24.647253    
32.290001 38.209999 0.500000 787.488770      1.82833  35.497349      35.250339    
93.449997 77.199997 0.500000 222.843307      0.04074  99.822815      68.761524    
46.310001 12.090000 0.500000 82.468300     -0.72655  47.187490      8.0078114    
60.639999 13.740000 0.500000 242.073303      0.12250  61.606765      8.4025910    
27.080000 83.500000 0.500000 0.000000     -1.63285  34.254457      80.822080    
20.639999 34.169998 0.500000 412.755493      0.87330  23.539569      32.241076    
0.910000 51.700001 0.500000 365.538300      0.60151  5.4124891      51.423955    
74.199997 59.790001 0.500000 79.400803     -0.73474  79.128686      53.095526    
81.849998 88.290001 0.500000 223.478302      0.04702  89.233515      80.820334    
10.790000 20.299999 0.500000 482.946686      1.00999  12.518202      19.282341    
16.750000 10.030000 0.500000 77.680000     -0.75959  17.560433      8.5319741    
90.989998 93.660004 0.500000 3.380000     -1.41353  98.806761      85.373299    
85.900002 66.820000 0.500000 102.451103     -0.59402  91.396873      59.079051    
80.320000 45.880001 0.500000 202.179993     -0.07841  84.013064      38.705065    
18.309999 34.560001 0.500000 392.114502      0.80209  21.252426      32.832668    
12.000000 9.680000 0.500000 72.372200     -0.77642  12.798004      8.5972958    
92.029999 36.970001 0.500000 98.325600     -0.62419  94.901945      28.808376    
62.450001 57.750000 0.500000 243.808899      0.14147  67.245604      52.087368    
16.930000 71.489998 0.500000 758.139893      1.70874  23.096340      69.742410    
85.620003 13.360000 0.500000 380.245605      0.67843  86.458594      5.8468863    
68.769997 81.690002 0.500000 531.277771      1.16876  75.628059      75.385447    
76.739998 77.860001 0.500000 381.125000      0.71033  83.233925      70.875389    
21.420000 51.090000 0.500000 1046.204102      2.49771  25.791277      49.028711    
50.400002 38.419998 0.500000 0.000000     -2.37603  53.556738      33.881149    
40.270000 60.759998 0.500000 9.652200     -1.30322  45.412343      57.019026    
63.320000 42.470001 0.500000 220.183304      0.00940  66.780553      36.789688    
67.360001 74.000000 0.500000 288.287811      0.36180  73.553201      67.847597    
21.879999 49.770000 0.500000 1052.666626      2.67379  26.134480      47.673643    
36.980000 92.150002 0.500000 113.063301     -0.52800  44.870682      88.576324    
27.730000 71.970001 0.500000 0.000000     -1.76538  33.897078      69.279305    
74.290001 17.010000 0.500000 67.517502     -0.81077  75.489824      10.470472    
25.879999 79.059998 0.500000 0.000000     -1.65710  32.672051      76.503560    
67.639999 59.799999 0.500000 43.964401     -0.95912  72.594522      53.677228    
1.220000 52.860001 0.500000 255.509995      0.22433  5.8224101      52.552523    
93.440002 35.439999 0.500000 69.283302     -0.80209  96.173234      27.161306    
79.900002 47.689999 0.500000 543.423279      1.21991  83.752416      40.544780    
81.919998 64.570000 0.500000 60.377499     -0.86416  87.235914      57.184493    
5.320000 57.540001 0.500000 109.627800     -0.54246  10.314697      56.857375    
8.910000 84.459999 0.500000 124.153297     -0.44337  16.237269      83.362046    
31.600000 88.669998 0.500000 0.179200     -1.56535  39.207852      85.578460    
84.910004 40.880001 0.500000 226.672501      0.05329  88.149823      33.324046    
76.980003 13.630000 0.500000 35.395000     -1.05265  77.875004      6.8688844    
17.680000 34.750000 0.500000 566.364380      1.27446  20.641384      33.076852    
94.589996 20.700001 0.500000 380.462494      0.69429  96.034176      12.377170    
11.050000 40.029999 0.500000 88.750801     -0.67056  14.496796      38.914602    
53.939999 81.260002 0.500000 209.818893     -0.02820  60.817017      76.249603    
80.480003 71.070000 0.500000 384.741089      0.73474  86.367911      63.785263    
42.849998 13.670000 0.500000 489.567810      1.03109  43.878360      9.8833582    
30.930000 33.509998 0.500000 487.525604      1.02048  33.732891      30.686755    
37.320000 52.200001 0.500000 100.346703     -0.60151  41.727516      48.748712    
3.200000 24.650000 0.500000 592.384521      1.36421  5.3362121      24.277301    
88.820000 25.110001 0.500000 167.223297     -0.26956  90.670494      17.273277    
25.770000 62.709999 0.500000 1116.698853      3.02334  31.137474      60.225365    
6.680000 15.420000 0.500000 125.688301     -0.42958  7.9985221      14.779122    
94.639999 70.379997 0.500000 173.630798     -0.23720  100.41389      61.863761    
19.870001 40.950001 0.500000 230.916702      0.07213  23.363417      39.062389    
79.629997 12.040000 0.500000 252.419205      0.21150  80.376336      5.0539727    
19.790001 69.800003 0.500000 966.505798      2.37603  25.798165      67.809581    
18.750000 34.380001 0.500000 392.114502      0.81077  21.675065      32.615005    
88.919998 11.070000 0.500000 363.809998      0.58656  89.546445      3.2779869    
34.790001 92.660004 0.500000 39.698299     -1.00999  42.733466      89.275256    
73.820000 30.500000 0.500000 454.374512      0.96909  76.197343      23.950101    
97.459999 2.840000 0.500000 45.026699     -0.93945  97.336657     -5.6650056    
2.500000 87.750000 0.500000 48.753300     -0.91061  10.138403      87.198195    
57.720001 71.269997 0.500000 267.186615      0.27606  63.711948      65.968164    
41.360001 64.589996 0.500000 0.338300     -1.52403  46.832003      60.739450    
46.320000 46.959999 0.500000 94.539200     -0.63950  50.236572      42.744248    
67.650002 94.690002 0.500000 21.767799     -1.16876  75.645351      88.433592    
63.009998 44.820000 0.500000 326.717804      0.47821  66.676546      39.157763    
96.040001 11.960000 0.500000 60.224201     -0.88251  96.716922      3.5440510    
75.529999 19.100000 0.500000 198.786697     -0.09099  76.907259      12.444446    
68.400002 0.740000 0.500000 302.006592      0.38870  68.204215     -5.2242689    
94.730003 25.520000 0.500000 169.210007     -0.25658  96.593741      17.166625    
48.490002 35.430000 0.500000 99.867798     -0.60904  51.393411      31.068996    
72.930000 33.509998 0.500000 703.957825      1.63285  75.573068      27.026214    
25.639999 46.139999 0.500000 675.173279      1.56535  29.563797      43.729749    
33.130001 84.809998 0.500000 0.000000     -1.93901  40.395610      81.599801    
48.369999 73.610001 0.500000 353.802307      0.55704  54.601471      69.114170    
4.510000 84.400002 0.500000 87.820801     -0.67843  11.848783      83.685762    
50.990002 85.870003 0.500000 123.779999     -0.45029  58.280033      81.099170    
97.769997 72.550003 0.500000 174.776703     -0.22433  103.72110      63.752712    
15.530000 27.490000 0.500000 552.091125      1.23320  17.866815      26.031864    
40.730000 34.000000 0.500000 376.048889      0.64720  43.538305      30.320766    
95.900002 54.080002 0.500000 190.727798     -0.11619  100.24846      45.515975    
51.110001 61.689999 0.500000 13.745800     -1.21991  56.292150      57.000720    
0.710000 15.010000 0.500000 541.830017      1.20682  2.0155059      14.891002    
84.239998 18.990000 0.500000 189.624207     -0.12882  85.574527      11.575738    
79.750000 33.730000 0.500000 661.240784      1.52403  82.386290      26.650977    
59.619999 89.620003 0.500000 173.994202     -0.23076  67.204025      84.082747    
48.759998 68.940002 0.500000 59.902199     -0.89180  54.582969      64.427951    
6.590000 51.660000 0.500000 291.429993      0.36850  11.067389      50.889062    
83.860001 26.010000 0.500000 264.592194      0.25658  85.807809      18.602143    
42.790001 96.430000 0.500000 255.968903      0.23076  51.031600      92.333660    
92.699997 69.769997 0.500000 403.806702      0.85509  98.428101      61.425164    
72.050003 88.169998 0.500000 186.004501     -0.13514  79.460353      81.554913    
79.690002 60.650002 0.500000 17.831699     -1.20682  84.672753      53.473769    
51.590000 53.669998 0.500000 87.330002     -0.68634  56.071333      48.969403    
84.309998 20.730000 0.500000 248.578293      0.16683  85.795912      13.303016    
12.080000 8.860000 0.500000 65.804398     -0.84609  12.806232      7.7734437    
54.220001 37.540001 0.500000 353.527496      0.54974  57.285504      32.671566    
85.489998 11.270000 0.500000 329.742188      0.48525  86.146928      3.7761700    
55.070000 49.650002 0.500000 387.017792      0.74297  59.187725      44.661402    
97.480003 22.440001 0.500000 390.797791      0.76798  99.064837      13.858668    
96.790001 10.990000 0.500000 77.776703     -0.75125  97.379527      2.5123754    
63.770000 92.089996 0.500000 275.635590      0.28911  71.553508      86.181644    
16.270000 63.209999 0.500000 850.188416      1.93901  21.717202      61.551442    
50.820000 1.690000 0.500000 436.088898      0.93945  50.773908     -2.7456858    
29.600000 82.019997 0.500000 0.000000     -2.28182  36.635877      79.128076    
65.139999 34.000000 0.500000 853.871094      1.98181  67.855417      28.193295    
88.959999 75.620003 0.500000 770.246582      1.73636  95.212197      67.578871    
55.360001 19.740000 0.500000 380.807800      0.70229  56.869794      14.839941    
22.219999 67.790001 0.500000 935.685608      2.20435  28.043733      65.595439    
46.060001 21.910000 0.500000 384.064209      0.71842  47.794311      17.812232    
29.799999 8.270000 0.500000 638.325928      1.48517  30.407379      5.6412891    
64.629997 73.800003 0.500000 524.684082      1.12050  70.816154      67.886296    
4.890000 61.779999 0.500000 280.351593      0.31534  10.255874      61.118716    
60.799999 58.939999 0.500000 316.935486      0.44337  65.705596      53.416645    
88.519997 13.470000 0.500000 387.201111      0.75125  89.357140      5.7037166    
53.099998 35.279999 0.500000 463.678894      0.97916  55.972791      30.517778    
27.129999 88.139999 0.500000 0.000000     -2.08028  34.708668      85.440065    
59.119999 86.430000 0.500000 183.335007     -0.16048  66.427900      80.948460    
17.379999 2.640000 0.500000 399.093292      0.82830  17.543954      1.1151873    
87.150002 73.959999 0.500000 573.659973      1.28871  93.264409      66.082936    
68.690002 16.629999 0.500000 102.680000     -0.58656  69.878016      10.579989    
41.830002 79.540001 0.500000 265.543304      0.26307  48.603194      75.591602    
96.559998 71.070000 0.500000 302.010010      0.39546  102.38672      62.383799    
70.889999 15.290000 0.500000 113.223297     -0.52081  71.952852      9.0533465    
44.040001 35.000000 0.500000 130.813293     -0.38195  46.922866      31.028475    
92.050003 15.520000 0.500000 116.404404     -0.50651  93.052382      7.4382554    
70.889999 9.580000 0.500000 433.545593      0.92014  71.455193      3.3650747    
9.630000 73.029999 0.500000 202.009995     -0.08470  15.958339      71.912788    
1.450000 10.740000 0.500000 35.651699     -1.04181  2.3805350      10.572755    
39.570000 93.070000 0.500000 303.622498      0.40225  47.531009      89.267088    
71.769997 32.430000 0.500000 777.927490      1.76538  74.323351      26.051427    
92.860001 77.269997 0.500000 317.932190      0.45724  99.241165      68.882679    
24.629999 91.279999 0.500000 35.264198     -1.06362  32.491850      88.786005    
96.800003 4.240000 0.500000 116.368301     -0.51365  96.801190     -4.2128106    
30.100000 24.840000 0.500000 565.086670      1.26047  32.150409      22.122088    
31.129999 85.430000 0.500000 0.000000     -2.20435  38.457255      82.391755    
61.040001 80.360001 0.500000 203.269196     -0.07213  67.811561      74.734220    
63.599998 8.890000 0.500000 111.348900     -0.53522  64.132795      3.3130658    
86.169998 83.309998 0.500000 90.789200     -0.65495  93.103040      75.482768    
95.180000 79.279999 0.500000 122.989998     -0.45724  101.72752      70.682831    
59.049999 79.599998 0.500000 307.124207      0.42272  65.762893      74.150549    
86.540001 88.620003 0.500000 34.825802     -1.07472  93.934432      80.740319    
32.369999 71.250000 0.500000 0.000000     -1.70874  38.456668      68.157641    
29.650000 50.220001 0.500000 736.379089      1.68236  33.914134      47.444731    
43.220001 34.160000 0.500000 133.536697     -0.36850  46.032776      30.263140    
4.500000 17.070000 0.500000 525.046692      1.13232  5.9706247      16.612843    
89.480003 81.910004 0.500000 204.796707     -0.04702  96.278432      73.799616    
54.820000 8.580000 0.500000 336.181702      0.50651  55.359190      3.7694727    
56.200001 51.869999 0.500000 279.084991      0.30220  60.506911      46.774465    
51.639999 90.620003 0.500000 126.360001     -0.42272  59.341547      85.774444    
94.669998 96.849998 0.500000 25.564199     -1.13232  102.75078      88.230421    
37.590000 64.080002 0.500000 7.962200     -1.33310  43.031899      60.559974    
54.939999 23.650000 0.500000 508.951691      1.08595  56.792169      18.771668    
98.269997 44.169998 0.500000 212.814407     -0.00940  101.74572      35.437123    
52.020000 35.240002 0.500000 333.071106      0.49231  54.893417      30.572061    
78.120003 17.170000 0.500000 280.234406      0.30877  79.319197      10.296056    
81.510002 85.169998 0.500000 374.584106      0.63950  88.622886      77.741836    
59.320000 17.770000 0.500000 268.214111      0.28258  60.643027      12.532301    
89.500000 25.920000 0.500000 160.259995     -0.30220  91.418502      18.020928    
97.330002 43.990002 0.500000 39.524399     -1.02048  100.79361      35.339738    
61.369999 94.540001 0.500000 99.828300     -0.61660  69.376172      88.831500    
25.670000 17.990000 0.500000 314.437805      0.43646  27.140250      15.684255    
38.869999 40.200001 0.500000 667.809998      1.54436  42.225748      36.659284    
84.489998 22.559999 0.500000 204.233307     -0.05957  86.134722      15.110363    
11.460000 77.769997 0.500000 260.986694      0.24365  18.194493      76.475254    
94.050003 5.860000 0.500000 231.270798      0.07841  94.202847     -2.3592969    
1.320000 49.240002 0.500000 347.124115      0.52081  5.6065259      48.937583    
8.250000 29.570000 0.500000 785.291077      1.79597  10.795802      28.738442    
45.700001 5.110000 0.500000 222.167801      0.03447  45.971465      1.1075374    
17.830000 71.849998 0.500000 629.206726      1.44842  24.024291      70.022600    
43.700001 6.870000 0.500000 379.435608      0.67056  44.132469      3.0351516    
67.430000 5.300000 0.500000 348.535614      0.52800  67.635334     -.59707979    
90.410004 56.110001 0.500000 0.000000     -1.89949  94.956275      48.016735    
59.259998 98.440002 0.500000 67.496696     -0.81950  67.614107      92.900559    
38.470001 50.500000 0.500000 130.483307     -0.38870  42.724976      46.954951    
85.809998 55.090000 0.500000 120.544403     -0.48525  90.284875      47.401532    
51.020000 96.820000 0.500000 243.326706      0.13514  59.264272      92.004885    
67.029999 68.750000 0.500000 234.253296      0.09099  72.766887      62.646336    
53.349998 97.440002 0.500000 190.017807     -0.12250  61.639441      92.419455    
4.120000 54.410000 0.500000 306.292511      0.40905  8.8464661      53.843872    
74.209999 28.950001 0.500000 307.010010      0.41588  76.450766      22.372010    
41.610001 30.150000 0.500000 251.031693      0.19231  44.079408      26.408720    
48.830002 88.230003 0.500000 24.600000     -1.14430  56.333940      83.638446    
17.309999 21.830000 0.500000 587.953308      1.34849  19.146739      20.238264    
29.959999 2.250000 0.500000 439.236694      0.94924  30.042093     -.36974787    
69.629997 75.739998 0.500000 325.262512      0.47120  75.966210      69.383130    
41.849998 61.650002 0.500000 7.805000     -1.34849  47.063898      57.767938    
46.220001 95.160004 0.500000 179.164993     -0.18593  54.337861      90.769553    
42.869999 68.480003 0.500000 2.070000     -1.44842  48.675291      64.483049    
37.560001 51.680000 0.500000 122.061096     -0.47120  41.921283      48.209772    
60.110001 19.639999 0.500000 238.183304      0.10358  61.593003      14.326331    
22.100000 24.260000 0.500000 153.167801     -0.33517  24.130301      22.241541    
68.540001 6.040000 0.500000 532.397827      1.18126  68.805606     0.43361328E-01
63.040001 22.150000 0.500000 204.014496     -0.06585  64.730614      16.571414    
67.010002 90.459999 0.500000 83.134499     -0.71033  74.639117      84.275465    
88.900002 45.360001 0.500000 228.528900      0.06585  92.515095      37.439247    
15.300000 2.810000 0.500000 129.448898     -0.40225  15.486687      1.4658242    
19.170000 51.930000 0.500000 811.435791      1.89949  23.623050      50.061615    
53.820000 53.080002 0.500000 178.339996     -0.19870  58.241426      48.187295    
95.500000 98.809998 0.500000 61.423302     -0.85509  103.74845      90.110623    
64.000000 38.110001 0.500000 379.035889      0.65495  67.077966      32.387013    
12.310000 9.490000 0.500000 72.372200     -0.78492  13.090265      8.3810005    
95.680000 55.759998 0.500000 251.179993      0.19870  100.17571      47.208753    
78.650002 71.489998 0.500000 527.396729      1.15644  84.581479      64.363158    
1.410000 84.919998 0.500000 22.536699     -1.15644  8.8059000      84.473962    
56.090000 91.029999 0.500000 124.279999     -0.43646  63.810348      85.795037    
40.529999 56.889999 0.500000 29.884399     -1.12050  45.334060      53.141093    
55.049999 39.040001 0.500000 241.190002      0.11619  58.243077      34.093518    
76.470001 12.850000 0.500000 104.115799     -0.57174  77.298961      6.1363022    
0.690000 40.000000 0.500000 283.859985      0.34845  4.1736040      39.787650    
14.940000 21.059999 0.500000 10.072500     -1.26047  16.718649      19.677753    
53.480000 10.030000 0.500000 266.564392      0.26956  54.150665      5.3307437    
49.389999 70.779999 0.500000 137.289200     -0.35512  55.370938      66.206038    
8.010000 96.000000 0.500000 122.753304     -0.46421  16.346471      94.936574    
79.790001 13.460000 0.500000 172.210800     -0.24365  80.659492      6.4546239    
