With Rotated Coordinates: Normal Score Transform: pygeostat_saved_data
 7
X
Y
Z
value
NS_value
Rotated X
Rotated Y
47.770000 30.670000 0.500000 165.458893     -0.28911  47.770000      30.670000    
9.870000 72.339996 0.500000 227.343399      0.05957  9.8700000      72.339996    
7.600000 96.019997 0.500000 176.246704     -0.21150  7.6000000      96.019997    
45.610001 28.590000 0.500000 162.413300     -0.29565  45.610001      28.590000    
15.590000 18.379999 0.500000 609.767822      1.41353  15.590000      18.379999    
49.919998 70.309998 0.500000 137.289200     -0.36180  49.919998      70.309998    
45.279999 36.150002 0.500000 106.803299     -0.56437  45.279999      36.150002    
55.430000 40.709999 0.500000 348.921112      0.53522  55.430000      40.709999    
27.209999 96.120003 0.500000 1.954400     -1.46654  27.209999      96.120003    
98.510002 24.100000 0.500000 211.701096     -0.02193  98.510002      24.100000    
66.610001 86.760002 0.500000 389.505890      0.75959  66.610001      86.760002    
19.110001 44.990002 0.500000 243.880005      0.14780  19.110001      44.990002    
7.570000 37.660000 0.500000 317.177795      0.45029  7.5700000      37.660000    
83.400002 21.420000 0.500000 356.059998      0.57174  83.400002      21.420000    
64.959999 90.580002 0.500000 259.291687      0.23720  64.959999      90.580002    
42.099998 51.869999 0.500000 89.163300     -0.66274  42.099998      51.869999    
47.099998 74.160004 0.500000 503.107788      1.05265  47.099998      74.160004    
8.400000 40.540001 0.500000 156.662201     -0.31534  8.4000000      40.540001    
26.709999 21.860001 0.500000 391.565796      0.77642  26.709999      21.860001    
17.260000 44.430000 0.500000 221.412201      0.01567  17.260000      44.430000    
63.730000 29.290001 0.500000 583.816589      1.31801  63.730000      29.290001    
48.110001 7.190000 0.500000 49.231098     -0.90117  48.110001      7.1900000    
94.680000 30.120001 0.500000 4.586700     -1.38028  94.680000      30.120001    
35.970001 39.919998 0.500000 693.219971      1.60953  35.970001      39.919998    
22.820000 18.910000 0.500000 185.274506     -0.14147  22.820000      18.910000    
74.660004 90.839996 0.500000 66.292503     -0.83716  74.660004      90.839996    
23.320000 14.990000 0.500000 60.297798     -0.87330  23.320000      14.990000    
13.630000 3.270000 0.500000 18.743299     -1.19394  13.630000      3.2700000    
96.300003 55.360001 0.500000 261.944092      0.25011  96.300003      55.360001    
90.000000 54.610001 0.500000 0.000000     -3.02334  90.000000      54.610001    
31.809999 83.250000 0.500000 0.000000     -1.86273  31.809999      83.250000    
88.800003 70.250000 0.500000 398.127808      0.81950  88.800003      70.250000    
24.820000 4.220000 0.500000 248.990005      0.17319  24.820000      4.2200000    
77.059998 69.230003 0.500000 214.600006     -0.00313  77.059998      69.230003    
72.309998 80.580002 0.500000 495.592194      1.04181  72.309998      80.580002    
38.250000 63.270000 0.500000 0.308900     -1.54436  38.250000      63.270000    
54.380001 51.200001 0.500000 195.858398     -0.10358  54.380001      51.200001    
61.099998 81.419998 0.500000 184.214996     -0.15414  61.099998      81.419998    
67.459999 91.910004 0.500000 76.598900     -0.76798  67.459999      91.910004    
45.820000 53.419998 0.500000 41.741100     -0.96909  45.820000      53.419998    
17.549999 26.480000 0.500000 504.497803      1.07472  17.549999      26.480000    
35.360001 48.950001 0.500000 482.136597      0.99961  35.360001      48.950001    
97.570000 33.970001 0.500000 0.000000     -1.60953  97.570000      33.970001    
61.750000 77.190002 0.500000 236.482498      0.09729  61.750000      77.190002    
15.310000 64.599998 0.500000 858.669983      2.02859  15.310000      64.599998    
95.570000 22.150000 0.500000 284.837799      0.35512  95.570000      22.150000    
93.489998 21.629999 0.500000 282.811096      0.34180  93.489998      21.629999    
51.900002 78.660004 0.500000 251.459106      0.20509  51.900002      78.660004    
2.980000 64.540001 0.500000 177.182205     -0.20509  2.9800000      64.540001    
95.930000 40.509998 0.500000 9.561100     -1.31801  95.930000      40.509998    
65.389999 68.440002 0.500000 354.035614      0.56437  65.389999      68.440002    
39.599998 56.570000 0.500000 31.750000     -1.08595  39.599998      56.570000    
8.100000 54.740002 0.500000 281.348907      0.32854  8.1000000      54.740002    
26.799999 27.379999 0.500000 295.754211      0.38195  26.799999      27.379999    
50.599998 64.389999 0.500000 0.000000     -1.73636  50.599998      64.389999    
51.880001 44.160000 0.500000 402.385010      0.84609  51.880001      44.160000    
35.490002 43.410000 0.500000 867.247803      2.08028  35.490002      43.410000    
63.070000 60.150002 0.500000 48.055599     -0.92014  63.070000      60.150002    
92.989998 12.430000 0.500000 102.753304     -0.57913  92.989998      12.430000    
93.160004 89.589996 0.500000 12.638900     -1.23320  93.160004      89.589996    
91.660004 13.190000 0.500000 184.681702     -0.14780  91.660004      13.190000    
15.330000 16.450001 0.500000 384.345612      0.72655  15.330000      16.450001    
79.099998 90.010002 0.500000 165.626694     -0.28258  79.099998      90.010002    
90.900002 25.969999 0.500000 152.614395     -0.34180  90.900002      25.969999    
25.660000 82.690002 0.500000 0.000000     -1.68236  25.660000      82.690002    
19.950001 52.459999 0.500000 950.764893      2.28182  19.950001      52.459999    
66.459999 31.410000 0.500000 560.609985      1.24672  66.459999      31.410000    
54.970001 86.129997 0.500000 85.807503     -0.69429  54.970001      86.129997    
7.600000 16.309999 0.500000 221.636703      0.02193  7.6000000      16.309999    
31.090000 93.470001 0.500000 9.676700     -1.28871  31.090000      93.470001    
16.700001 94.089996 0.500000 605.390930      1.39671  16.700001      94.089996    
27.670000 89.550003 0.500000 0.000000     -2.67379  27.670000      89.550003    
2.330000 60.270000 0.500000 217.250000      0.00313  2.3300000      60.270000    
51.270000 51.439999 0.500000 179.943298     -0.17956  51.270000      51.439999    
36.020000 33.060001 0.500000 579.722473      1.30322  36.020000      33.060001    
5.170000 90.519997 0.500000 281.403290      0.33517  5.1700000      90.519997    
24.010000 23.379999 0.500000 126.393303     -0.41588  24.010000      23.379999    
4.130000 89.739998 0.500000 157.894196     -0.30877  4.1300000      89.739998    
71.370003 48.259998 0.500000 320.628387      0.46421  71.370003      48.259998    
56.779999 78.720001 0.500000 366.387512      0.60904  56.779999      78.720001    
35.040001 46.880001 0.500000 637.956726      1.46654  35.040001      46.880001    
80.500000 1.250000 0.500000 195.949997     -0.09729  80.500000      1.2500000    
64.330002 88.959999 0.500000 379.339996      0.66274  64.330002      88.959999    
0.730000 11.280000 0.500000 133.301697     -0.37522 0.73000000      11.280000    
1.570000 74.019997 0.500000 221.821701      0.02820  1.5700000      74.019997    
33.680000 65.059998 0.500000 1.560000     -1.48517  33.680000      65.059998    
58.000000 96.239998 0.500000 144.524399     -0.34845  58.000000      96.239998    
93.730003 13.310000 0.500000 175.593307     -0.21791  93.730003      13.310000    
48.590000 51.540001 0.500000 47.275600     -0.92975  48.590000      51.540001    
28.309999 12.070000 0.500000 407.453308      0.86416  28.309999      12.070000    
75.080002 29.490000 0.500000 440.246613      0.95912  75.080002      29.490000    
74.519997 12.220000 0.500000 129.481705     -0.39546  74.519997      12.220000    
91.449997 51.290001 0.500000 0.737500     -1.50432  91.449997      51.290001    
33.529999 41.450001 0.500000 873.608826      2.13821  33.529999      41.450001    
76.099998 32.490002 0.500000 690.503418      1.58706  76.099998      32.490002    
1.230000 6.750000 0.500000 0.000000     -2.13821  1.2300000      6.7500000    
13.510000 52.820000 0.500000 657.721130      1.50432  13.510000      52.820000    
73.830002 67.790001 0.500000 249.382202      0.17956  73.830002      67.790001    
96.940002 76.330002 0.500000 168.319199     -0.26307  96.940002      76.330002    
18.549999 11.190000 0.500000 78.788902     -0.74297  18.549999      11.190000    
66.040001 26.000000 0.500000 83.500000     -0.70229  66.040001      26.000000    
73.620003 92.360001 0.500000 31.715599     -1.09732  73.620003      92.360001    
24.799999 36.230000 0.500000 521.259216      1.10884  24.799999      36.230000    
31.170000 91.220001 0.500000 3.835000     -1.39671  31.170000      91.220001    
32.279999 86.070000 0.500000 0.000000     -2.49771  32.279999      86.070000    
63.939999 13.170000 0.500000 275.706696      0.29565  63.939999      13.170000    
61.380001 26.830000 0.500000 360.353302      0.57913  61.380001      26.830000    
70.629997 6.870000 0.500000 584.732178      1.33310  70.629997      6.8700000    
59.980000 48.279999 0.500000 341.205811      0.51365  59.980000      48.279999    
1.330000 1.900000 0.500000 6.237500     -1.36421  1.3300000      1.9000000    
31.940001 20.420000 0.500000 368.518311      0.61660  31.940001      20.420000    
24.379999 74.949997 0.500000 119.525002     -0.49940  24.379999      74.949997    
25.160000 19.120001 0.500000 333.786713      0.49940  25.160000      19.120001    
3.900000 37.470001 0.500000 503.402191      1.06362  3.9000000      37.470001    
32.400002 97.730003 0.500000 30.643299     -1.10884  32.400002      97.730003    
9.170000 41.200001 0.500000 107.566704     -0.55704  9.1700000      41.200001    
80.010002 7.490000 0.500000 370.774414      0.62419  80.010002      7.4900000    
54.919998 58.619999 0.500000 206.190796     -0.04074  54.919998      58.619999    
20.139999 44.240002 0.500000 281.014404      0.32194  20.139999      44.240002    
82.610001 97.559998 0.500000 0.000000     -2.02859  82.610001      97.559998    
67.669998 27.830000 0.500000 234.181107      0.08470  67.669998      27.830000    
6.630000 41.820000 0.500000 204.248306     -0.05329  6.6300000      41.820000    
86.440002 37.959999 0.500000 434.297485      0.92975  86.440002      37.959999    
94.599998 54.169998 0.500000 121.685799     -0.47821  94.599998      54.169998    
41.000000 75.160004 0.500000 128.122498     -0.40905  41.000000      75.160004    
33.770000 52.139999 0.500000 422.572205      0.88251  33.770000      52.139999    
47.200001 51.880001 0.500000 40.224400     -0.98933  47.200001      51.880001    
82.349998 34.660000 0.500000 538.076721      1.19394  82.349998      34.660000    
12.390000 87.220001 0.500000 292.411102      0.37522  12.390000      87.220001    
44.560001 57.200001 0.500000 9.940000     -1.27446  44.560001      57.200001    
65.089996 85.129997 0.500000 391.724487      0.78492  65.089996      85.129997    
36.639999 80.300003 0.500000 12.637500     -1.24672  36.639999      80.300003    
2.220000 95.660004 0.500000 156.317795     -0.32194  2.2200000      95.660004    
8.290000 57.060001 0.500000 178.806702     -0.19231  8.2900000      57.060001    
68.379997 63.090000 0.500000 40.496700     -0.97916  68.379997      63.090000    
69.510002 58.639999 0.500000 82.922501     -0.71842  69.510002      58.639999    
13.370000 68.120003 0.500000 422.587799      0.89180  13.370000      68.120003    
97.529999 64.089996 0.500000 364.784393      0.59402  97.529999      64.089996    
85.870003 13.420000 0.500000 380.245605      0.68634  85.870003      13.420000    
91.760002 21.070000 0.500000 191.898407     -0.10989  91.760002      21.070000    
85.739998 1.380000 0.500000 433.018890      0.91061  85.739998      1.3800000    
73.050003 91.500000 0.500000 44.242199     -0.94924  73.050003      91.500000    
23.030001 88.080002 0.500000 350.576691      0.54246  23.030001      88.080002    
93.620003 35.830002 0.500000 69.283302     -0.79348  93.620003      35.830002    
82.989998 33.799999 0.500000 600.266724      1.38028  82.989998      33.799999    
34.810001 91.769997 0.500000 39.395802     -1.03109  34.810001      91.769997    
69.800003 56.380001 0.500000 171.267502     -0.25011  69.800003      56.380001    
43.669998 5.170000 0.500000 208.476700     -0.03447  43.669998      5.1700000    
28.309999 30.230000 0.500000 471.301086      0.98933  28.309999      30.230000    
61.980000 87.940002 0.500000 212.728302     -0.01567  61.980000      87.940002    
82.620003 66.489998 0.500000 120.147797     -0.49231  82.620003      66.489998    
80.769997 80.260002 0.500000 250.077805      0.18593  80.769997      80.260002    
7.670000 94.809998 0.500000 98.174400     -0.63183  7.6700000      94.809998    
93.040001 72.360001 0.500000 182.238907     -0.16683  93.040001      72.360001    
87.290001 68.529999 0.500000 307.188904      0.42958  87.290001      68.529999    
68.000000 65.019997 0.500000 67.194397     -0.82830  68.000000      65.019997    
33.060001 85.930000 0.500000 0.000000     -1.58706  33.060001      85.930000    
31.920000 48.480000 0.500000 710.625916      1.65710  31.920000      48.480000    
74.099998 67.690002 0.500000 180.654205     -0.17319  74.099998      67.690002    
64.680000 71.820000 0.500000 510.158295      1.09732  64.680000      71.820000    
83.120003 77.790001 0.500000 373.781097      0.63183  83.120003      77.790001    
46.910000 71.419998 0.500000 108.184998     -0.54974  46.910000      71.419998    
2.480000 23.910000 0.500000 252.805603      0.21791  2.4800000      23.910000    
4.700000 41.299999 0.500000 244.548294      0.15414  4.7000000      41.299999    
41.310001 24.270000 0.500000 425.486694      0.90117  41.310001      24.270000    
38.599998 74.730003 0.500000 39.917801     -0.99961  38.599998      74.730003    
47.919998 77.849998 0.500000 627.306580      1.43076  47.919998      77.849998    
13.000000 50.560001 0.500000 392.078888      0.79348  13.000000      50.560001    
32.009998 79.540001 0.500000 0.000000     -1.82833  32.009998      79.540001    
6.670000 60.849998 0.500000 154.851700     -0.32854  6.6700000      60.849998    
9.160000 37.529999 0.500000 243.003296      0.12882  9.1600000      37.529999    
68.230003 21.290001 0.500000 0.000000     -1.79597  68.230003      21.290001    
36.750000 64.529999 0.500000 2.398300     -1.43076  36.750000      64.529999    
76.220001 94.800003 0.500000 20.676701     -1.18126  76.220001      94.800003    
29.459999 71.599998 0.500000 0.000000     -1.98181  29.459999      71.599998    
32.310001 2.820000 0.500000 238.321106      0.10989  32.310001      2.8200000    
27.360001 54.590000 0.500000 401.113312      0.83716  27.360001      54.590000    
12.230000 46.340000 0.500000 166.036697     -0.27606  12.230000      46.340000    
47.840000 48.700001 0.500000 246.417801      0.16048  47.840000      48.700001    
38.160000 82.959999 0.500000 91.463303     -0.64720  38.160000      82.959999    
26.230000 60.860001 0.500000 526.869202      1.14430  26.230000      60.860001    
2.270000 24.940001 0.500000 793.451111      1.86273  2.2700000      24.940001    
32.290001 38.209999 0.500000 787.488770      1.82833  32.290001      38.209999    
93.449997 77.199997 0.500000 222.843307      0.04074  93.449997      77.199997    
46.310001 12.090000 0.500000 82.468300     -0.72655  46.310001      12.090000    
60.639999 13.740000 0.500000 242.073303      0.12250  60.639999      13.740000    
27.080000 83.500000 0.500000 0.000000     -1.63285  27.080000      83.500000    
20.639999 34.169998 0.500000 412.755493      0.87330  20.639999      34.169998    
0.910000 51.700001 0.500000 365.538300      0.60151 0.91000000      51.700001    
74.199997 59.790001 0.500000 79.400803     -0.73474  74.199997      59.790001    
81.849998 88.290001 0.500000 223.478302      0.04702  81.849998      88.290001    
10.790000 20.299999 0.500000 482.946686      1.00999  10.790000      20.299999    
16.750000 10.030000 0.500000 77.680000     -0.75959  16.750000      10.030000    
90.989998 93.660004 0.500000 3.380000     -1.41353  90.989998      93.660004    
85.900002 66.820000 0.500000 102.451103     -0.59402  85.900002      66.820000    
80.320000 45.880001 0.500000 202.179993     -0.07841  80.320000      45.880001    
18.309999 34.560001 0.500000 392.114502      0.80209  18.309999      34.560001    
12.000000 9.680000 0.500000 72.372200     -0.77642  12.000000      9.6800000    
92.029999 36.970001 0.500000 98.325600     -0.62419  92.029999      36.970001    
62.450001 57.750000 0.500000 243.808899      0.14147  62.450001      57.750000    
16.930000 71.489998 0.500000 758.139893      1.70874  16.930000      71.489998    
85.620003 13.360000 0.500000 380.245605      0.67843  85.620003      13.360000    
68.769997 81.690002 0.500000 531.277771      1.16876  68.769997      81.690002    
76.739998 77.860001 0.500000 381.125000      0.71033  76.739998      77.860001    
21.420000 51.090000 0.500000 1046.204102      2.49771  21.420000      51.090000    
50.400002 38.419998 0.500000 0.000000     -2.37603  50.400002      38.419998    
40.270000 60.759998 0.500000 9.652200     -1.30322  40.270000      60.759998    
63.320000 42.470001 0.500000 220.183304      0.00940  63.320000      42.470001    
67.360001 74.000000 0.500000 288.287811      0.36180  67.360001      74.000000    
21.879999 49.770000 0.500000 1052.666626      2.67379  21.879999      49.770000    
36.980000 92.150002 0.500000 113.063301     -0.52800  36.980000      92.150002    
27.730000 71.970001 0.500000 0.000000     -1.76538  27.730000      71.970001    
74.290001 17.010000 0.500000 67.517502     -0.81077  74.290001      17.010000    
25.879999 79.059998 0.500000 0.000000     -1.65710  25.879999      79.059998    
67.639999 59.799999 0.500000 43.964401     -0.95912  67.639999      59.799999    
1.220000 52.860001 0.500000 255.509995      0.22433  1.2200000      52.860001    
93.440002 35.439999 0.500000 69.283302     -0.80209  93.440002      35.439999    
79.900002 47.689999 0.500000 543.423279      1.21991  79.900002      47.689999    
81.919998 64.570000 0.500000 60.377499     -0.86416  81.919998      64.570000    
5.320000 57.540001 0.500000 109.627800     -0.54246  5.3200000      57.540001    
8.910000 84.459999 0.500000 124.153297     -0.44337  8.9100000      84.459999    
31.600000 88.669998 0.500000 0.179200     -1.56535  31.600000      88.669998    
84.910004 40.880001 0.500000 226.672501      0.05329  84.910004      40.880001    
76.980003 13.630000 0.500000 35.395000     -1.05265  76.980003      13.630000    
17.680000 34.750000 0.500000 566.364380      1.27446  17.680000      34.750000    
94.589996 20.700001 0.500000 380.462494      0.69429  94.589996      20.700001    
11.050000 40.029999 0.500000 88.750801     -0.67056  11.050000      40.029999    
53.939999 81.260002 0.500000 209.818893     -0.02820  53.939999      81.260002    
80.480003 71.070000 0.500000 384.741089      0.73474  80.480003      71.070000    
42.849998 13.670000 0.500000 489.567810      1.03109  42.849998      13.670000    
30.930000 33.509998 0.500000 487.525604      1.02048  30.930000      33.509998    
37.320000 52.200001 0.500000 100.346703     -0.60151  37.320000      52.200001    
3.200000 24.650000 0.500000 592.384521      1.36421  3.2000000      24.650000    
88.820000 25.110001 0.500000 167.223297     -0.26956  88.820000      25.110001    
25.770000 62.709999 0.500000 1116.698853      3.02334  25.770000      62.709999    
6.680000 15.420000 0.500000 125.688301     -0.42958  6.6800000      15.420000    
94.639999 70.379997 0.500000 173.630798     -0.23720  94.639999      70.379997    
19.870001 40.950001 0.500000 230.916702      0.07213  19.870001      40.950001    
79.629997 12.040000 0.500000 252.419205      0.21150  79.629997      12.040000    
19.790001 69.800003 0.500000 966.505798      2.37603  19.790001      69.800003    
18.750000 34.380001 0.500000 392.114502      0.81077  18.750000      34.380001    
88.919998 11.070000 0.500000 363.809998      0.58656  88.919998      11.070000    
34.790001 92.660004 0.500000 39.698299     -1.00999  34.790001      92.660004    
73.820000 30.500000 0.500000 454.374512      0.96909  73.820000      30.500000    
97.459999 2.840000 0.500000 45.026699     -0.93945  97.459999      2.8400000    
2.500000 87.750000 0.500000 48.753300     -0.91061  2.5000000      87.750000    
57.720001 71.269997 0.500000 267.186615      0.27606  57.720001      71.269997    
41.360001 64.589996 0.500000 0.338300     -1.52403  41.360001      64.589996    
46.320000 46.959999 0.500000 94.539200     -0.63950  46.320000      46.959999    
67.650002 94.690002 0.500000 21.767799     -1.16876  67.650002      94.690002    
63.009998 44.820000 0.500000 326.717804      0.47821  63.009998      44.820000    
96.040001 11.960000 0.500000 60.224201     -0.88251  96.040001      11.960000    
75.529999 19.100000 0.500000 198.786697     -0.09099  75.529999      19.100000    
68.400002 0.740000 0.500000 302.006592      0.38870  68.400002     0.74000000    
94.730003 25.520000 0.500000 169.210007     -0.25658  94.730003      25.520000    
48.490002 35.430000 0.500000 99.867798     -0.60904  48.490002      35.430000    
72.930000 33.509998 0.500000 703.957825      1.63285  72.930000      33.509998    
25.639999 46.139999 0.500000 675.173279      1.56535  25.639999      46.139999    
33.130001 84.809998 0.500000 0.000000     -1.93901  33.130001      84.809998    
48.369999 73.610001 0.500000 353.802307      0.55704  48.369999      73.610001    
4.510000 84.400002 0.500000 87.820801     -0.67843  4.5100000      84.400002    
50.990002 85.870003 0.500000 123.779999     -0.45029  50.990002      85.870003    
97.769997 72.550003 0.500000 174.776703     -0.22433  97.769997      72.550003    
15.530000 27.490000 0.500000 552.091125      1.23320  15.530000      27.490000    
40.730000 34.000000 0.500000 376.048889      0.64720  40.730000      34.000000    
95.900002 54.080002 0.500000 190.727798     -0.11619  95.900002      54.080002    
51.110001 61.689999 0.500000 13.745800     -1.21991  51.110001      61.689999    
0.710000 15.010000 0.500000 541.830017      1.20682 0.71000000      15.010000    
84.239998 18.990000 0.500000 189.624207     -0.12882  84.239998      18.990000    
79.750000 33.730000 0.500000 661.240784      1.52403  79.750000      33.730000    
59.619999 89.620003 0.500000 173.994202     -0.23076  59.619999      89.620003    
48.759998 68.940002 0.500000 59.902199     -0.89180  48.759998      68.940002    
6.590000 51.660000 0.500000 291.429993      0.36850  6.5900000      51.660000    
83.860001 26.010000 0.500000 264.592194      0.25658  83.860001      26.010000    
42.790001 96.430000 0.500000 255.968903      0.23076  42.790001      96.430000    
92.699997 69.769997 0.500000 403.806702      0.85509  92.699997      69.769997    
72.050003 88.169998 0.500000 186.004501     -0.13514  72.050003      88.169998    
79.690002 60.650002 0.500000 17.831699     -1.20682  79.690002      60.650002    
51.590000 53.669998 0.500000 87.330002     -0.68634  51.590000      53.669998    
84.309998 20.730000 0.500000 248.578293      0.16683  84.309998      20.730000    
12.080000 8.860000 0.500000 65.804398     -0.84609  12.080000      8.8600000    
54.220001 37.540001 0.500000 353.527496      0.54974  54.220001      37.540001    
85.489998 11.270000 0.500000 329.742188      0.48525  85.489998      11.270000    
55.070000 49.650002 0.500000 387.017792      0.74297  55.070000      49.650002    
97.480003 22.440001 0.500000 390.797791      0.76798  97.480003      22.440001    
96.790001 10.990000 0.500000 77.776703     -0.75125  96.790001      10.990000    
63.770000 92.089996 0.500000 275.635590      0.28911  63.770000      92.089996    
16.270000 63.209999 0.500000 850.188416      1.93901  16.270000      63.209999    
50.820000 1.690000 0.500000 436.088898      0.93945  50.820000      1.6900000    
29.600000 82.019997 0.500000 0.000000     -2.28182  29.600000      82.019997    
65.139999 34.000000 0.500000 853.871094      1.98181  65.139999      34.000000    
88.959999 75.620003 0.500000 770.246582      1.73636  88.959999      75.620003    
55.360001 19.740000 0.500000 380.807800      0.70229  55.360001      19.740000    
22.219999 67.790001 0.500000 935.685608      2.20435  22.219999      67.790001    
46.060001 21.910000 0.500000 384.064209      0.71842  46.060001      21.910000    
29.799999 8.270000 0.500000 638.325928      1.48517  29.799999      8.2700000    
64.629997 73.800003 0.500000 524.684082      1.12050  64.629997      73.800003    
4.890000 61.779999 0.500000 280.351593      0.31534  4.8900000      61.779999    
60.799999 58.939999 0.500000 316.935486      0.44337  60.799999      58.939999    
88.519997 13.470000 0.500000 387.201111      0.75125  88.519997      13.470000    
53.099998 35.279999 0.500000 463.678894      0.97916  53.099998      35.279999    
27.129999 88.139999 0.500000 0.000000     -2.08028  27.129999      88.139999    
59.119999 86.430000 0.500000 183.335007     -0.16048  59.119999      86.430000    
17.379999 2.640000 0.500000 399.093292      0.82830  17.379999      2.6400000    
87.150002 73.959999 0.500000 573.659973      1.28871  87.150002      73.959999    
68.690002 16.629999 0.500000 102.680000     -0.58656  68.690002      16.629999    
41.830002 79.540001 0.500000 265.543304      0.26307  41.830002      79.540001    
96.559998 71.070000 0.500000 302.010010      0.39546  96.559998      71.070000    
70.889999 15.290000 0.500000 113.223297     -0.52081  70.889999      15.290000    
44.040001 35.000000 0.500000 130.813293     -0.38195  44.040001      35.000000    
92.050003 15.520000 0.500000 116.404404     -0.50651  92.050003      15.520000    
70.889999 9.580000 0.500000 433.545593      0.92014  70.889999      9.5800000    
9.630000 73.029999 0.500000 202.009995     -0.08470  9.6300000      73.029999    
1.450000 10.740000 0.500000 35.651699     -1.04181  1.4500000      10.740000    
39.570000 93.070000 0.500000 303.622498      0.40225  39.570000      93.070000    
71.769997 32.430000 0.500000 777.927490      1.76538  71.769997      32.430000    
92.860001 77.269997 0.500000 317.932190      0.45724  92.860001      77.269997    
24.629999 91.279999 0.500000 35.264198     -1.06362  24.629999      91.279999    
96.800003 4.240000 0.500000 116.368301     -0.51365  96.800003      4.2400000    
30.100000 24.840000 0.500000 565.086670      1.26047  30.100000      24.840000    
31.129999 85.430000 0.500000 0.000000     -2.20435  31.129999      85.430000    
61.040001 80.360001 0.500000 203.269196     -0.07213  61.040001      80.360001    
63.599998 8.890000 0.500000 111.348900     -0.53522  63.599998      8.8900000    
86.169998 83.309998 0.500000 90.789200     -0.65495  86.169998      83.309998    
95.180000 79.279999 0.500000 122.989998     -0.45724  95.180000      79.279999    
59.049999 79.599998 0.500000 307.124207      0.42272  59.049999      79.599998    
86.540001 88.620003 0.500000 34.825802     -1.07472  86.540001      88.620003    
32.369999 71.250000 0.500000 0.000000     -1.70874  32.369999      71.250000    
29.650000 50.220001 0.500000 736.379089      1.68236  29.650000      50.220001    
43.220001 34.160000 0.500000 133.536697     -0.36850  43.220001      34.160000    
4.500000 17.070000 0.500000 525.046692      1.13232  4.5000000      17.070000    
89.480003 81.910004 0.500000 204.796707     -0.04702  89.480003      81.910004    
54.820000 8.580000 0.500000 336.181702      0.50651  54.820000      8.5800000    
56.200001 51.869999 0.500000 279.084991      0.30220  56.200001      51.869999    
51.639999 90.620003 0.500000 126.360001     -0.42272  51.639999      90.620003    
94.669998 96.849998 0.500000 25.564199     -1.13232  94.669998      96.849998    
37.590000 64.080002 0.500000 7.962200     -1.33310  37.590000      64.080002    
54.939999 23.650000 0.500000 508.951691      1.08595  54.939999      23.650000    
98.269997 44.169998 0.500000 212.814407     -0.00940  98.269997      44.169998    
52.020000 35.240002 0.500000 333.071106      0.49231  52.020000      35.240002    
78.120003 17.170000 0.500000 280.234406      0.30877  78.120003      17.170000    
81.510002 85.169998 0.500000 374.584106      0.63950  81.510002      85.169998    
59.320000 17.770000 0.500000 268.214111      0.28258  59.320000      17.770000    
89.500000 25.920000 0.500000 160.259995     -0.30220  89.500000      25.920000    
97.330002 43.990002 0.500000 39.524399     -1.02048  97.330002      43.990002    
61.369999 94.540001 0.500000 99.828300     -0.61660  61.369999      94.540001    
25.670000 17.990000 0.500000 314.437805      0.43646  25.670000      17.990000    
38.869999 40.200001 0.500000 667.809998      1.54436  38.869999      40.200001    
84.489998 22.559999 0.500000 204.233307     -0.05957  84.489998      22.559999    
11.460000 77.769997 0.500000 260.986694      0.24365  11.460000      77.769997    
94.050003 5.860000 0.500000 231.270798      0.07841  94.050003      5.8600000    
1.320000 49.240002 0.500000 347.124115      0.52081  1.3200000      49.240002    
8.250000 29.570000 0.500000 785.291077      1.79597  8.2500000      29.570000    
45.700001 5.110000 0.500000 222.167801      0.03447  45.700001      5.1100000    
17.830000 71.849998 0.500000 629.206726      1.44842  17.830000      71.849998    
43.700001 6.870000 0.500000 379.435608      0.67056  43.700001      6.8700000    
67.430000 5.300000 0.500000 348.535614      0.52800  67.430000      5.3000000    
90.410004 56.110001 0.500000 0.000000     -1.89949  90.410004      56.110001    
59.259998 98.440002 0.500000 67.496696     -0.81950  59.259998      98.440002    
38.470001 50.500000 0.500000 130.483307     -0.38870  38.470001      50.500000    
85.809998 55.090000 0.500000 120.544403     -0.48525  85.809998      55.090000    
51.020000 96.820000 0.500000 243.326706      0.13514  51.020000      96.820000    
67.029999 68.750000 0.500000 234.253296      0.09099  67.029999      68.750000    
53.349998 97.440002 0.500000 190.017807     -0.12250  53.349998      97.440002    
4.120000 54.410000 0.500000 306.292511      0.40905  4.1200000      54.410000    
74.209999 28.950001 0.500000 307.010010      0.41588  74.209999      28.950001    
41.610001 30.150000 0.500000 251.031693      0.19231  41.610001      30.150000    
48.830002 88.230003 0.500000 24.600000     -1.14430  48.830002      88.230003    
17.309999 21.830000 0.500000 587.953308      1.34849  17.309999      21.830000    
29.959999 2.250000 0.500000 439.236694      0.94924  29.959999      2.2500000    
69.629997 75.739998 0.500000 325.262512      0.47120  69.629997      75.739998    
41.849998 61.650002 0.500000 7.805000     -1.34849  41.849998      61.650002    
46.220001 95.160004 0.500000 179.164993     -0.18593  46.220001      95.160004    
42.869999 68.480003 0.500000 2.070000     -1.44842  42.869999      68.480003    
37.560001 51.680000 0.500000 122.061096     -0.47120  37.560001      51.680000    
60.110001 19.639999 0.500000 238.183304      0.10358  60.110001      19.639999    
22.100000 24.260000 0.500000 153.167801     -0.33517  22.100000      24.260000    
68.540001 6.040000 0.500000 532.397827      1.18126  68.540001      6.0400000    
63.040001 22.150000 0.500000 204.014496     -0.06585  63.040001      22.150000    
67.010002 90.459999 0.500000 83.134499     -0.71033  67.010002      90.459999    
88.900002 45.360001 0.500000 228.528900      0.06585  88.900002      45.360001    
15.300000 2.810000 0.500000 129.448898     -0.40225  15.300000      2.8100000    
19.170000 51.930000 0.500000 811.435791      1.89949  19.170000      51.930000    
53.820000 53.080002 0.500000 178.339996     -0.19870  53.820000      53.080002    
95.500000 98.809998 0.500000 61.423302     -0.85509  95.500000      98.809998    
64.000000 38.110001 0.500000 379.035889      0.65495  64.000000      38.110001    
12.310000 9.490000 0.500000 72.372200     -0.78492  12.310000      9.4900000    
95.680000 55.759998 0.500000 251.179993      0.19870  95.680000      55.759998    
78.650002 71.489998 0.500000 527.396729      1.15644  78.650002      71.489998    
1.410000 84.919998 0.500000 22.536699     -1.15644  1.4100000      84.919998    
56.090000 91.029999 0.500000 124.279999     -0.43646  56.090000      91.029999    
40.529999 56.889999 0.500000 29.884399     -1.12050  40.529999      56.889999    
55.049999 39.040001 0.500000 241.190002      0.11619  55.049999      39.040001    
76.470001 12.850000 0.500000 104.115799     -0.57174  76.470001      12.850000    
0.690000 40.000000 0.500000 283.859985      0.34845 0.69000000      40.000000    
14.940000 21.059999 0.500000 10.072500     -1.26047  14.940000      21.059999    
53.480000 10.030000 0.500000 266.564392      0.26956  53.480000      10.030000    
49.389999 70.779999 0.500000 137.289200     -0.35512  49.389999      70.779999    
8.010000 96.000000 0.500000 122.753304     -0.46421  8.0100000      96.000000    
79.790001 13.460000 0.500000 172.210800     -0.24365  79.790001      13.460000    
