With Rotated Coordinates: Normal Score Transform: pygeostat_saved_data
 7
X
Y
Z
value
NS_value
Rotated X
Rotated Y
47.770000 30.670000 0.500000 165.458893     -0.28911  48.811267      28.984168    
9.870000 72.339996 0.500000 227.343399      0.05957  12.388617      71.951470    
7.600000 96.019997 0.500000 176.246704     -0.21150  10.946420      95.696268    
45.610001 28.590000 0.500000 162.413300     -0.29565  46.579993      26.980818    
15.590000 18.379999 0.500000 609.767822      1.41353  16.221956      17.824719    
49.919998 70.309998 0.500000 137.289200     -0.36180  52.343372      68.524984    
45.279999 36.150002 0.500000 106.803299     -0.56437  46.514033      34.547731    
55.430000 40.709999 0.500000 348.921112      0.53522  56.816992      38.750720    
27.209999 96.120003 0.500000 1.954400     -1.46654  30.547963      95.111834    
98.510002 24.100000 0.500000 211.701096     -0.02193  99.291070      20.647369    
66.610001 86.760002 0.500000 389.505890      0.75959  69.597304      84.382495    
19.110001 44.990002 0.500000 243.880005      0.14780  20.668488      44.295666    
7.570000 37.660000 0.500000 317.177795      0.45029  8.8797036      37.372869    
83.400002 21.420000 0.500000 356.059998      0.57174  84.096744      18.496333    
64.959999 90.580002 0.500000 259.291687      0.23720  68.081624      88.257752    
42.099998 51.869999 0.500000 89.163300     -0.66274  43.884589      50.369132    
47.099998 74.160004 0.500000 503.107788      1.05265  49.659453      72.471062    
8.400000 40.540001 0.500000 156.662201     -0.31534  9.8097086      40.222149    
26.709999 21.860001 0.500000 391.565796      0.77642  27.456631      20.914519    
17.260000 44.430000 0.500000 221.412201      0.01567  18.800070      43.800569    
63.730000 29.290001 0.500000 583.816589      1.31801  64.713384      27.048013    
48.110001 7.190000 0.500000 49.231098     -0.90117  48.331621      5.5066052    
94.680000 30.120001 0.500000 4.586700     -1.38028  95.673496      26.797368    
35.970001 39.919998 0.500000 693.219971      1.60953  37.341277      38.640345    
22.820000 18.910000 0.500000 185.274506     -0.14147  23.466048      18.102074    
74.660004 90.839996 0.500000 66.292503     -0.83716  77.784793      88.179062    
23.320000 14.990000 0.500000 60.297798     -0.87330  23.828938      14.167012    
13.630000 3.270000 0.500000 18.743299     -1.19394  13.735818      2.7923279    
96.300003 55.360001 0.500000 261.944092      0.25011  98.173376      51.965456    
90.000000 54.610001 0.500000 0.000000     -3.02334  91.851036      51.435779    
31.809999 83.250000 0.500000 0.000000     -1.86273  34.696004      82.089133    
88.800003 70.250000 0.500000 398.127808      0.81950  91.197598      67.108130    
24.820000 4.220000 0.500000 248.990005      0.17319  24.952156      3.3512238    
77.059998 69.230003 0.500000 214.600006     -0.00313  79.429147      66.498475    
72.309998 80.580002 0.500000 495.592194      1.04181  75.078150      78.007332    
38.250000 63.270000 0.500000 0.308900     -1.54436  40.434790      61.896552    
54.380001 51.200001 0.500000 195.858398     -0.10358  56.133728      49.270977    
61.099998 81.419998 0.500000 184.214996     -0.15414  63.904294      79.238040    
67.459999 91.910004 0.500000 76.598900     -0.76798  70.626517      89.499695    
45.820000 53.419998 0.500000 41.741100     -0.96909  47.656419      51.788361    
17.549999 26.480000 0.500000 504.497803      1.07472  18.463447      25.851383    
35.360001 48.950001 0.500000 482.136597      0.99961  37.046791      47.686136    
97.570000 33.970001 0.500000 0.000000     -1.60953  98.696099      30.544164    
61.750000 77.190002 0.500000 236.482498      0.09729  64.406276      74.987936    
15.310000 64.599998 0.500000 858.669983      2.02859  17.555181      64.026334    
95.570000 22.150000 0.500000 284.837799      0.35512  96.284805      18.801162    
93.489998 21.629999 0.500000 282.811096      0.34180  94.187922      18.354069    
51.900002 78.660004 0.500000 251.459106      0.20509  54.613580      76.800803    
2.980000 64.540001 0.500000 177.182205     -0.20509  5.2305982      64.396684    
95.930000 40.509998 0.500000 9.561100     -1.31801  97.285341      37.137412    
65.389999 68.440002 0.500000 354.035614      0.56437  67.738687      66.116232    
39.599998 56.570000 0.500000 31.750000     -1.08595  41.550139      55.153519    
8.100000 54.740002 0.500000 281.348907      0.32854  10.005464      54.423970    
26.799999 27.379999 0.500000 295.754211      0.38195  27.739221      26.428013    
50.599998 64.389999 0.500000 0.000000     -1.73636  52.816352      62.584860    
51.880001 44.160000 0.500000 402.385010      0.84609  53.389559      42.322513    
35.490002 43.410000 0.500000 867.247803      2.08028  36.983370      42.144973    
63.070000 60.150002 0.500000 48.055599     -0.92014  65.130784      57.912249    
92.989998 12.430000 0.500000 102.753304     -0.57913  93.367152      9.1771239    
93.160004 89.589996 0.500000 12.638900     -1.23320  96.229899      86.284183    
91.660004 13.190000 0.500000 184.681702     -0.14780  92.064492      9.9830770    
15.330000 16.450001 0.500000 384.345612      0.72655  15.894758      15.904971    
79.099998 90.010002 0.500000 165.626694     -0.28258  82.193116      87.194620    
90.900002 25.969999 0.500000 152.614395     -0.34180  91.750968      22.781814    
25.660000 82.690002 0.500000 0.000000     -1.68236  28.530208      81.744108    
19.950001 52.459999 0.500000 950.764893      2.28182  21.768676      51.731797    
66.459999 31.410000 0.500000 560.609985      1.24672  67.515707      29.071445    
54.970001 86.129997 0.500000 85.807503     -0.69429  57.942408      84.159104    
7.600000 16.309999 0.500000 221.636703      0.02193  8.1645810      16.034827    
31.090000 93.470001 0.500000 9.676700     -1.28871  34.333117      92.328036    
16.700001 94.089996 0.500000 605.390930      1.39671  19.973521      93.449857    
27.670000 89.550003 0.500000 0.000000     -2.67379  30.778394      88.529782    
2.330000 60.270000 0.500000 217.250000      0.00313  4.4319733      60.151969    
51.270000 51.439999 0.500000 179.943298     -0.17956  53.033998      49.619366    
36.020000 33.060001 0.500000 579.722473      1.30322  37.151835      31.782782    
5.170000 90.519997 0.500000 281.403290      0.33517  8.3259529      90.284424    
24.010000 23.379999 0.500000 126.393303     -0.41588  24.811324      22.527820    
4.130000 89.739998 0.500000 157.894196     -0.30877  7.2593649      89.541196    
71.370003 48.259998 0.500000 320.628387      0.46421  73.010776      45.739822    
56.779999 78.720001 0.500000 366.387512      0.60904  59.492699      76.690454    
35.040001 46.880001 0.500000 637.956726      1.46654  36.654744      45.628565    
80.500000 1.250000 0.500000 195.949997     -0.09729  80.494586     -1.5601709    
64.330002 88.959999 0.500000 379.339996      0.66274  67.395473      86.660722    
0.730000 11.280000 0.500000 133.301697     -0.37522  1.1232216      11.247652    
1.570000 74.019997 0.500000 221.821701      0.02820  4.1523042      73.920114    
33.680000 65.059998 0.500000 1.560000     -1.48517  35.930044      63.844950    
58.000000 96.239998 0.500000 144.524399     -0.34845  61.323395      94.157200    
93.730003 13.310000 0.500000 175.593307     -0.21791  94.137418      10.030762    
48.590000 51.540001 0.500000 47.275600     -0.92975  50.359120      49.812838    
28.309999 12.070000 0.500000 407.453308      0.86416  28.713990      11.074643    
75.080002 29.490000 0.500000 440.246613      0.95912  76.063451      26.851781    
74.519997 12.220000 0.500000 129.481705     -0.39546  74.901073      9.6118455    
91.449997 51.290001 0.500000 0.737500     -1.50432  93.184283      48.067198    
33.529999 41.450001 0.500000 873.608826      2.13821  34.956158      40.254571    
76.099998 32.490002 0.500000 690.503418      1.58706  77.187525      29.814358    
1.230000 6.750000 0.500000 0.000000     -2.13821  1.4648223      6.7029617    
13.510000 52.820000 0.500000 657.721130      1.50432  15.345161      52.316331    
73.830002 67.790001 0.500000 249.382202      0.17956  76.150864      65.172075    
96.940002 76.330002 0.500000 168.319199     -0.26307  99.544827      72.900347    
18.549999 11.190000 0.500000 78.788902     -0.74297  18.929224      10.535798    
66.040001 26.000000 0.500000 83.500000     -0.70229  66.907158      23.679399    
73.620003 92.360001 0.500000 31.715599     -1.09732  76.798473      89.734437    
24.799999 36.230000 0.500000 521.259216      1.10884  26.049300      35.342422    
31.170000 91.220001 0.500000 3.835000     -1.39671  34.334544      90.076615    
32.279999 86.070000 0.500000 0.000000     -2.49771  35.264135      84.891013    
63.939999 13.170000 0.500000 275.706696      0.29565  64.360675      10.930503    
61.380001 26.830000 0.500000 360.353302      0.57913  62.278963      24.671525    
70.629997 6.870000 0.500000 584.732178      1.33310  70.826731      4.4008637    
59.980000 48.279999 0.500000 341.205811      0.51365  61.628409      46.157316    
1.330000 1.900000 0.500000 6.237500     -1.36421  1.3954988      1.8524262    
31.940001 20.420000 0.500000 368.518311      0.61660  32.633192      19.292871    
24.379999 74.949997 0.500000 119.525002     -0.49940  26.980865      74.053490    
25.160000 19.120001 0.500000 333.786713      0.49940  25.811952      18.230282    
3.900000 37.470001 0.500000 503.402191      1.06362  5.2053084      37.311067    
32.400002 97.730003 0.500000 30.643299     -1.10884  35.790993      96.539725    
9.170000 41.200001 0.500000 107.566704     -0.55704  10.602273      40.854875    
80.010002 7.490000 0.500000 370.774414      0.62419  80.222659      4.6931285    
54.919998 58.619999 0.500000 206.190796     -0.04074  56.932351      56.667609    
20.139999 44.240002 0.500000 281.014404      0.32194  21.671684      43.510176    
82.610001 97.559998 0.500000 0.000000     -2.02859  85.964472      94.617520    
67.669998 27.830000 0.500000 234.181107      0.08470  68.600028      25.451398    
6.630000 41.820000 0.500000 204.248306     -0.05329  8.0854581      41.563141    
86.440002 37.959999 0.500000 434.297485      0.92975  87.712130      34.920162    
94.599998 54.169998 0.500000 121.685799     -0.47821  96.432876      50.835507    
41.000000 75.160004 0.500000 128.122498     -0.40905  43.598070      73.683339    
33.770000 52.139999 0.500000 422.572205      0.88251  35.569088      50.929681    
47.200001 51.880001 0.500000 40.224400     -0.98933  48.981834      50.201141    
82.349998 34.660000 0.500000 538.076721      1.19394  83.509449      31.764913    
12.390000 87.220001 0.500000 292.411102      0.37522  15.426386      86.734464    
44.560001 57.200001 0.500000 9.940000     -1.27446  46.529107      55.610035    
65.089996 85.129997 0.500000 391.724487      0.78492  68.021339      82.806530    
36.639999 80.300003 0.500000 12.637500     -1.24672  39.420109      78.972369    
2.220000 95.660004 0.500000 156.317795     -0.32194  5.5571336      95.524254    
8.290000 57.060001 0.500000 178.806702     -0.19231  10.276315      56.735925    
68.379997 63.090000 0.500000 40.496700     -0.97916  70.540151      60.665140    
69.510002 58.639999 0.500000 82.922501     -0.71842  71.514165      56.178413    
13.370000 68.120003 0.500000 422.587799      0.89180  15.739209      67.611900    
97.529999 64.089996 0.500000 364.784393      0.59402  99.707295      60.647206    
85.870003 13.420000 0.500000 380.245605      0.68634  86.286045      10.415005    
91.760002 21.070000 0.500000 191.898407     -0.10989  92.439437      17.854787    
85.739998 1.380000 0.500000 433.018890      0.91061  85.735929     -1.6131234    
73.050003 91.500000 0.500000 44.242199     -0.94924  76.198807      88.894852    
23.030001 88.080002 0.500000 350.576691      0.54246  26.089919      87.222611    
93.620003 35.830002 0.500000 69.283302     -0.79348  94.813421      32.540884    
82.989998 33.799999 0.500000 600.266724      1.38028  84.119046      30.883100    
34.810001 91.769997 0.500000 39.395802     -1.03109  37.991522      90.499242    
69.800003 56.380001 0.500000 171.267502     -0.25011  71.725116      53.909671    
43.669998 5.170000 0.500000 208.476700     -0.03447  43.823826      3.6427896    
28.309999 30.230000 0.500000 471.301086      0.98933  29.347765      29.223580    
61.980000 87.940002 0.500000 212.728302     -0.01567  65.011305      85.723361    
82.620003 66.489998 0.500000 120.147797     -0.49231  84.890141      63.566098    
80.769997 80.260002 0.500000 250.077805      0.18593  83.521828      77.392278    
7.670000 94.809998 0.500000 98.174400     -0.63183  10.974149      94.484563    
93.040001 72.360001 0.500000 182.238907     -0.16683  95.508651      69.068872    
87.290001 68.529999 0.500000 307.188904      0.42958  89.628489      65.441875    
68.000000 65.019997 0.500000 67.194397     -0.82830  70.227741      62.607223    
33.060001 85.930000 0.500000 0.000000     -1.58706  36.038775      84.723876    
31.920000 48.480000 0.500000 710.625916      1.65710  33.592483      47.336475    
74.099998 67.690002 0.500000 180.654205     -0.17319  76.417205      65.062714    
64.680000 71.820000 0.500000 510.158295      1.09732  67.147081      69.518950    
83.120003 77.790001 0.500000 373.781097      0.63183  85.784200      74.841767    
46.910000 71.419998 0.500000 108.184998     -0.54974  49.373946      69.739355    
2.480000 23.910000 0.500000 252.805603      0.21791  3.3129362      23.808884    
4.700000 41.299999 0.500000 244.548294      0.15414  6.1384861      41.110813    
41.310001 24.270000 0.500000 425.486694      0.90117  42.131847      22.813517    
38.599998 74.730003 0.500000 39.917801     -0.99961  41.184523      73.337359    
47.919998 77.849998 0.500000 627.306580      1.43076  50.607732      76.130190    
13.000000 50.560001 0.500000 392.078888      0.79348  14.756599      50.075508    
32.009998 79.540001 0.500000 0.000000     -1.82833  34.766404      78.374415    
6.670000 60.849998 0.500000 154.851700     -0.32854  8.7895711      60.580150    
9.160000 37.529999 0.500000 243.003296      0.12882  10.464198      37.187457    
68.230003 21.290001 0.500000 0.000000     -1.79597  68.931449      18.895839    
36.750000 64.529999 0.500000 2.398300     -1.43076  38.979677      63.208133    
76.220001 94.800003 0.500000 20.676701     -1.18126  79.482042      92.082214    
29.459999 71.599998 0.500000 0.000000     -1.98181  31.940857      70.528242    
32.310001 2.820000 0.500000 238.321106      0.10989  32.388735      1.6906794    
27.360001 54.590000 0.500000 401.113312      0.83716  29.248498      53.601895    
12.230000 46.340000 0.500000 166.036697     -0.27606  13.839792      45.884950    
47.840000 48.700001 0.500000 246.417801      0.16048  49.510463      47.000742    
38.160000 82.959999 0.500000 91.463303     -0.64720  41.032016      81.577697    
26.230000 60.860001 0.500000 526.869202      1.14430  28.338005      59.907513    
2.270000 24.940001 0.500000 793.451111      1.86273  3.1390107      24.845586    
32.290001 38.209999 0.500000 787.488770      1.82833  33.603841      37.059818    
93.449997 77.199997 0.500000 222.843307      0.04074  96.087311      73.891611    
46.310001 12.090000 0.500000 82.468300     -0.72655  46.703725      10.466439    
60.639999 13.740000 0.500000 242.073303      0.12250  61.082578      11.615325    
27.080000 83.500000 0.500000 0.000000     -1.63285  29.977612      82.504056    
20.639999 34.169998 0.500000 412.755493      0.87330  21.819941      33.428857    
0.910000 51.700001 0.500000 365.538300      0.60151  2.7137497      51.636748    
74.199997 59.790001 0.500000 79.400803     -0.73474  76.241437      57.164036    
81.849998 88.290001 0.500000 223.478302      0.04702  84.881414      85.379693    
10.790000 20.299999 0.500000 482.946686      1.00999  11.491887      19.911067    
16.750000 10.030000 0.500000 77.680000     -0.75959  17.089838      9.4393234    
90.989998 93.660004 0.500000 3.380000     -1.41353  94.203256      90.427444    
85.900002 66.820000 0.500000 102.451103     -0.59402  88.179658      63.781428    
80.320000 45.880001 0.500000 202.179993     -0.07841  81.872260      43.048925    
18.309999 34.560001 0.500000 392.114502      0.80209  19.504972      33.899938    
12.000000 9.680000 0.500000 72.372200     -0.77642  12.330517      9.2553092    
92.029999 36.970001 0.500000 98.325600     -0.62419  93.264171      33.735679    
62.450001 57.750000 0.500000 243.808899      0.14147  64.427404      55.535347    
16.930000 71.489998 0.500000 758.139893      1.70874  19.414652      70.855600    
85.620003 13.360000 0.500000 380.245605      0.67843  86.034103      10.363766    
68.769997 81.690002 0.500000 531.277771      1.16876  71.579044      79.240200    
76.739998 77.860001 0.500000 381.125000      0.71033  79.410525      75.134384    
21.420000 51.090000 0.500000 1046.204102      2.49771  23.189967      50.311330    
50.400002 38.419998 0.500000 0.000000     -2.37603  51.710138      36.637659    
40.270000 60.759998 0.500000 9.652200     -1.30322  42.365962      59.317582    
63.320000 42.470001 0.500000 220.183304      0.00940  64.763609      40.234293    
67.360001 74.000000 0.500000 288.287811      0.36180  69.901530      71.604091    
21.879999 49.770000 0.500000 1052.666626      2.67379  23.603618      48.976081    
36.980000 92.150002 0.500000 113.063301     -0.52800  40.173461      90.803283    
27.730000 71.970001 0.500000 0.000000     -1.76538  30.224824      70.958396    
74.290001 17.010000 0.500000 67.517502     -0.81077  74.838386      14.406954    
25.879999 79.059998 0.500000 0.000000     -1.65710  28.623388      78.108638    
67.639999 59.799999 0.500000 43.964401     -0.95912  69.685784      57.402969    
1.220000 52.860001 0.500000 255.509995      0.22433  3.0640442      52.785223    
93.440002 35.439999 0.500000 69.283302     -0.80209  94.619919      32.157401    
79.900002 47.689999 0.500000 543.423279      1.21991  81.515686      44.872478    
81.919998 64.570000 0.500000 60.377499     -0.86416  84.123555      61.671699    
5.320000 57.540001 0.500000 109.627800     -0.54246  7.3248763      57.319284    
8.910000 84.459999 0.500000 124.153297     -0.44337  11.852184      84.097594    
31.600000 88.669998 0.500000 0.179200     -1.56535  34.675288      87.513159    
84.910004 40.880001 0.500000 226.672501      0.05329  86.284971      37.891782    
76.980003 13.630000 0.500000 35.395000     -1.05265  77.408789      10.935134    
17.680000 34.750000 0.500000 566.364380      1.27446  18.881987      34.111808    
94.589996 20.700001 0.500000 380.462494      0.69429  95.254794      17.386248    
11.050000 40.029999 0.500000 88.750801     -0.67056  12.440295      39.619974    
53.939999 81.260002 0.500000 209.818893     -0.02820  56.743073      79.328022    
80.480003 71.070000 0.500000 384.741089      0.73474  82.911284      68.217994    
42.849998 13.670000 0.500000 489.567810      1.03109  43.300971      12.166229    
30.930000 33.509998 0.500000 487.525604      1.02048  32.080640      32.410143    
37.320000 52.200001 0.500000 100.346703     -0.60151  39.119019      50.865753    
3.200000 24.650000 0.500000 592.384521      1.36421  4.0583232      24.523305    
88.820000 25.110001 0.500000 167.223297     -0.26956  89.642220      21.994931    
25.770000 62.709999 0.500000 1116.698853      3.02334  27.942849      61.772438    
6.680000 15.420000 0.500000 125.688301     -0.42958  7.2140810      15.177478    
94.639999 70.379997 0.500000 173.630798     -0.23720  97.038573      67.034235    
19.870001 40.950001 0.500000 230.916702      0.07213  21.287031      40.231602    
79.629997 12.040000 0.500000 252.419205      0.21150  80.001678      9.2536188    
19.790001 69.800003 0.500000 966.505798      2.37603  22.213930      69.066822    
18.750000 34.380001 0.500000 392.114502      0.81077  19.938423      33.704692    
88.919998 11.070000 0.500000 363.809998      0.58656  89.252168      7.9599933    
34.790001 92.660004 0.500000 39.698299     -1.00999  38.002595      91.389405    
73.820000 30.500000 0.500000 454.374512      0.96909  74.839465      27.905139    
97.459999 2.840000 0.500000 45.026699     -0.93945  97.499744     -.56303494    
2.500000 87.750000 0.500000 48.753300     -0.91061  5.5609079      87.609296    
57.720001 71.269997 0.500000 267.186615      0.27606  60.172127      69.212182    
41.360001 64.589996 0.500000 0.338300     -1.52403  43.588964      63.107206    
46.320000 46.959999 0.500000 94.539200     -0.63950  47.930663      45.314848    
67.650002 94.690002 0.500000 21.767799     -1.16876  70.913425      92.271368    
63.009998 44.820000 0.500000 326.717804      0.47821  64.535809      42.593680    
96.040001 11.960000 0.500000 60.224201     -0.88251  96.398894      8.6009666    
75.529999 19.100000 0.500000 198.786697     -0.09099  76.150569      16.452406    
68.400002 0.740000 0.500000 302.006592      0.38870  68.384160     -1.6475764    
94.730003 25.520000 0.500000 169.210007     -0.25658  95.562931      22.198425    
48.490002 35.430000 0.500000 99.867798     -0.60904  49.696952      33.716140    
72.930000 33.509998 0.500000 703.957825      1.63285  74.055055      30.944364    
25.639999 46.139999 0.500000 675.173279      1.56535  27.234643      45.217069    
33.130001 84.809998 0.500000 0.000000     -1.93901  36.069645      83.602114    
48.369999 73.610001 0.500000 353.802307      0.55704  50.909485      71.877071    
4.510000 84.400002 0.500000 87.820801     -0.67843  7.4527702      84.191191    
50.990002 85.870003 0.500000 123.779999     -0.45029  53.955760      84.038168    
97.769997 72.550003 0.500000 174.776703     -0.22433  100.24240      69.093684    
15.530000 27.490000 0.500000 552.091125      1.23320  16.479927      26.931265    
40.730000 34.000000 0.500000 376.048889      0.64720  41.891771      32.557832    
95.900002 54.080002 0.500000 190.727798     -0.11619  97.728947      50.700196    
51.110001 61.689999 0.500000 13.745800     -1.21991  53.231816      59.868706    
0.710000 15.010000 0.500000 541.830017      1.20682  1.2334089      14.976078    
84.239998 18.990000 0.500000 189.624207     -0.12882  84.851423      16.038498    
79.750000 33.730000 0.500000 661.240784      1.52403  80.878578      30.926218    
59.619999 89.620003 0.500000 173.994202     -0.23076  62.711373      87.484701    
48.759998 68.940002 0.500000 59.902199     -0.89180  51.136266      67.196306    
6.590000 51.660000 0.500000 291.429993      0.36850  8.3888935      51.398542    
83.860001 26.010000 0.500000 264.592194      0.25658  84.716652      23.067484    
42.790001 96.430000 0.500000 255.968903      0.23076  46.129293      94.877908    
92.699997 69.769997 0.500000 403.806702      0.85509  95.078464      66.492312    
72.050003 88.169998 0.500000 186.004501     -0.13514  75.083201      85.601778    
79.690002 60.650002 0.500000 17.831699     -1.20682  81.758112      57.831915    
51.590000 53.669998 0.500000 87.330002     -0.68634  53.431629      51.836839    
84.309998 20.730000 0.500000 248.578293      0.16683  84.982105      17.774995    
12.080000 8.860000 0.500000 65.804398     -0.84609  12.381851      8.4330168    
54.220001 37.540001 0.500000 353.527496      0.54974  55.497099      35.624882    
85.489998 11.270000 0.500000 329.742188      0.48525  85.831237      8.2795767    
55.070000 49.650002 0.500000 387.017792      0.74297  56.769213      47.697841    
97.480003 22.440001 0.500000 390.797791      0.76798  98.203766      19.024328    
96.790001 10.990000 0.500000 77.776703     -0.75125  97.114585      7.6053829    
63.770000 92.089996 0.500000 275.635590      0.28911  66.945048      89.808356    
16.270000 63.209999 0.500000 850.188416      1.93901  18.466086      62.603678    
50.820000 1.690000 0.500000 436.088898      0.93945  50.848022     -.84621911E-01
29.600000 82.019997 0.500000 0.000000     -2.28182  32.444425      80.937008    
65.139999 34.000000 0.500000 853.871094      1.98181  66.286900      31.705935    
88.959999 75.620003 0.500000 770.246582      1.73636  91.544907      72.469278    
55.360001 19.740000 0.500000 380.807800      0.70229  56.015193      17.795939    
22.219999 67.790001 0.500000 935.685608      2.20435  24.572300      66.973238    
46.060001 21.910000 0.500000 384.064209      0.71842  46.796590      20.289182    
29.799999 8.270000 0.500000 638.325928      1.48517  30.070464      7.2249572    
64.629997 73.800003 0.500000 524.684082      1.12050  67.166209      71.499492    
4.890000 61.779999 0.500000 280.351593      0.31534  7.0431120      61.571706    
60.799999 58.939999 0.500000 316.935486      0.44337  62.819938      56.782205    
88.519997 13.470000 0.500000 387.201111      0.75125  88.936169      10.372491    
53.099998 35.279999 0.500000 463.678894      0.97916  54.298905      33.405344    
27.129999 88.139999 0.500000 0.000000     -2.08028  30.189514      87.139483    
59.119999 86.430000 0.500000 183.335007     -0.16048  62.100348      84.314091    
17.379999 2.640000 0.500000 399.093292      0.82830  17.461546      2.0318386    
87.150002 73.959999 0.500000 573.659973      1.28871  89.678079      70.873453    
68.690002 16.629999 0.500000 102.680000     -0.58656  69.228536      14.222622    
41.830002 79.540001 0.500000 265.543304      0.26307  44.580426      78.031701    
96.559998 71.070000 0.500000 302.010010      0.39546  98.981483      67.656811    
70.889999 15.290000 0.500000 113.223297     -0.52081  71.380428      12.806660    
44.040001 35.000000 0.500000 130.813293     -0.38195  45.234655      33.441705    
92.050003 15.520000 0.500000 116.404404     -0.50651  92.535569      12.298047    
70.889999 9.580000 0.500000 433.545593      0.92014  71.181152      7.1001389    
9.630000 73.029999 0.500000 202.009995     -0.08470  12.172844      72.649429    
1.450000 10.740000 0.500000 35.651699     -1.04181  1.8239373      10.682853    
39.570000 93.070000 0.500000 303.622498      0.40225  42.793991      91.632331    
71.769997 32.430000 0.500000 777.927490      1.76538  72.858067      29.905508    
92.860001 77.269997 0.500000 317.932190      0.45724  95.500117      73.982159    
24.629999 91.279999 0.500000 35.264198     -1.06362  27.800621      90.364819    
96.800003 4.240000 0.500000 116.368301     -0.51365  96.889009     0.85914575    
30.100000 24.840000 0.500000 565.086670      1.26047  30.948567      23.774393    
31.129999 85.430000 0.500000 0.000000     -2.20435  34.092499      84.291537    
61.040001 80.360001 0.500000 203.269196     -0.07213  63.807341      78.180783    
63.599998 8.890000 0.500000 111.348900     -0.53522  63.871511      6.6649765    
86.169998 83.309998 0.500000 90.789200     -0.65495  89.024983      80.251958    
95.180000 79.279999 0.500000 122.989998     -0.45724  97.888851      75.909970    
59.049999 79.599998 0.500000 307.124207      0.42272  61.792027      77.490693    
86.540001 88.620003 0.500000 34.825802     -1.07472  89.580077      85.545816    
32.369999 71.250000 0.500000 0.000000     -1.70874  34.836869      70.076900    
29.650000 50.220001 0.500000 736.379089      1.68236  31.384591      49.154638    
43.220001 34.160000 0.500000 133.536697     -0.36850  44.385839      32.630834    
4.500000 17.070000 0.500000 525.046692      1.13232  5.0929931      16.902554    
89.480003 81.910004 0.500000 204.796707     -0.04702  92.284112      78.737300    
54.820000 8.580000 0.500000 336.181702      0.50651  55.086043      6.6615829    
56.200001 51.869999 0.500000 279.084991      0.30220  57.976002      49.877049    
51.639999 90.620003 0.500000 126.360001     -0.42272  54.771134      88.762590    
94.669998 96.849998 0.500000 25.564199     -1.13232  97.992344      93.487064    
37.590000 64.080002 0.500000 7.962200     -1.33310  39.803461      62.729094    
54.939999 23.650000 0.500000 508.951691      1.08595  55.731904      21.718215    
98.269997 44.169998 0.500000 212.814407     -0.00940  99.751644      40.713517    
52.020000 35.240002 0.500000 333.071106      0.49231  53.218169      33.403063    
78.120003 17.170000 0.500000 280.234406      0.30877  78.671639      14.433192    
81.510002 85.169998 0.500000 374.584106      0.63950  84.432738      82.273457    
59.320000 17.770000 0.500000 268.214111      0.28258  59.904028      15.688937    
89.500000 25.920000 0.500000 160.259995     -0.30220  90.350074      22.780705    
97.330002 43.990002 0.500000 39.524399     -1.02048  98.805940      40.566436    
61.369999 94.540001 0.500000 99.828300     -0.61660  64.632012      92.340628    
25.670000 17.990000 0.500000 314.437805      0.43646  26.282204      17.083171    
38.869999 40.200001 0.500000 667.809998      1.54436  40.249280      38.818969    
84.489998 22.559999 0.500000 204.233307     -0.05957  85.225862      19.597598    
11.460000 77.769997 0.500000 260.986694      0.24365  14.167153      77.322673    
94.050003 5.860000 0.500000 231.270798      0.07841  94.197221      2.5741325    
1.320000 49.240002 0.500000 347.124115      0.52081  3.0376472      49.163939    
8.250000 29.570000 0.500000 785.291077      1.79597  9.2769524      29.264066    
45.700001 5.110000 0.500000 222.167801      0.03447  45.850498      3.5119801    
17.830000 71.849998 0.500000 629.206726      1.44842  20.326667      71.183971    
43.700001 6.870000 0.500000 379.435608      0.67056  43.913140      5.3407070    
67.430000 5.300000 0.500000 348.535614      0.52800  67.573891      2.9434983    
90.410004 56.110001 0.500000 0.000000     -1.89949  92.313139      52.920557    
59.259998 98.440002 0.500000 67.496696     -0.81950  62.659405      96.311891    
38.470001 50.500000 0.500000 130.483307     -0.38870  40.208991      49.126653    
85.809998 55.090000 0.500000 120.544403     -0.48525  87.680338      52.061715    
51.020000 96.820000 0.500000 243.326706      0.13514  54.367889      94.980448    
67.029999 68.750000 0.500000 234.253296      0.09099  69.388507      66.368806    
53.349998 97.440002 0.500000 190.017807     -0.12250  56.718106      95.518756    
4.120000 54.410000 0.500000 306.292511      0.40905  6.0163718      54.233069    
74.209999 28.950001 0.500000 307.010010      0.41588  75.175133      26.342474    
41.610001 30.150000 0.500000 251.031693      0.19231  42.636873      28.679465    
48.830002 88.230003 0.500000 24.600000     -1.14430  51.879439      86.472113    
17.309999 21.830000 0.500000 587.953308      1.34849  18.061310      21.212592    
29.959999 2.250000 0.500000 439.236694      0.94924  30.020272      1.2030405    
69.629997 75.739998 0.500000 325.262512      0.47120  72.230868      73.263807    
41.849998 61.650002 0.500000 7.805000     -1.34849  43.976058      60.151903    
46.220001 95.160004 0.500000 179.164993     -0.18593  49.512881      93.488980    
42.869999 68.480003 0.500000 2.070000     -1.44842  45.233801      66.942145    
37.560001 51.680000 0.500000 122.061096     -0.47120  39.340726      50.337693    
60.110001 19.639999 0.500000 238.183304      0.10358  60.758810      17.530226    
22.100000 24.260000 0.500000 153.167801     -0.33517  22.933199      23.473943    
68.540001 6.040000 0.500000 532.397827      1.18126  68.709041      3.6443091    
63.040001 22.150000 0.500000 204.014496     -0.06585  63.774623      19.936443    
67.010002 90.459999 0.500000 83.134499     -0.71033  70.126190      88.066278    
88.900002 45.360001 0.500000 228.528900      0.06585  90.428888      42.229804    
15.300000 2.810000 0.500000 129.448898     -0.40225  15.388747      2.2743259    
19.170000 51.930000 0.500000 811.435791      1.89949  20.970653      51.229342    
53.820000 53.080002 0.500000 178.339996     -0.19870  55.639680      51.169376    
95.500000 98.809998 0.500000 61.423302     -0.85509  98.890243      95.416904    
64.000000 38.110001 0.500000 379.035889      0.65495  65.291033      35.853218    
12.310000 9.490000 0.500000 72.372200     -0.78492  12.633697      9.0546061    
95.680000 55.759998 0.500000 251.179993      0.19870  97.567710      52.386847    
78.650002 71.489998 0.500000 527.396729      1.15644  81.097055      68.701603    
1.410000 84.919998 0.500000 22.536699     -1.15644  4.3728062      84.819059    
56.090000 91.029999 0.500000 124.279999     -0.43646  59.232733      89.017033    
40.529999 56.889999 0.500000 29.884399     -1.12050  42.490742      55.440867    
55.049999 39.040001 0.500000 241.190002      0.11619  56.378940      37.095002    
76.470001 12.850000 0.500000 104.115799     -0.57174  76.871876      10.173408    
0.690000 40.000000 0.500000 283.859985      0.34845  2.0855595      39.951552    
14.940000 21.059999 0.500000 10.072500     -1.26047  15.665882      20.525771    
53.480000 10.030000 0.500000 266.564392      0.26956  53.797463      8.1574649    
49.389999 70.779999 0.500000 137.289200     -0.35512  51.830098      69.013196    
8.010000 96.000000 0.500000 122.753304     -0.46421  11.355472      95.661974    
79.790001 13.460000 0.500000 172.210800     -0.24365  80.211142      10.667170    
