With Rotated Coordinates: Normal Score Transform: pygeostat_saved_data
 7
X
Y
Z
value
NS_value
Rotated X
Rotated Y
47.770000 30.670000 0.500000 165.458893     -0.28911  47.227459      31.499030    
9.870000 72.339996 0.500000 227.343399      0.05957  8.6059897      72.501234    
7.600000 96.019997 0.500000 176.246704     -0.21150  5.9230625      96.138011    
45.610001 28.590000 0.500000 162.413300     -0.29565  45.104090      29.381650    
15.590000 18.379999 0.500000 609.767822      1.41353  15.266850      18.649283    
49.919998 70.309998 0.500000 137.289200     -0.36180  48.685316      71.170514    
45.279999 36.150002 0.500000 106.803299     -0.56437  44.642198      36.934741    
55.430000 40.709999 0.500000 348.921112      0.53522  54.711070      41.671186    
27.209999 96.120003 0.500000 1.954400     -1.46654  25.528329      96.580243    
98.510002 24.100000 0.500000 211.701096     -0.02193  98.074395      25.815566    
66.610001 86.760002 0.500000 389.505890      0.75959  65.085685      87.909293    
19.110001 44.990002 0.500000 243.880005      0.14780  18.321907      45.316665    
7.570000 37.660000 0.500000 317.177795      0.45029  6.9115894      37.786379    
83.400002 21.420000 0.500000 356.059998      0.57174  83.013469      22.872268    
64.959999 90.580002 0.500000 259.291687      0.23720  63.369266      91.699915    
42.099998 51.869999 0.500000 89.163300     -0.66274  41.188330      52.596845    
47.099998 74.160004 0.500000 503.107788      1.05265  45.798554      74.970717    
8.400000 40.540001 0.500000 156.662201     -0.31534  7.6912001      40.680427    
26.709999 21.860001 0.500000 391.565796      0.77642  26.324421      22.322825    
17.260000 44.430000 0.500000 221.412201      0.01567  16.481961      44.724462    
63.730000 29.290001 0.500000 583.816589      1.31801  63.209113      30.397782    
48.110001 7.190000 0.500000 49.231098     -0.90117  47.977191      8.0285402    
94.680000 30.120001 0.500000 4.586700     -1.38028  94.139913      31.767807    
35.970001 39.919998 0.500000 693.219971      1.60953  35.267823      40.541681    
22.820000 18.910000 0.500000 185.274506     -0.14147  22.486499      19.305384    
74.660004 90.839996 0.500000 66.292503     -0.83716  73.063256      92.129157    
23.320000 14.990000 0.500000 60.297798     -0.87330  23.054837      15.394707    
13.630000 3.270000 0.500000 18.743299     -1.19394  13.570855      3.5073783    
96.300003 55.360001 0.500000 261.944092      0.25011  95.319171      57.032236    
90.000000 54.610001 0.500000 0.000000     -3.02334  89.033217      56.172400    
31.809999 83.250000 0.500000 0.000000     -1.86273  30.352241      83.792482    
88.800003 70.250000 0.500000 398.127808      0.81950  87.560447      71.789074    
24.820000 4.220000 0.500000 248.990005      0.17319  24.742571      4.6525260    
77.059998 69.230003 0.500000 214.600006     -0.00313  75.840031      70.564341    
72.309998 80.580002 0.500000 495.592194      1.04181  70.892670      81.829713    
38.250000 63.270000 0.500000 0.308900     -1.54436  37.139961      63.927918    
54.380001 51.200001 0.500000 195.858398     -0.10358  53.478155      52.141265    
61.099998 81.419998 0.500000 184.214996     -0.15414  59.669717      82.473939    
67.459999 91.910004 0.500000 76.598900     -0.76798  65.845674      93.073345    
45.820000 53.419998 0.500000 41.741100     -0.96909  44.880714      54.211531    
17.549999 26.480000 0.500000 504.497803      1.07472  17.085186      26.782257    
35.360001 48.950001 0.500000 482.136597      0.99961  34.500320      49.559663    
97.570000 33.970001 0.500000 0.000000     -1.60953  96.962281      35.667658    
61.750000 77.190002 0.500000 236.482498      0.09729  60.393444      78.255932    
15.310000 64.599998 0.500000 858.669983      2.02859  14.180243      64.857355    
95.570000 22.150000 0.500000 284.837799      0.35512  95.168873      23.814553    
93.489998 21.629999 0.500000 282.811096      0.34180  93.098263      23.258330    
51.900002 78.660004 0.500000 251.459106      0.20509  50.519291      79.553804    
2.980000 64.540001 0.500000 177.182205     -0.20509  1.8531678      64.582179    
95.930000 40.509998 0.500000 9.561100     -1.31801  95.208392      42.178037    
65.389999 68.440002 0.500000 354.035614      0.56437  64.185597      69.570791    
39.599998 56.570000 0.500000 31.750000     -1.08595  38.606684      57.252499    
8.100000 54.740002 0.500000 281.348907      0.32854  7.1434216      54.873029    
26.799999 27.379999 0.500000 295.754211      0.38195  26.318070      27.843553    
50.599998 64.389999 0.500000 0.000000     -1.73636  49.468531      65.263284    
51.880001 44.160000 0.500000 402.385010      0.84609  51.101401      45.058705    
35.490002 43.410000 0.500000 867.247803      2.08028  34.726988      44.022774    
63.070000 60.150002 0.500000 48.055599     -0.92014  62.010632      61.241564    
92.989998 12.430000 0.500000 102.753304     -0.57913  92.758902      14.051006    
93.160004 89.589996 0.500000 12.638900     -1.23320  91.582254      91.202217    
91.660004 13.190000 0.500000 184.681702     -0.14780  91.415846      14.787679    
15.330000 16.450001 0.500000 384.345612      0.72655  15.040573      16.715041    
79.099998 90.010002 0.500000 165.626694     -0.28258  77.517060      91.376778    
90.900002 25.969999 0.500000 152.614395     -0.34180  90.432919      27.552467    
25.660000 82.690002 0.500000 0.000000     -1.68236  24.212952      83.125237    
19.950001 52.459999 0.500000 950.764893      2.28182  19.031409      52.800185    
66.459999 31.410000 0.500000 560.609985      1.24672  65.901697      32.565103    
54.970001 86.129997 0.500000 85.807503     -0.69429  53.458453      87.076238    
7.600000 16.309999 0.500000 221.636703      0.02193  7.3141938      16.440153    
31.090000 93.470001 0.500000 9.676700     -1.28871  29.453988      93.998360    
16.700001 94.089996 0.500000 605.390930      1.39671  15.055361      94.367121    
27.670000 89.550003 0.500000 0.000000     -2.67379  26.102923      90.019272    
2.330000 60.270000 0.500000 217.250000      0.00313  1.2777886      60.301485    
51.270000 51.439999 0.500000 179.943298     -0.17956  50.364440      52.326949    
36.020000 33.060001 0.500000 579.722473      1.30322  35.437537      33.683601    
5.170000 90.519997 0.500000 281.403290      0.33517  3.5894208      90.596439    
24.010000 23.379999 0.500000 126.393303     -0.41588  23.598306      23.795470    
4.130000 89.739998 0.500000 157.894196     -0.30877  2.5631921      89.798409    
71.370003 48.259998 0.500000 320.628387      0.46421  70.516880      49.498226    
56.779999 78.720001 0.500000 366.387512      0.60904  55.397498      79.698959    
35.040001 46.880001 0.500000 637.956726      1.46654  34.216495      47.484393    
80.500000 1.250000 0.500000 195.949997     -0.09729  80.465924      2.6547283    
64.330002 88.959999 0.500000 379.339996      0.66274  62.767638      90.069163    
0.730000 11.280000 0.500000 133.301697     -0.37522 0.53302567      11.291022    
1.570000 74.019997 0.500000 221.821701      0.02820 0.27793382      74.036124    
33.680000 65.059998 0.500000 1.560000     -1.48517  32.539417      65.637886    
58.000000 96.239998 0.500000 144.524399     -0.34845  56.311547      97.237580    
93.730003 13.310000 0.500000 175.593307     -0.21791  93.483436      14.943787    
48.590000 51.540001 0.500000 47.275600     -0.92975  47.683102      52.380164    
28.309999 12.070000 0.500000 407.453308      0.86416  28.095037      12.562239    
75.080002 29.490000 0.500000 440.246613      0.95912  74.553895      30.795835    
74.519997 12.220000 0.500000 129.481705     -0.39546  74.295379      13.518692    
91.449997 51.290001 0.500000 0.737500     -1.50432  90.540935      52.878212    
33.529999 41.450001 0.500000 873.608826      2.13821  32.801490      42.028867    
76.099998 32.490002 0.500000 690.503418      1.58706  75.521379      33.813182    
1.230000 6.750000 0.500000 0.000000     -2.13821  1.1120089      6.7704384    
13.510000 52.820000 0.500000 657.721130      1.50432  12.586106      53.047737    
73.830002 67.790001 0.500000 249.382202      0.17956  72.635659      69.068187    
96.940002 76.330002 0.500000 168.319199     -0.26307  95.593095      78.010213    
18.549999 11.190000 0.500000 78.788902     -0.74297  18.351881      11.512038    
66.040001 26.000000 0.500000 83.500000     -0.70229  65.576180      27.148597    
73.620003 92.360001 0.500000 31.715599     -1.09732  71.996886      93.630780    
24.799999 36.230000 0.500000 521.259216      1.10884  24.163921      36.657302    
31.170000 91.220001 0.500000 3.835000     -1.39671  29.573244      91.750099    
32.279999 86.070000 0.500000 0.000000     -2.49771  30.772954      86.620255    
63.939999 13.170000 0.500000 275.706696      0.29565  63.700412      14.283901    
61.380001 26.830000 0.500000 360.353302      0.57913  60.902404      27.897142    
70.629997 6.870000 0.500000 584.732178      1.33310  70.499342      8.1016171    
59.980000 48.279999 0.500000 341.205811      0.51365  59.128263      49.319441    
1.330000 1.900000 0.500000 6.237500     -1.36421  1.2966379      1.9229223    
31.940001 20.420000 0.500000 368.518311      0.61660  31.578758      20.974320    
24.379999 74.949997 0.500000 119.525002     -0.49940  23.068228      75.364071    
25.160000 19.120001 0.500000 333.786713      0.49940  24.822478      19.556191    
3.900000 37.470001 0.500000 503.402191      1.06362  3.2454643      37.532359    
32.400002 97.730003 0.500000 30.643299     -1.10884  30.689444      98.280576    
9.170000 41.200001 0.500000 107.566704     -0.55704  8.4495642      41.353765    
80.010002 7.490000 0.500000 370.774414      0.62419  79.867098      8.8852263    
54.919998 58.619999 0.500000 206.190796     -0.04074  53.888573      59.569557    
20.139999 44.240002 0.500000 281.014404      0.32194  19.364837      44.584755    
82.610001 97.559998 0.500000 0.000000     -2.02859  80.894762      98.986882    
67.669998 27.830000 0.500000 234.181107      0.08470  67.173991      29.006766    
6.630000 41.820000 0.500000 204.248306     -0.05329  5.8991306      41.929340    
86.440002 37.959999 0.500000 434.297485      0.92975  85.764343      39.462804    
94.599998 54.169998 0.500000 121.685799     -0.47821  93.640193      55.812745    
41.000000 75.160004 0.500000 128.122498     -0.40905  39.682033      75.864105    
33.770000 52.139999 0.500000 422.572205      0.88251  32.854888      52.721426    
47.200001 51.880001 0.500000 40.224400     -0.98933  46.287381      52.695853    
82.349998 34.660000 0.500000 538.076721      1.19394  81.732555      36.091927    
12.390000 87.220001 0.500000 292.411102      0.37522  10.865914      87.422952    
44.560001 57.200001 0.500000 9.940000     -1.27446  43.554937      57.968968    
65.089996 85.129997 0.500000 391.724487      0.78492  63.594359      86.253008    
36.639999 80.300003 0.500000 12.637500     -1.24672  35.232990      80.927229    
2.220000 95.660004 0.500000 156.317795     -0.32194 0.55016463      95.684179    
8.290000 57.060001 0.500000 178.806702     -0.19231  7.2929031      57.195991    
68.379997 63.090000 0.500000 40.496700     -0.97916  67.268510      64.273787    
69.510002 58.639999 0.500000 82.922501     -0.71842  68.476006      59.844185    
13.370000 68.120003 0.500000 422.587799      0.89180  12.179106      68.342967    
97.529999 64.089996 0.500000 364.784393      0.59402  96.396620      65.782368    
85.870003 13.420000 0.500000 380.245605      0.68634  85.622713      14.916594    
91.760002 21.070000 0.500000 191.898407     -0.10989  91.378304      22.668224    
85.739998 1.380000 0.500000 433.018890      0.91061  85.702855      2.8761591    
73.050003 91.500000 0.500000 44.242199     -0.94924  71.441982      92.760962    
23.030001 88.080002 0.500000 350.576691      0.54246  21.489285      88.468516    
93.620003 35.830002 0.500000 69.283302     -0.79348  92.980424      37.458439    
82.989998 33.799999 0.500000 600.266724      1.38028  82.387467      35.243226    
34.810001 91.769997 0.500000 39.395802     -1.03109  33.203092      92.363538    
69.800003 56.380001 0.500000 171.267502     -0.25011  68.805405      57.589592    
43.669998 5.170000 0.500000 208.476700     -0.03447  43.573118      5.9313591    
28.309999 30.230000 0.500000 471.301086      0.98933  27.778101      30.719473    
61.980000 87.940002 0.500000 212.728302     -0.01567  60.435796      89.008308    
82.620003 66.489998 0.500000 120.147797     -0.49231  81.447009      67.921789    
80.769997 80.260002 0.500000 250.077805      0.18593  79.356965      81.657409    
7.670000 94.809998 0.500000 98.174400     -0.63183  6.0141692      94.929418    
93.040001 72.360001 0.500000 182.238907     -0.16683  91.762974      73.972752    
87.290001 68.529999 0.500000 307.188904      0.42958  86.080693      70.042982    
68.000000 65.019997 0.500000 67.194397     -0.82830  66.854888      66.196858    
33.060001 85.930000 0.500000 0.000000     -1.58706  31.555281      86.493889    
31.920000 48.480000 0.500000 710.625916      1.65710  31.069046      49.029697    
74.099998 67.690002 0.500000 180.654205     -0.17319  72.907359      68.972916    
64.680000 71.820000 0.500000 510.158295      1.09732  63.416717      72.937883    
83.120003 77.790001 0.500000 373.781097      0.63183  81.749721      79.228797    
46.910000 71.419998 0.500000 108.184998     -0.54974  45.656405      72.227813    
2.480000 23.910000 0.500000 252.805603      0.21791  2.0623352      23.949640    
4.700000 41.299999 0.500000 244.548294      0.15414  3.9784998      41.375735    
41.310001 24.270000 0.500000 425.486694      0.90117  40.880139      24.987262    
38.599998 74.730003 0.500000 39.917801     -0.99961  37.289901      75.392284    
47.919998 77.849998 0.500000 627.306580      1.43076  46.554030      78.674460    
13.000000 50.560001 0.500000 392.078888      0.79348  12.115626      50.779182    
32.009998 79.540001 0.500000 0.000000     -1.82833  30.616958      80.086538    
6.670000 60.849998 0.500000 154.851700     -0.32854  5.6070052      60.957138    
9.160000 37.529999 0.500000 243.003296      0.12882  8.5036161      37.684147    
68.230003 21.290001 0.500000 0.000000     -1.79597  67.848049      22.477536    
36.750000 64.529999 0.500000 2.398300     -1.43076  35.618199      65.161547    
76.220001 94.800003 0.500000 20.676701     -1.18126  74.553904      96.115787    
29.459999 71.599998 0.500000 0.000000     -1.98181  28.205920      72.103241    
32.310001 2.820000 0.500000 238.321106      0.10989  32.255864      3.3834578    
27.360001 54.590000 0.500000 401.113312      0.83716  26.403107      55.059184    
12.230000 46.340000 0.500000 166.036697     -0.27606  11.419393      46.546385    
47.840000 48.700001 0.500000 246.417801      0.16048  46.982782      49.527507    
38.160000 82.959999 0.500000 91.463303     -0.64720  36.706336      83.613348    
26.230000 60.860001 0.500000 526.869202      1.14430  25.163852      61.308508    
2.270000 24.940001 0.500000 793.451111      1.86273  1.8343912      24.975819    
32.290001 38.209999 0.500000 787.488770      1.82833  31.618227      38.767718    
93.449997 77.199997 0.500000 222.843307      0.04074  92.088438      78.819166    
46.310001 12.090000 0.500000 82.468300     -0.72655  46.091948      12.896380    
60.639999 13.740000 0.500000 242.073303      0.12250  60.390967      14.796221    
27.080000 83.500000 0.500000 0.000000     -1.63285  25.618600      83.959894    
20.639999 34.169998 0.500000 412.755493      0.87330  20.040507      34.525011    
0.910000 51.700001 0.500000 365.538300      0.60151 0.75719793E-02  51.708009    
74.199997 59.790001 0.500000 79.400803     -0.73474  73.145217      61.075863    
81.849998 88.290001 0.500000 223.478302      0.04702  80.296659      89.705033    
10.790000 20.299999 0.500000 482.946686      1.00999  10.434073      20.485219    
16.750000 10.030000 0.500000 77.680000     -0.75959  16.572401      10.320800    
90.989998 93.660004 0.500000 3.380000     -1.41353  89.341547      95.233734    
85.900002 66.820000 0.500000 102.451103     -0.59402  84.720749      68.308985    
80.320000 45.880001 0.500000 202.179993     -0.07841  79.507050      47.274791    
18.309999 34.560001 0.500000 392.114502      0.80209  17.704055      34.874291    
12.000000 9.680000 0.500000 72.372200     -0.77642  11.829233      9.8879546    
92.029999 36.970001 0.500000 98.325600     -0.62419  91.370767      38.570515    
62.450001 57.750000 0.500000 243.808899      0.14147  61.432613      58.831107    
16.930000 71.489998 0.500000 758.139893      1.70874  15.679749      71.774579    
85.620003 13.360000 0.500000 380.245605      0.67843  85.373799      14.852240    
68.769997 81.690002 0.500000 531.277771      1.16876  67.333836      82.877762    
76.739998 77.860001 0.500000 381.125000      0.71033  75.369466      79.187440    
21.420000 51.090000 0.500000 1046.204102      2.49771  20.525094      51.456049    
50.400002 38.419998 0.500000 0.000000     -2.37603  49.721804      39.293748    
40.270000 60.759998 0.500000 9.652200     -1.30322  39.203459      61.453552    
63.320000 42.470001 0.500000 220.183304      0.00940  62.569152      43.568619    
67.360001 74.000000 0.500000 288.287811      0.36180  66.058264      75.164324    
21.879999 49.770000 0.500000 1052.666626      2.67379  21.008060      50.144278    
36.980000 92.150002 0.500000 113.063301     -0.52800  35.366128      92.781357    
27.730000 71.970001 0.500000 0.000000     -1.76538  26.469727      72.442995    
74.290001 17.010000 0.500000 67.517502     -0.81077  73.981821      18.303949    
25.879999 79.059998 0.500000 0.000000     -1.65710  24.496270      79.499625    
67.639999 59.799999 0.500000 43.964401     -0.95912  66.586043      60.971372    
1.220000 52.860001 0.500000 255.509995      0.22433 0.29727997      52.873242    
93.440002 35.439999 0.500000 69.283302     -0.80209  92.807257      37.065354    
79.900002 47.689999 0.500000 543.423279      1.21991  79.055528      49.077183    
81.919998 64.570000 0.500000 60.377499     -0.86416  80.780619      65.989867    
5.320000 57.540001 0.500000 109.627800     -0.54246  4.3149783      57.624084    
8.910000 84.459999 0.500000 124.153297     -0.44337  7.4346127      84.602636    
31.600000 88.669998 0.500000 0.179200     -1.56535  30.047682      89.207989    
84.910004 40.880001 0.500000 226.672501      0.05329  84.183617      42.355659    
76.980003 13.630000 0.500000 35.395000     -1.05265  76.730402      14.971410    
17.680000 34.750000 0.500000 566.364380      1.27446  17.070836      35.053266    
94.589996 20.700001 0.500000 380.462494      0.69429  94.214325      22.347671    
11.050000 40.029999 0.500000 88.750801     -0.67056  10.349697      40.216751    
53.939999 81.260002 0.500000 209.818893     -0.02820  52.513601      82.189008    
80.480003 71.070000 0.500000 384.741089      0.73474  79.227403      72.463745    
42.849998 13.670000 0.500000 489.567810      1.03109  42.604897      14.415754    
30.930000 33.509998 0.500000 487.525604      1.02048  30.340459      34.044697    
37.320000 52.200001 0.500000 100.346703     -0.60151  36.403300      52.843374    
3.200000 24.650000 0.500000 592.384521      1.36421  2.7693108      24.702093    
88.820000 25.110001 0.500000 167.223297     -0.26956  88.368242      26.656299    
25.770000 62.709999 0.500000 1116.698853      3.02334  24.671635      63.150196    
6.680000 15.420000 0.500000 125.688301     -0.42958  6.4098665      15.534234    
94.639999 70.379997 0.500000 173.630798     -0.23720  93.397285      72.020974    
19.870001 40.950001 0.500000 230.916702      0.07213  19.152299      41.290543    
79.629997 12.040000 0.500000 252.419205      0.21150  79.407742      13.427901    
19.790001 69.800003 0.500000 966.505798      2.37603  18.568809      70.134755    
18.750000 34.380001 0.500000 392.114502      0.81077  18.147131      34.701997    
88.919998 11.070000 0.500000 363.809998      0.58656  88.713257      12.620182    
34.790001 92.660004 0.500000 39.698299     -1.00999  33.167562      93.253061    
73.820000 30.500000 0.500000 454.374512      0.96909  73.276458      31.783691    
97.459999 2.840000 0.500000 45.026699     -0.93945  97.395591      4.5404790    
2.500000 87.750000 0.500000 48.753300     -0.91061 0.96817058      87.780266    
57.720001 71.269997 0.500000 267.186615      0.27606  56.467377      72.266495    
41.360001 64.589996 0.500000 0.338300     -1.52403  40.226451      65.301990    
46.320000 46.959999 0.500000 94.539200     -0.63950  45.493380      47.761242    
67.650002 94.690002 0.500000 21.767799     -1.16876  65.987130      95.856236    
63.009998 44.820000 0.500000 326.717804      0.47821  62.218184      45.912850    
96.040001 11.960000 0.500000 60.224201     -0.88251  95.816643      13.634308    
75.529999 19.100000 0.500000 198.786697     -0.09099  75.185154      20.415271    
68.400002 0.740000 0.500000 302.006592      0.38870  68.376670      1.9336319    
94.730003 25.520000 0.500000 169.210007     -0.25658  94.270190      27.169380    
48.490002 35.430000 0.500000 99.867798     -0.60904  47.864278      36.270871    
72.930000 33.509998 0.500000 703.957825      1.63285  72.334062      34.777698    
25.639999 46.139999 0.500000 675.173279      1.56535  24.830840      46.580451    
33.130001 84.809998 0.500000 0.000000     -1.93901  31.644817      85.375279    
48.369999 73.610001 0.500000 353.802307      0.55704  47.077960      74.442963    
4.510000 84.400002 0.500000 87.820801     -0.67843  3.0363300      84.465858    
50.990002 85.870003 0.500000 123.779999     -0.45029  49.483598      86.746823    
97.769997 72.550003 0.500000 174.776703     -0.22433  96.488934      74.245275    
15.530000 27.490000 0.500000 552.091125      1.23320  15.047868      27.756849    
40.730000 34.000000 0.500000 376.048889      0.64720  40.130415      34.705658    
95.900002 54.080002 0.500000 190.727798     -0.11619  94.941570      55.745451    
51.110001 61.689999 0.500000 13.745800     -1.21991  50.025578      62.572596    
0.710000 15.010000 0.500000 541.830017      1.20682 0.44793124      15.020105    
84.239998 18.990000 0.500000 189.624207     -0.12882  83.895747      20.457298    
79.750000 33.730000 0.500000 661.240784      1.52403  79.149184      35.116692    
59.619999 89.620003 0.500000 173.994202     -0.23076  58.046834      90.646866    
48.759998 68.940002 0.500000 59.902199     -0.89180  47.549403      69.780481    
6.590000 51.660000 0.500000 291.429993      0.36850  5.6874050      51.767143    
83.860001 26.010000 0.500000 264.592194      0.25658  83.393292      27.469597    
42.790001 96.430000 0.500000 255.968903      0.23076  41.100548      97.162102    
92.699997 69.769997 0.500000 403.806702      0.85509  91.468224      71.377209    
72.050003 88.169998 0.500000 186.004501     -0.13514  70.500251      89.414015    
79.690002 60.650002 0.500000 17.831699     -1.20682  78.619376      62.031547    
51.590000 53.669998 0.500000 87.330002     -0.68634  50.645472      54.562193    
84.309998 20.730000 0.500000 248.578293      0.16683  83.935369      22.198255    
12.080000 8.860000 0.500000 65.804398     -0.84609  11.923532      9.0694756    
54.220001 37.540001 0.500000 353.527496      0.54974  53.556580      38.480553    
85.489998 11.270000 0.500000 329.742188      0.48525  85.280289      12.760290    
55.070000 49.650002 0.500000 387.017792      0.74297  54.195101      50.603544    
97.480003 22.440001 0.500000 390.797791      0.76798  97.073524      24.137844    
96.790001 10.990000 0.500000 77.776703     -0.75125  96.583457      12.677545    
63.770000 92.089996 0.500000 275.635590      0.28911  62.153095      93.188910    
16.270000 63.209999 0.500000 850.188416      1.93901  15.164355      63.484322    
50.820000 1.690000 0.500000 436.088898      0.93945  50.782765      2.5766739    
29.600000 82.019997 0.500000 0.000000     -2.28182  28.164045      82.524096    
65.139999 34.000000 0.500000 853.871094      1.98181  64.536696      35.131671    
88.959999 75.620003 0.500000 770.246582      1.73636  87.626699      77.161052    
55.360001 19.740000 0.500000 380.807800      0.70229  55.007059      20.703159    
22.219999 67.790001 0.500000 935.685608      2.20435  21.033516      68.167469    
46.060001 21.910000 0.500000 384.064209      0.71842  45.670604      22.710521    
29.799999 8.270000 0.500000 638.325928      1.48517  29.651129      8.7888221    
64.629997 73.800003 0.500000 524.684082      1.12050  63.332166      74.916712    
4.890000 61.779999 0.500000 280.351593      0.31534  3.8110456      61.855932    
60.799999 58.939999 0.500000 316.935486      0.44337  59.762094      59.992128    
88.519997 13.470000 0.500000 387.201111      0.75125  88.271431      15.012835    
53.099998 35.279999 0.500000 463.678894      0.97916  52.476190      36.201348    
27.129999 88.139999 0.500000 0.000000     -2.08028  25.587612      88.600059    
59.119999 86.430000 0.500000 183.335007     -0.16048  57.602583      87.448623    
17.379999 2.640000 0.500000 399.093292      0.82830  17.331278      2.9429207    
87.150002 73.959999 0.500000 573.659973      1.28871  85.845949      75.469712    
68.690002 16.629999 0.500000 102.680000     -0.58656  68.389307      17.826272    
41.830002 79.540001 0.500000 265.543304      0.26307  40.435467      80.257921    
96.559998 71.070000 0.500000 302.010010      0.39546  95.304949      72.744380    
70.889999 15.290000 0.500000 113.223297     -0.52081  70.612355      16.524872    
44.040001 35.000000 0.500000 130.813293     -0.38195  43.422459      35.763273    
92.050003 15.520000 0.500000 116.404404     -0.50651  91.765122      17.124130    
70.889999 9.580000 0.500000 433.545593      0.92014  70.712008      10.815742    
9.630000 73.029999 0.500000 202.009995     -0.08470  8.3539841      73.186943    
1.450000 10.740000 0.500000 35.651699     -1.04181  1.2623403      10.763670    
39.570000 93.070000 0.500000 303.622498      0.40225  37.939678      93.746417    
71.769997 32.430000 0.500000 777.927490      1.76538  71.193085      33.677620    
92.860001 77.269997 0.500000 317.932190      0.45724  91.497311      78.878859    
24.629999 91.279999 0.500000 35.264198     -1.06362  23.033192      91.695949    
96.800003 4.240000 0.500000 116.368301     -0.51365  96.711262      5.9287472    
30.100000 24.840000 0.500000 565.086670      1.26047  29.661898      25.361534    
31.129999 85.430000 0.500000 0.000000     -2.20435  29.634299      85.960282    
61.040001 80.360001 0.500000 203.269196     -0.07213  59.628229      81.413057    
63.599998 8.890000 0.500000 111.348900     -0.53522  63.435160      9.9986190    
86.169998 83.309998 0.500000 90.789200     -0.65495  84.702914      84.801183    
95.180000 79.279999 0.500000 122.989998     -0.45724  93.781877      80.929044    
59.049999 79.599998 0.500000 307.124207      0.42272  57.651794      80.618439    
86.540001 88.620003 0.500000 34.825802     -1.07472  84.980188      90.116837    
32.369999 71.250000 0.500000 0.000000     -1.70874  31.121585      71.804083    
29.650000 50.220001 0.500000 736.379089      1.68236  28.769024      50.729816    
43.220001 34.160000 0.500000 133.536697     -0.36850  42.617244      34.909090    
4.500000 17.070000 0.500000 525.046692      1.13232  4.2014021      17.145936    
89.480003 81.910004 0.500000 204.796707     -0.04702  88.036848      83.459170    
54.820000 8.580000 0.500000 336.181702      0.50651  54.661909      9.5354341    
56.200001 51.869999 0.500000 279.084991      0.30220  55.286185      52.842924    
51.639999 90.620003 0.500000 126.360001     -0.42272  50.050597      91.507443    
94.669998 96.849998 0.500000 25.564199     -1.13232  92.965314      98.487467    
37.590000 64.080002 0.500000 7.962200     -1.33310  36.465925      64.726278    
54.939999 23.650000 0.500000 508.951691      1.08595  54.518882      24.605233    
98.269997 44.169998 0.500000 212.814407     -0.00940  97.484157      45.878319    
52.020000 35.240002 0.500000 333.071106      0.49231  51.397054      36.142509    
78.120003 17.170000 0.500000 280.234406      0.30877  77.808447      18.530767    
81.510002 85.169998 0.500000 374.584106      0.63950  80.011166      86.579572    
59.320000 17.770000 0.500000 268.214111      0.28258  59.000836      18.802570    
89.500000 25.920000 0.500000 160.259995     -0.30220  89.034002      27.478043    
97.330002 43.990002 0.500000 39.524399     -1.02048  96.547447      45.681945    
61.369999 94.540001 0.500000 99.828300     -0.61660  59.710702      95.596656    
25.670000 17.990000 0.500000 314.437805      0.43646  25.352122      18.435263    
38.869999 40.200001 0.500000 667.809998      1.54436  38.162492      40.872253    
84.489998 22.559999 0.500000 204.233307     -0.05957  84.083403      24.031117    
11.460000 77.769997 0.500000 260.986694      0.24365  10.100981      77.958157    
94.050003 5.860000 0.500000 231.270798      0.07841  93.933408      7.5005064    
1.320000 49.240002 0.500000 347.124115      0.52081 0.46044244      49.255540    
8.250000 29.570000 0.500000 785.291077      1.79597  7.7326758      29.709479    
45.700001 5.110000 0.500000 222.167801      0.03447  45.603859      5.9067967    
17.830000 71.849998 0.500000 629.206726      1.44842  16.573329      72.150231    
43.700001 6.870000 0.500000 379.435608      0.67056  43.573447      7.6316238    
67.430000 5.300000 0.500000 348.535614      0.52800  67.327232      6.4760085    
90.410004 56.110001 0.500000 0.000000     -1.89949  89.416980      57.679327    
59.259998 98.440002 0.500000 67.496696     -0.81950  57.532958      99.459239    
38.470001 50.500000 0.500000 130.483307     -0.38870  37.582795      51.163703    
85.809998 55.090000 0.500000 120.544403     -0.48525  84.835476      56.579200    
51.020000 96.820000 0.500000 243.326706      0.13514  49.322487      97.695676    
67.029999 68.750000 0.500000 234.253296      0.09099  65.819937      69.909364    
53.349998 97.440002 0.500000 190.017807     -0.12250  51.641310      98.356247    
4.120000 54.410000 0.500000 306.292511      0.40905  3.1697871      54.473617    
74.209999 28.950001 0.500000 307.010010      0.41588  73.693449      30.240735    
41.610001 30.150000 0.500000 251.031693      0.19231  41.077474      30.871603    
48.830002 88.230003 0.500000 24.600000     -1.14430  47.282739      89.068766    
17.309999 21.830000 0.500000 587.953308      1.34849  16.926377      22.128776    
29.959999 2.250000 0.500000 439.236694      0.94924  29.916168      2.7725314    
69.629997 75.739998 0.500000 325.262512      0.47120  68.297547      76.943673    
41.849998 61.650002 0.500000 7.805000     -1.34849  40.767683      62.370996    
46.220001 95.160004 0.500000 179.164993     -0.18593  44.552190      95.952161    
42.869999 68.480003 0.500000 2.070000     -1.44842  41.668329      69.217758    
37.560001 51.680000 0.500000 122.061096     -0.47120  36.652340      52.327641    
60.110001 19.639999 0.500000 238.183304      0.10358  59.758081      20.686072    
22.100000 24.260000 0.500000 153.167801     -0.33517  21.673239      24.642003    
68.540001 6.040000 0.500000 532.397827      1.18126  68.424149      7.2352680    
63.040001 22.150000 0.500000 204.014496     -0.06585  62.643829      23.246826    
67.010002 90.459999 0.500000 83.134499     -0.71033  65.421051      91.615707    
88.900002 45.360001 0.500000 228.528900      0.06585  88.094821      46.904611    
15.300000 2.810000 0.500000 129.448898     -0.40225  15.248628      3.0765938    
19.170000 51.930000 0.500000 811.435791      1.89949  18.260777      52.256653    
53.820000 53.080002 0.500000 178.339996     -0.19870  52.885429      54.011206    
95.500000 98.809998 0.500000 61.423302     -0.85509  93.760983      100.46165    
64.000000 38.110001 0.500000 379.035889      0.65495  63.325141      39.221151    
12.310000 9.490000 0.500000 72.372200     -0.78492  12.142502      9.7033937    
95.680000 55.759998 0.500000 251.179993      0.19870  94.692281      57.421352    
78.650002 71.489998 0.500000 527.396729      1.15644  77.390351      72.851742    
1.410000 84.919998 0.500000 22.536699     -1.15644 -.72273058E-01  84.931672    
56.090000 91.029999 0.500000 124.279999     -0.43646  54.492765      91.995040    
40.529999 56.889999 0.500000 29.884399     -1.12050  39.530959      57.588680    
55.049999 39.040001 0.500000 241.190002      0.11619  54.360273      39.994810    
76.470001 12.850000 0.500000 104.115799     -0.57174  76.234091      14.182628    
0.690000 40.000000 0.500000 283.859985      0.34845 -.82013424E-02  40.005950    
14.940000 21.059999 0.500000 10.072500     -1.26047  14.570177      21.317530    
53.480000 10.030000 0.500000 266.564392      0.26956  53.296807      10.961827    
49.389999 70.779999 0.500000 137.289200     -0.35512  48.147195      71.631193    
8.010000 96.000000 0.500000 122.753304     -0.46421  6.3333490      96.125173    
79.790001 13.460000 0.500000 172.210800     -0.24365  79.542939      14.850477    
