With Rotated Coordinates: Normal Score Transform: pygeostat_saved_data
 7
X
Y
Z
value
NS_value
Rotated X
Rotated Y
47.770000 30.670000 0.500000 165.458893     -0.28911  51.151662      24.619692    
9.870000 72.339996 0.500000 227.343399      0.05957  18.612458      70.597934    
7.600000 96.019997 0.500000 176.246704     -0.21150  19.245245      94.378072    
45.610001 28.590000 0.500000 162.413300     -0.29565  48.754275      22.818434    
15.590000 18.379999 0.500000 609.767822      1.41353  17.713753      16.343054    
49.919998 70.309998 0.500000 137.289200     -0.36180  58.116535      63.702201    
45.279999 36.150002 0.500000 106.803299     -0.56437  49.348066      30.362302    
55.430000 40.709999 0.500000 348.921112      0.53522  59.978134      33.651335    
27.209999 96.120003 0.500000 1.954400     -1.46654  38.721261      92.087474    
98.510002 24.100000 0.500000 211.701096     -0.02193  100.71277      11.915013    
66.610001 86.760002 0.500000 389.505890      0.75959  76.686885      77.995589    
19.110001 44.990002 0.500000 243.880005      0.14780  24.450460      42.325730    
7.570000 37.660000 0.500000 317.177795      0.45029  12.103174      36.456737    
83.400002 21.420000 0.500000 356.059998      0.57174  85.388792      11.096435    
64.959999 90.580002 0.500000 259.291687      0.23720  75.514722      81.988200    
42.099998 51.869999 0.500000 89.163300     -0.66274  48.107554      46.352669    
47.099998 74.160004 0.500000 503.107788      1.05265  55.786753      67.867181    
8.400000 40.540001 0.500000 156.662201     -0.31534  13.277971      39.214120    
26.709999 21.860001 0.500000 391.565796      0.77642  29.174971      18.441930    
17.260000 44.430000 0.500000 221.412201      0.01567  22.546001      41.995361    
63.730000 29.290001 0.500000 583.816589      1.31801  66.824519      21.304945    
48.110001 7.190000 0.500000 49.231098     -0.90117  48.627637      1.2732726    
94.680000 30.120001 0.500000 4.586700     -1.38028  97.644974      18.356902    
35.970001 39.919998 0.500000 693.219971      1.60953  40.566910      35.238800    
22.820000 18.910000 0.500000 185.274506     -0.14147  24.954452      15.987989    
74.660004 90.839996 0.500000 66.292503     -0.83716  85.174110      81.064123    
23.320000 14.990000 0.500000 60.297798     -0.87330  24.972998      12.036274    
13.630000 3.270000 0.500000 18.743299     -1.19394  13.926917      1.5845468    
96.300003 55.360001 0.500000 261.944092      0.25011  102.32888      43.211338    
90.000000 54.610001 0.500000 0.000000     -3.02334  95.984439      43.234706    
31.809999 83.250000 0.500000 0.000000     -1.86273  41.718515      78.752803    
88.800003 70.250000 0.500000 398.127808      0.81950  96.699423      58.904369    
24.820000 4.220000 0.500000 248.990005      0.17319  25.149284      1.1637477    
77.059998 69.230003 0.500000 214.600006     -0.00313  84.922619      59.322722    
72.309998 80.580002 0.500000 495.592194      1.04181  81.591242      71.166999    
38.250000 63.270000 0.500000 0.308900     -1.54436  45.675564      58.136893    
54.380001 51.200001 0.500000 195.858398     -0.10358  60.214371      44.191109    
61.099998 81.419998 0.500000 184.214996     -0.15414  70.567170      73.366889    
67.459999 91.910004 0.500000 76.598900     -0.76798  78.158174      83.003615    
45.820000 53.419998 0.500000 41.741100     -0.96909  51.988725      47.437760    
17.549999 26.480000 0.500000 504.497803      1.07472  20.646284      24.143815    
35.360001 48.950001 0.500000 482.136597      0.99961  41.061937      44.275835    
97.570000 33.970001 0.500000 0.000000     -1.60953  100.98263      21.826002    
61.750000 77.190002 0.500000 236.482498      0.09729  70.696820      69.089208    
15.310000 64.599998 0.500000 858.669983      2.02859  23.068641      62.252660    
95.570000 22.150000 0.500000 284.837799      0.35512  97.557042      10.337844    
93.489998 21.629999 0.500000 282.811096      0.34180  95.429171      10.075208    
51.900002 78.660004 0.500000 251.459106      0.20509  61.099390      71.748665    
2.980000 64.540001 0.500000 177.182205     -0.20509  10.823235      63.695759    
95.930000 40.509998 0.500000 9.561100     -1.31801  100.15188      28.517117    
65.389999 68.440002 0.500000 354.035614      0.56437  73.243330      59.960824    
39.599998 56.570000 0.500000 31.750000     -1.08595  46.198974      51.322310    
8.100000 54.740002 0.500000 281.348907      0.32854  14.710752      53.344837    
26.799999 27.379999 0.500000 295.754211      0.38195  29.937018      23.909814    
50.599998 64.389999 0.500000 0.000000     -1.73636  58.070000      57.743457    
51.880001 44.160000 0.500000 402.385010      0.84609  56.875046      37.508256    
35.490002 43.410000 0.500000 867.247803      2.08028  40.515813      38.761285    
63.070000 60.150002 0.500000 48.055599     -0.92014  69.930327      52.015354    
92.989998 12.430000 0.500000 102.753304     -0.57913  93.811701      1.0047188    
93.160004 89.589996 0.500000 12.638900     -1.23320  103.38388      77.568857    
91.660004 13.190000 0.500000 184.681702     -0.14780  92.584241      1.9211393    
15.330000 16.450001 0.500000 384.345612      0.72655  17.220483      14.459128    
79.099998 90.010002 0.500000 165.626694     -0.28258  89.479858      79.699216    
90.900002 25.969999 0.500000 152.614395     -0.34180  93.387394      14.698499    
25.660000 82.690002 0.500000 0.000000     -1.68236  35.546110      78.946476    
19.950001 52.459999 0.500000 950.764893      2.28182  26.194562      49.637677    
66.459999 31.410000 0.500000 560.609985      1.24672  69.792532      23.076438    
54.970001 86.129997 0.500000 85.807503     -0.69429  65.056869      78.788839    
7.600000 16.309999 0.500000 221.636703      0.02193  9.5310396      15.262220    
31.090000 93.470001 0.500000 9.676700     -1.28871  42.249387      88.984372    
16.700001 94.089996 0.500000 605.390930      1.39671  28.042208      91.353445    
27.670000 89.550003 0.500000 0.000000     -2.67379  38.377152      85.510386    
2.330000 60.270000 0.500000 217.250000      0.00313  9.6576978      59.536801    
51.270000 51.439999 0.500000 179.943298     -0.17956  57.156800      44.808332    
36.020000 33.060001 0.500000 579.722473      1.30322  39.780513      28.423843    
5.170000 90.519997 0.500000 281.403290      0.33517  16.163076      89.215210    
24.010000 23.379999 0.500000 126.393303     -0.41588  26.680338      20.279645    
4.130000 89.739998 0.500000 157.894196     -0.30877  15.035770      88.567769    
71.370003 48.259998 0.500000 320.628387      0.46421  76.719436      39.202460    
56.779999 78.720001 0.500000 366.387512      0.60904  65.950324      71.213493    
35.040001 46.880001 0.500000 637.956726      1.46654  40.492053      42.260263    
80.500000 1.250000 0.500000 195.949997     -0.09729  80.052302     -8.5697994    
64.330002 88.959999 0.500000 379.339996      0.66274  74.691993      80.457050    
0.730000 11.280000 0.500000 133.301697     -0.37522  2.0992449      11.106956    
1.570000 74.019997 0.500000 221.821701      0.02820  10.579066      73.276928    
33.680000 65.059998 0.500000 1.560000     -1.48517  41.357774      60.470491    
58.000000 96.239998 0.500000 144.524399     -0.34845  69.296382      88.454218    
93.730003 13.310000 0.500000 175.593307     -0.21791  94.653435      1.7879754    
48.590000 51.540001 0.500000 47.275600     -0.92975  54.508964      45.234198    
28.309999 12.070000 0.500000 407.453308      0.86416  29.569944      8.5299111    
75.080002 29.490000 0.500000 440.246613      0.95912  78.114294      20.120236    
74.519997 12.220000 0.500000 129.481705     -0.39546  75.453780      3.0472109    
91.449997 51.290001 0.500000 0.737500     -1.50432  97.019021      39.762742    
33.529999 41.450001 0.500000 873.608826      2.13821  38.331556      37.054760    
76.099998 32.490002 0.500000 690.503418      1.58706  79.492295      22.973570    
1.230000 6.750000 0.500000 0.000000     -2.13821  2.0434498      6.5497872    
13.510000 52.820000 0.500000 657.721130      1.50432  19.846437      50.779833    
73.830002 67.790001 0.500000 249.382202      0.17956  81.541207      58.287091    
96.940002 76.330002 0.500000 168.319199     -0.26307  105.51971      63.947035    
18.549999 11.190000 0.500000 78.788902     -0.74297  19.775448      8.8459153    
66.040001 26.000000 0.500000 83.500000     -0.70229  68.716352      17.757948    
73.620003 92.360001 0.500000 31.715599     -1.09732  84.327103      82.699542    
24.799999 36.230000 0.500000 521.259216      1.10884  29.030470      32.937588    
31.170000 91.220001 0.500000 3.835000     -1.39671  42.054585      86.741394    
32.279999 86.070000 0.500000 0.000000     -2.49771  42.528683      81.494505    
63.939999 13.170000 0.500000 275.706696      0.29565  65.068419      5.2795072    
61.380001 26.830000 0.500000 360.353302      0.57913  64.192238      19.149673    
70.629997 6.870000 0.500000 584.732178      1.33310  70.940774     -1.7888392    
59.980000 48.279999 0.500000 341.205811      0.51365  65.416770      40.610404    
1.330000 1.900000 0.500000 6.237500     -1.36421  1.5516381      1.7237515    
31.940001 20.420000 0.500000 368.518311      0.61660  34.190497      16.375285    
24.379999 74.949997 0.500000 119.525002     -0.49940  33.332381      71.420157    
25.160000 19.120001 0.500000 333.786713      0.49940  27.302603      15.911251    
3.900000 37.470001 0.500000 503.402191      1.06362  8.4373744      36.715415    
32.400002 97.730003 0.500000 30.643299     -1.10884  44.068789      93.052971    
9.170000 41.200001 0.500000 107.566704     -0.55704  14.122665      39.775361    
80.010002 7.490000 0.500000 370.774414      0.62419  80.326421     -2.3165957    
54.919998 58.619999 0.500000 206.190796     -0.04074  61.654613      51.489990    
20.139999 44.240002 0.500000 281.014404      0.32194  25.381378      41.455795    
82.610001 97.559998 0.500000 0.000000     -2.02859  93.883811      86.765174    
67.669998 27.830000 0.500000 234.181107      0.08470  70.557220      19.375661    
6.630000 41.820000 0.500000 204.248306     -0.05329  11.677157      40.700286    
86.440002 37.959999 0.500000 434.297485      0.92975  90.421851      27.142665    
94.599998 54.169998 0.500000 121.685799     -0.47821  100.49653      42.237384    
41.000000 75.160004 0.500000 128.122498     -0.40905  49.854092      69.603130    
33.770000 52.139999 0.500000 422.572205      0.88251  39.872551      47.635828    
47.200001 51.880001 0.500000 40.224400     -0.98933  53.170761      45.741062    
82.349998 34.660000 0.500000 538.076721      1.19394  85.960165      24.365710    
12.390000 87.220001 0.500000 292.411102      0.37522  22.927091      85.059915    
44.560001 57.200001 0.500000 9.940000     -1.27446  51.198784      51.343143    
65.089996 85.129997 0.500000 391.724487      0.78492  74.979562      76.562976    
36.639999 80.300003 0.500000 12.637500     -1.24672  46.152999      75.236166    
2.220000 95.660004 0.500000 156.317795     -0.32194  13.861474      94.676419    
8.290000 57.060001 0.500000 178.806702     -0.19231  15.182072      55.624388    
68.379997 63.090000 0.500000 40.496700     -0.97916  75.559040      54.286311    
69.510002 58.639999 0.500000 82.922501     -0.71842  76.138303      49.731767    
13.370000 68.120003 0.500000 422.587799      0.89180  21.572082      65.982854    
97.529999 64.089996 0.500000 364.784393      0.59402  104.61363      51.726362    
85.870003 13.420000 0.500000 380.245605      0.68634  86.865428      2.8550486    
91.760002 21.070000 0.500000 191.898407     -0.10989  93.643824      9.7302163    
85.739998 1.380000 0.500000 433.018890      0.91061  85.269085     -9.0793635    
73.050003 91.500000 0.500000 44.242199     -0.94924  83.656544      81.915417    
23.030001 88.080002 0.500000 350.576691      0.54246  33.592591      84.616816    
93.620003 35.830002 0.500000 69.283302     -0.79348  97.288752      24.153522    
82.989998 33.799999 0.500000 600.266724      1.38028  86.490587      23.434122    
34.810001 91.769997 0.500000 39.395802     -1.03109  45.734482      86.843685    
69.800003 56.380001 0.500000 171.267502     -0.25011  76.150718      47.453273    
43.669998 5.170000 0.500000 208.476700     -0.03447  43.974553     -.19057034    
28.309999 30.230000 0.500000 471.301086      0.98933  31.783091      26.554549    
61.980000 87.940002 0.500000 212.728302     -0.01567  72.235201      79.731049    
82.620003 66.489998 0.500000 120.147797     -0.49231  90.107258      55.925546    
80.769997 80.260002 0.500000 250.077805      0.18593  89.949183      69.818370    
7.670000 94.809998 0.500000 98.174400     -0.63183  19.167261      93.168561    
93.040001 72.360001 0.500000 182.238907     -0.16683  101.16496      60.481917    
87.290001 68.529999 0.500000 307.188904      0.42958  94.991060      57.381212    
68.000000 65.019997 0.500000 67.194397     -0.82830  75.417083      56.248233    
33.060001 85.930000 0.500000 0.000000     -1.58706  43.285809      81.260490    
31.920000 48.480000 0.500000 710.625916      1.65710  37.590299      44.228568    
74.099998 67.690002 0.500000 180.654205     -0.17319  81.797004      58.154933    
64.680000 71.820000 0.500000 510.158295      1.09732  72.950541      63.402156    
83.120003 77.790001 0.500000 373.781097      0.63183  91.980655      67.080386    
46.910000 71.419998 0.500000 108.184998     -0.54974  55.264248      65.170753    
2.480000 23.910000 0.500000 252.805603      0.21791  5.3754104      23.429543    
4.700000 41.299999 0.500000 244.548294      0.15414  9.6981706      40.419369    
41.310001 24.270000 0.500000 425.486694      0.90117  43.959851      19.054672    
38.599998 74.730003 0.500000 39.917801     -0.99961  47.419576      69.468821    
47.919998 77.849998 0.500000 627.306580      1.43076  57.050338      71.429737    
13.000000 50.560001 0.500000 392.078888      0.79348  19.064814      48.598833    
32.009998 79.540001 0.500000 0.000000     -1.82833  41.464888      75.046084    
6.670000 60.849998 0.500000 154.851700     -0.32854  14.036032      59.583563    
9.160000 37.529999 0.500000 243.003296      0.12882  13.665479      36.133933    
68.230003 21.290001 0.500000 0.000000     -1.79597  70.316025      12.816163    
36.750000 64.529999 0.500000 2.398300     -1.43076  44.340300      59.570304    
76.220001 94.800003 0.500000 20.676701     -1.18126  87.205083      84.804497    
29.459999 71.599998 0.500000 0.000000     -1.98181  37.966253      67.476032    
32.310001 2.820000 0.500000 238.321106      0.10989  32.412839     -1.1386184    
27.360001 54.590000 0.500000 401.113312      0.83716  33.808911      50.848749    
12.230000 46.340000 0.500000 166.036697     -0.27606  17.786265      44.504127    
47.840000 48.700001 0.500000 246.417801      0.16048  53.418445      42.506769    
38.160000 82.959999 0.500000 91.463303     -0.64720  47.985842      77.691094    
26.230000 60.860001 0.500000 526.869202      1.14430  33.451454      57.209727    
2.270000 24.940001 0.500000 793.451111      1.86273  5.2925013      24.477459    
32.290001 38.209999 0.500000 787.488770      1.82833  36.705944      33.990026    
93.449997 77.199997 0.500000 222.843307      0.04074  102.16175      65.235870    
46.310001 12.090000 0.500000 82.468300     -0.72655  47.438214      6.3561136    
60.639999 13.740000 0.500000 242.073303      0.12250  61.862482      6.2474273    
27.080000 83.500000 0.500000 0.000000     -1.63285  37.054240      79.577382    
20.639999 34.169998 0.500000 412.755493      0.87330  24.650427      31.399917    
0.910000 51.700001 0.500000 365.538300      0.60151  7.2038621      51.203736    
74.199997 59.790001 0.500000 79.400803     -0.73474  80.933490      50.301631    
81.849998 88.290001 0.500000 223.478302      0.04702  91.999745      77.656895    
10.790000 20.299999 0.500000 482.946686      1.00999  13.183521      18.833716    
16.750000 10.030000 0.500000 77.680000     -0.75959  17.847498      7.9139264    
90.989998 93.660004 0.500000 3.380000     -1.41353  101.72606      81.872985    
85.900002 66.820000 0.500000 102.451103     -0.59402  93.403026      55.853357    
80.320000 45.880001 0.500000 202.179993     -0.07841  85.312672      35.749473    
18.309999 34.560001 0.500000 392.114502      0.80209  22.385324      32.070968    
12.000000 9.680000 0.500000 72.372200     -0.77642  13.090249      8.1454146    
92.029999 36.970001 0.500000 98.325600     -0.62419  95.849531      25.478797    
62.450001 57.750000 0.500000 243.808899      0.14147  69.022463      49.708800    
16.930000 71.489998 0.500000 758.139893      1.70874  25.516245      68.893874    
85.620003 13.360000 0.500000 380.245605      0.67843  86.609979      2.8259631    
68.769997 81.690002 0.500000 531.277771      1.16876  78.212903      72.700143    
76.739998 77.860001 0.500000 381.125000      0.71033  85.656737      67.927391    
21.420000 51.090000 0.500000 1046.204102      2.49771  27.486643      48.098742    
50.400002 38.419998 0.500000 0.000000     -2.37603  54.706548      31.991406    
40.270000 60.759998 0.500000 9.652200     -1.30322  47.374615      55.399424    
63.320000 42.470001 0.500000 220.183304      0.00940  68.023813      34.436669    
67.360001 74.000000 0.500000 288.287811      0.36180  75.876241      65.239296    
21.879999 49.770000 0.500000 1052.666626      2.67379  27.782346      46.732521    
36.980000 92.150002 0.500000 113.063301     -0.52800  47.934617      86.956402    
27.730000 71.970001 0.500000 0.000000     -1.76538  36.294241      68.054111    
74.290001 17.010000 0.500000 67.517502     -0.81077  75.809252      7.8295365    
25.879999 79.059998 0.500000 0.000000     -1.65710  35.322083      75.316718    
67.639999 59.799999 0.500000 43.964401     -0.95912  74.423607      51.111017    
1.220000 52.860001 0.500000 255.509995      0.22433  7.6529199      52.317310    
93.440002 35.439999 0.500000 69.283302     -0.80209  97.062564      23.788363    
79.900002 47.689999 0.500000 543.423279      1.21991  85.116388      37.597164    
81.919998 64.570000 0.500000 60.377499     -0.86416  89.178482      54.105169    
5.320000 57.540001 0.500000 109.627800     -0.54246  12.292708      56.462762    
8.910000 84.459999 0.500000 124.153297     -0.44337  19.136671      82.744591    
31.600000 88.669998 0.500000 0.179200     -1.56535  42.170613      84.157994    
84.910004 40.880001 0.500000 226.672501      0.05329  89.259117      30.227361    
76.980003 13.630000 0.500000 35.395000     -1.05265  78.067285      4.1469017    
17.680000 34.750000 0.500000 566.364380      1.27446  21.783176      32.336329    
94.589996 20.700001 0.500000 380.462494      0.69429  96.407632      9.0180857    
11.050000 40.029999 0.500000 88.750801     -0.67056  15.846065      38.384965    
53.939999 81.260002 0.500000 209.818893     -0.02820  63.441041      74.080670    
80.480003 71.070000 0.500000 384.741089      0.73474  88.541371      60.732210    
42.849998 13.670000 0.500000 489.567810      1.03109  44.196555      8.3460048    
30.930000 33.509998 0.500000 487.525604      1.02048  34.783294      29.490801    
37.320000 52.200001 0.500000 100.346703     -0.60151  43.403402      47.262746    
3.200000 24.650000 0.500000 592.384521      1.36421  6.1802270      24.076281    
88.820000 25.110001 0.500000 167.223297     -0.26956  91.218089      14.098400    
25.770000 62.709999 0.500000 1116.698853      3.02334  33.220341      59.101995    
6.680000 15.420000 0.500000 125.688301     -0.42958  8.5094336      14.490974    
94.639999 70.379997 0.500000 173.630798     -0.23720  102.51173      58.321681    
19.870001 40.950001 0.500000 230.916702      0.07213  24.712443      38.223222    
79.629997 12.040000 0.500000 252.419205      0.21150  80.503754      2.2458003    
19.790001 69.800003 0.500000 966.505798      2.37603  28.148970      66.867930    
18.750000 34.380001 0.500000 392.114502      0.81077  22.800108      31.838688    
88.919998 11.070000 0.500000 363.809998      0.58656  89.606295     0.15086421    
34.790001 92.660004 0.500000 39.698299     -1.00999  45.823095      87.729496    
73.820000 30.500000 0.500000 454.374512      0.96909  76.986772      21.276263    
97.459999 2.840000 0.500000 45.026699     -0.93945  97.079656     -9.0585549    
2.500000 87.750000 0.500000 48.753300     -0.91061  13.175400      86.791251    
57.720001 71.269997 0.500000 267.186615      0.27606  65.975393      63.704463    
41.360001 64.589996 0.500000 0.338300     -1.52403  48.923250      59.068036    
46.320000 46.959999 0.500000 94.539200     -0.63950  51.697722      40.964978    
67.650002 94.690002 0.500000 21.767799     -1.16876  78.685557      85.739736    
63.009998 44.820000 0.500000 326.717804      0.47821  68.002515      36.806931    
96.040001 11.960000 0.500000 60.224201     -0.88251  96.781691     0.16652020    
75.529999 19.100000 0.500000 198.786697     -0.09099  77.294714      9.7528402    
68.400002 0.740000 0.500000 302.006592      0.38870  67.980342     -7.6013791    
94.730003 25.520000 0.500000 169.210007     -0.25658  97.134006      13.785095    
48.490002 35.430000 0.500000 99.867798     -0.60904  52.446396      29.256465    
72.930000 33.509998 0.500000 703.957825      1.63285  76.470232      24.372288    
25.639999 46.139999 0.500000 675.173279      1.56535  31.071934      42.671349    
33.130001 84.809998 0.500000 0.000000     -1.93901  43.218794      80.140306    
48.369999 73.610001 0.500000 353.802307      0.55704  56.980259      67.166503    
4.510000 84.400002 0.500000 87.820801     -0.67843  14.762156      83.221266    
50.990002 85.870003 0.500000 123.779999     -0.45029  61.074851      79.015823    
97.769997 72.550003 0.500000 174.776703     -0.22433  105.88286      60.094061    
15.530000 27.490000 0.500000 552.091125      1.23320  18.764430      25.392463    
40.730000 34.000000 0.500000 376.048889      0.64720  44.569962      28.782831    
95.900002 54.080002 0.500000 190.727798     -0.11619  101.77587      41.989628    
51.110001 61.689999 0.500000 13.745800     -1.21991  58.247154      55.001429    
0.710000 15.010000 0.500000 541.830017      1.20682  2.5339666      14.811591    
84.239998 18.990000 0.500000 189.624207     -0.12882  85.926385      8.5821783    
79.750000 33.730000 0.500000 661.240784      1.52403  83.266209      23.759502    
59.619999 89.620003 0.500000 173.994202     -0.23076  70.097531      81.686139    
48.759998 68.940002 0.500000 59.902199     -0.89180  56.798221      62.483785    
6.590000 51.660000 0.500000 291.429993      0.36850  12.836649      50.471815    
83.860001 26.010000 0.500000 264.592194      0.25658  86.404743      15.596162    
42.790001 96.430000 0.500000 255.968903      0.23076  54.222912      90.496436    
92.699997 69.769997 0.500000 403.806702      0.85509  100.51185      57.952654    
72.050003 88.169998 0.500000 186.004501     -0.13514  82.258173      78.732106    
79.690002 60.650002 0.500000 17.831699     -1.20682  86.487381      50.486158    
51.590000 53.669998 0.500000 87.330002     -0.68634  57.746183      46.982711    
84.309998 20.730000 0.500000 248.578293      0.16683  86.207916      10.300678    
12.080000 8.860000 0.500000 65.804398     -0.84609  13.069720      7.3217772    
54.220001 37.540001 0.500000 353.527496      0.54974  58.390829      30.652428    
85.489998 11.270000 0.500000 329.742188      0.48525  86.226236     0.76738529    
55.070000 49.650002 0.500000 387.017792      0.74297  60.710330      42.568574    
97.480003 22.440001 0.500000 390.797791      0.76798  99.488150      10.392913    
96.790001 10.990000 0.500000 77.776703     -0.75125  97.407887     -.88765157    
63.770000 92.089996 0.500000 275.635590      0.28911  74.517615      83.631963    
16.270000 63.209999 0.500000 850.188416      1.93901  23.852087      60.756027    
50.820000 1.690000 0.500000 436.088898      0.93945  50.647155     -4.5159970    
29.600000 82.019997 0.500000 0.000000     -2.28182  39.375089      77.801300    
65.139999 34.000000 0.500000 853.871094      1.98181  68.798013      25.808000    
88.959999 75.620003 0.500000 770.246582      1.73636  97.512665      64.214846    
55.360001 19.740000 0.500000 380.807800      0.70229  57.353057      12.846174    
22.219999 67.790001 0.500000 935.685608      2.20435  30.315897      64.576768    
46.060001 21.910000 0.500000 384.064209      0.71842  48.386834      16.133384    
29.799999 8.270000 0.500000 638.325928      1.48517  30.585734      4.5766504    
64.629997 73.800003 0.500000 524.684082      1.12050  73.142213      65.373494    
4.890000 61.779999 0.500000 280.351593      0.31534  12.382639      60.723559    
60.799999 58.939999 0.500000 316.935486      0.44337  67.529784      51.091013    
88.519997 13.470000 0.500000 387.201111      0.75125  89.501762      2.5817228    
53.099998 35.279999 0.500000 463.678894      0.97916  57.003749      28.545765    
27.129999 88.139999 0.500000 0.000000     -2.08028  37.669340      84.176702    
59.119999 86.430000 0.500000 183.335007     -0.16048  69.212495      78.580848    
17.379999 2.640000 0.500000 399.093292      0.82830  17.572186     0.50223279    
87.150002 73.959999 0.500000 573.659973      1.28871  95.513856      62.787799    
68.690002 16.629999 0.500000 102.680000     -0.58656  70.204684      8.1348361    
41.830002 79.540001 0.500000 265.543304      0.26307  51.211695      73.849327    
96.559998 71.070000 0.500000 302.010010      0.39546  104.50151      58.772552    
70.889999 15.290000 0.500000 113.223297     -0.52081  72.224978      6.5367131    
44.040001 35.000000 0.500000 130.813293     -0.38195  47.977161      29.371989    
92.050003 15.520000 0.500000 116.404404     -0.50651  93.255288      4.1862429    
70.889999 9.580000 0.500000 433.545593      0.92014  71.529104     0.86927457    
9.630000 73.029999 0.500000 202.009995     -0.08470  18.458337      71.312043    
1.450000 10.740000 0.500000 35.651699     -1.04181  2.7480687      10.483235    
39.570000 93.070000 0.500000 303.622498      0.40225  50.617431      87.553900    
71.769997 32.430000 0.500000 777.927490      1.76538  75.187257      23.441709    
92.860001 77.269997 0.500000 317.932190      0.45724  101.58468      65.377251    
24.629999 91.279999 0.500000 35.264198     -1.06362  35.570644      87.597970    
96.800003 4.240000 0.500000 116.368301     -0.51365  96.595196     -7.5885570    
30.100000 24.840000 0.500000 565.086670      1.26047  32.902874      20.986579    
31.129999 85.430000 0.500000 0.000000     -2.20435  41.309259      80.999425    
61.040001 80.360001 0.500000 203.269196     -0.07213  70.378439      72.322105    
63.599998 8.890000 0.500000 111.348900     -0.53522  64.209352      1.0728454    
86.169998 83.309998 0.500000 90.789200     -0.65495  95.680635      72.187537    
95.180000 79.279999 0.500000 122.989998     -0.45724  104.13234      67.089534    
59.049999 79.599998 0.500000 307.124207      0.42272  68.310649      71.810287    
86.540001 88.620003 0.500000 34.825802     -1.07472  96.695006      77.412870    
32.369999 71.250000 0.500000 0.000000     -1.70874  40.811909      66.774003    
29.650000 50.220001 0.500000 736.379089      1.68236  35.549272      46.232243    
43.220001 34.160000 0.500000 133.536697     -0.36850  47.060902      28.638183    
4.500000 17.070000 0.500000 525.046692      1.13232  6.5467674      16.394351    
89.480003 81.910004 0.500000 204.796707     -0.04702  98.795351      70.394590    
54.820000 8.580000 0.500000 336.181702      0.50651  55.457019      1.8351686    
56.200001 51.869999 0.500000 279.084991      0.30220  62.102457      44.634311    
51.639999 90.620003 0.500000 126.360001     -0.42272  62.298882      83.651203    
94.669998 96.849998 0.500000 25.564199     -1.13232  105.76739      84.590722    
37.590000 64.080002 0.500000 7.962200     -1.33310  45.119198      59.021291    
54.939999 23.650000 0.500000 508.951691      1.08595  57.412695      16.778215    
98.269997 44.169998 0.500000 212.814407     -0.00940  102.92048      31.864662    
52.020000 35.240002 0.500000 333.071106      0.49231  55.926927      28.637685    
78.120003 17.170000 0.500000 280.234406      0.30877  79.630205      7.5215840    
81.510002 85.169998 0.500000 374.584106      0.63950  91.282050      74.601583    
59.320000 17.770000 0.500000 268.214111      0.28258  61.043456      10.408256    
89.500000 25.920000 0.500000 160.259995     -0.30220  91.991734      14.819490    
97.330002 43.990002 0.500000 39.524399     -1.02048  101.96555      31.800564    
61.369999 94.540001 0.500000 99.828300     -0.61660  72.434084      86.356193    
25.670000 17.990000 0.500000 314.437805      0.43646  27.671089      14.727519    
38.869999 40.200001 0.500000 667.809998      1.54436  43.479416      35.163295    
84.489998 22.559999 0.500000 204.233307     -0.05957  86.609595      12.095100    
11.460000 77.769997 0.500000 260.986694      0.24365  20.852357      75.793689    
94.050003 5.860000 0.500000 231.270798      0.07841  94.063123     -5.6454916    
1.320000 49.240002 0.500000 347.124115      0.52081  7.3110076      48.712107    
8.250000 29.570000 0.500000 785.291077      1.79597  11.792182      28.344168    
45.700001 5.110000 0.500000 222.167801      0.03447  45.982112     -.49751824    
17.830000 71.849998 0.500000 629.206726      1.44842  26.453410      69.141509    
43.700001 6.870000 0.500000 379.435608      0.67056  44.211510      1.4931017    
67.430000 5.300000 0.500000 348.535614      0.52800  67.573295     -2.9571552    
90.410004 56.110001 0.500000 0.000000     -1.89949  96.574190      44.673558    
59.259998 98.440002 0.500000 67.496696     -0.81950  70.815101      90.484268    
38.470001 50.500000 0.500000 130.483307     -0.38870  44.337653      45.435267    
85.809998 55.090000 0.500000 120.544403     -0.48525  91.884165      44.221759    
51.020000 96.820000 0.500000 243.326706      0.13514  62.439094      89.880545    
67.029999 68.750000 0.500000 234.253296      0.09099  74.908885      60.068646    
53.349998 97.440002 0.500000 190.017807     -0.12250  64.827284      90.211970    
4.120000 54.410000 0.500000 306.292511      0.40905  10.720201      53.502334    
74.209999 28.950001 0.500000 307.010010      0.41588  77.184967      19.690288    
41.610001 30.150000 0.500000 251.031693      0.19231  44.974207      24.854283    
48.830002 88.230003 0.500000 24.600000     -1.14430  59.218563      81.621470    
17.309999 21.830000 0.500000 587.953308      1.34849  19.841381      19.557724    
29.959999 2.250000 0.500000 439.236694      0.94924  30.010888     -1.4179765    
69.629997 75.739998 0.500000 325.262512      0.47120  78.341369      66.689682    
41.849998 61.650002 0.500000 7.805000     -1.34849  49.051300      56.090241    
46.220001 95.160004 0.500000 179.164993     -0.18593  57.472571      88.817895    
42.869999 68.480003 0.500000 2.070000     -1.44842  50.896065      62.745025    
37.560001 51.680000 0.500000 122.061096     -0.47120  43.578242      46.717372    
60.110001 19.639999 0.500000 238.183304      0.10358  62.055464      12.168039    
22.100000 24.260000 0.500000 153.167801     -0.33517  24.891820      21.385857    
68.540001 6.040000 0.500000 532.397827      1.18126  68.765205     -2.3579461    
63.040001 22.150000 0.500000 204.014496     -0.06585  65.269516      14.302254    
67.010002 90.459999 0.500000 83.134499     -0.71033  77.534820      81.619259    
88.900002 45.360001 0.500000 228.528900      0.06585  93.765348      34.187710    
15.300000 2.810000 0.500000 129.448898     -0.40225  15.528409     0.92445375    
19.170000 51.930000 0.500000 811.435791      1.89949  25.355785      49.206686    
53.820000 53.080002 0.500000 178.339996     -0.19870  59.887659      46.125344    
95.500000 98.809998 0.500000 61.423302     -0.85509  106.83007      86.434961    
64.000000 38.110001 0.500000 379.035889      0.65495  68.167394      30.026297    
12.310000 9.490000 0.500000 72.372200     -0.78492  13.374783      7.9190514    
95.680000 55.759998 0.500000 251.179993      0.19870  101.76225      43.683913    
78.650002 71.489998 0.500000 527.396729      1.15644  86.776196      61.372098    
1.410000 84.919998 0.500000 22.536699     -1.15644  11.748634      84.115181    
56.090000 91.029999 0.500000 124.279999     -0.43646  66.765680      83.515824    
40.529999 56.889999 0.500000 29.884399     -1.12050  47.161041      51.526585    
55.049999 39.040001 0.500000 241.190002      0.11619  59.397444      32.040096    
76.470001 12.850000 0.500000 104.115799     -0.57174  77.466026      3.4348693    
0.690000 40.000000 0.500000 283.859985      0.34845  5.5596305      39.617756    
14.940000 21.059999 0.500000 10.072500     -1.26047  17.395208      19.082293    
53.480000 10.030000 0.500000 266.564392      0.26956  54.303718      3.4376655    
49.389999 70.779999 0.500000 137.289200     -0.35512  57.647765      64.233289    
8.010000 96.000000 0.500000 122.753304     -0.46421  19.649752      94.308257    
79.790001 13.460000 0.500000 172.210800     -0.24365  80.835620      3.6357162    
