With Rotated Coordinates: Normal Score Transform: pygeostat_saved_data
 7
X
Y
Z
value
NS_value
Rotated X
Rotated Y
47.770000 30.670000 0.500000 165.458893     -0.28911  49.309677      28.127879    
9.870000 72.339996 0.500000 227.343399      0.05957  13.642456      71.724301    
7.600000 96.019997 0.500000 176.246704     -0.21150  12.614883      95.490652    
45.610001 28.590000 0.500000 162.413300     -0.29565  47.043779      26.163775    
15.590000 18.379999 0.500000 609.767822      1.41353  16.530569      17.538892    
49.919998 70.309998 0.500000 137.289200     -0.36180  53.531325      67.601030    
45.279999 36.150002 0.500000 106.803299     -0.56437  47.109889      33.730688    
55.430000 40.709999 0.500000 348.921112      0.53522  57.484632      37.753225    
27.209999 96.120003 0.500000 1.954400     -1.46654  32.203241      94.564213    
98.510002 24.100000 0.500000 211.701096     -0.02193  99.636294      18.911357    
66.610001 86.760002 0.500000 389.505890      0.75959  71.059382      83.155002    
19.110001 44.990002 0.500000 243.880005      0.14780  21.438406      43.928205    
7.570000 37.660000 0.500000 317.177795      0.45029  9.5305977      37.212205    
83.400002 21.420000 0.500000 356.059998      0.57174  84.406741      17.025826    
64.959999 90.580002 0.500000 259.291687      0.23720  69.611565      87.056122    
42.099998 51.869999 0.500000 89.163300     -0.66274  44.756967      49.595569    
47.099998 74.160004 0.500000 503.107788      1.05265  50.916684      71.593347    
8.400000 40.540001 0.500000 156.662201     -0.31534  10.510188      40.044820    
26.709999 21.860001 0.500000 391.565796      0.77642  27.817458      20.432149    
17.260000 44.430000 0.500000 221.412201      0.01567  19.561632      43.465792    
63.730000 29.290001 0.500000 583.816589      1.31801  65.175580      25.914490    
48.110001 7.190000 0.500000 49.231098     -0.90117  48.420363      4.6622635    
94.680000 30.120001 0.500000 4.586700     -1.38028  96.126603      25.123554    
35.970001 39.919998 0.500000 693.219971      1.60953  38.009957      37.982765    
22.820000 18.910000 0.500000 185.274506     -0.14147  23.778399      17.689778    
74.660004 90.839996 0.500000 66.292503     -0.83716  79.311883      86.808100    
23.320000 14.990000 0.500000 60.297798     -0.87330  24.072557      13.748982    
13.630000 3.270000 0.500000 18.743299     -1.19394  13.782459      2.5521795    
96.300003 55.360001 0.500000 261.944092      0.25011  99.065346      50.244179    
90.000000 54.610001 0.500000 0.000000     -3.02334  92.734725      49.824924    
31.809999 83.250000 0.500000 0.000000     -1.86273  36.123373      81.471102    
88.800003 70.250000 0.500000 398.127808      0.81950  92.354907      65.506292    
24.820000 4.220000 0.500000 248.990005      0.17319  25.006843      2.9152382    
77.059998 69.230003 0.500000 214.600006     -0.00313  80.577608      65.102117    
72.309998 80.580002 0.500000 495.592194      1.04181  76.428131      76.685157    
38.250000 63.270000 0.500000 0.308900     -1.54436  41.508876      61.181440    
54.380001 51.200001 0.500000 195.858398     -0.10358  56.985076      48.283804    
61.099998 81.419998 0.500000 184.214996     -0.15414  65.277456      78.110688    
67.459999 91.910004 0.500000 76.598900     -0.76798  72.177745      88.253461    
45.820000 53.419998 0.500000 41.741100     -0.96909  48.552992      50.948754    
17.549999 26.480000 0.500000 504.497803      1.07472  18.911803      25.525214    
35.360001 48.950001 0.500000 482.136597      0.99961  37.873386      47.032317    
97.570000 33.970001 0.500000 0.000000     -1.60953  99.214136      28.817027    
61.750000 77.190002 0.500000 236.482498      0.09729  65.705186      73.852471    
15.310000 64.599998 0.500000 858.669983      2.02859  18.669921      63.710202    
95.570000 22.150000 0.500000 284.837799      0.35512  96.598266      17.117897    
93.489998 21.629999 0.500000 282.811096      0.34180  94.493900      16.707467    
51.900002 78.660004 0.500000 251.459106      0.20509  55.945621      75.835967    
2.980000 64.540001 0.500000 177.182205     -0.20509  6.3536787      64.295590    
95.930000 40.509998 0.500000 9.561100     -1.31801  97.918661      35.433892    
65.389999 68.440002 0.500000 354.035614      0.56437  68.882257      64.923959    
39.599998 56.570000 0.500000 31.750000     -1.08595  42.506373      54.419969    
8.100000 54.740002 0.500000 281.348907      0.32854  10.953770      54.241061    
26.799999 27.379999 0.500000 295.754211      0.38195  28.196229      25.939872    
50.599998 64.389999 0.500000 0.000000     -1.73636  53.900565      61.653555    
51.880001 44.160000 0.500000 402.385010      0.84609  54.120057      41.384291    
35.490002 43.410000 0.500000 867.247803      2.08028  37.713268      41.493105    
63.070000 60.150002 0.500000 48.055599     -0.92014  66.131573      56.766740    
92.989998 12.430000 0.500000 102.753304     -0.57913  93.513094      7.5462447    
93.160004 89.589996 0.500000 12.638900     -1.23320  97.721110      84.591598    
91.660004 13.190000 0.500000 184.681702     -0.14780  92.224698      8.3748096    
15.330000 16.450001 0.500000 384.345612      0.72655  16.169917      15.625147    
79.099998 90.010002 0.500000 165.626694     -0.28258  83.702354      85.746872    
90.900002 25.969999 0.500000 152.614395     -0.34180  92.134591      21.177070    
25.660000 82.690002 0.500000 0.000000     -1.68236  29.952494      81.233738    
19.950001 52.459999 0.500000 950.764893      2.28182  22.668204      51.344002    
66.459999 31.410000 0.500000 560.609985      1.24672  68.012790      27.888706    
54.970001 86.129997 0.500000 85.807503     -0.69429  59.402362      83.135051    
7.600000 16.309999 0.500000 221.636703      0.02193  8.4431839      15.889893    
31.090000 93.470001 0.500000 9.676700     -1.28871  35.939234      91.714779    
16.700001 94.089996 0.500000 605.390930      1.39671  21.601404      93.087038    
27.670000 89.550003 0.500000 0.000000     -2.67379  32.318764      87.979142    
2.330000 60.270000 0.500000 217.250000      0.00313  5.4810949      60.065459    
51.270000 51.439999 0.500000 179.943298     -0.17956  53.891898      48.686238    
36.020000 33.060001 0.500000 579.722473      1.30322  37.700863      31.129552    
5.170000 90.519997 0.500000 281.403290      0.33517  9.9003653      90.125366    
24.010000 23.379999 0.500000 126.393303     -0.41588  25.200710      22.091371    
4.130000 89.739998 0.500000 157.894196     -0.30877  8.8209686      89.400865    
71.370003 48.259998 0.500000 320.628387      0.46421  73.797926      44.458642    
56.779999 78.720001 0.500000 366.387512      0.60904  60.822070      75.640482    
35.040001 46.880001 0.500000 637.956726      1.46654  37.445490      44.981902    
80.500000 1.250000 0.500000 195.949997     -0.09729  80.455097     -2.9647575    
64.330002 88.959999 0.500000 379.339996      0.66274  68.897647      85.471310    
0.730000 11.280000 0.500000 133.301697     -0.37522  1.3193491      11.226336    
1.570000 74.019997 0.500000 221.821701      0.02820  5.4417557      73.836388    
33.680000 65.059998 0.500000 1.560000     -1.48517  37.038820      63.208161    
58.000000 96.239998 0.500000 144.524399     -0.34845  62.957325      93.072619    
93.730003 13.310000 0.500000 175.593307     -0.21791  94.298141      8.3863098    
48.590000 51.540001 0.500000 47.275600     -0.92975  51.220804      48.926363    
28.309999 12.070000 0.500000 407.453308      0.86416  28.902896      10.571828    
75.080002 29.490000 0.500000 440.246613      0.95912  76.520495      25.520201    
74.519997 12.220000 0.500000 129.481705     -0.39546  75.057415      8.3031776    
91.449997 51.290001 0.500000 0.737500     -1.50432  94.008979      46.433587    
33.529999 41.450001 0.500000 873.608826      2.13821  35.653373      39.638371    
76.099998 32.490002 0.500000 690.503418      1.58706  77.696101      28.462709    
1.230000 6.750000 0.500000 0.000000     -2.13821  1.5815820      6.6763761    
13.510000 52.820000 0.500000 657.721130      1.50432  16.255870      52.040553    
73.830002 67.790001 0.500000 249.382202      0.17956  77.276675      63.833133    
96.940002 76.330002 0.500000 168.319199     -0.26307  100.80195      71.151947    
18.549999 11.190000 0.500000 78.788902     -0.74297  19.110216      10.203833    
66.040001 26.000000 0.500000 83.500000     -0.70229  67.310230      22.508101    
73.620003 92.360001 0.500000 31.715599     -1.09732  78.352858      88.380452    
24.799999 36.230000 0.500000 521.259216      1.10884  26.662143      34.882416    
31.170000 91.220001 0.500000 3.835000     -1.39671  35.901369      89.463675    
32.279999 86.070000 0.500000 0.000000     -2.49771  36.740316      84.262639    
63.939999 13.170000 0.500000 275.706696      0.29565  64.541636      9.8055900    
61.380001 26.830000 0.500000 360.353302      0.57913  62.700056      23.580849    
70.629997 6.870000 0.500000 584.732178      1.33310  70.892749      3.1640965    
59.980000 48.279999 0.500000 341.205811      0.51365  62.424579      45.074722    
1.330000 1.900000 0.500000 6.237500     -1.36421  1.4276156      1.8277893    
31.940001 20.420000 0.500000 368.518311      0.61660  32.964929      18.720405    
24.379999 74.949997 0.500000 119.525002     -0.49940  28.269167      73.571330    
25.160000 19.120001 0.500000 333.786713      0.49940  26.126183      17.777025    
3.900000 37.470001 0.500000 503.402191      1.06362  5.8556835      37.214539    
32.400002 97.730003 0.500000 30.643299     -1.10884  37.470392      95.900382    
9.170000 41.200001 0.500000 107.566704     -0.55704  11.313674      40.663617    
80.010002 7.490000 0.500000 370.774414      0.62419  80.292347      3.2923353    
54.919998 58.619999 0.500000 206.190796     -0.04074  57.912666      55.665372    
20.139999 44.240002 0.500000 281.014404      0.32194  22.427741      43.125327    
82.610001 97.559998 0.500000 0.000000     -2.02859  87.602683      93.102822    
67.669998 27.830000 0.500000 234.181107      0.08470  69.033768      24.250286    
6.630000 41.820000 0.500000 204.248306     -0.05329  8.8096035      41.415700    
86.440002 37.959999 0.500000 434.297485      0.92975  88.308212      33.384056    
94.599998 54.169998 0.500000 121.685799     -0.47821  97.305391      49.144779    
41.000000 75.160004 0.500000 128.122498     -0.40905  44.877382      72.911226    
33.770000 52.139999 0.500000 422.572205      0.88251  36.452516      50.301158    
47.200001 51.880001 0.500000 40.224400     -0.98933  49.850504      49.338644    
82.349998 34.660000 0.500000 538.076721      1.19394  84.051104      30.302634    
12.390000 87.220001 0.500000 292.411102      0.37522  16.937762      86.452027    
44.560001 57.200001 0.500000 9.940000     -1.27446  47.492550      54.789520    
65.089996 85.129997 0.500000 391.724487      0.78492  69.456152      81.606782    
36.639999 80.300003 0.500000 12.637500     -1.24672  40.792363      78.272365    
2.220000 95.660004 0.500000 156.317795     -0.32194  7.2234153      95.412719    
8.290000 57.060001 0.500000 178.806702     -0.19231  11.264929      56.547937    
68.379997 63.090000 0.500000 40.496700     -0.97916  71.588160      59.424805    
69.510002 58.639999 0.500000 82.922501     -0.71842  72.483721      54.921763    
13.370000 68.120003 0.500000 422.587799      0.89180  16.916802      67.326915    
97.529999 64.089996 0.500000 364.784393      0.59402  100.75055      58.897837    
85.870003 13.420000 0.500000 380.245605      0.68634  86.454670      8.9075197    
91.760002 21.070000 0.500000 191.898407     -0.10989  92.736967      16.238777    
85.739998 1.380000 0.500000 433.018890      0.91061  85.694718     -3.1091760    
73.050003 91.500000 0.500000 44.242199     -0.94924  77.738630      87.551461    
23.030001 88.080002 0.500000 350.576691      0.54246  27.608190      86.753994    
93.620003 35.830002 0.500000 69.283302     -0.79348  95.366897      30.881206    
82.989998 33.799999 0.500000 600.266724      1.38028  84.645218      29.410316    
34.810001 91.769997 0.500000 39.395802     -1.03109  39.565166      89.822415    
69.800003 56.380001 0.500000 171.267502     -0.25011  72.655046      52.649684    
43.669998 5.170000 0.500000 208.476700     -0.03447  43.880727      2.8774036    
28.309999 30.230000 0.500000 471.301086      0.98933  29.853317      28.706940    
61.980000 87.940002 0.500000 212.728302     -0.01567  66.497483      84.575701    
82.620003 66.489998 0.500000 120.147797     -0.49231  85.986593      62.074879    
80.769997 80.260002 0.500000 250.077805      0.18593  84.859788      75.922833    
7.670000 94.809998 0.500000 98.174400     -0.63183  12.621460      94.278647    
93.040001 72.360001 0.500000 182.238907     -0.16683  96.699523      67.391497    
87.290001 68.529999 0.500000 307.188904      0.42958  90.756956      63.867675    
68.000000 65.019997 0.500000 67.194397     -0.82830  71.309692      61.372044    
33.060001 85.930000 0.500000 0.000000     -1.58706  37.511922      84.082009    
31.920000 48.480000 0.500000 710.625916      1.65710  34.413502      46.742996    
74.099998 67.690002 0.500000 180.654205     -0.17319  77.541067      63.719141    
64.680000 71.820000 0.500000 510.158295      1.09732  68.350127      68.336484    
83.120003 77.790001 0.500000 373.781097      0.63183  87.077304      73.333228    
46.910000 71.419998 0.500000 108.184998     -0.54974  50.583545      68.867040    
2.480000 23.910000 0.500000 252.805603      0.21791  3.7279540      23.747439    
4.700000 41.299999 0.500000 244.548294      0.15414  6.8550337      40.997420    
41.310001 24.270000 0.500000 425.486694      0.90117  42.523581      22.074740    
38.599998 74.730003 0.500000 39.917801     -0.99961  42.458164      72.607420    
47.919998 77.849998 0.500000 627.306580      1.43076  51.928679      75.235368    
13.000000 50.560001 0.500000 392.078888      0.79348  15.628290      49.810343    
32.009998 79.540001 0.500000 0.000000     -1.82833  36.128931      77.755720    
6.670000 60.849998 0.500000 154.851700     -0.32854  9.8455018      60.417524    
9.160000 37.529999 0.500000 243.003296      0.12882  11.111615      36.999168    
68.230003 21.290001 0.500000 0.000000     -1.79597  69.250729      17.689941    
36.750000 64.529999 0.500000 2.398300     -1.43076  40.076875      62.518217    
76.220001 94.800003 0.500000 20.676701     -1.18126  81.076993      90.681036    
29.459999 71.599998 0.500000 0.000000     -1.98181  33.166879      69.960055    
32.310001 2.820000 0.500000 238.321106      0.10989  32.413309      1.1251605    
27.360001 54.590000 0.500000 401.113312      0.83716  30.179525      53.083274    
12.230000 46.340000 0.500000 166.036697     -0.27606  14.638487      45.636424    
47.840000 48.700001 0.500000 246.417801      0.16048  50.323198      46.129507    
38.160000 82.959999 0.500000 91.463303     -0.64720  42.449494      80.849165    
26.230000 60.860001 0.500000 526.869202      1.14430  29.379219      59.403822    
2.270000 24.940001 0.500000 793.451111      1.86273  3.5721478      24.787019    
32.290001 38.209999 0.500000 787.488770      1.82833  34.245505      36.467705    
93.449997 77.199997 0.500000 222.843307      0.04074  97.362263      72.203402    
46.310001 12.090000 0.500000 82.468300     -0.72655  46.879276      9.6497529    
60.639999 13.740000 0.500000 242.073303      0.12250  61.275990      10.547517    
27.080000 83.500000 0.500000 0.000000     -1.63285  31.412940      81.968308    
20.639999 34.169998 0.500000 412.755493      0.87330  22.400032      33.042955    
0.910000 51.700001 0.500000 365.538300      0.60151  3.6145218      51.581522    
74.199997 59.790001 0.500000 79.400803     -0.73474  77.227475      55.824733    
81.849998 88.290001 0.500000 223.478302      0.04702  86.358567      83.885305    
10.790000 20.299999 0.500000 482.946686      1.00999  11.837633      19.707474    
16.750000 10.030000 0.500000 77.680000     -0.75959  17.251974      9.1396270    
90.989998 93.660004 0.500000 3.380000     -1.41353  95.767085      88.769598    
85.900002 66.820000 0.500000 102.451103     -0.59402  89.279368      62.232767    
80.320000 45.880001 0.500000 202.179993     -0.07841  82.611098      41.613500    
18.309999 34.560001 0.500000 392.114502      0.80209  20.093636      33.554366    
12.000000 9.680000 0.500000 72.372200     -0.77642  12.490166      9.0387024    
92.029999 36.970001 0.500000 98.325600     -0.62419  93.838735      32.102857    
62.450001 57.750000 0.500000 243.808899      0.14147  65.386817      54.402475    
16.930000 71.489998 0.500000 758.139893      1.70874  20.648295      70.505976    
85.620003 13.360000 0.500000 380.245605      0.67843  86.201872      8.8606859    
68.769997 81.690002 0.500000 531.277771      1.16876  72.951074      77.978905    
76.739998 77.860001 0.500000 381.125000      0.71033  80.709706      73.737035    
21.420000 51.090000 0.500000 1046.204102      2.49771  24.064489      49.898947    
50.400002 38.419998 0.500000 0.000000     -2.37603  52.341678      35.729612    
40.270000 60.759998 0.500000 9.652200     -1.30322  43.394744      58.569160    
63.320000 42.470001 0.500000 220.183304      0.00940  65.455930      39.097885    
67.360001 74.000000 0.500000 288.287811      0.36180  71.140547      70.373236    
21.879999 49.770000 0.500000 1052.666626      2.67379  24.454774      48.556681    
36.980000 92.150002 0.500000 113.063301     -0.52800  41.752079      90.088330    
27.730000 71.970001 0.500000 0.000000     -1.76538  31.458616      70.420093    
74.290001 17.010000 0.500000 67.517502     -0.81077  75.078424      13.098650    
25.879999 79.059998 0.500000 0.000000     -1.65710  29.982212      77.597195    
67.639999 59.799999 0.500000 43.964401     -0.95912  70.676991      56.178041    
1.220000 52.860001 0.500000 255.509995      0.22433  3.9848067      52.723708    
93.440002 35.439999 0.500000 69.283302     -0.80209  95.166732      30.501158    
79.900002 47.689999 0.500000 543.423279      1.21991  82.286404      43.442999    
81.919998 64.570000 0.500000 60.377499     -0.86416  85.187062      60.194148    
5.320000 57.540001 0.500000 109.627800     -0.54246  8.3241201      57.182717    
8.910000 84.459999 0.500000 124.153297     -0.44337  13.318084      83.877936    
31.600000 88.669998 0.500000 0.179200     -1.56535  36.197322      86.894663    
84.910004 40.880001 0.500000 226.672501      0.05329  86.933132      36.380130    
76.980003 13.630000 0.500000 35.395000     -1.05265  77.587844      9.5824985    
17.680000 34.750000 0.500000 566.364380      1.27446  19.474445      33.777077    
94.589996 20.700001 0.500000 380.462494      0.69429  95.543718      15.721175    
11.050000 40.029999 0.500000 88.750801     -0.67056  13.129865      39.396827    
53.939999 81.260002 0.500000 209.818893     -0.02820  58.118896      78.325637    
80.480003 71.070000 0.500000 384.741089      0.73474  84.089224      66.760603    
42.849998 13.670000 0.500000 489.567810      1.03109  43.506706      11.408670    
30.930000 33.509998 0.500000 487.525604      1.02048  32.641389      31.845323    
37.320000 52.200001 0.500000 100.346703     -0.60151  40.000791      50.175285    
3.200000 24.650000 0.500000 592.384521      1.36421  4.4856958      24.448743    
88.820000 25.110001 0.500000 167.223297     -0.26956  90.012431      20.427109    
25.770000 62.709999 0.500000 1116.698853      3.02334  29.016671      61.275360    
6.680000 15.420000 0.500000 125.688301     -0.42958  7.4778657      15.049263    
94.639999 70.379997 0.500000 173.630798     -0.23720  98.193703      65.330469    
19.870001 40.950001 0.500000 230.916702      0.07213  21.985927      39.853965    
79.629997 12.040000 0.500000 252.419205      0.21150  80.150992      7.8559876    
19.790001 69.800003 0.500000 966.505798      2.37603  23.415929      68.668616    
18.750000 34.380001 0.500000 392.114502      0.81077  20.523614      33.351585    
88.919998 11.070000 0.500000 363.809998      0.58656  89.377495      6.4011159    
34.790001 92.660004 0.500000 39.698299     -1.00999  39.591772      90.712249    
73.820000 30.500000 0.500000 454.374512      0.96909  75.315079      26.594761    
97.459999 2.840000 0.500000 45.026699     -0.93945  97.475068     -2.2645543    
2.500000 87.750000 0.500000 48.753300     -0.91061  7.0890540      87.498902    
57.720001 71.269997 0.500000 267.186615      0.27606  61.370881      68.151493    
41.360001 64.589996 0.500000 0.338300     -1.52403  44.683698      62.336862    
46.320000 46.959999 0.500000 94.539200     -0.63950  48.714216      44.471440    
67.650002 94.690002 0.500000 21.767799     -1.16876  72.512982      91.019705    
63.009998 44.820000 0.500000 326.717804      0.47821  65.269343      41.460887    
96.040001 11.960000 0.500000 60.224201     -0.88251  96.534320      6.9172640    
75.529999 19.100000 0.500000 198.786697     -0.09099  76.426105      15.120889    
68.400002 0.740000 0.500000 302.006592      0.38870  68.344991     -2.8407936    
94.730003 25.520000 0.500000 169.210007     -0.25658  95.935792      20.527240    
48.490002 35.430000 0.500000 99.867798     -0.60904  50.277811      32.843674    
72.930000 33.509998 0.500000 703.957825      1.63285  74.583830      29.647212    
25.639999 46.139999 0.500000 675.173279      1.56535  28.019641      44.734872    
33.130001 84.809998 0.500000 0.000000     -1.93901  37.523210      82.959879    
48.369999 73.610001 0.500000 353.802307      0.55704  52.156159      70.977631    
4.510000 84.400002 0.500000 87.820801     -0.67843  8.9209740      84.048300    
50.990002 85.870003 0.500000 123.779999     -0.45029  55.414211      83.083711    
97.769997 72.550003 0.500000 174.776703     -0.22433  101.43298      67.333689    
15.530000 27.490000 0.500000 552.091125      1.23320  16.947432      26.639549    
40.730000 34.000000 0.500000 376.048889      0.64720  42.453603      31.821761    
95.900002 54.080002 0.500000 190.727798     -0.11619  98.598903      48.986869    
51.110001 61.689999 0.500000 13.745800     -1.21991  54.268562      58.930564    
0.710000 15.010000 0.500000 541.830017      1.20682  1.4945897      14.952271    
84.239998 18.990000 0.500000 189.624207     -0.12882  85.118410      14.555194    
79.750000 33.730000 0.500000 661.240784      1.52403  81.405997      29.509982    
59.619999 89.620003 0.500000 173.994202     -0.23076  64.228640      86.376912    
48.759998 68.940002 0.500000 59.902199     -0.89180  52.301215      66.293621    
6.590000 51.660000 0.500000 291.429993      0.36850  9.2846441      51.244308    
83.860001 26.010000 0.500000 264.592194      0.25658  85.106332      21.585461    
42.790001 96.430000 0.500000 255.968903      0.23076  47.778115      94.058390    
92.699997 69.769997 0.500000 403.806702      0.85509  96.224434      64.822837    
72.050003 88.169998 0.500000 186.004501     -0.13514  76.565722      84.278358    
79.690002 60.650002 0.500000 17.831699     -1.20682  82.754965      56.396231    
51.590000 53.669998 0.500000 87.330002     -0.68634  54.328168      50.896433    
84.309998 20.730000 0.500000 248.578293      0.16683  85.279378      16.289146    
12.080000 8.860000 0.500000 65.804398     -0.84609  12.527141      8.2156393    
54.220001 37.540001 0.500000 353.527496      0.54974  56.110386      34.650898    
85.489998 11.270000 0.500000 329.742188      0.48525  85.962663      6.7803541    
55.070000 49.650002 0.500000 387.017792      0.74297  57.593009      46.699817    
97.480003 22.440001 0.500000 390.797791      0.76798  98.520829      17.307539    
96.790001 10.990000 0.500000 77.776703     -0.75125  97.232526      5.9093414    
63.770000 92.089996 0.500000 275.635590      0.28911  68.502223      88.626326    
16.270000 63.209999 0.500000 850.188416      1.93901  19.555858      62.271866    
50.820000 1.690000 0.500000 436.088898      0.93945  50.838801     -.97202936    
29.600000 82.019997 0.500000 0.000000     -2.28182  33.852029      80.358447    
65.139999 34.000000 0.500000 853.871094      1.98181  66.830149      30.544240    
88.959999 75.620003 0.500000 770.246582      1.73636  92.795728      70.860562    
55.360001 19.740000 0.500000 380.807800      0.70229  56.317244      16.815628    
22.219999 67.790001 0.500000 935.685608      2.20435  25.737402      66.534192    
46.060001 21.910000 0.500000 384.064209      0.71842  47.143558      19.469379    
29.799999 8.270000 0.500000 638.325928      1.48517  30.191977      6.6990548    
64.629997 73.800003 0.500000 524.684082      1.12050  68.403818      70.316390    
4.890000 61.779999 0.500000 280.351593      0.31534  8.1166137      61.439409    
60.799999 58.939999 0.500000 316.935486      0.44337  63.801356      55.677198    
88.519997 13.470000 0.500000 387.201111      0.75125  89.103649      8.8187612    
53.099998 35.279999 0.500000 463.678894      0.97916  54.873639      32.452610    
27.129999 88.139999 0.500000 0.000000     -2.08028  31.705709      86.599332    
59.119999 86.430000 0.500000 183.335007     -0.16048  63.562374      83.217449    
17.379999 2.640000 0.500000 399.093292      0.82830  17.494347      1.7267831    
87.150002 73.959999 0.500000 573.659973      1.28871  90.901333      69.297561    
68.690002 16.629999 0.500000 102.680000     -0.58656  69.466212      13.012251    
41.830002 79.540001 0.500000 265.543304      0.26307  45.935477      77.241781    
96.559998 71.070000 0.500000 302.010010      0.39546  100.14718      65.919041    
70.889999 15.290000 0.500000 113.223297     -0.52081  71.593063      11.558950    
44.040001 35.000000 0.500000 130.813293     -0.38195  45.811404      32.647158    
92.050003 15.520000 0.500000 116.404404     -0.50651  92.736106      10.681205    
70.889999 9.580000 0.500000 433.545593      0.92014  71.294225      5.8567751    
9.630000 73.029999 0.500000 202.009995     -0.08470  13.438897      72.425919    
1.450000 10.740000 0.500000 35.651699     -1.04181  2.0101010      10.649394    
39.570000 93.070000 0.500000 303.622498      0.40225  44.386678      90.871517    
71.769997 32.430000 0.500000 777.927490      1.76538  73.368894      28.629404    
92.860001 77.269997 0.500000 317.932190      0.45724  96.776739      72.304184    
24.629999 91.279999 0.500000 35.264198     -1.06362  29.373470      89.865868    
96.800003 4.240000 0.500000 116.368301     -0.51365  96.889246     -.83193145    
30.100000 24.840000 0.500000 565.086670      1.26047  31.358774      23.230645    
31.129999 85.430000 0.500000 0.000000     -2.20435  35.558397      83.683703    
61.040001 80.360001 0.500000 203.269196     -0.07213  65.162065      77.055284    
63.599998 8.890000 0.500000 111.348900     -0.53522  63.978103      5.5492499    
86.169998 83.309998 0.500000 90.789200     -0.65495  90.412013      78.686035    
95.180000 79.279999 0.500000 122.989998     -0.45724  99.198754      74.190012    
59.049999 79.599998 0.500000 307.124207      0.42272  63.135015      76.400471    
86.540001 88.620003 0.500000 34.825802     -1.07472  91.059414      83.969399    
32.369999 71.250000 0.500000 0.000000     -1.70874  36.054574      69.458240    
29.650000 50.220001 0.500000 736.379089      1.68236  32.237677      48.599415    
43.220001 34.160000 0.500000 133.536697     -0.36850  44.948566      31.851225    
4.500000 17.070000 0.500000 525.046692      1.13232  5.3872077      16.811094    
89.480003 81.910004 0.500000 204.796707     -0.04702  93.644212      77.114728    
54.820000 8.580000 0.500000 336.181702      0.50651  55.193914      5.6991843    
56.200001 51.869999 0.500000 279.084991      0.30220  58.837647      48.857632    
51.639999 90.620003 0.500000 126.360001     -0.42272  56.311913      87.793183    
94.669998 96.849998 0.500000 25.564199     -1.13232  99.608993      91.762624    
37.590000 64.080002 0.500000 7.962200     -1.33310  40.892172      62.024874    
54.939999 23.650000 0.500000 508.951691      1.08595  56.102451      20.742251    
98.269997 44.169998 0.500000 212.814407     -0.00940  100.44700      38.966410    
52.020000 35.240002 0.500000 333.071106      0.49231  53.793028      32.469190    
78.120003 17.170000 0.500000 280.234406      0.30877  78.911551      13.057984    
81.510002 85.169998 0.500000 374.584106      0.63950  85.855749      80.787372    
59.320000 17.770000 0.500000 268.214111      0.28258  60.168714      14.641078    
89.500000 25.920000 0.500000 160.259995     -0.30220  90.733891      21.200409    
97.330002 43.990002 0.500000 39.524399     -1.02048  99.498873      38.835857    
61.369999 94.540001 0.500000 99.828300     -0.61660  66.233735      91.198580    
25.670000 17.990000 0.500000 314.437805      0.43646  26.576344      16.621881    
38.869999 40.200001 0.500000 667.809998      1.54436  40.920634      38.110610    
84.489998 22.559999 0.500000 204.233307     -0.05957  85.554907      18.107217    
11.460000 77.769997 0.500000 260.986694      0.24365  15.514462      77.063646    
94.050003 5.860000 0.500000 231.270798      0.07841  94.227799     0.92977227    
1.320000 49.240002 0.500000 347.124115      0.52081  3.8952136      49.103437    
8.250000 29.570000 0.500000 785.291077      1.79597  9.7862679      29.097704    
45.700001 5.110000 0.500000 222.167801      0.03447  45.904807      2.7112437    
17.830000 71.849998 0.500000 629.206726      1.44842  21.565903      70.818380    
43.700001 6.870000 0.500000 379.435608      0.67056  43.999660      4.5735036    
67.430000 5.300000 0.500000 348.535614      0.52800  67.614970      1.7637230    
90.410004 56.110001 0.500000 0.000000     -1.89949  93.222671      51.301410    
59.259998 98.440002 0.500000 67.496696     -0.81950  64.330736      95.203665    
38.470001 50.500000 0.500000 130.483307     -0.38870  41.060245      48.417427    
85.809998 55.090000 0.500000 120.544403     -0.48525  88.575586      50.523553    
51.020000 96.820000 0.500000 243.326706      0.13514  56.017246      94.017131    
67.029999 68.750000 0.500000 234.253296      0.09099  70.536234      65.147701    
53.349998 97.440002 0.500000 190.017807     -0.12250  58.376499      94.514341    
4.120000 54.410000 0.500000 306.292511      0.40905  6.9619530      54.119809    
74.209999 28.950001 0.500000 307.010010      0.41588  75.623423      25.026475    
41.610001 30.150000 0.500000 251.031693      0.19231  43.130905      27.930981    
48.830002 88.230003 0.500000 24.600000     -1.14430  53.380684      85.553522    
17.309999 21.830000 0.500000 587.953308      1.34849  18.428770      20.894147    
29.959999 2.250000 0.500000 439.236694      0.94924  30.036696     0.67893127    
69.629997 75.739998 0.500000 325.262512      0.47120  73.498497      71.992047    
41.849998 61.650002 0.500000 7.805000     -1.34849  45.019156      59.375253    
46.220001 95.160004 0.500000 179.164993     -0.18593  51.136948      92.610623    
42.869999 68.480003 0.500000 2.070000     -1.44842  46.395214      66.142511    
37.560001 51.680000 0.500000 122.061096     -0.47120  40.213249      49.643436    
60.110001 19.639999 0.500000 238.183304      0.10358  61.055500      16.467169    
22.100000 24.260000 0.500000 153.167801     -0.33517  23.339383      23.070128    
68.540001 6.040000 0.500000 532.397827      1.18126  68.762178      2.4446159    
63.040001 22.150000 0.500000 204.014496     -0.06585  64.112848      18.820385    
67.010002 90.459999 0.500000 83.134499     -0.71033  71.652478      86.828994    
88.900002 45.360001 0.500000 228.528900      0.06585  91.152127      40.645170    
15.300000 2.810000 0.500000 129.448898     -0.40225  15.426096      2.0054089    
19.170000 51.930000 0.500000 811.435791      1.89949  21.861534      50.855551    
53.820000 53.080002 0.500000 178.339996     -0.19870  56.524234      50.190537    
95.500000 98.809998 0.500000 61.423302     -0.85509  100.54044      93.676499    
64.000000 38.110001 0.500000 379.035889      0.65495  65.906814      34.708271    
12.310000 9.490000 0.500000 72.372200     -0.78492  12.789798      8.8327387    
95.680000 55.759998 0.500000 251.179993      0.19870  98.467127      50.676077    
78.650002 71.489998 0.500000 527.396729      1.15644  82.283712      67.275800    
1.410000 84.919998 0.500000 22.536699     -1.15644  5.8524369      84.729824    
56.090000 91.029999 0.500000 124.279999     -0.43646  60.777273      87.969722    
40.529999 56.889999 0.500000 29.884399     -1.12050  43.451847      54.690857    
55.049999 39.040001 0.500000 241.190002      0.11619  57.017751      36.105404    
76.470001 12.850000 0.500000 104.115799     -0.57174  77.037719      8.8302589    
0.690000 40.000000 0.500000 283.859985      0.34845  2.7824926      39.909070    
14.940000 21.059999 0.500000 10.072500     -1.26047  16.021720      20.249238    
53.480000 10.030000 0.500000 266.564392      0.26956  53.931637      7.2173273    
49.389999 70.779999 0.500000 137.289200     -0.35512  53.026651      68.098125    
8.010000 96.000000 0.500000 122.753304     -0.46421  13.023274      95.449224    
79.790001 13.460000 0.500000 172.210800     -0.24365  80.385094      9.2656676    
