With Rotated Coordinates: Normal Score Transform: pygeostat_saved_data
 7
X
Y
Z
value
NS_value
Rotated X
Rotated Y
47.770000 30.670000 0.500000 165.458893     -0.28911  49.793066      27.263023    
9.870000 72.339996 0.500000 227.343399      0.05957  14.892140      71.475283    
7.600000 96.019997 0.500000 176.246704     -0.21150  14.279503      95.255948    
45.610001 28.590000 0.500000 162.413300     -0.29565  47.493235      25.338763    
15.590000 18.379999 0.500000 609.767822      1.41353  16.834147      17.247723    
49.919998 70.309998 0.500000 137.289200     -0.36180  54.702973      66.656483    
45.279999 36.150002 0.500000 106.803299     -0.56437  47.691396      32.903369    
55.430000 40.709999 0.500000 348.921112      0.53522  58.134761      36.744230    
27.209999 96.120003 0.500000 1.954400     -1.46654  33.848709      93.987786    
98.510002 24.100000 0.500000 211.701096     -0.02193  99.951168      17.169583    
66.610001 86.760002 0.500000 389.505890      0.75959  72.499814      81.902180    
19.110001 44.990002 0.500000 243.880005      0.14780  22.201794      43.547362    
7.570000 37.660000 0.500000 317.177795      0.45029  10.178589      37.040206    
83.400002 21.420000 0.500000 356.059998      0.57174  84.691027      15.550132    
64.959999 90.580002 0.500000 259.291687      0.23720  71.120301      85.827973    
42.099998 51.869999 0.500000 89.163300     -0.66274  45.615713      48.806899    
47.099998 74.160004 0.500000 503.107788      1.05265  52.158405      70.693824    
8.400000 40.540001 0.500000 156.662201     -0.31534  11.207466      39.855293    
26.709999 21.860001 0.500000 391.565796      0.77642  28.169811      19.943556    
17.260000 44.430000 0.500000 221.412201      0.01567  20.317236      43.117774    
63.730000 29.290001 0.500000 583.816589      1.31801  65.617924      24.773072    
48.110001 7.190000 0.500000 49.231098     -0.90117  48.494356      3.8165015    
94.680000 30.120001 0.500000 4.586700     -1.38028  96.550429      23.442087    
35.970001 39.919998 0.500000 693.219971      1.60953  38.667058      37.313614    
22.820000 18.910000 0.500000 185.274506     -0.14147  24.083507      17.272093    
74.660004 90.839996 0.500000 66.292503     -0.83716  80.814814      85.410696    
23.320000 14.990000 0.500000 60.297798     -0.87330  24.308843      13.326764    
13.630000 3.270000 0.500000 18.743299     -1.19394  13.824902      2.3112537    
96.300003 55.360001 0.500000 261.944092      0.25011  99.927139      48.507598    
90.000000 54.610001 0.500000 0.000000     -3.02334  93.590166      48.198891    
31.809999 83.250000 0.500000 0.000000     -1.86273  37.539738      80.828254    
88.800003 70.250000 0.500000 398.127808      0.81950  93.484083      63.884500    
24.820000 4.220000 0.500000 248.990005      0.17319  25.053912      2.4783646    
77.059998 69.230003 0.500000 214.600006     -0.00313  81.701525      63.685929    
72.309998 80.580002 0.500000 495.592194      1.04181  77.754831      75.339623    
38.250000 63.270000 0.500000 0.308900     -1.54436  42.570317      60.447692    
54.380001 51.200001 0.500000 195.858398     -0.10358  57.819066      47.281923    
61.099998 81.419998 0.500000 184.214996     -0.15414  66.630733      76.959543    
67.459999 91.910004 0.500000 76.598900     -0.76798  73.706988      86.980344    
45.820000 53.419998 0.500000 41.741100     -0.96909  49.434775      50.093628    
17.549999 26.480000 0.500000 504.497803      1.07472  19.354399      25.191270    
35.360001 48.950001 0.500000 482.136597      0.99961  38.688445      46.364172    
97.570000 33.970001 0.500000 0.000000     -1.60953  99.701952      27.081113    
61.750000 77.190002 0.500000 236.482498      0.09729  66.984082      72.694509    
15.310000 64.599998 0.500000 858.669983      2.02859  19.778974      63.374664    
95.570000 22.150000 0.500000 284.837799      0.35512  96.882302      15.429418    
93.489998 21.629999 0.500000 282.811096      0.34180  94.771094      15.055777    
51.900002 78.660004 0.500000 251.459106      0.20509  57.260621      74.848031    
2.980000 64.540001 0.500000 177.182205     -0.20509  7.4748237      64.174911    
95.930000 40.509998 0.500000 9.561100     -1.31801  98.522154      33.719579    
65.389999 68.440002 0.500000 354.035614      0.56437  70.004845      63.711910    
39.599998 56.570000 0.500000 31.750000     -1.08595  43.449658      53.669842    
8.100000 54.740002 0.500000 281.348907      0.32854  11.898738      54.041631    
26.799999 27.379999 0.500000 295.754211      0.38195  28.644648      25.443829    
50.599998 64.389999 0.500000 0.000000     -1.73636  54.968358      60.703471    
51.880001 44.160000 0.500000 402.385010      0.84609  54.834070      40.433463    
35.490002 43.410000 0.500000 867.247803      2.08028  38.431679      40.828598    
63.070000 60.150002 0.500000 48.055599     -0.92014  67.112217      55.603939    
92.989998 12.430000 0.500000 102.753304     -0.57913  93.630552      5.9130668    
93.160004 89.589996 0.500000 12.638900     -1.23320  99.182553      82.873246    
91.660004 13.190000 0.500000 184.681702     -0.14780  92.356813      6.7639912    
15.330000 16.450001 0.500000 384.345612      0.72655  16.440151      15.340563    
79.099998 90.010002 0.500000 165.626694     -0.28258  85.186095      84.273005    
90.900002 25.969999 0.500000 152.614395     -0.34180  92.490150      19.565874    
25.660000 82.690002 0.500000 0.000000     -1.68236  31.365656      80.698622    
19.950001 52.459999 0.500000 950.764893      2.28182  23.560828      50.940567    
66.459999 31.410000 0.500000 560.609985      1.24672  68.489157      26.697472    
54.970001 86.129997 0.500000 85.807503     -0.69429  60.844222      82.085675    
7.600000 16.309999 0.500000 221.636703      0.02193  8.7192148      15.740119    
31.090000 93.470001 0.500000 9.676700     -1.28871  37.534404      91.073584    
16.700001 94.089996 0.500000 605.390930      1.39671  23.222707      92.695864    
27.670000 89.550003 0.500000 0.000000     -2.67379  33.849290      87.401702    
2.330000 60.270000 0.500000 217.250000      0.00313  6.5285469      59.960653    
51.270000 51.439999 0.500000 179.943298     -0.17956  54.733382      47.738279    
36.020000 33.060001 0.500000 579.722473      1.30322  38.238406      30.466840    
5.170000 90.519997 0.500000 281.403290      0.33517  11.471762      89.938854    
24.010000 23.379999 0.500000 126.393303     -0.41588  25.582419      21.648194    
4.130000 89.739998 0.500000 157.894196     -0.30877  10.379885      89.233302    
71.370003 48.259998 0.500000 320.628387      0.46421  74.562597      43.163919    
56.779999 78.720001 0.500000 366.387512      0.60904  62.132915      74.567471    
35.040001 46.880001 0.500000 637.956726      1.46654  38.224829      44.321537    
80.500000 1.250000 0.500000 195.949997     -0.09729  80.391102     -4.3684410    
64.330002 88.959999 0.500000 379.339996      0.66274  70.378833      84.255863    
0.730000 11.280000 0.500000 133.301697     -0.37522  1.5150748      11.201600    
1.570000 74.019997 0.500000 221.821701      0.02820  6.7295495      73.730170    
33.680000 65.059998 0.500000 1.560000     -1.48517  38.136313      62.552117    
58.000000 96.239998 0.500000 144.524399     -0.34845  64.572078      91.959687    
93.730003 13.310000 0.500000 175.593307     -0.21791  94.430140      6.7393031    
48.590000 51.540001 0.500000 47.275600     -0.92975  52.066886      48.024985    
28.309999 12.070000 0.500000 407.453308      0.86416  29.082998      10.065792    
75.080002 29.490000 0.500000 440.246613      0.95912  76.954229      24.180848    
74.519997 12.220000 0.500000 129.481705     -0.39546  75.190894      6.9919805    
91.449997 51.290001 0.500000 0.737500     -1.50432  94.805039      44.785832    
33.529999 41.450001 0.500000 873.608826      2.13821  36.339727      39.010096    
76.099998 32.490002 0.500000 690.503418      1.58706  78.181010      27.102391    
1.230000 6.750000 0.500000 0.000000     -2.13821  1.6978600      6.6477569    
13.510000 52.820000 0.500000 657.721130      1.50432  17.161627      51.748923    
73.830002 67.790001 0.500000 249.382202      0.17956  78.378947      62.474747    
96.940002 76.330002 0.500000 168.319199     -0.26307  102.02837      69.381873    
18.549999 11.190000 0.500000 78.788902     -0.74297  19.285387      9.8687592    
66.040001 26.000000 0.500000 83.500000     -0.70229  67.692799      21.329948    
73.620003 92.360001 0.500000 31.715599     -1.09732  79.883376      86.999545    
24.799999 36.230000 0.500000 521.259216      1.10884  27.266864      34.411785    
31.170000 91.220001 0.500000 3.835000     -1.39671  37.457257      88.823484    
32.279999 86.070000 0.500000 0.000000     -2.49771  38.205306      83.608599    
63.939999 13.170000 0.500000 275.706696      0.29565  64.702937      8.6776897    
61.380001 26.830000 0.500000 360.353302      0.57913  63.102049      22.482991    
70.629997 6.870000 0.500000 584.732178      1.33310  70.937173      1.9263655    
59.980000 48.279999 0.500000 341.205811      0.51365  63.201734      43.978398    
1.330000 1.900000 0.500000 6.237500     -1.36421  1.4592975      1.8025956    
31.940001 20.420000 0.500000 368.518311      0.61660  33.286624      18.142236    
24.379999 74.949997 0.500000 119.525002     -0.49940  29.548858      73.066760    
25.160000 19.120001 0.500000 333.786713      0.49940  26.432455      17.318353    
3.900000 37.470001 0.500000 503.402191      1.06362  6.5042749      37.106676    
32.400002 97.730003 0.500000 30.643299     -1.10884  39.138378      95.231828    
9.170000 41.200001 0.500000 107.566704     -0.55704  12.021629      40.459973    
80.010002 7.490000 0.500000 370.774414      0.62419  80.337578      1.8905392    
54.919998 58.619999 0.500000 206.190796     -0.04074  58.875340      54.646178    
20.139999 44.240002 0.500000 281.014404      0.32194  23.176965      42.727340    
82.610001 97.559998 0.500000 0.000000     -2.02859  89.214209      91.559764    
67.669998 27.830000 0.500000 234.181107      0.08470  69.446480      23.041787    
6.630000 41.820000 0.500000 204.248306     -0.05329  9.5310654      41.255643    
86.440002 37.959999 0.500000 434.297485      0.92975  88.877394      31.837781    
94.599998 54.169998 0.500000 121.685799     -0.47821  98.148265      47.439080    
41.000000 75.160004 0.500000 128.122498     -0.40905  46.143023      72.116903    
33.770000 52.139999 0.500000 422.572205      0.88251  37.324840      49.657312    
47.200001 51.880001 0.500000 40.224400     -0.98933  50.703990      48.461118    
82.349998 34.660000 0.500000 538.076721      1.19394  84.567157      28.831125    
12.390000 87.220001 0.500000 292.411102      0.37522  18.443978      86.143255    
44.560001 57.200001 0.500000 9.940000     -1.27446  48.441525      53.952316    
65.089996 85.129997 0.500000 391.724487      0.78492  70.869808      80.382176    
36.639999 80.300003 0.500000 12.637500     -1.24672  42.152191      77.548519    
2.220000 95.660004 0.500000 156.317795     -0.32194  8.8874967      95.272122    
8.290000 57.060001 0.500000 178.806702     -0.19231  12.250110      56.342725    
68.379997 63.090000 0.500000 40.496700     -0.97916  72.614363      58.166369    
69.510002 58.639999 0.500000 82.922501     -0.71842  73.431199      53.648382    
13.370000 68.120003 0.500000 422.587799      0.89180  18.089243      67.021422    
97.529999 64.089996 0.500000 364.784393      0.59402  101.76311      57.130527    
85.870003 13.420000 0.500000 380.245605      0.68634  86.596960      7.3973210    
91.760002 21.070000 0.500000 191.898407     -0.10989  93.006248      14.617820    
85.739998 1.380000 0.500000 433.018890      0.91061  85.627404     -4.6042815    
73.050003 91.500000 0.500000 44.242199     -0.94924  79.254774      86.181400    
23.030001 88.080002 0.500000 350.576691      0.54246  29.118051      86.258952    
93.620003 35.830002 0.500000 69.283302     -0.79348  95.891324      29.212121    
82.989998 33.799999 0.500000 600.266724      1.38028  85.145607      27.928574    
34.810001 91.769997 0.500000 39.395802     -1.03109  41.126757      89.118227    
69.800003 56.380001 0.500000 171.267502     -0.25011  73.562844      51.373660    
43.669998 5.170000 0.500000 208.476700     -0.03447  43.924261      2.1111411    
28.309999 30.230000 0.500000 471.301086      0.98933  30.349775      28.181556    
61.980000 87.940002 0.500000 212.728302     -0.01567  67.963404      83.402278    
82.620003 66.489998 0.500000 120.147797     -0.49231  87.056853      60.564752    
80.769997 80.260002 0.500000 250.077805      0.18593  86.171900      74.430263    
7.670000 94.809998 0.500000 98.174400     -0.63183  14.264927      94.044013    
93.040001 72.360001 0.500000 182.238907     -0.16683  97.860939      65.693593    
87.290001 68.529999 0.500000 307.188904      0.42958  91.857778      62.274021    
68.000000 65.019997 0.500000 67.194397     -0.82830  72.369921      60.118171    
33.060001 85.930000 0.500000 0.000000     -1.58706  38.973642      83.414530    
31.920000 48.480000 0.500000 710.625916      1.65710  35.224038      46.135279    
74.099998 67.690002 0.500000 180.654205     -0.17319  78.641310      62.356158    
64.680000 71.820000 0.500000 510.158295      1.09732  69.532353      67.133201    
83.120003 77.790001 0.500000 373.781097      0.63183  88.343883      71.802350    
46.910000 71.419998 0.500000 108.184998     -0.54974  51.777737      67.973746    
2.480000 23.910000 0.500000 252.805603      0.21791  4.1418361      23.678760    
4.700000 41.299999 0.500000 244.548294      0.15414  7.5694933      40.871539    
41.310001 24.270000 0.500000 425.486694      0.90117  42.902362      21.329240    
38.599998 74.730003 0.500000 39.917801     -0.99961  43.718872      71.855365    
47.919998 77.849998 0.500000 627.306580      1.43076  53.233809      74.317629    
13.000000 50.560001 0.500000 392.078888      0.79348  16.495220      49.530005    
32.009998 79.540001 0.500000 0.000000     -1.82833  37.480453      77.113341    
6.670000 60.849998 0.500000 154.851700     -0.32854  10.898433      60.236495    
9.160000 37.529999 0.500000 243.003296      0.12882  11.755647      36.799609    
68.230003 21.290001 0.500000 0.000000     -1.79597  69.548914      16.478655    
36.750000 64.529999 0.500000 2.398300     -1.43076  41.161864      61.809257    
76.220001 94.800003 0.500000 20.676701     -1.18126  82.647247      89.252237    
29.459999 71.599998 0.500000 0.000000     -1.98181  34.382799      69.370558    
32.310001 2.820000 0.500000 238.321106      0.10989  32.428009     0.55929890    
27.360001 54.590000 0.500000 401.113312      0.83716  31.101359      52.548484    
12.230000 46.340000 0.500000 166.036697     -0.27606  15.432723      45.373996    
47.840000 48.700001 0.500000 246.417801      0.16048  51.120604      45.244221    
38.160000 82.959999 0.500000 91.463303     -0.64720  43.854041      80.096006    
26.230000 60.860001 0.500000 526.869202      1.14430  30.411484      58.882037    
2.270000 24.940001 0.500000 793.451111      1.86273  4.0041969      24.720901    
32.290001 38.209999 0.500000 787.488770      1.82833  34.876739      35.864485    
93.449997 77.199997 0.500000 222.843307      0.04074  98.607557      70.493199    
46.310001 12.090000 0.500000 82.468300     -0.72655  47.040548      8.8301270    
60.639999 13.740000 0.500000 242.073303      0.12250  61.450737      9.4764976    
27.080000 83.500000 0.500000 0.000000     -1.63285  32.838700      81.407593    
20.639999 34.169998 0.500000 412.755493      0.87330  22.973300      32.646988    
0.910000 51.700001 0.500000 365.538300      0.60151  4.5141930      51.510584    
74.199997 59.790001 0.500000 79.400803     -0.73474  78.189989      54.468425    
81.849998 88.290001 0.500000 223.478302      0.04702  87.809415      82.365364    
10.790000 20.299999 0.500000 482.946686      1.00999  12.179772      19.497877    
16.750000 10.030000 0.500000 77.680000     -0.75959  17.408855      8.8371465    
90.989998 93.660004 0.500000 3.380000     -1.41353  97.301743      87.084712    
85.900002 66.820000 0.500000 102.451103     -0.59402  90.351881      60.665149    
80.320000 45.880001 0.500000 202.179993     -0.07841  83.324772      40.165400    
18.309999 34.560001 0.500000 392.114502      0.80209  20.676181      33.198574    
12.000000 9.680000 0.500000 72.372200     -0.77642  12.646011      8.8193423    
92.029999 36.970001 0.500000 98.325600     -0.62419  94.384715      30.460256    
62.450001 57.750000 0.500000 243.808899      0.14147  66.326312      53.253032    
16.930000 71.489998 0.500000 758.139893      1.70874  21.875650      70.134875    
85.620003 13.360000 0.500000 380.245605      0.67843  86.343383      7.3549063    
68.769997 81.690002 0.500000 531.277771      1.16876  74.300883      76.693857    
76.739998 77.860001 0.500000 381.125000      0.71033  81.984302      72.317226    
21.420000 51.090000 0.500000 1046.204102      2.49771  24.931680      49.471364    
50.400002 38.419998 0.500000 0.000000     -2.37603  52.957274      34.810682    
40.270000 60.759998 0.500000 9.652200     -1.30322  44.410307      57.802897    
63.320000 42.470001 0.500000 220.183304      0.00940  66.128313      37.949566    
67.360001 74.000000 0.500000 288.287811      0.36180  72.357894      69.120944    
21.879999 49.770000 0.500000 1052.666626      2.67379  25.298480      48.122491    
36.980000 92.150002 0.500000 113.063301     -0.52800  43.317978      89.345935    
27.730000 71.970001 0.500000 0.000000     -1.76538  32.682825      69.860339    
74.290001 17.010000 0.500000 67.517502     -0.81077  75.295592      11.786356    
25.879999 79.059998 0.500000 0.000000     -1.65710  31.331903      77.062114    
67.639999 59.799999 0.500000 43.964401     -0.95912  71.646668      54.936001    
1.220000 52.860001 0.500000 255.509995      0.22433  4.9043554      52.646134    
93.440002 35.439999 0.500000 69.283302     -0.80209  95.684556      28.835624    
79.900002 47.689999 0.500000 543.423279      1.21991  83.032056      42.000286    
81.919998 64.570000 0.500000 60.377499     -0.86416  86.224620      58.698261    
5.320000 57.540001 0.500000 109.627800     -0.54246  9.3208283      57.028732    
8.910000 84.459999 0.500000 124.153297     -0.44337  14.779927      83.632729    
31.600000 88.669998 0.500000 0.179200     -1.56535  37.708330      86.249698    
84.910004 40.880001 0.500000 226.672501      0.05329  87.554812      34.857397    
76.980003 13.630000 0.500000 35.395000     -1.05265  77.743264      8.2269445    
17.680000 34.750000 0.500000 566.364380      1.27446  20.060970      33.432056    
94.589996 20.700001 0.500000 380.462494      0.69429  95.803539      14.051312    
11.050000 40.029999 0.500000 88.750801     -0.67056  13.815434      39.161679    
53.939999 81.260002 0.500000 209.818893     -0.02820  59.477015      77.299393    
80.480003 71.070000 0.500000 384.741089      0.73474  85.241550      65.282876    
42.849998 13.670000 0.500000 489.567810      1.03109  43.699189      10.647636    
30.930000 33.509998 0.500000 487.525604      1.02048  33.192195      31.270802    
37.320000 52.200001 0.500000 100.346703     -0.60151  40.870378      49.469533    
3.200000 24.650000 0.500000 592.384521      1.36421  4.9117020      24.366733    
88.820000 25.110001 0.500000 167.223297     -0.26956  90.355224      18.853064    
25.770000 62.709999 0.500000 1116.698853      3.02334  30.081654      60.759616    
6.680000 15.420000 0.500000 125.688301     -0.42958  7.7393727      14.916464    
94.639999 70.379997 0.500000 173.630798     -0.23720  99.318921      63.606802    
19.870001 40.950001 0.500000 230.916702      0.07213  22.678126      39.464188    
79.629997 12.040000 0.500000 252.419205      0.21150  80.275890      6.4559634    
19.790001 69.800003 0.500000 966.505798      2.37603  24.610796      68.249493    
18.750000 34.380001 0.500000 392.114502      0.81077  21.102554      32.988319    
88.919998 11.070000 0.500000 363.809998      0.58656  89.475598      4.8402886    
34.790001 92.660004 0.500000 39.698299     -1.00999  41.168889      90.007461    
73.820000 30.500000 0.500000 454.374512      0.96909  75.767751      25.276281    
97.459999 2.840000 0.500000 45.026699     -0.93945  97.420700     -3.9653839    
2.500000 87.750000 0.500000 48.753300     -0.91061  8.6150406      87.361854    
57.720001 71.269997 0.500000 267.186615      0.27606  62.550942      67.070043    
41.360001 64.589996 0.500000 0.338300     -1.52403  45.764820      61.547530    
46.320000 46.959999 0.500000 94.539200     -0.63950  49.482931      43.614487    
67.650002 94.690002 0.500000 21.767799     -1.16876  74.090451      89.740316    
63.009998 44.820000 0.500000 326.717804      0.47821  65.982994      40.315465    
96.040001 11.960000 0.500000 60.224201     -0.88251  96.640340      5.2314543    
75.529999 19.100000 0.500000 198.786697     -0.09099  76.678360      13.784767    
68.400002 0.740000 0.500000 302.006592      0.38870  68.285003     -4.0331455    
94.730003 25.520000 0.500000 169.210007     -0.25658  96.279431      18.849804    
48.490002 35.430000 0.500000 99.867798     -0.60904  50.843355      31.961203    
72.930000 33.509998 0.500000 703.957825      1.63285  75.089885      28.341030    
25.639999 46.139999 0.500000 675.173279      1.56535  28.796105      44.239048    
33.130001 84.809998 0.500000 0.000000     -1.93901  38.965344      82.292373    
48.369999 73.610001 0.500000 353.802307      0.55704  53.386946      70.056570    
4.510000 84.400002 0.500000 87.820801     -0.67843  10.386460      83.879806    
50.990002 85.870003 0.500000 123.779999     -0.45029  56.855781      82.103945    
97.769997 72.550003 0.500000 174.776703     -0.22433  102.59267      65.553185    
15.530000 27.490000 0.500000 552.091125      1.23320  17.409775      26.339718    
40.730000 34.000000 0.500000 376.048889      0.64720  43.002504      31.075997    
95.900002 54.080002 0.500000 190.727798     -0.11619  99.438825      47.258620    
51.110001 61.689999 0.500000 13.745800     -1.21991  55.288776      57.974472    
0.710000 15.010000 0.500000 541.830017      1.20682  1.7553151      14.923909    
84.239998 18.990000 0.500000 189.624207     -0.12882  85.359469      13.067456    
79.750000 33.730000 0.500000 661.240784      1.52403  81.908619      28.084757    
59.619999 89.620003 0.500000 173.994202     -0.23076  65.726343      85.242812    
48.759998 68.940002 0.500000 59.902199     -0.89180  53.450232      65.370742    
6.590000 51.660000 0.500000 291.429993      0.36850  10.177566      51.074464    
83.860001 26.010000 0.500000 264.592194      0.25658  85.470088      20.096863    
42.790001 96.430000 0.500000 255.968903      0.23076  49.412383      93.210222    
92.699997 69.769997 0.500000 403.806702      0.85509  97.341093      63.133616    
72.050003 88.169998 0.500000 186.004501     -0.13514  78.024921      82.929266    
79.690002 60.650002 0.500000 17.831699     -1.20682  83.726611      54.943368    
51.590000 53.669998 0.500000 87.330002     -0.68634  55.208159      49.940524    
84.309998 20.730000 0.500000 248.578293      0.16683  85.550675      14.798335    
12.080000 8.860000 0.500000 65.804398     -0.84609  12.668616      7.9957593    
54.220001 37.540001 0.500000 353.527496      0.54974  56.706582      33.666359    
85.489998 11.270000 0.500000 329.742188      0.48525  86.067904      5.2790661    
55.070000 49.650002 0.500000 387.017792      0.74297  58.399261      45.687568    
97.480003 22.440001 0.500000 390.797791      0.76798  98.807882      15.585477    
96.790001 10.990000 0.500000 77.776703     -0.75125  97.320849      4.2114998    
63.770000 92.089996 0.500000 275.635590      0.28911  70.038533      87.417299    
16.270000 63.209999 0.500000 850.188416      1.93901  20.639674      61.921085    
50.820000 1.690000 0.500000 436.088898      0.93945  50.814093     -1.8591407    
29.600000 82.019997 0.500000 0.000000     -2.28182  35.249322      79.755409    
65.139999 34.000000 0.500000 853.871094      1.98181  67.353041      29.373241    
88.959999 75.620003 0.500000 770.246582      1.73636  94.018282      69.230261    
55.360001 19.740000 0.500000 380.807800      0.70229  56.602140      15.830196    
22.219999 67.790001 0.500000 935.685608      2.20435  26.894664      66.074879    
46.060001 21.910000 0.500000 384.064209      0.71842  47.476165      18.643645    
29.799999 8.270000 0.500000 638.325928      1.48517  30.304294      6.1711119    
64.629997 73.800003 0.500000 524.684082      1.12050  69.620590      69.111869    
4.890000 61.779999 0.500000 280.351593      0.31534  9.1876431      61.288397    
60.799999 58.939999 0.500000 316.935486      0.44337  64.763340      54.555231    
88.519997 13.470000 0.500000 387.201111      0.75125  89.243986      7.2623450    
53.099998 35.279999 0.500000 463.678894      0.97916  55.431657      31.489990    
27.129999 88.139999 0.500000 0.000000     -2.08028  33.212247      86.032801    
59.119999 86.430000 0.500000 183.335007     -0.16048  65.005038      82.095458    
17.379999 2.640000 0.500000 399.093292      0.82830  17.521819      1.4212017    
87.150002 73.959999 0.500000 573.659973      1.28871  92.096898      67.700559    
68.690002 16.629999 0.500000 102.680000     -0.58656  69.682727      11.797917    
41.830002 79.540001 0.500000 265.543304      0.26307  47.276536      76.428332    
96.559998 71.070000 0.500000 302.010010      0.39546  101.28238      64.161192    
70.889999 15.290000 0.500000 113.223297     -0.52081  71.783891      10.307718    
44.040001 35.000000 0.500000 130.813293     -0.38195  46.374198      31.842667    
92.050003 15.520000 0.500000 116.404404     -0.50651  92.908394      9.0611105    
70.889999 9.580000 0.500000 433.545593      0.92014  71.385582      4.6116273    
9.630000 73.029999 0.500000 202.009995     -0.08470  14.700857      72.180347    
1.450000 10.740000 0.500000 35.651699     -1.04181  2.1956524      10.612691    
39.570000 93.070000 0.500000 303.622498      0.40225  45.965844      90.083023    
71.769997 32.430000 0.500000 777.927490      1.76538  73.857371      27.344580    
92.860001 77.269997 0.500000 317.932190      0.45724  98.023881      70.604185    
24.629999 91.279999 0.500000 35.264198     -1.06362  30.937372      89.339544    
96.800003 4.240000 0.500000 116.368301     -0.51365  96.859971     -2.5227552    
30.100000 24.840000 0.500000 565.086670      1.26047  31.759429      22.679821    
31.129999 85.430000 0.500000 0.000000     -2.20435  37.013463      83.050378    
61.040001 80.360001 0.500000 203.269196     -0.07213  66.496941      75.906313    
63.599998 8.890000 0.500000 111.348900     -0.53522  64.065207      4.4318329    
86.169998 83.309998 0.500000 90.789200     -0.65495  91.771504      77.096144    
95.180000 79.279999 0.500000 122.989998     -0.45724  100.47844      72.447456    
59.049999 79.599998 0.500000 307.124207      0.42272  64.458771      75.286977    
86.540001 88.620003 0.500000 34.825802     -1.07472  92.511013      82.367404    
32.369999 71.250000 0.500000 0.000000     -1.70874  37.261296      68.818422    
29.650000 50.220001 0.500000 736.379089      1.68236  33.080944      48.029388    
43.220001 34.160000 0.500000 133.536697     -0.36850  45.497600      31.061913    
4.500000 17.070000 0.500000 525.046692      1.13232  5.6797812      16.714514    
89.480003 81.910004 0.500000 204.796707     -0.04702  94.975787      75.468666    
54.820000 8.580000 0.500000 336.181702      0.50651  55.284972      4.7350497    
56.200001 51.869999 0.500000 279.084991      0.30220  59.681369      47.823332    
51.639999 90.620003 0.500000 126.360001     -0.42272  57.835538      86.797033    
94.669998 96.849998 0.500000 25.564199     -1.13232  101.19530      90.010231    
37.590000 64.080002 0.500000 7.962200     -1.33310  41.968428      61.301761    
54.939999 23.650000 0.500000 508.951691      1.08595  56.455909      19.759969    
98.269997 44.169998 0.500000 212.814407     -0.00940  101.11176      37.207434    
52.020000 35.240002 0.500000 333.071106      0.49231  54.351500      31.525427    
78.120003 17.170000 0.500000 280.234406      0.30877  79.127425      11.678799    
81.510002 85.169998 0.500000 374.584106      0.63950  87.252606      79.276678    
59.320000 17.770000 0.500000 268.214111      0.28258  60.415072      13.588759    
89.500000 25.920000 0.500000 160.259995     -0.30220  91.090070      19.613656    
97.330002 43.990002 0.500000 39.524399     -1.02048  100.16150      37.093447    
61.369999 94.540001 0.500000 99.828300     -0.61660  67.815282      90.028752    
25.670000 17.990000 0.500000 314.437805      0.43646  26.862388      16.155529    
38.869999 40.200001 0.500000 667.809998      1.54436  41.579524      37.390642    
84.489998 22.559999 0.500000 204.233307     -0.05957  85.857891      16.611320    
11.460000 77.769997 0.500000 260.986694      0.24365  16.857045      76.781144    
94.050003 5.860000 0.500000 231.270798      0.07841  94.229675     -.71487118    
1.320000 49.240002 0.500000 347.124115      0.52081  4.7515934      49.027977    
8.250000 29.570000 0.500000 785.291077      1.79597  10.292602      28.922478    
45.700001 5.110000 0.500000 222.167801      0.03447  45.945134      1.9096814    
17.830000 71.849998 0.500000 629.206726      1.44842  22.798569      70.431217    
43.700001 6.870000 0.500000 379.435608      0.67056  44.072777      3.8049071    
67.430000 5.300000 0.500000 348.535614      0.52800  67.635453     0.58341048    
90.410004 56.110001 0.500000 0.000000     -1.89949  94.103806      49.666637    
59.259998 98.440002 0.500000 67.496696     -0.81950  65.982471      94.066439    
38.470001 50.500000 0.500000 130.483307     -0.38870  41.898992      47.693453    
85.809998 55.090000 0.500000 120.544403     -0.48525  89.443853      48.970001    
51.020000 96.820000 0.500000 243.326706      0.13514  57.649540      93.025176    
67.029999 68.750000 0.500000 234.253296      0.09099  71.662475      63.906752    
53.349998 97.440002 0.500000 190.017807     -0.12250  60.017111      93.481135    
4.120000 54.410000 0.500000 306.292511      0.40905  7.9054136      53.990063    
74.209999 28.950001 0.500000 307.010010      0.41588  76.048677      23.702852    
41.610001 30.150000 0.500000 251.031693      0.19231  43.611799      27.173989    
48.830002 88.230003 0.500000 24.600000     -1.14430  54.865668      84.608870    
17.309999 21.830000 0.500000 587.953308      1.34849  18.790617      20.569339    
29.959999 2.250000 0.500000 439.236694      0.94924  30.043970     0.15461525    
69.629997 75.739998 0.500000 325.262512      0.47120  74.743737      70.698356    
41.849998 61.650002 0.500000 7.805000     -1.34849  46.048540      58.580517    
46.220001 95.160004 0.500000 179.164993     -0.18593  52.745438      91.704055    
42.869999 68.480003 0.500000 2.070000     -1.44842  47.542493      65.322729    
37.560001 51.680000 0.500000 122.061096     -0.47120  41.073521      48.934057    
60.110001 19.639999 0.500000 238.183304      0.10358  61.333593      15.399095    
22.100000 24.260000 0.500000 153.167801     -0.33517  23.738458      22.659286    
68.540001 6.040000 0.500000 532.397827      1.18126  68.794370      1.2441781    
63.040001 22.150000 0.500000 204.014496     -0.06585  64.431545      17.698596    
67.010002 90.459999 0.500000 83.134499     -0.71033  73.156940      85.565262    
88.900002 45.360001 0.500000 228.528900      0.06585  91.847600      39.048156    
15.300000 2.810000 0.500000 129.448898     -0.40225  15.458746      1.7358809    
19.170000 51.930000 0.500000 811.435791      1.89949  22.745756      50.466270    
53.820000 53.080002 0.500000 178.339996     -0.19870  57.391571      49.196408    
95.500000 98.809998 0.500000 61.423302     -0.85509  102.16000      91.907559    
64.000000 38.110001 0.500000 379.035889      0.65495  66.502518      33.552753    
12.310000 9.490000 0.500000 72.372200     -0.78492  12.942002      8.6081807    
95.680000 55.759998 0.500000 251.179993      0.19870  99.336549      48.949870    
78.650002 71.489998 0.500000 527.396729      1.15644  83.445305      65.829505    
1.410000 84.919998 0.500000 22.536699     -1.15644  7.3302849      84.614781    
56.090000 91.029999 0.500000 124.279999     -0.43646  62.303299      86.895614    
40.529999 56.889999 0.500000 29.884399     -1.12050  44.399716      53.924188    
55.049999 39.040001 0.500000 241.190002      0.11619  57.639193      35.104808    
76.470001 12.850000 0.500000 104.115799     -0.57174  77.180095      7.4844205    
0.690000 40.000000 0.500000 283.859985      0.34845  3.4785781      39.854430    
14.940000 21.059999 0.500000 10.072500     -1.26047  16.372678      19.966536    
53.480000 10.030000 0.500000 266.564392      0.26956  54.049383      6.2749912    
49.389999 70.779999 0.500000 137.289200     -0.35512  54.207051      67.162310    
8.010000 96.000000 0.500000 122.753304     -0.46421  14.687109      95.207399    
79.790001 13.460000 0.500000 172.210800     -0.24365  80.534559      7.8613431    
