Normal Score Transform: pygeostat_saved_data
 5
X
Y
Z
value
NS_value
0.500000 0.500000 0.500000 0.000000     -2.67379
5.500000 0.500000 0.500000 0.000000     -2.37603
10.500000 0.500000 0.500000 204.054993     -0.10989
15.500000 0.500000 0.500000 157.588303     -0.34180
20.500000 0.500000 0.500000 210.154999     -0.06585
25.500000 0.500000 0.500000 386.173309      0.59402
30.500000 0.500000 0.500000 422.756592      0.66274
35.500000 0.500000 0.500000 541.809998      0.99961
40.500000 0.500000 0.500000 576.163330      1.15644
45.500000 0.500000 0.500000 549.518372      1.04181
50.500000 0.500000 0.500000 200.958298     -0.13514
55.500000 0.500000 0.500000 375.029907      0.54246
60.500000 0.500000 0.500000 320.968292      0.34180
65.500000 0.500000 0.500000 374.281708      0.53522
70.500000 0.500000 0.500000 270.466705      0.16048
75.500000 0.500000 0.500000 14.636700     -1.21991
80.500000 0.500000 0.500000 138.963303     -0.41588
85.500000 0.500000 0.500000 330.253296      0.37522
90.500000 0.500000 0.500000 363.000000      0.49940
95.500000 0.500000 0.500000 122.781700     -0.51365
0.500000 5.500000 0.500000 0.000000     -1.89949
5.500000 5.500000 0.500000 11.474400     -1.27446
10.500000 5.500000 0.500000 43.175598     -0.94924
15.500000 5.500000 0.500000 107.290001     -0.60904
20.500000 5.500000 0.500000 281.265503      0.21150
25.500000 5.500000 0.500000 313.061096      0.30877
30.500000 5.500000 0.500000 424.531097      0.67056
35.500000 5.500000 0.500000 253.062195      0.10358
40.500000 5.500000 0.500000 407.880005      0.63183
45.500000 5.500000 0.500000 222.167801      0.00313
50.500000 5.500000 0.500000 283.696686      0.24365
55.500000 5.500000 0.500000 216.302200     -0.03447
60.500000 5.500000 0.500000 261.458893      0.12882
65.500000 5.500000 0.500000 235.391098      0.04702
70.500000 5.500000 0.500000 474.660004      0.81950
75.500000 5.500000 0.500000 277.003296      0.19870
80.500000 5.500000 0.500000 428.578888      0.67843
85.500000 5.500000 0.500000 772.396606      1.65710
90.500000 5.500000 0.500000 503.337799      0.90117
95.500000 5.500000 0.500000 177.917801     -0.26307
0.500000 10.500000 0.500000 66.873299     -0.84609
5.500000 10.500000 0.500000 66.746696     -0.86416
10.500000 10.500000 0.500000 77.235603     -0.78492
15.500000 10.500000 0.500000 94.454399     -0.69429
20.500000 10.500000 0.500000 51.272202     -0.92975
25.500000 10.500000 0.500000 234.729996      0.04074
30.500000 10.500000 0.500000 528.935608      0.95912
35.500000 10.500000 0.500000 482.937805      0.85509
40.500000 10.500000 0.500000 505.185486      0.92014
45.500000 10.500000 0.500000 65.401100     -0.89180
50.500000 10.500000 0.500000 73.295601     -0.79348
55.500000 10.500000 0.500000 219.704498     -0.00940
60.500000 10.500000 0.500000 225.733307      0.01567
65.500000 10.500000 0.500000 182.372192     -0.23720
70.500000 10.500000 0.500000 390.133301      0.60151
75.500000 10.500000 0.500000 93.995598     -0.70229
80.500000 10.500000 0.500000 445.234497      0.74297
85.500000 10.500000 0.500000 377.331085      0.54974
90.500000 10.500000 0.500000 231.436707      0.02820
95.500000 10.500000 0.500000 104.372200     -0.63183
0.500000 15.500000 0.500000 541.830017      1.00999
5.500000 15.500000 0.500000 172.673294     -0.27606
10.500000 15.500000 0.500000 87.331100     -0.72655
15.500000 15.500000 0.500000 186.407806     -0.21150
20.500000 15.500000 0.500000 118.986702     -0.54246
25.500000 15.500000 0.500000 208.202194     -0.07841
30.500000 15.500000 0.500000 676.192322      1.44842
35.500000 15.500000 0.500000 554.272217      1.06362
40.500000 15.500000 0.500000 558.902222      1.10884
45.500000 15.500000 0.500000 272.997803      0.16683
50.500000 15.500000 0.500000 81.733299     -0.75959
55.500000 15.500000 0.500000 313.634399      0.31534
60.500000 15.500000 0.500000 145.955597     -0.38195
65.500000 15.500000 0.500000 191.756699     -0.17956
70.500000 15.500000 0.500000 113.223297     -0.56437
75.500000 15.500000 0.500000 87.401100     -0.71842
80.500000 15.500000 0.500000 191.653305     -0.19231
85.500000 15.500000 0.500000 343.973389      0.40905
90.500000 15.500000 0.500000 90.415604     -0.71033
95.500000 15.500000 0.500000 341.132202      0.40225
0.500000 20.500000 0.500000 633.525024      1.30322
5.500000 20.500000 0.500000 667.548889      1.39671
10.500000 20.500000 0.500000 482.946686      0.86416
15.500000 20.500000 0.500000 770.286682      1.63285
20.500000 20.500000 0.500000 294.677795      0.28911
25.500000 20.500000 0.500000 305.768890      0.29565
30.500000 20.500000 0.500000 479.667786      0.84609
35.500000 20.500000 0.500000 605.803284      1.23320
40.500000 20.500000 0.500000 218.581100     -0.02193
45.500000 20.500000 0.500000 443.858887      0.73474
50.500000 20.500000 0.500000 224.752197      0.00940
55.500000 20.500000 0.500000 357.417786      0.47821
60.500000 20.500000 0.500000 329.866608      0.36850
65.500000 20.500000 0.500000 0.000000     -1.93901
70.500000 20.500000 0.500000 9.778900     -1.36421
75.500000 20.500000 0.500000 252.237793      0.09729
80.500000 20.500000 0.500000 459.354401      0.75959
85.500000 20.500000 0.500000 150.772202     -0.37522
90.500000 20.500000 0.500000 277.854401      0.20509
95.500000 20.500000 0.500000 358.205505      0.48525
0.500000 25.500000 0.500000 943.635010      2.37603
5.500000 25.500000 0.500000 804.471130      1.76538
10.500000 25.500000 0.500000 659.869995      1.36421
15.500000 25.500000 0.500000 556.913330      1.08595
20.500000 25.500000 0.500000 346.709991      0.43646
25.500000 25.500000 0.500000 80.099998     -0.77642
30.500000 25.500000 0.500000 499.897797      0.89180
35.500000 25.500000 0.500000 720.216675      1.52403
40.500000 25.500000 0.500000 350.205505      0.45724
45.500000 25.500000 0.500000 530.035522      0.97916
50.500000 25.500000 0.500000 468.263306      0.78492
55.500000 25.500000 0.500000 440.191101      0.71033
60.500000 25.500000 0.500000 281.331085      0.21791
65.500000 25.500000 0.500000 104.641098     -0.62419
70.500000 25.500000 0.500000 14.106700     -1.23320
75.500000 25.500000 0.500000 144.353302     -0.38870
80.500000 25.500000 0.500000 197.258896     -0.16048
85.500000 25.500000 0.500000 136.416702     -0.42958
90.500000 25.500000 0.500000 152.614395     -0.36180
95.500000 25.500000 0.500000 152.516693     -0.36850
0.500000 30.500000 0.500000 320.226715      0.33517
5.500000 30.500000 0.500000 781.194519      1.70874
10.500000 30.500000 0.500000 594.945618      1.20682
15.500000 30.500000 0.500000 546.493408      1.03109
20.500000 30.500000 0.500000 647.992188      1.33310
25.500000 30.500000 0.500000 0.000000     -2.49771
30.500000 30.500000 0.500000 570.921082      1.14430
35.500000 30.500000 0.500000 943.423279      2.28182
40.500000 30.500000 0.500000 569.085571      1.12050
45.500000 30.500000 0.500000 108.952202     -0.58656
50.500000 30.500000 0.500000 377.399994      0.55704
55.500000 30.500000 0.500000 184.411102     -0.21791
60.500000 30.500000 0.500000 626.222290      1.26047
65.500000 30.500000 0.500000 528.228882      0.94924
70.500000 30.500000 0.500000 696.080017      1.50432
75.500000 30.500000 0.500000 438.438812      0.70229
80.500000 30.500000 0.500000 825.535522      1.89949
85.500000 30.500000 0.500000 195.571106     -0.17319
90.500000 30.500000 0.500000 0.000000     -2.02859
95.500000 30.500000 0.500000 0.000000     -2.08028
0.500000 35.500000 0.500000 662.445007      1.38028
5.500000 35.500000 0.500000 338.700012      0.38870
10.500000 35.500000 0.500000 496.092194      0.88251
15.500000 35.500000 0.500000 445.892212      0.75125
20.500000 35.500000 0.500000 490.066711      0.87330
25.500000 35.500000 0.500000 469.837708      0.79348
30.500000 35.500000 0.500000 820.145630      1.86273
35.500000 35.500000 0.500000 721.133423      1.54436
40.500000 35.500000 0.500000 419.187805      0.65495
45.500000 35.500000 0.500000 96.012199     -0.67843
50.500000 35.500000 0.500000 135.607803     -0.43646
55.500000 35.500000 0.500000 157.479996     -0.34845
60.500000 35.500000 0.500000 282.026703      0.23076
65.500000 35.500000 0.500000 628.464417      1.27446
70.500000 35.500000 0.500000 380.188812      0.56437
75.500000 35.500000 0.500000 504.958893      0.91061
80.500000 35.500000 0.500000 745.307678      1.58706
85.500000 35.500000 0.500000 674.889893      1.41353
90.500000 35.500000 0.500000 191.685593     -0.18593
95.500000 35.500000 0.500000 24.378901     -1.10884
0.500000 40.500000 0.500000 283.859985      0.25011
5.500000 40.500000 0.500000 267.544403      0.14780
10.500000 40.500000 0.500000 124.724503     -0.49231
15.500000 40.500000 0.500000 126.336700     -0.48525
20.500000 40.500000 0.500000 204.091095     -0.10358
25.500000 40.500000 0.500000 293.524506      0.26307
30.500000 40.500000 0.500000 557.384521      1.09732
35.500000 40.500000 0.500000 819.033386      1.82833
40.500000 40.500000 0.500000 876.262207      2.02859
45.500000 40.500000 0.500000 159.712204     -0.33517
50.500000 40.500000 0.500000 155.172195     -0.35512
55.500000 40.500000 0.500000 348.921112      0.44337
60.500000 40.500000 0.500000 397.273285      0.61660
65.500000 40.500000 0.500000 263.113312      0.14147
70.500000 40.500000 0.500000 80.419998     -0.76798
75.500000 40.500000 0.500000 0.000000     -1.73636
80.500000 40.500000 0.500000 30.223301     -1.04181
85.500000 40.500000 0.500000 183.453293     -0.22433
90.500000 40.500000 0.500000 217.036697     -0.02820
95.500000 40.500000 0.500000 9.561100     -1.39671
0.500000 45.500000 0.500000 259.290009      0.12250
5.500000 45.500000 0.500000 134.901093     -0.44337
10.500000 45.500000 0.500000 134.422195     -0.45029
15.500000 45.500000 0.500000 233.891098      0.03447
20.500000 45.500000 0.500000 369.962189      0.51365
25.500000 45.500000 0.500000 632.985596      1.28871
30.500000 45.500000 0.500000 684.366577      1.46654
35.500000 45.500000 0.500000 675.041077      1.43076
40.500000 45.500000 0.500000 508.486694      0.92975
45.500000 45.500000 0.500000 119.627800     -0.53522
50.500000 45.500000 0.500000 323.596710      0.34845
55.500000 45.500000 0.500000 274.037811      0.17319
60.500000 45.500000 0.500000 352.788910      0.46421
65.500000 45.500000 0.500000 328.128906      0.36180
70.500000 45.500000 0.500000 142.736694     -0.39546
75.500000 45.500000 0.500000 182.516693     -0.23076
80.500000 45.500000 0.500000 202.179993     -0.12250
85.500000 45.500000 0.500000 212.113297     -0.05329
90.500000 45.500000 0.500000 107.779999     -0.59402
95.500000 45.500000 0.500000 4.686700     -1.48517
0.500000 50.500000 0.500000 199.323303     -0.14780
5.500000 50.500000 0.500000 163.362198     -0.30877
10.500000 50.500000 0.500000 345.711090      0.42958
15.500000 50.500000 0.500000 385.123413      0.58656
20.500000 50.500000 0.500000 911.576721      2.20435
25.500000 50.500000 0.500000 1020.445618      2.49771
30.500000 50.500000 0.500000 513.162170      0.93945
35.500000 50.500000 0.500000 370.543304      0.52081
40.500000 50.500000 0.500000 127.517799     -0.47821
45.500000 50.500000 0.500000 56.545601     -0.91061
50.500000 50.500000 0.500000 171.891098     -0.28911
55.500000 50.500000 0.500000 311.005615      0.30220
60.500000 50.500000 0.500000 203.493301     -0.11619
65.500000 50.500000 0.500000 3.492200     -1.50432
70.500000 50.500000 0.500000 409.715607      0.63950
75.500000 50.500000 0.500000 410.417786      0.64720
80.500000 50.500000 0.500000 615.811096      1.24672
85.500000 50.500000 0.500000 381.309998      0.57174
90.500000 50.500000 0.500000 29.941099     -1.06362
95.500000 50.500000 0.500000 18.742201     -1.13232
0.500000 55.500000 0.500000 431.478302      0.68634
5.500000 55.500000 0.500000 199.285599     -0.15414
10.500000 55.500000 0.500000 313.907806      0.32194
15.500000 55.500000 0.500000 848.711121      1.93901
20.500000 55.500000 0.500000 1021.297913      2.67379
25.500000 55.500000 0.500000 808.152222      1.79597
30.500000 55.500000 0.500000 695.593323      1.48517
35.500000 55.500000 0.500000 172.298904     -0.28258
40.500000 55.500000 0.500000 39.516701     -0.99961
45.500000 55.500000 0.500000 20.670000     -1.12050
50.500000 55.500000 0.500000 16.385599     -1.18126
55.500000 55.500000 0.500000 70.065598     -0.82830
60.500000 55.500000 0.500000 293.609985      0.26956
65.500000 55.500000 0.500000 180.929993     -0.24365
70.500000 55.500000 0.500000 256.683289      0.10989
75.500000 55.500000 0.500000 276.936615      0.19231
80.500000 55.500000 0.500000 165.742203     -0.30220
85.500000 55.500000 0.500000 120.544403     -0.52800
90.500000 55.500000 0.500000 0.000000     -3.02334
95.500000 55.500000 0.500000 251.179993      0.09099
0.500000 60.500000 0.500000 364.876709      0.50651
5.500000 60.500000 0.500000 130.824493     -0.46421
10.500000 60.500000 0.500000 220.403305     -0.00313
15.500000 60.500000 0.500000 904.667725      2.08028
20.500000 60.500000 0.500000 780.570007      1.68236
25.500000 60.500000 0.500000 732.206726      1.56535
30.500000 60.500000 0.500000 206.515594     -0.09099
35.500000 60.500000 0.500000 9.820000     -1.34849
40.500000 60.500000 0.500000 9.652200     -1.38028
45.500000 60.500000 0.500000 0.623300     -1.63285
50.500000 60.500000 0.500000 33.473301     -1.02048
55.500000 60.500000 0.500000 99.806702     -0.65495
60.500000 60.500000 0.500000 107.618896     -0.60151
65.500000 60.500000 0.500000 16.951099     -1.15644
70.500000 60.500000 0.500000 30.120001     -1.05265
75.500000 60.500000 0.500000 27.398899     -1.09732
80.500000 60.500000 0.500000 16.741100     -1.16876
85.500000 60.500000 0.500000 12.490000     -1.24672
90.500000 60.500000 0.500000 67.355598     -0.83716
95.500000 60.500000 0.500000 552.625488      1.05265
0.500000 65.500000 0.500000 62.631699     -0.90117
5.500000 65.500000 0.500000 210.228897     -0.05957
10.500000 65.500000 0.500000 162.449997     -0.31534
15.500000 65.500000 0.500000 799.637817      1.73636
20.500000 65.500000 0.500000 1165.308838      3.02334
25.500000 65.500000 0.500000 770.022217      1.60953
30.500000 65.500000 0.500000 66.467796     -0.87330
35.500000 65.500000 0.500000 2.067800     -1.56535
40.500000 65.500000 0.500000 0.000000     -2.20435
45.500000 65.500000 0.500000 9.021100     -1.41353
50.500000 65.500000 0.500000 11.741100     -1.26047
55.500000 65.500000 0.500000 3.016700     -1.54436
60.500000 65.500000 0.500000 127.693298     -0.47120
65.500000 65.500000 0.500000 262.898895      0.13514
70.500000 65.500000 0.500000 72.142197     -0.80209
75.500000 65.500000 0.500000 97.559998     -0.67056
80.500000 65.500000 0.500000 70.834396     -0.81950
85.500000 65.500000 0.500000 86.495598     -0.75125
90.500000 65.500000 0.500000 529.451111      0.96909
95.500000 65.500000 0.500000 570.859009      1.13232
0.500000 70.500000 0.500000 43.395000     -0.93945
5.500000 70.500000 0.500000 139.626694     -0.40905
10.500000 70.500000 0.500000 433.512207      0.69429
15.500000 70.500000 0.500000 579.325500      1.16876
20.500000 70.500000 0.500000 908.198914      2.13821
25.500000 70.500000 0.500000 186.937805     -0.20509
30.500000 70.500000 0.500000 0.000000     -1.76538
35.500000 70.500000 0.500000 0.000000     -1.79597
40.500000 70.500000 0.500000 6.222200     -1.44842
45.500000 70.500000 0.500000 53.447800     -0.92014
50.500000 70.500000 0.500000 167.692200     -0.29565
55.500000 70.500000 0.500000 196.081100     -0.16683
60.500000 70.500000 0.500000 361.397797      0.49231
65.500000 70.500000 0.500000 530.489990      0.98933
70.500000 70.500000 0.500000 475.320007      0.83716
75.500000 70.500000 0.500000 241.837799      0.07213
80.500000 70.500000 0.500000 356.615601      0.47120
85.500000 70.500000 0.500000 472.474487      0.81077
90.500000 70.500000 0.500000 289.886688      0.25658
95.500000 70.500000 0.500000 160.438904     -0.32194
0.500000 75.500000 0.500000 200.315002     -0.14147
5.500000 75.500000 0.500000 102.375603     -0.63950
10.500000 75.500000 0.500000 187.101105     -0.19870
15.500000 75.500000 0.500000 594.633423      1.19394
20.500000 75.500000 0.500000 637.747803      1.31801
25.500000 75.500000 0.500000 0.000000     -1.82833
30.500000 75.500000 0.500000 0.000000     -1.86273
35.500000 75.500000 0.500000 11.032200     -1.30322
40.500000 75.500000 0.500000 112.765602     -0.57174
45.500000 75.500000 0.500000 400.736694      0.62419
50.500000 75.500000 0.500000 443.401093      0.72655
55.500000 75.500000 0.500000 471.752197      0.80209
60.500000 75.500000 0.500000 344.989990      0.42272
65.500000 75.500000 0.500000 282.286713      0.23720
70.500000 75.500000 0.500000 269.575592      0.15414
75.500000 75.500000 0.500000 344.885590      0.41588
80.500000 75.500000 0.500000 475.114502      0.82830
85.500000 75.500000 0.500000 544.807922      1.02048
90.500000 75.500000 0.500000 596.428894      1.21991
95.500000 75.500000 0.500000 200.982193     -0.12882
0.500000 80.500000 0.500000 101.898300     -0.64720
5.500000 80.500000 0.500000 99.077797     -0.66274
10.500000 80.500000 0.500000 179.413300     -0.25658
15.500000 80.500000 0.500000 554.612183      1.07472
20.500000 80.500000 0.500000 276.581085      0.18593
25.500000 80.500000 0.500000 0.000000     -2.28182
30.500000 80.500000 0.500000 0.000000     -1.70874
35.500000 80.500000 0.500000 0.885600     -1.60953
40.500000 80.500000 0.500000 214.998901     -0.04074
45.500000 80.500000 0.500000 349.211090      0.45029
50.500000 80.500000 0.500000 383.953308      0.57913
55.500000 80.500000 0.500000 71.201103     -0.81077
60.500000 80.500000 0.500000 208.059998     -0.08470
65.500000 80.500000 0.500000 325.918915      0.35512
70.500000 80.500000 0.500000 655.867798      1.34849
75.500000 80.500000 0.500000 230.694397      0.02193
80.500000 80.500000 0.500000 250.077805      0.08470
85.500000 80.500000 0.500000 294.077789      0.27606
90.500000 80.500000 0.500000 180.245605     -0.25011
95.500000 80.500000 0.500000 124.233398     -0.49940
0.500000 85.500000 0.500000 42.384998     -0.96909
5.500000 85.500000 0.500000 95.226700     -0.68634
10.500000 85.500000 0.500000 294.558899      0.28258
15.500000 85.500000 0.500000 579.844421      1.18126
20.500000 85.500000 0.500000 463.066589      0.77642
25.500000 85.500000 0.500000 0.000000     -2.13821
30.500000 85.500000 0.500000 0.000000     -1.98181
35.500000 85.500000 0.500000 1.255600     -1.58706
40.500000 85.500000 0.500000 333.195496      0.38195
45.500000 85.500000 0.500000 65.441101     -0.88251
50.500000 85.500000 0.500000 123.779999     -0.50651
55.500000 85.500000 0.500000 113.837799     -0.55704
60.500000 85.500000 0.500000 66.779999     -0.85509
65.500000 85.500000 0.500000 391.724487      0.60904
70.500000 85.500000 0.500000 86.783302     -0.74297
75.500000 85.500000 0.500000 219.607803     -0.01567
80.500000 85.500000 0.500000 372.963287      0.52800
85.500000 85.500000 0.500000 106.779999     -0.61660
90.500000 85.500000 0.500000 27.664400     -1.08595
95.500000 85.500000 0.500000 132.472198     -0.45724
0.500000 90.500000 0.500000 208.494995     -0.07213
5.500000 90.500000 0.500000 281.403290      0.22433
10.500000 90.500000 0.500000 249.135605      0.07841
15.500000 90.500000 0.500000 850.858887      1.98181
20.500000 90.500000 0.500000 442.529999      0.71842
25.500000 90.500000 0.500000 18.626699     -1.14430
30.500000 90.500000 0.500000 0.015600     -1.68236
35.500000 90.500000 0.500000 41.308899     -0.97916
40.500000 90.500000 0.500000 121.901100     -0.52081
45.500000 90.500000 0.500000 175.411102     -0.26956
50.500000 90.500000 0.500000 204.263397     -0.09729
55.500000 90.500000 0.500000 138.891098     -0.42272
60.500000 90.500000 0.500000 142.233307     -0.40225
65.500000 90.500000 0.500000 214.498901     -0.04702
70.500000 90.500000 0.500000 39.972198     -0.98933
75.500000 90.500000 0.500000 37.512199     -1.00999
80.500000 90.500000 0.500000 237.193298      0.06585
85.500000 90.500000 0.500000 30.371099     -1.03109
90.500000 90.500000 0.500000 15.041100     -1.19394
95.500000 90.500000 0.500000 29.172199     -1.07472
0.500000 95.500000 0.500000 114.433296     -0.54974
5.500000 95.500000 0.500000 339.899994      0.39546
10.500000 95.500000 0.500000 237.131104      0.05957
15.500000 95.500000 0.500000 459.572205      0.76798
20.500000 95.500000 0.500000 258.787811      0.11619
25.500000 95.500000 0.500000 0.277800     -1.65710
30.500000 95.500000 0.500000 11.397800     -1.28871
35.500000 95.500000 0.500000 110.681099     -0.57913
40.500000 95.500000 0.500000 316.192200      0.32854
45.500000 95.500000 0.500000 160.115601     -0.32854
50.500000 95.500000 0.500000 235.440002      0.05329
55.500000 95.500000 0.500000 275.284393      0.17956
60.500000 95.500000 0.500000 87.323303     -0.73474
65.500000 95.500000 0.500000 42.750000     -0.95912
70.500000 95.500000 0.500000 10.538900     -1.33310
75.500000 95.500000 0.500000 14.940000     -1.20682
80.500000 95.500000 0.500000 10.735500     -1.31801
85.500000 95.500000 0.500000 7.451100     -1.43076
90.500000 95.500000 0.500000 5.010000     -1.46654
95.500000 95.500000 0.500000 3.458900     -1.52403
