Experimental Variograms (VarCalc Version 1.400)
10
Variogram Index
Lag Distance
Number of Pairs
Variogram Value
Variogram Number
Calculation Azimuth
Calculation Dip
Variogram Type
Variogram Tail Index
Variogram Head Index
     1      0.000000         0   -999.000000     1    160.000000      0.000000     1     1     1
     1      5.000000       380      0.380067     1    160.000000      0.000000     1     1     1
     1     10.575037       702      0.671452     1    160.000000      0.000000     1     1     1
     1     15.395292       663      0.802052     1    160.000000      0.000000     1     1     1
     1     20.216330      1218      0.855201     1    160.000000      0.000000     1     1     1
     1     25.586580      1127      0.918638     1    160.000000      0.000000     1     1     1
     1     30.608837      1293      0.937104     1    160.000000      0.000000     1     1     1
     1     35.253279      1203      0.918080     1    160.000000      0.000000     1     1     1
     1     39.832065      1323      0.910131     1    160.000000      0.000000     1     1     1
     1     45.234542      1767      0.918925     1    160.000000      0.000000     1     1     1
     1     50.569069      1249      0.946558     1    160.000000      0.000000     1     1     1
     1     55.210854      1429      1.007694     1    160.000000      0.000000     1     1     1
     1     60.133866      1273      1.033573     1    160.000000      0.000000     1     1     1
