Experimental Variograms (VarCalc Version 1.400)
10
Variogram Index
Lag Distance
Number of Pairs
Variogram Value
Variogram Number
Calculation Azimuth
Calculation Dip
Variogram Type
Variogram Tail Index
Variogram Head Index
     1      0.000000         0   -999.000000     1     70.000000      0.000000     1     1     1
     1      5.000000       380      0.424720     1     70.000000      0.000000     1     1     1
     1     10.575037       702      0.891679     1     70.000000      0.000000     1     1     1
     1     15.395292       663      1.062912     1     70.000000      0.000000     1     1     1
     1     20.216330      1218      1.103108     1     70.000000      0.000000     1     1     1
     1     25.586580      1127      1.033851     1     70.000000      0.000000     1     1     1
     1     30.608837      1293      1.017313     1     70.000000      0.000000     1     1     1
     1     35.253279      1203      1.010857     1     70.000000      0.000000     1     1     1
     1     39.832065      1323      1.010855     1     70.000000      0.000000     1     1     1
     1     45.234542      1767      0.993145     1     70.000000      0.000000     1     1     1
     1     50.569069      1249      1.016216     1     70.000000      0.000000     1     1     1
     1     55.210854      1429      1.094898     1     70.000000      0.000000     1     1     1
     1     60.133866      1273      1.123016     1     70.000000      0.000000     1     1     1
