Experimental Variograms (VarCalc Version 1.400)
10
Variogram Index
Lag Distance
Number of Pairs
Variogram Value
Variogram Number
Calculation Azimuth
Calculation Dip
Variogram Type
Variogram Tail Index
Variogram Head Index
     1      1.631408        36      0.158305     1    160.000000      0.000000     1     1     1
     1      5.482556       302      0.386017     1    160.000000      0.000000     1     1     1
     1     10.193786       552      0.578523     1    160.000000      0.000000     1     1     1
     1     15.117693       790      0.670235     1    160.000000      0.000000     1     1     1
     1     20.054845       971      0.770296     1    160.000000      0.000000     1     1     1
     1     25.011981      1114      0.812620     1    160.000000      0.000000     1     1     1
     1     30.007115      1193      0.880362     1    160.000000      0.000000     1     1     1
     1     34.970078      1254      1.033687     1    160.000000      0.000000     1     1     1
     1     40.079823      1284      1.080627     1    160.000000      0.000000     1     1     1
     1     44.973111      1480      1.040687     1    160.000000      0.000000     1     1     1
     1     50.054311      1391      1.038103     1    160.000000      0.000000     1     1     1
     1     54.953907      1325      0.987679     1    160.000000      0.000000     1     1     1
     1     59.906411      1354      1.090337     1    160.000000      0.000000     1     1     1
