Experimental Variograms (VarCalc Version 1.400)
10
Variogram Index
Lag Distance
Number of Pairs
Variogram Value
Variogram Number
Calculation Azimuth
Calculation Dip
Variogram Type
Variogram Tail Index
Variogram Head Index
     1      1.794290        40      0.201412     1     70.000000      0.000000     1     1     1
     1      5.560864       339      0.472165     1     70.000000      0.000000     1     1     1
     1     10.145497       553      0.855113     1     70.000000      0.000000     1     1     1
     1     15.186896       818      0.967596     1     70.000000      0.000000     1     1     1
     1     20.049059       928      1.208737     1     70.000000      0.000000     1     1     1
     1     25.059792      1113      1.160287     1     70.000000      0.000000     1     1     1
     1     30.012932      1253      1.057177     1     70.000000      0.000000     1     1     1
     1     35.013673      1316      1.072975     1     70.000000      0.000000     1     1     1
     1     40.018066      1355      1.020548     1     70.000000      0.000000     1     1     1
     1     44.950992      1367      0.880395     1     70.000000      0.000000     1     1     1
     1     49.976446      1426      0.966774     1     70.000000      0.000000     1     1     1
     1     54.945401      1328      0.985669     1     70.000000      0.000000     1     1     1
     1     60.006359      1279      0.916177     1     70.000000      0.000000     1     1     1
