With Rotated Coordinates: Normal Score Transform: pygeostat_saved_data
 7
X
Y
Z
value
NS_value
Rotated X
Rotated Y
0.500000 0.500000 0.500000 0.000000     -2.67379 0.48224567     0.51714516    
5.500000 0.500000 0.500000 0.000000     -2.37603  5.4791998     0.69164264    
10.500000 0.500000 0.500000 204.054993     -0.10989  10.476154     0.86614013    
15.500000 0.500000 0.500000 157.588303     -0.34180  15.473108      1.0406376    
20.500000 0.500000 0.500000 210.154999     -0.06585  20.470062      1.2151351    
25.500000 0.500000 0.500000 386.173309      0.59402  25.467016      1.3896326    
30.500000 0.500000 0.500000 422.756592      0.66274  30.463970      1.5641301    
35.500000 0.500000 0.500000 541.809998      0.99961  35.460925      1.7386275    
40.500000 0.500000 0.500000 576.163330      1.15644  40.457879      1.9131250    
45.500000 0.500000 0.500000 549.518372      1.04181  45.454833      2.0876225    
50.500000 0.500000 0.500000 200.958298     -0.13514  50.451787      2.2621200    
55.500000 0.500000 0.500000 375.029907      0.54246  55.448741      2.4366175    
60.500000 0.500000 0.500000 320.968292      0.34180  60.445695      2.6111149    
65.500000 0.500000 0.500000 374.281708      0.53522  65.442649      2.7856124    
70.500000 0.500000 0.500000 270.466705      0.16048  70.439604      2.9601099    
75.500000 0.500000 0.500000 14.636700     -1.21991  75.436558      3.1346074    
80.500000 0.500000 0.500000 138.963303     -0.41588  80.433512      3.3091049    
85.500000 0.500000 0.500000 330.253296      0.37522  85.430466      3.4836024    
90.500000 0.500000 0.500000 363.000000      0.49940  90.427420      3.6580998    
95.500000 0.500000 0.500000 122.781700     -0.51365  95.424374      3.8325973    
0.500000 5.500000 0.500000 0.000000     -1.89949 0.30774818      5.5140993    
5.500000 5.500000 0.500000 11.474400     -1.27446  5.3047023      5.6885968    
10.500000 5.500000 0.500000 43.175598     -0.94924  10.301656      5.8630943    
15.500000 5.500000 0.500000 107.290001     -0.60904  15.298611      6.0375917    
20.500000 5.500000 0.500000 281.265503      0.21150  20.295565      6.2120892    
25.500000 5.500000 0.500000 313.061096      0.30877  25.292519      6.3865867    
30.500000 5.500000 0.500000 424.531097      0.67056  30.289473      6.5610842    
35.500000 5.500000 0.500000 253.062195      0.10358  35.286427      6.7355817    
40.500000 5.500000 0.500000 407.880005      0.63183  40.283381      6.9100792    
45.500000 5.500000 0.500000 222.167801      0.00313  45.280335      7.0845766    
50.500000 5.500000 0.500000 283.696686      0.24365  50.277290      7.2590741    
55.500000 5.500000 0.500000 216.302200     -0.03447  55.274244      7.4335716    
60.500000 5.500000 0.500000 261.458893      0.12882  60.271198      7.6080691    
65.500000 5.500000 0.500000 235.391098      0.04702  65.268152      7.7825666    
70.500000 5.500000 0.500000 474.660004      0.81950  70.265106      7.9570640    
75.500000 5.500000 0.500000 277.003296      0.19870  75.262060      8.1315615    
80.500000 5.500000 0.500000 428.578888      0.67843  80.259014      8.3060590    
85.500000 5.500000 0.500000 772.396606      1.65710  85.255968      8.4805565    
90.500000 5.500000 0.500000 503.337799      0.90117  90.252923      8.6550540    
95.500000 5.500000 0.500000 177.917801     -0.26307  95.249877      8.8295515    
0.500000 10.500000 0.500000 66.873299     -0.84609 0.13325070      10.511053    
5.500000 10.500000 0.500000 66.746696     -0.86416  5.1302048      10.685551    
10.500000 10.500000 0.500000 77.235603     -0.78492  10.127159      10.860048    
15.500000 10.500000 0.500000 94.454399     -0.69429  15.124113      11.034546    
20.500000 10.500000 0.500000 51.272202     -0.92975  20.121067      11.209043    
25.500000 10.500000 0.500000 234.729996      0.04074  25.118021      11.383541    
30.500000 10.500000 0.500000 528.935608      0.95912  30.114976      11.558038    
35.500000 10.500000 0.500000 482.937805      0.85509  35.111930      11.732536    
40.500000 10.500000 0.500000 505.185486      0.92014  40.108884      11.907033    
45.500000 10.500000 0.500000 65.401100     -0.89180  45.105838      12.081531    
50.500000 10.500000 0.500000 73.295601     -0.79348  50.102792      12.256028    
55.500000 10.500000 0.500000 219.704498     -0.00940  55.099746      12.430526    
60.500000 10.500000 0.500000 225.733307      0.01567  60.096700      12.605023    
65.500000 10.500000 0.500000 182.372192     -0.23720  65.093654      12.779521    
70.500000 10.500000 0.500000 390.133301      0.60151  70.090609      12.954018    
75.500000 10.500000 0.500000 93.995598     -0.70229  75.087563      13.128516    
80.500000 10.500000 0.500000 445.234497      0.74297  80.084517      13.303013    
85.500000 10.500000 0.500000 377.331085      0.54974  85.081471      13.477511    
90.500000 10.500000 0.500000 231.436707      0.02820  90.078425      13.652008    
95.500000 10.500000 0.500000 104.372200     -0.63183  95.075379      13.826506    
0.500000 15.500000 0.500000 541.830017      1.00999 -.41246781E-01  15.508008    
5.500000 15.500000 0.500000 172.673294     -0.27606  4.9557074      15.682505    
10.500000 15.500000 0.500000 87.331100     -0.72655  9.9526615      15.857003    
15.500000 15.500000 0.500000 186.407806     -0.21150  14.949616      16.031500    
20.500000 15.500000 0.500000 118.986702     -0.54246  19.946570      16.205997    
25.500000 15.500000 0.500000 208.202194     -0.07841  24.943524      16.380495    
30.500000 15.500000 0.500000 676.192322      1.44842  29.940478      16.554992    
35.500000 15.500000 0.500000 554.272217      1.06362  34.937432      16.729490    
40.500000 15.500000 0.500000 558.902222      1.10884  39.934386      16.903987    
45.500000 15.500000 0.500000 272.997803      0.16683  44.931340      17.078485    
50.500000 15.500000 0.500000 81.733299     -0.75959  49.928295      17.252982    
55.500000 15.500000 0.500000 313.634399      0.31534  54.925249      17.427480    
60.500000 15.500000 0.500000 145.955597     -0.38195  59.922203      17.601977    
65.500000 15.500000 0.500000 191.756699     -0.17956  64.919157      17.776475    
70.500000 15.500000 0.500000 113.223297     -0.56437  69.916111      17.950972    
75.500000 15.500000 0.500000 87.401100     -0.71842  74.913065      18.125470    
80.500000 15.500000 0.500000 191.653305     -0.19231  79.910019      18.299967    
85.500000 15.500000 0.500000 343.973389      0.40905  84.906974      18.474465    
90.500000 15.500000 0.500000 90.415604     -0.71033  89.903928      18.648962    
95.500000 15.500000 0.500000 341.132202      0.40225  94.900882      18.823460    
0.500000 20.500000 0.500000 633.525024      1.30322 -.21574426      20.504962    
5.500000 20.500000 0.500000 667.548889      1.39671  4.7812099      20.679459    
10.500000 20.500000 0.500000 482.946686      0.86416  9.7781640      20.853957    
15.500000 20.500000 0.500000 770.286682      1.63285  14.775118      21.028454    
20.500000 20.500000 0.500000 294.677795      0.28911  19.772072      21.202952    
25.500000 20.500000 0.500000 305.768890      0.29565  24.769026      21.377449    
30.500000 20.500000 0.500000 479.667786      0.84609  29.765981      21.551947    
35.500000 20.500000 0.500000 605.803284      1.23320  34.762935      21.726444    
40.500000 20.500000 0.500000 218.581100     -0.02193  39.759889      21.900942    
45.500000 20.500000 0.500000 443.858887      0.73474  44.756843      22.075439    
50.500000 20.500000 0.500000 224.752197      0.00940  49.753797      22.249937    
55.500000 20.500000 0.500000 357.417786      0.47821  54.750751      22.424434    
60.500000 20.500000 0.500000 329.866608      0.36850  59.747705      22.598931    
65.500000 20.500000 0.500000 0.000000     -1.93901  64.744659      22.773429    
70.500000 20.500000 0.500000 9.778900     -1.36421  69.741614      22.947926    
75.500000 20.500000 0.500000 252.237793      0.09729  74.738568      23.122424    
80.500000 20.500000 0.500000 459.354401      0.75959  79.735522      23.296921    
85.500000 20.500000 0.500000 150.772202     -0.37522  84.732476      23.471419    
90.500000 20.500000 0.500000 277.854401      0.20509  89.729430      23.645916    
95.500000 20.500000 0.500000 358.205505      0.48525  94.726384      23.820414    
0.500000 25.500000 0.500000 943.635010      2.37603 -.39024175      25.501916    
5.500000 25.500000 0.500000 804.471130      1.76538  4.6067124      25.676413    
10.500000 25.500000 0.500000 659.869995      1.36421  9.6036665      25.850911    
15.500000 25.500000 0.500000 556.913330      1.08595  14.600621      26.025408    
20.500000 25.500000 0.500000 346.709991      0.43646  19.597575      26.199906    
25.500000 25.500000 0.500000 80.099998     -0.77642  24.594529      26.374403    
30.500000 25.500000 0.500000 499.897797      0.89180  29.591483      26.548901    
35.500000 25.500000 0.500000 720.216675      1.52403  34.588437      26.723398    
40.500000 25.500000 0.500000 350.205505      0.45724  39.585391      26.897896    
45.500000 25.500000 0.500000 530.035522      0.97916  44.582345      27.072393    
50.500000 25.500000 0.500000 468.263306      0.78492  49.579300      27.246891    
55.500000 25.500000 0.500000 440.191101      0.71033  54.576254      27.421388    
60.500000 25.500000 0.500000 281.331085      0.21791  59.573208      27.595886    
65.500000 25.500000 0.500000 104.641098     -0.62419  64.570162      27.770383    
70.500000 25.500000 0.500000 14.106700     -1.23320  69.567116      27.944881    
75.500000 25.500000 0.500000 144.353302     -0.38870  74.564070      28.119378    
80.500000 25.500000 0.500000 197.258896     -0.16048  79.561024      28.293876    
85.500000 25.500000 0.500000 136.416702     -0.42958  84.557979      28.468373    
90.500000 25.500000 0.500000 152.614395     -0.36180  89.554933      28.642871    
95.500000 25.500000 0.500000 152.516693     -0.36850  94.551887      28.817368    
0.500000 30.500000 0.500000 320.226715      0.33517 -.56473923      30.498870    
5.500000 30.500000 0.500000 781.194519      1.70874  4.4322149      30.673367    
10.500000 30.500000 0.500000 594.945618      1.20682  9.4291690      30.847865    
15.500000 30.500000 0.500000 546.493408      1.03109  14.426123      31.022362    
20.500000 30.500000 0.500000 647.992188      1.33310  19.423077      31.196860    
25.500000 30.500000 0.500000 0.000000     -2.49771  24.420031      31.371357    
30.500000 30.500000 0.500000 570.921082      1.14430  29.416986      31.545855    
35.500000 30.500000 0.500000 943.423279      2.28182  34.413940      31.720352    
40.500000 30.500000 0.500000 569.085571      1.12050  39.410894      31.894850    
45.500000 30.500000 0.500000 108.952202     -0.58656  44.407848      32.069347    
50.500000 30.500000 0.500000 377.399994      0.55704  49.404802      32.243845    
55.500000 30.500000 0.500000 184.411102     -0.21791  54.401756      32.418342    
60.500000 30.500000 0.500000 626.222290      1.26047  59.398710      32.592840    
65.500000 30.500000 0.500000 528.228882      0.94924  64.395665      32.767337    
70.500000 30.500000 0.500000 696.080017      1.50432  69.392619      32.941835    
75.500000 30.500000 0.500000 438.438812      0.70229  74.389573      33.116332    
80.500000 30.500000 0.500000 825.535522      1.89949  79.386527      33.290830    
85.500000 30.500000 0.500000 195.571106     -0.17319  84.383481      33.465327    
90.500000 30.500000 0.500000 0.000000     -2.02859  89.380435      33.639825    
95.500000 30.500000 0.500000 0.000000     -2.08028  94.377389      33.814322    
0.500000 35.500000 0.500000 662.445007      1.38028 -.73923671      35.495824    
5.500000 35.500000 0.500000 338.700012      0.38870  4.2577174      35.670322    
10.500000 35.500000 0.500000 496.092194      0.88251  9.2546716      35.844819    
15.500000 35.500000 0.500000 445.892212      0.75125  14.251626      36.019317    
20.500000 35.500000 0.500000 490.066711      0.87330  19.248580      36.193814    
25.500000 35.500000 0.500000 469.837708      0.79348  24.245534      36.368312    
30.500000 35.500000 0.500000 820.145630      1.86273  29.242488      36.542809    
35.500000 35.500000 0.500000 721.133423      1.54436  34.239442      36.717306    
40.500000 35.500000 0.500000 419.187805      0.65495  39.236396      36.891804    
45.500000 35.500000 0.500000 96.012199     -0.67843  44.233351      37.066301    
50.500000 35.500000 0.500000 135.607803     -0.43646  49.230305      37.240799    
55.500000 35.500000 0.500000 157.479996     -0.34845  54.227259      37.415296    
60.500000 35.500000 0.500000 282.026703      0.23076  59.224213      37.589794    
65.500000 35.500000 0.500000 628.464417      1.27446  64.221167      37.764291    
70.500000 35.500000 0.500000 380.188812      0.56437  69.218121      37.938789    
75.500000 35.500000 0.500000 504.958893      0.91061  74.215075      38.113286    
80.500000 35.500000 0.500000 745.307678      1.58706  79.212029      38.287784    
85.500000 35.500000 0.500000 674.889893      1.41353  84.208984      38.462281    
90.500000 35.500000 0.500000 191.685593     -0.18593  89.205938      38.636779    
95.500000 35.500000 0.500000 24.378901     -1.10884  94.202892      38.811276    
0.500000 40.500000 0.500000 283.859985      0.25011 -.91373419      40.492778    
5.500000 40.500000 0.500000 267.544403      0.14780  4.0832199      40.667276    
10.500000 40.500000 0.500000 124.724503     -0.49231  9.0801741      40.841773    
15.500000 40.500000 0.500000 126.336700     -0.48525  14.077128      41.016271    
20.500000 40.500000 0.500000 204.091095     -0.10358  19.074082      41.190768    
25.500000 40.500000 0.500000 293.524506      0.26307  24.071036      41.365266    
30.500000 40.500000 0.500000 557.384521      1.09732  29.067991      41.539763    
35.500000 40.500000 0.500000 819.033386      1.82833  34.064945      41.714261    
40.500000 40.500000 0.500000 876.262207      2.02859  39.061899      41.888758    
45.500000 40.500000 0.500000 159.712204     -0.33517  44.058853      42.063256    
50.500000 40.500000 0.500000 155.172195     -0.35512  49.055807      42.237753    
55.500000 40.500000 0.500000 348.921112      0.44337  54.052761      42.412251    
60.500000 40.500000 0.500000 397.273285      0.61660  59.049715      42.586748    
65.500000 40.500000 0.500000 263.113312      0.14147  64.046670      42.761246    
70.500000 40.500000 0.500000 80.419998     -0.76798  69.043624      42.935743    
75.500000 40.500000 0.500000 0.000000     -1.73636  74.040578      43.110240    
80.500000 40.500000 0.500000 30.223301     -1.04181  79.037532      43.284738    
85.500000 40.500000 0.500000 183.453293     -0.22433  84.034486      43.459235    
90.500000 40.500000 0.500000 217.036697     -0.02820  89.031440      43.633733    
95.500000 40.500000 0.500000 9.561100     -1.39671  94.028394      43.808230    
0.500000 45.500000 0.500000 259.290009      0.12250 -1.0882317      45.489732    
5.500000 45.500000 0.500000 134.901093     -0.44337  3.9087225      45.664230    
10.500000 45.500000 0.500000 134.422195     -0.45029  8.9056766      45.838727    
15.500000 45.500000 0.500000 233.891098      0.03447  13.902631      46.013225    
20.500000 45.500000 0.500000 369.962189      0.51365  18.899585      46.187722    
25.500000 45.500000 0.500000 632.985596      1.28871  23.896539      46.362220    
30.500000 45.500000 0.500000 684.366577      1.46654  28.893493      46.536717    
35.500000 45.500000 0.500000 675.041077      1.43076  33.890447      46.711215    
40.500000 45.500000 0.500000 508.486694      0.92975  38.887401      46.885712    
45.500000 45.500000 0.500000 119.627800     -0.53522  43.884356      47.060210    
50.500000 45.500000 0.500000 323.596710      0.34845  48.881310      47.234707    
55.500000 45.500000 0.500000 274.037811      0.17319  53.878264      47.409205    
60.500000 45.500000 0.500000 352.788910      0.46421  58.875218      47.583702    
65.500000 45.500000 0.500000 328.128906      0.36180  63.872172      47.758200    
70.500000 45.500000 0.500000 142.736694     -0.39546  68.869126      47.932697    
75.500000 45.500000 0.500000 182.516693     -0.23076  73.866080      48.107195    
80.500000 45.500000 0.500000 202.179993     -0.12250  78.863034      48.281692    
85.500000 45.500000 0.500000 212.113297     -0.05329  83.859989      48.456190    
90.500000 45.500000 0.500000 107.779999     -0.59402  88.856943      48.630687    
95.500000 45.500000 0.500000 4.686700     -1.48517  93.853897      48.805185    
0.500000 50.500000 0.500000 199.323303     -0.14780 -1.2627292      50.486687    
5.500000 50.500000 0.500000 163.362198     -0.30877  3.7342250      50.661184    
10.500000 50.500000 0.500000 345.711090      0.42958  8.7311791      50.835681    
15.500000 50.500000 0.500000 385.123413      0.58656  13.728133      51.010179    
20.500000 50.500000 0.500000 911.576721      2.20435  18.725087      51.184676    
25.500000 50.500000 0.500000 1020.445618      2.49771  23.722042      51.359174    
30.500000 50.500000 0.500000 513.162170      0.93945  28.718996      51.533671    
35.500000 50.500000 0.500000 370.543304      0.52081  33.715950      51.708169    
40.500000 50.500000 0.500000 127.517799     -0.47821  38.712904      51.882666    
45.500000 50.500000 0.500000 56.545601     -0.91061  43.709858      52.057164    
50.500000 50.500000 0.500000 171.891098     -0.28911  48.706812      52.231661    
55.500000 50.500000 0.500000 311.005615      0.30220  53.703766      52.406159    
60.500000 50.500000 0.500000 203.493301     -0.11619  58.700720      52.580656    
65.500000 50.500000 0.500000 3.492200     -1.50432  63.697675      52.755154    
70.500000 50.500000 0.500000 409.715607      0.63950  68.694629      52.929651    
75.500000 50.500000 0.500000 410.417786      0.64720  73.691583      53.104149    
80.500000 50.500000 0.500000 615.811096      1.24672  78.688537      53.278646    
85.500000 50.500000 0.500000 381.309998      0.57174  83.685491      53.453144    
90.500000 50.500000 0.500000 29.941099     -1.06362  88.682445      53.627641    
95.500000 50.500000 0.500000 18.742201     -1.13232  93.679399      53.802139    
0.500000 55.500000 0.500000 431.478302      0.68634 -1.4372266      55.483641    
5.500000 55.500000 0.500000 199.285599     -0.15414  3.5597275      55.658138    
10.500000 55.500000 0.500000 313.907806      0.32194  8.5566816      55.832636    
15.500000 55.500000 0.500000 848.711121      1.93901  13.553636      56.007133    
20.500000 55.500000 0.500000 1021.297913      2.67379  18.550590      56.181631    
25.500000 55.500000 0.500000 808.152222      1.79597  23.547544      56.356128    
30.500000 55.500000 0.500000 695.593323      1.48517  28.544498      56.530626    
35.500000 55.500000 0.500000 172.298904     -0.28258  33.541452      56.705123    
40.500000 55.500000 0.500000 39.516701     -0.99961  38.538406      56.879621    
45.500000 55.500000 0.500000 20.670000     -1.12050  43.535361      57.054118    
50.500000 55.500000 0.500000 16.385599     -1.18126  48.532315      57.228615    
55.500000 55.500000 0.500000 70.065598     -0.82830  53.529269      57.403113    
60.500000 55.500000 0.500000 293.609985      0.26956  58.526223      57.577610    
65.500000 55.500000 0.500000 180.929993     -0.24365  63.523177      57.752108    
70.500000 55.500000 0.500000 256.683289      0.10989  68.520131      57.926605    
75.500000 55.500000 0.500000 276.936615      0.19231  73.517085      58.101103    
80.500000 55.500000 0.500000 165.742203     -0.30220  78.514040      58.275600    
85.500000 55.500000 0.500000 120.544403     -0.52800  83.510994      58.450098    
90.500000 55.500000 0.500000 0.000000     -3.02334  88.507948      58.624595    
95.500000 55.500000 0.500000 251.179993      0.09099  93.504902      58.799093    
0.500000 60.500000 0.500000 364.876709      0.50651 -1.6117241      60.480595    
5.500000 60.500000 0.500000 130.824493     -0.46421  3.3852300      60.655092    
10.500000 60.500000 0.500000 220.403305     -0.00313  8.3821841      60.829590    
15.500000 60.500000 0.500000 904.667725      2.08028  13.379138      61.004087    
20.500000 60.500000 0.500000 780.570007      1.68236  18.376092      61.178585    
25.500000 60.500000 0.500000 732.206726      1.56535  23.373047      61.353082    
30.500000 60.500000 0.500000 206.515594     -0.09099  28.370001      61.527580    
35.500000 60.500000 0.500000 9.820000     -1.34849  33.366955      61.702077    
40.500000 60.500000 0.500000 9.652200     -1.38028  38.363909      61.876575    
45.500000 60.500000 0.500000 0.623300     -1.63285  43.360863      62.051072    
50.500000 60.500000 0.500000 33.473301     -1.02048  48.357817      62.225570    
55.500000 60.500000 0.500000 99.806702     -0.65495  53.354771      62.400067    
60.500000 60.500000 0.500000 107.618896     -0.60151  58.351726      62.574565    
65.500000 60.500000 0.500000 16.951099     -1.15644  63.348680      62.749062    
70.500000 60.500000 0.500000 30.120001     -1.05265  68.345634      62.923560    
75.500000 60.500000 0.500000 27.398899     -1.09732  73.342588      63.098057    
80.500000 60.500000 0.500000 16.741100     -1.16876  78.339542      63.272554    
85.500000 60.500000 0.500000 12.490000     -1.24672  83.336496      63.447052    
90.500000 60.500000 0.500000 67.355598     -0.83716  88.333450      63.621549    
95.500000 60.500000 0.500000 552.625488      1.05265  93.330404      63.796047    
0.500000 65.500000 0.500000 62.631699     -0.90117 -1.7862216      65.477549    
5.500000 65.500000 0.500000 210.228897     -0.05957  3.2107325      65.652046    
10.500000 65.500000 0.500000 162.449997     -0.31534  8.2076867      65.826544    
15.500000 65.500000 0.500000 799.637817      1.73636  13.204641      66.001041    
20.500000 65.500000 0.500000 1165.308838      3.02334  18.201595      66.175539    
25.500000 65.500000 0.500000 770.022217      1.60953  23.198549      66.350036    
30.500000 65.500000 0.500000 66.467796     -0.87330  28.195503      66.524534    
35.500000 65.500000 0.500000 2.067800     -1.56535  33.192457      66.699031    
40.500000 65.500000 0.500000 0.000000     -2.20435  38.189411      66.873529    
45.500000 65.500000 0.500000 9.021100     -1.41353  43.186366      67.048026    
50.500000 65.500000 0.500000 11.741100     -1.26047  48.183320      67.222524    
55.500000 65.500000 0.500000 3.016700     -1.54436  53.180274      67.397021    
60.500000 65.500000 0.500000 127.693298     -0.47120  58.177228      67.571519    
65.500000 65.500000 0.500000 262.898895      0.13514  63.174182      67.746016    
70.500000 65.500000 0.500000 72.142197     -0.80209  68.171136      67.920514    
75.500000 65.500000 0.500000 97.559998     -0.67056  73.168090      68.095011    
80.500000 65.500000 0.500000 70.834396     -0.81950  78.165045      68.269509    
85.500000 65.500000 0.500000 86.495598     -0.75125  83.161999      68.444006    
90.500000 65.500000 0.500000 529.451111      0.96909  88.158953      68.618504    
95.500000 65.500000 0.500000 570.859009      1.13232  93.155907      68.793001    
0.500000 70.500000 0.500000 43.395000     -0.93945 -1.9607191      70.474503    
5.500000 70.500000 0.500000 139.626694     -0.40905  3.0362351      70.649001    
10.500000 70.500000 0.500000 433.512207      0.69429  8.0331892      70.823498    
15.500000 70.500000 0.500000 579.325500      1.16876  13.030143      70.997996    
20.500000 70.500000 0.500000 908.198914      2.13821  18.027097      71.172493    
25.500000 70.500000 0.500000 186.937805     -0.20509  23.024052      71.346990    
30.500000 70.500000 0.500000 0.000000     -1.76538  28.021006      71.521488    
35.500000 70.500000 0.500000 0.000000     -1.79597  33.017960      71.695985    
40.500000 70.500000 0.500000 6.222200     -1.44842  38.014914      71.870483    
45.500000 70.500000 0.500000 53.447800     -0.92014  43.011868      72.044980    
50.500000 70.500000 0.500000 167.692200     -0.29565  48.008822      72.219478    
55.500000 70.500000 0.500000 196.081100     -0.16683  53.005776      72.393975    
60.500000 70.500000 0.500000 361.397797      0.49231  58.002731      72.568473    
65.500000 70.500000 0.500000 530.489990      0.98933  62.999685      72.742970    
70.500000 70.500000 0.500000 475.320007      0.83716  67.996639      72.917468    
75.500000 70.500000 0.500000 241.837799      0.07213  72.993593      73.091965    
80.500000 70.500000 0.500000 356.615601      0.47120  77.990547      73.266463    
85.500000 70.500000 0.500000 472.474487      0.81077  82.987501      73.440960    
90.500000 70.500000 0.500000 289.886688      0.25658  87.984455      73.615458    
95.500000 70.500000 0.500000 160.438904     -0.32194  92.981409      73.789955    
0.500000 75.500000 0.500000 200.315002     -0.14147 -2.1352166      75.471457    
5.500000 75.500000 0.500000 102.375603     -0.63950  2.8617376      75.645955    
10.500000 75.500000 0.500000 187.101105     -0.19870  7.8586917      75.820452    
15.500000 75.500000 0.500000 594.633423      1.19394  12.855646      75.994950    
20.500000 75.500000 0.500000 637.747803      1.31801  17.852600      76.169447    
25.500000 75.500000 0.500000 0.000000     -1.82833  22.849554      76.343945    
30.500000 75.500000 0.500000 0.000000     -1.86273  27.846508      76.518442    
35.500000 75.500000 0.500000 11.032200     -1.30322  32.843462      76.692940    
40.500000 75.500000 0.500000 112.765602     -0.57174  37.840417      76.867437    
45.500000 75.500000 0.500000 400.736694      0.62419  42.837371      77.041935    
50.500000 75.500000 0.500000 443.401093      0.72655  47.834325      77.216432    
55.500000 75.500000 0.500000 471.752197      0.80209  52.831279      77.390929    
60.500000 75.500000 0.500000 344.989990      0.42272  57.828233      77.565427    
65.500000 75.500000 0.500000 282.286713      0.23720  62.825187      77.739924    
70.500000 75.500000 0.500000 269.575592      0.15414  67.822141      77.914422    
75.500000 75.500000 0.500000 344.885590      0.41588  72.819095      78.088919    
80.500000 75.500000 0.500000 475.114502      0.82830  77.816050      78.263417    
85.500000 75.500000 0.500000 544.807922      1.02048  82.813004      78.437914    
90.500000 75.500000 0.500000 596.428894      1.21991  87.809958      78.612412    
95.500000 75.500000 0.500000 200.982193     -0.12882  92.806912      78.786909    
0.500000 80.500000 0.500000 101.898300     -0.64720 -2.3097140      80.468411    
5.500000 80.500000 0.500000 99.077797     -0.66274  2.6872401      80.642909    
10.500000 80.500000 0.500000 179.413300     -0.25658  7.6841942      80.817406    
15.500000 80.500000 0.500000 554.612183      1.07472  12.681148      80.991904    
20.500000 80.500000 0.500000 276.581085      0.18593  17.678102      81.166401    
25.500000 80.500000 0.500000 0.000000     -2.28182  22.675057      81.340899    
30.500000 80.500000 0.500000 0.000000     -1.70874  27.672011      81.515396    
35.500000 80.500000 0.500000 0.885600     -1.60953  32.668965      81.689894    
40.500000 80.500000 0.500000 214.998901     -0.04074  37.665919      81.864391    
45.500000 80.500000 0.500000 349.211090      0.45029  42.662873      82.038889    
50.500000 80.500000 0.500000 383.953308      0.57913  47.659827      82.213386    
55.500000 80.500000 0.500000 71.201103     -0.81077  52.656781      82.387884    
60.500000 80.500000 0.500000 208.059998     -0.08470  57.653736      82.562381    
65.500000 80.500000 0.500000 325.918915      0.35512  62.650690      82.736879    
70.500000 80.500000 0.500000 655.867798      1.34849  67.647644      82.911376    
75.500000 80.500000 0.500000 230.694397      0.02193  72.644598      83.085874    
80.500000 80.500000 0.500000 250.077805      0.08470  77.641552      83.260371    
85.500000 80.500000 0.500000 294.077789      0.27606  82.638506      83.434869    
90.500000 80.500000 0.500000 180.245605     -0.25011  87.635460      83.609366    
95.500000 80.500000 0.500000 124.233398     -0.49940  92.632415      83.783863    
0.500000 85.500000 0.500000 42.384998     -0.96909 -2.4842115      85.465365    
5.500000 85.500000 0.500000 95.226700     -0.68634  2.5127426      85.639863    
10.500000 85.500000 0.500000 294.558899      0.28258  7.5096967      85.814360    
15.500000 85.500000 0.500000 579.844421      1.18126  12.506651      85.988858    
20.500000 85.500000 0.500000 463.066589      0.77642  17.503605      86.163355    
25.500000 85.500000 0.500000 0.000000     -2.13821  22.500559      86.337853    
30.500000 85.500000 0.500000 0.000000     -1.98181  27.497513      86.512350    
35.500000 85.500000 0.500000 1.255600     -1.58706  32.494467      86.686848    
40.500000 85.500000 0.500000 333.195496      0.38195  37.491422      86.861345    
45.500000 85.500000 0.500000 65.441101     -0.88251  42.488376      87.035843    
50.500000 85.500000 0.500000 123.779999     -0.50651  47.485330      87.210340    
55.500000 85.500000 0.500000 113.837799     -0.55704  52.482284      87.384838    
60.500000 85.500000 0.500000 66.779999     -0.85509  57.479238      87.559335    
65.500000 85.500000 0.500000 391.724487      0.60904  62.476192      87.733833    
70.500000 85.500000 0.500000 86.783302     -0.74297  67.473146      87.908330    
75.500000 85.500000 0.500000 219.607803     -0.01567  72.470100      88.082828    
80.500000 85.500000 0.500000 372.963287      0.52800  77.467055      88.257325    
85.500000 85.500000 0.500000 106.779999     -0.61660  82.464009      88.431823    
90.500000 85.500000 0.500000 27.664400     -1.08595  87.460963      88.606320    
95.500000 85.500000 0.500000 132.472198     -0.45724  92.457917      88.780818    
0.500000 90.500000 0.500000 208.494995     -0.07213 -2.6587090      90.462320    
5.500000 90.500000 0.500000 281.403290      0.22433  2.3382451      90.636817    
10.500000 90.500000 0.500000 249.135605      0.07841  7.3351993      90.811315    
15.500000 90.500000 0.500000 850.858887      1.98181  12.332153      90.985812    
20.500000 90.500000 0.500000 442.529999      0.71842  17.329108      91.160310    
25.500000 90.500000 0.500000 18.626699     -1.14430  22.326062      91.334807    
30.500000 90.500000 0.500000 0.015600     -1.68236  27.323016      91.509304    
35.500000 90.500000 0.500000 41.308899     -0.97916  32.319970      91.683802    
40.500000 90.500000 0.500000 121.901100     -0.52081  37.316924      91.858299    
45.500000 90.500000 0.500000 175.411102     -0.26956  42.313878      92.032797    
50.500000 90.500000 0.500000 204.263397     -0.09729  47.310832      92.207294    
55.500000 90.500000 0.500000 138.891098     -0.42272  52.307786      92.381792    
60.500000 90.500000 0.500000 142.233307     -0.40225  57.304741      92.556289    
65.500000 90.500000 0.500000 214.498901     -0.04702  62.301695      92.730787    
70.500000 90.500000 0.500000 39.972198     -0.98933  67.298649      92.905284    
75.500000 90.500000 0.500000 37.512199     -1.00999  72.295603      93.079782    
80.500000 90.500000 0.500000 237.193298      0.06585  77.292557      93.254279    
85.500000 90.500000 0.500000 30.371099     -1.03109  82.289511      93.428777    
90.500000 90.500000 0.500000 15.041100     -1.19394  87.286465      93.603274    
95.500000 90.500000 0.500000 29.172199     -1.07472  92.283420      93.777772    
0.500000 95.500000 0.500000 114.433296     -0.54974 -2.8332065      95.459274    
5.500000 95.500000 0.500000 339.899994      0.39546  2.1637476      95.633771    
10.500000 95.500000 0.500000 237.131104      0.05957  7.1607018      95.808269    
15.500000 95.500000 0.500000 459.572205      0.76798  12.157656      95.982766    
20.500000 95.500000 0.500000 258.787811      0.11619  17.154610      96.157264    
25.500000 95.500000 0.500000 0.277800     -1.65710  22.151564      96.331761    
30.500000 95.500000 0.500000 11.397800     -1.28871  27.148518      96.506259    
35.500000 95.500000 0.500000 110.681099     -0.57913  32.145472      96.680756    
40.500000 95.500000 0.500000 316.192200      0.32854  37.142427      96.855254    
45.500000 95.500000 0.500000 160.115601     -0.32854  42.139381      97.029751    
50.500000 95.500000 0.500000 235.440002      0.05329  47.136335      97.204249    
55.500000 95.500000 0.500000 275.284393      0.17956  52.133289      97.378746    
60.500000 95.500000 0.500000 87.323303     -0.73474  57.130243      97.553244    
65.500000 95.500000 0.500000 42.750000     -0.95912  62.127197      97.727741    
70.500000 95.500000 0.500000 10.538900     -1.33310  67.124151      97.902238    
75.500000 95.500000 0.500000 14.940000     -1.20682  72.121106      98.076736    
80.500000 95.500000 0.500000 10.735500     -1.31801  77.118060      98.251233    
85.500000 95.500000 0.500000 7.451100     -1.43076  82.115014      98.425731    
90.500000 95.500000 0.500000 5.010000     -1.46654  87.111968      98.600228    
95.500000 95.500000 0.500000 3.458900     -1.52403  92.108922      98.774726    
