With Rotated Coordinates: Normal Score Transform: pygeostat_saved_data
 7
X
Y
Z
value
NS_value
Rotated X
Rotated Y
0.500000 0.500000 0.500000 0.000000     -2.67379 0.50865005     0.49119764    
5.500000 0.500000 0.500000 0.000000     -2.37603  5.5078885     0.40393561    
10.500000 0.500000 0.500000 204.054993     -0.10989  10.507127     0.31667358    
15.500000 0.500000 0.500000 157.588303     -0.34180  15.506365     0.22941155    
20.500000 0.500000 0.500000 210.154999     -0.06585  20.505604     0.14214952    
25.500000 0.500000 0.500000 386.173309      0.59402  25.504842     0.54887487E-01
30.500000 0.500000 0.500000 422.756592      0.66274  30.504081     -.32374545E-01
35.500000 0.500000 0.500000 541.809998      0.99961  35.503319     -.11963658    
40.500000 0.500000 0.500000 576.163330      1.15644  40.502558     -.20689861    
45.500000 0.500000 0.500000 549.518372      1.04181  45.501796     -.29416064    
50.500000 0.500000 0.500000 200.958298     -0.13514  50.501035     -.38142267    
55.500000 0.500000 0.500000 375.029907      0.54246  55.500273     -.46868470    
60.500000 0.500000 0.500000 320.968292      0.34180  60.499512     -.55594673    
65.500000 0.500000 0.500000 374.281708      0.53522  65.498750     -.64320877    
70.500000 0.500000 0.500000 270.466705      0.16048  70.497989     -.73047080    
75.500000 0.500000 0.500000 14.636700     -1.21991  75.497227     -.81773283    
80.500000 0.500000 0.500000 138.963303     -0.41588  80.496466     -.90499486    
85.500000 0.500000 0.500000 330.253296      0.37522  85.495704     -.99225689    
90.500000 0.500000 0.500000 363.000000      0.49940  90.494943     -1.0795189    
95.500000 0.500000 0.500000 122.781700     -0.51365  95.494181     -1.1667810    
0.500000 5.500000 0.500000 0.000000     -1.89949 0.59591208      5.4904361    
5.500000 5.500000 0.500000 11.474400     -1.27446  5.5951506      5.4031741    
10.500000 5.500000 0.500000 43.175598     -0.94924  10.594389      5.3159121    
15.500000 5.500000 0.500000 107.290001     -0.60904  15.593628      5.2286500    
20.500000 5.500000 0.500000 281.265503      0.21150  20.592866      5.1413880    
25.500000 5.500000 0.500000 313.061096      0.30877  25.592104      5.0541260    
30.500000 5.500000 0.500000 424.531097      0.67056  30.591343      4.9668639    
35.500000 5.500000 0.500000 253.062195      0.10358  35.590581      4.8796019    
40.500000 5.500000 0.500000 407.880005      0.63183  40.589820      4.7923399    
45.500000 5.500000 0.500000 222.167801      0.00313  45.589058      4.7050778    
50.500000 5.500000 0.500000 283.696686      0.24365  50.588297      4.6178158    
55.500000 5.500000 0.500000 216.302200     -0.03447  55.587535      4.5305538    
60.500000 5.500000 0.500000 261.458893      0.12882  60.586774      4.4432917    
65.500000 5.500000 0.500000 235.391098      0.04702  65.586012      4.3560297    
70.500000 5.500000 0.500000 474.660004      0.81950  70.585251      4.2687677    
75.500000 5.500000 0.500000 277.003296      0.19870  75.584489      4.1815056    
80.500000 5.500000 0.500000 428.578888      0.67843  80.583728      4.0942436    
85.500000 5.500000 0.500000 772.396606      1.65710  85.582966      4.0069816    
90.500000 5.500000 0.500000 503.337799      0.90117  90.582205      3.9197196    
95.500000 5.500000 0.500000 177.917801     -0.26307  95.581443      3.8324575    
0.500000 10.500000 0.500000 66.873299     -0.84609 0.68317411      10.489675    
5.500000 10.500000 0.500000 66.746696     -0.86416  5.6824126      10.402413    
10.500000 10.500000 0.500000 77.235603     -0.78492  10.681651      10.315151    
15.500000 10.500000 0.500000 94.454399     -0.69429  15.680890      10.227889    
20.500000 10.500000 0.500000 51.272202     -0.92975  20.680128      10.140626    
25.500000 10.500000 0.500000 234.729996      0.04074  25.679366      10.053364    
30.500000 10.500000 0.500000 528.935608      0.95912  30.678605      9.9661024    
35.500000 10.500000 0.500000 482.937805      0.85509  35.677843      9.8788404    
40.500000 10.500000 0.500000 505.185486      0.92014  40.677082      9.7915783    
45.500000 10.500000 0.500000 65.401100     -0.89180  45.676320      9.7043163    
50.500000 10.500000 0.500000 73.295601     -0.79348  50.675559      9.6170543    
55.500000 10.500000 0.500000 219.704498     -0.00940  55.674797      9.5297922    
60.500000 10.500000 0.500000 225.733307      0.01567  60.674036      9.4425302    
65.500000 10.500000 0.500000 182.372192     -0.23720  65.673274      9.3552682    
70.500000 10.500000 0.500000 390.133301      0.60151  70.672513      9.2680062    
75.500000 10.500000 0.500000 93.995598     -0.70229  75.671751      9.1807441    
80.500000 10.500000 0.500000 445.234497      0.74297  80.670990      9.0934821    
85.500000 10.500000 0.500000 377.331085      0.54974  85.670228      9.0062201    
90.500000 10.500000 0.500000 231.436707      0.02820  90.669467      8.9189580    
95.500000 10.500000 0.500000 104.372200     -0.63183  95.668705      8.8316960    
0.500000 15.500000 0.500000 541.830017      1.00999 0.77043615      15.488913    
5.500000 15.500000 0.500000 172.673294     -0.27606  5.7696746      15.401651    
10.500000 15.500000 0.500000 87.331100     -0.72655  10.768913      15.314389    
15.500000 15.500000 0.500000 186.407806     -0.21150  15.768152      15.227127    
20.500000 15.500000 0.500000 118.986702     -0.54246  20.767390      15.139865    
25.500000 15.500000 0.500000 208.202194     -0.07841  25.766629      15.052603    
30.500000 15.500000 0.500000 676.192322      1.44842  30.765867      14.965341    
35.500000 15.500000 0.500000 554.272217      1.06362  35.765105      14.878079    
40.500000 15.500000 0.500000 558.902222      1.10884  40.764344      14.790817    
45.500000 15.500000 0.500000 272.997803      0.16683  45.763582      14.703555    
50.500000 15.500000 0.500000 81.733299     -0.75959  50.762821      14.616293    
55.500000 15.500000 0.500000 313.634399      0.31534  55.762059      14.529031    
60.500000 15.500000 0.500000 145.955597     -0.38195  60.761298      14.441769    
65.500000 15.500000 0.500000 191.756699     -0.17956  65.760536      14.354507    
70.500000 15.500000 0.500000 113.223297     -0.56437  70.759775      14.267245    
75.500000 15.500000 0.500000 87.401100     -0.71842  75.759013      14.179983    
80.500000 15.500000 0.500000 191.653305     -0.19231  80.758252      14.092721    
85.500000 15.500000 0.500000 343.973389      0.40905  85.757490      14.005459    
90.500000 15.500000 0.500000 90.415604     -0.71033  90.756729      13.918197    
95.500000 15.500000 0.500000 341.132202      0.40225  95.755967      13.830934    
0.500000 20.500000 0.500000 633.525024      1.30322 0.85769818      20.488152    
5.500000 20.500000 0.500000 667.548889      1.39671  5.8569367      20.400890    
10.500000 20.500000 0.500000 482.946686      0.86416  10.856175      20.313627    
15.500000 20.500000 0.500000 770.286682      1.63285  15.855414      20.226365    
20.500000 20.500000 0.500000 294.677795      0.28911  20.854652      20.139103    
25.500000 20.500000 0.500000 305.768890      0.29565  25.853891      20.051841    
30.500000 20.500000 0.500000 479.667786      0.84609  30.853129      19.964579    
35.500000 20.500000 0.500000 605.803284      1.23320  35.852368      19.877317    
40.500000 20.500000 0.500000 218.581100     -0.02193  40.851606      19.790055    
45.500000 20.500000 0.500000 443.858887      0.73474  45.850844      19.702793    
50.500000 20.500000 0.500000 224.752197      0.00940  50.850083      19.615531    
55.500000 20.500000 0.500000 357.417786      0.47821  55.849321      19.528269    
60.500000 20.500000 0.500000 329.866608      0.36850  60.848560      19.441007    
65.500000 20.500000 0.500000 0.000000     -1.93901  65.847798      19.353745    
70.500000 20.500000 0.500000 9.778900     -1.36421  70.847037      19.266483    
75.500000 20.500000 0.500000 252.237793      0.09729  75.846275      19.179221    
80.500000 20.500000 0.500000 459.354401      0.75959  80.845514      19.091959    
85.500000 20.500000 0.500000 150.772202     -0.37522  85.844752      19.004697    
90.500000 20.500000 0.500000 277.854401      0.20509  90.843991      18.917435    
95.500000 20.500000 0.500000 358.205505      0.48525  95.843229      18.830173    
0.500000 25.500000 0.500000 943.635010      2.37603 0.94496021      25.487390    
5.500000 25.500000 0.500000 804.471130      1.76538  5.9441987      25.400128    
10.500000 25.500000 0.500000 659.869995      1.36421  10.943437      25.312866    
15.500000 25.500000 0.500000 556.913330      1.08595  15.942676      25.225604    
20.500000 25.500000 0.500000 346.709991      0.43646  20.941914      25.138342    
25.500000 25.500000 0.500000 80.099998     -0.77642  25.941153      25.051080    
30.500000 25.500000 0.500000 499.897797      0.89180  30.940391      24.963818    
35.500000 25.500000 0.500000 720.216675      1.52403  35.939630      24.876556    
40.500000 25.500000 0.500000 350.205505      0.45724  40.938868      24.789294    
45.500000 25.500000 0.500000 530.035522      0.97916  45.938106      24.702032    
50.500000 25.500000 0.500000 468.263306      0.78492  50.937345      24.614770    
55.500000 25.500000 0.500000 440.191101      0.71033  55.936583      24.527508    
60.500000 25.500000 0.500000 281.331085      0.21791  60.935822      24.440246    
65.500000 25.500000 0.500000 104.641098     -0.62419  65.935060      24.352984    
70.500000 25.500000 0.500000 14.106700     -1.23320  70.934299      24.265722    
75.500000 25.500000 0.500000 144.353302     -0.38870  75.933537      24.178460    
80.500000 25.500000 0.500000 197.258896     -0.16048  80.932776      24.091198    
85.500000 25.500000 0.500000 136.416702     -0.42958  85.932014      24.003935    
90.500000 25.500000 0.500000 152.614395     -0.36180  90.931253      23.916673    
95.500000 25.500000 0.500000 152.516693     -0.36850  95.930491      23.829411    
0.500000 30.500000 0.500000 320.226715      0.33517  1.0322222      30.486628    
5.500000 30.500000 0.500000 781.194519      1.70874  6.0314607      30.399366    
10.500000 30.500000 0.500000 594.945618      1.20682  11.030699      30.312104    
15.500000 30.500000 0.500000 546.493408      1.03109  16.029938      30.224842    
20.500000 30.500000 0.500000 647.992188      1.33310  21.029176      30.137580    
25.500000 30.500000 0.500000 0.000000     -2.49771  26.028415      30.050318    
30.500000 30.500000 0.500000 570.921082      1.14430  31.027653      29.963056    
35.500000 30.500000 0.500000 943.423279      2.28182  36.026892      29.875794    
40.500000 30.500000 0.500000 569.085571      1.12050  41.026130      29.788532    
45.500000 30.500000 0.500000 108.952202     -0.58656  46.025369      29.701270    
50.500000 30.500000 0.500000 377.399994      0.55704  51.024607      29.614008    
55.500000 30.500000 0.500000 184.411102     -0.21791  56.023845      29.526746    
60.500000 30.500000 0.500000 626.222290      1.26047  61.023084      29.439484    
65.500000 30.500000 0.500000 528.228882      0.94924  66.022322      29.352222    
70.500000 30.500000 0.500000 696.080017      1.50432  71.021561      29.264960    
75.500000 30.500000 0.500000 438.438812      0.70229  76.020799      29.177698    
80.500000 30.500000 0.500000 825.535522      1.89949  81.020038      29.090436    
85.500000 30.500000 0.500000 195.571106     -0.17319  86.019276      29.003174    
90.500000 30.500000 0.500000 0.000000     -2.02859  91.018515      28.915912    
95.500000 30.500000 0.500000 0.000000     -2.08028  96.017753      28.828650    
0.500000 35.500000 0.500000 662.445007      1.38028  1.1194843      35.485867    
5.500000 35.500000 0.500000 338.700012      0.38870  6.1187227      35.398605    
10.500000 35.500000 0.500000 496.092194      0.88251  11.117961      35.311343    
15.500000 35.500000 0.500000 445.892212      0.75125  16.117200      35.224081    
20.500000 35.500000 0.500000 490.066711      0.87330  21.116438      35.136819    
25.500000 35.500000 0.500000 469.837708      0.79348  26.115677      35.049557    
30.500000 35.500000 0.500000 820.145630      1.86273  31.114915      34.962295    
35.500000 35.500000 0.500000 721.133423      1.54436  36.114154      34.875033    
40.500000 35.500000 0.500000 419.187805      0.65495  41.113392      34.787771    
45.500000 35.500000 0.500000 96.012199     -0.67843  46.112631      34.700509    
50.500000 35.500000 0.500000 135.607803     -0.43646  51.111869      34.613247    
55.500000 35.500000 0.500000 157.479996     -0.34845  56.111108      34.525985    
60.500000 35.500000 0.500000 282.026703      0.23076  61.110346      34.438723    
65.500000 35.500000 0.500000 628.464417      1.27446  66.109584      34.351461    
70.500000 35.500000 0.500000 380.188812      0.56437  71.108823      34.264199    
75.500000 35.500000 0.500000 504.958893      0.91061  76.108061      34.176937    
80.500000 35.500000 0.500000 745.307678      1.58706  81.107300      34.089674    
85.500000 35.500000 0.500000 674.889893      1.41353  86.106538      34.002412    
90.500000 35.500000 0.500000 191.685593     -0.18593  91.105777      33.915150    
95.500000 35.500000 0.500000 24.378901     -1.10884  96.105015      33.827888    
0.500000 40.500000 0.500000 283.859985      0.25011  1.2067463      40.485105    
5.500000 40.500000 0.500000 267.544403      0.14780  6.2059848      40.397843    
10.500000 40.500000 0.500000 124.724503     -0.49231  11.205223      40.310581    
15.500000 40.500000 0.500000 126.336700     -0.48525  16.204462      40.223319    
20.500000 40.500000 0.500000 204.091095     -0.10358  21.203700      40.136057    
25.500000 40.500000 0.500000 293.524506      0.26307  26.202939      40.048795    
30.500000 40.500000 0.500000 557.384521      1.09732  31.202177      39.961533    
35.500000 40.500000 0.500000 819.033386      1.82833  36.201416      39.874271    
40.500000 40.500000 0.500000 876.262207      2.02859  41.200654      39.787009    
45.500000 40.500000 0.500000 159.712204     -0.33517  46.199893      39.699747    
50.500000 40.500000 0.500000 155.172195     -0.35512  51.199131      39.612485    
55.500000 40.500000 0.500000 348.921112      0.44337  56.198370      39.525223    
60.500000 40.500000 0.500000 397.273285      0.61660  61.197608      39.437961    
65.500000 40.500000 0.500000 263.113312      0.14147  66.196846      39.350699    
70.500000 40.500000 0.500000 80.419998     -0.76798  71.196085      39.263437    
75.500000 40.500000 0.500000 0.000000     -1.73636  76.195323      39.176175    
80.500000 40.500000 0.500000 30.223301     -1.04181  81.194562      39.088913    
85.500000 40.500000 0.500000 183.453293     -0.22433  86.193800      39.001651    
90.500000 40.500000 0.500000 217.036697     -0.02820  91.193039      38.914389    
95.500000 40.500000 0.500000 9.561100     -1.39671  96.192277      38.827127    
0.500000 45.500000 0.500000 259.290009      0.12250  1.2940083      45.484344    
5.500000 45.500000 0.500000 134.901093     -0.44337  6.2932468      45.397082    
10.500000 45.500000 0.500000 134.422195     -0.45029  11.292485      45.309820    
15.500000 45.500000 0.500000 233.891098      0.03447  16.291724      45.222558    
20.500000 45.500000 0.500000 369.962189      0.51365  21.290962      45.135296    
25.500000 45.500000 0.500000 632.985596      1.28871  26.290201      45.048034    
30.500000 45.500000 0.500000 684.366577      1.46654  31.289439      44.960772    
35.500000 45.500000 0.500000 675.041077      1.43076  36.288678      44.873510    
40.500000 45.500000 0.500000 508.486694      0.92975  41.287916      44.786248    
45.500000 45.500000 0.500000 119.627800     -0.53522  46.287155      44.698986    
50.500000 45.500000 0.500000 323.596710      0.34845  51.286393      44.611724    
55.500000 45.500000 0.500000 274.037811      0.17319  56.285632      44.524462    
60.500000 45.500000 0.500000 352.788910      0.46421  61.284870      44.437200    
65.500000 45.500000 0.500000 328.128906      0.36180  66.284109      44.349938    
70.500000 45.500000 0.500000 142.736694     -0.39546  71.283347      44.262675    
75.500000 45.500000 0.500000 182.516693     -0.23076  76.282585      44.175413    
80.500000 45.500000 0.500000 202.179993     -0.12250  81.281824      44.088151    
85.500000 45.500000 0.500000 212.113297     -0.05329  86.281062      44.000889    
90.500000 45.500000 0.500000 107.779999     -0.59402  91.280301      43.913627    
95.500000 45.500000 0.500000 4.686700     -1.48517  96.279539      43.826365    
0.500000 50.500000 0.500000 199.323303     -0.14780  1.3812704      50.483582    
5.500000 50.500000 0.500000 163.362198     -0.30877  6.3805088      50.396320    
10.500000 50.500000 0.500000 345.711090      0.42958  11.379747      50.309058    
15.500000 50.500000 0.500000 385.123413      0.58656  16.378986      50.221796    
20.500000 50.500000 0.500000 911.576721      2.20435  21.378224      50.134534    
25.500000 50.500000 0.500000 1020.445618      2.49771  26.377463      50.047272    
30.500000 50.500000 0.500000 513.162170      0.93945  31.376701      49.960010    
35.500000 50.500000 0.500000 370.543304      0.52081  36.375940      49.872748    
40.500000 50.500000 0.500000 127.517799     -0.47821  41.375178      49.785486    
45.500000 50.500000 0.500000 56.545601     -0.91061  46.374417      49.698224    
50.500000 50.500000 0.500000 171.891098     -0.28911  51.373655      49.610962    
55.500000 50.500000 0.500000 311.005615      0.30220  56.372894      49.523700    
60.500000 50.500000 0.500000 203.493301     -0.11619  61.372132      49.436438    
65.500000 50.500000 0.500000 3.492200     -1.50432  66.371371      49.349176    
70.500000 50.500000 0.500000 409.715607      0.63950  71.370609      49.261914    
75.500000 50.500000 0.500000 410.417786      0.64720  76.369848      49.174652    
80.500000 50.500000 0.500000 615.811096      1.24672  81.369086      49.087390    
85.500000 50.500000 0.500000 381.309998      0.57174  86.368324      49.000128    
90.500000 50.500000 0.500000 29.941099     -1.06362  91.367563      48.912866    
95.500000 50.500000 0.500000 18.742201     -1.13232  96.366801      48.825604    
0.500000 55.500000 0.500000 431.478302      0.68634  1.4685324      55.482821    
5.500000 55.500000 0.500000 199.285599     -0.15414  6.4677709      55.395559    
10.500000 55.500000 0.500000 313.907806      0.32194  11.467009      55.308297    
15.500000 55.500000 0.500000 848.711121      1.93901  16.466248      55.221035    
20.500000 55.500000 0.500000 1021.297913      2.67379  21.465486      55.133773    
25.500000 55.500000 0.500000 808.152222      1.79597  26.464725      55.046511    
30.500000 55.500000 0.500000 695.593323      1.48517  31.463963      54.959249    
35.500000 55.500000 0.500000 172.298904     -0.28258  36.463202      54.871987    
40.500000 55.500000 0.500000 39.516701     -0.99961  41.462440      54.784725    
45.500000 55.500000 0.500000 20.670000     -1.12050  46.461679      54.697463    
50.500000 55.500000 0.500000 16.385599     -1.18126  51.460917      54.610201    
55.500000 55.500000 0.500000 70.065598     -0.82830  56.460156      54.522939    
60.500000 55.500000 0.500000 293.609985      0.26956  61.459394      54.435677    
65.500000 55.500000 0.500000 180.929993     -0.24365  66.458633      54.348414    
70.500000 55.500000 0.500000 256.683289      0.10989  71.457871      54.261152    
75.500000 55.500000 0.500000 276.936615      0.19231  76.457110      54.173890    
80.500000 55.500000 0.500000 165.742203     -0.30220  81.456348      54.086628    
85.500000 55.500000 0.500000 120.544403     -0.52800  86.455586      53.999366    
90.500000 55.500000 0.500000 0.000000     -3.02334  91.454825      53.912104    
95.500000 55.500000 0.500000 251.179993      0.09099  96.454063      53.824842    
0.500000 60.500000 0.500000 364.876709      0.50651  1.5557944      60.482059    
5.500000 60.500000 0.500000 130.824493     -0.46421  6.5550329      60.394797    
10.500000 60.500000 0.500000 220.403305     -0.00313  11.554271      60.307535    
15.500000 60.500000 0.500000 904.667725      2.08028  16.553510      60.220273    
20.500000 60.500000 0.500000 780.570007      1.68236  21.552748      60.133011    
25.500000 60.500000 0.500000 732.206726      1.56535  26.551987      60.045749    
30.500000 60.500000 0.500000 206.515594     -0.09099  31.551225      59.958487    
35.500000 60.500000 0.500000 9.820000     -1.34849  36.550464      59.871225    
40.500000 60.500000 0.500000 9.652200     -1.38028  41.549702      59.783963    
45.500000 60.500000 0.500000 0.623300     -1.63285  46.548941      59.696701    
50.500000 60.500000 0.500000 33.473301     -1.02048  51.548179      59.609439    
55.500000 60.500000 0.500000 99.806702     -0.65495  56.547418      59.522177    
60.500000 60.500000 0.500000 107.618896     -0.60151  61.546656      59.434915    
65.500000 60.500000 0.500000 16.951099     -1.15644  66.545895      59.347653    
70.500000 60.500000 0.500000 30.120001     -1.05265  71.545133      59.260391    
75.500000 60.500000 0.500000 27.398899     -1.09732  76.544372      59.173129    
80.500000 60.500000 0.500000 16.741100     -1.16876  81.543610      59.085867    
85.500000 60.500000 0.500000 12.490000     -1.24672  86.542849      58.998605    
90.500000 60.500000 0.500000 67.355598     -0.83716  91.542087      58.911343    
95.500000 60.500000 0.500000 552.625488      1.05265  96.541325      58.824081    
0.500000 65.500000 0.500000 62.631699     -0.90117  1.6430565      65.481298    
5.500000 65.500000 0.500000 210.228897     -0.05957  6.6422949      65.394036    
10.500000 65.500000 0.500000 162.449997     -0.31534  11.641533      65.306774    
15.500000 65.500000 0.500000 799.637817      1.73636  16.640772      65.219512    
20.500000 65.500000 0.500000 1165.308838      3.02334  21.640010      65.132250    
25.500000 65.500000 0.500000 770.022217      1.60953  26.639249      65.044988    
30.500000 65.500000 0.500000 66.467796     -0.87330  31.638487      64.957726    
35.500000 65.500000 0.500000 2.067800     -1.56535  36.637726      64.870464    
40.500000 65.500000 0.500000 0.000000     -2.20435  41.636964      64.783202    
45.500000 65.500000 0.500000 9.021100     -1.41353  46.636203      64.695940    
50.500000 65.500000 0.500000 11.741100     -1.26047  51.635441      64.608678    
55.500000 65.500000 0.500000 3.016700     -1.54436  56.634680      64.521415    
60.500000 65.500000 0.500000 127.693298     -0.47120  61.633918      64.434153    
65.500000 65.500000 0.500000 262.898895      0.13514  66.633157      64.346891    
70.500000 65.500000 0.500000 72.142197     -0.80209  71.632395      64.259629    
75.500000 65.500000 0.500000 97.559998     -0.67056  76.631634      64.172367    
80.500000 65.500000 0.500000 70.834396     -0.81950  81.630872      64.085105    
85.500000 65.500000 0.500000 86.495598     -0.75125  86.630111      63.997843    
90.500000 65.500000 0.500000 529.451111      0.96909  91.629349      63.910581    
95.500000 65.500000 0.500000 570.859009      1.13232  96.628588      63.823319    
0.500000 70.500000 0.500000 43.395000     -0.93945  1.7303185      70.480536    
5.500000 70.500000 0.500000 139.626694     -0.40905  6.7295570      70.393274    
10.500000 70.500000 0.500000 433.512207      0.69429  11.728795      70.306012    
15.500000 70.500000 0.500000 579.325500      1.16876  16.728034      70.218750    
20.500000 70.500000 0.500000 908.198914      2.13821  21.727272      70.131488    
25.500000 70.500000 0.500000 186.937805     -0.20509  26.726511      70.044226    
30.500000 70.500000 0.500000 0.000000     -1.76538  31.725749      69.956964    
35.500000 70.500000 0.500000 0.000000     -1.79597  36.724988      69.869702    
40.500000 70.500000 0.500000 6.222200     -1.44842  41.724226      69.782440    
45.500000 70.500000 0.500000 53.447800     -0.92014  46.723465      69.695178    
50.500000 70.500000 0.500000 167.692200     -0.29565  51.722703      69.607916    
55.500000 70.500000 0.500000 196.081100     -0.16683  56.721942      69.520654    
60.500000 70.500000 0.500000 361.397797      0.49231  61.721180      69.433392    
65.500000 70.500000 0.500000 530.489990      0.98933  66.720419      69.346130    
70.500000 70.500000 0.500000 475.320007      0.83716  71.719657      69.258868    
75.500000 70.500000 0.500000 241.837799      0.07213  76.718896      69.171606    
80.500000 70.500000 0.500000 356.615601      0.47120  81.718134      69.084344    
85.500000 70.500000 0.500000 472.474487      0.81077  86.717373      68.997082    
90.500000 70.500000 0.500000 289.886688      0.25658  91.716611      68.909820    
95.500000 70.500000 0.500000 160.438904     -0.32194  96.715850      68.822558    
0.500000 75.500000 0.500000 200.315002     -0.14147  1.8175805      75.479775    
5.500000 75.500000 0.500000 102.375603     -0.63950  6.8168190      75.392513    
10.500000 75.500000 0.500000 187.101105     -0.19870  11.816057      75.305251    
15.500000 75.500000 0.500000 594.633423      1.19394  16.815296      75.217989    
20.500000 75.500000 0.500000 637.747803      1.31801  21.814534      75.130727    
25.500000 75.500000 0.500000 0.000000     -1.82833  26.813773      75.043465    
30.500000 75.500000 0.500000 0.000000     -1.86273  31.813011      74.956203    
35.500000 75.500000 0.500000 11.032200     -1.30322  36.812250      74.868941    
40.500000 75.500000 0.500000 112.765602     -0.57174  41.811488      74.781679    
45.500000 75.500000 0.500000 400.736694      0.62419  46.810727      74.694416    
50.500000 75.500000 0.500000 443.401093      0.72655  51.809965      74.607154    
55.500000 75.500000 0.500000 471.752197      0.80209  56.809204      74.519892    
60.500000 75.500000 0.500000 344.989990      0.42272  61.808442      74.432630    
65.500000 75.500000 0.500000 282.286713      0.23720  66.807681      74.345368    
70.500000 75.500000 0.500000 269.575592      0.15414  71.806919      74.258106    
75.500000 75.500000 0.500000 344.885590      0.41588  76.806158      74.170844    
80.500000 75.500000 0.500000 475.114502      0.82830  81.805396      74.083582    
85.500000 75.500000 0.500000 544.807922      1.02048  86.804635      73.996320    
90.500000 75.500000 0.500000 596.428894      1.21991  91.803873      73.909058    
95.500000 75.500000 0.500000 200.982193     -0.12882  96.803112      73.821796    
0.500000 80.500000 0.500000 101.898300     -0.64720  1.9048426      80.479013    
5.500000 80.500000 0.500000 99.077797     -0.66274  6.9040810      80.391751    
10.500000 80.500000 0.500000 179.413300     -0.25658  11.903320      80.304489    
15.500000 80.500000 0.500000 554.612183      1.07472  16.902558      80.217227    
20.500000 80.500000 0.500000 276.581085      0.18593  21.901796      80.129965    
25.500000 80.500000 0.500000 0.000000     -2.28182  26.901035      80.042703    
30.500000 80.500000 0.500000 0.000000     -1.70874  31.900273      79.955441    
35.500000 80.500000 0.500000 0.885600     -1.60953  36.899512      79.868179    
40.500000 80.500000 0.500000 214.998901     -0.04074  41.898750      79.780917    
45.500000 80.500000 0.500000 349.211090      0.45029  46.897989      79.693655    
50.500000 80.500000 0.500000 383.953308      0.57913  51.897227      79.606393    
55.500000 80.500000 0.500000 71.201103     -0.81077  56.896466      79.519131    
60.500000 80.500000 0.500000 208.059998     -0.08470  61.895704      79.431869    
65.500000 80.500000 0.500000 325.918915      0.35512  66.894943      79.344607    
70.500000 80.500000 0.500000 655.867798      1.34849  71.894181      79.257345    
75.500000 80.500000 0.500000 230.694397      0.02193  76.893420      79.170083    
80.500000 80.500000 0.500000 250.077805      0.08470  81.892658      79.082821    
85.500000 80.500000 0.500000 294.077789      0.27606  86.891897      78.995559    
90.500000 80.500000 0.500000 180.245605     -0.25011  91.891135      78.908297    
95.500000 80.500000 0.500000 124.233398     -0.49940  96.890374      78.821035    
0.500000 85.500000 0.500000 42.384998     -0.96909  1.9921046      85.478252    
5.500000 85.500000 0.500000 95.226700     -0.68634  6.9913431      85.390990    
10.500000 85.500000 0.500000 294.558899      0.28258  11.990582      85.303728    
15.500000 85.500000 0.500000 579.844421      1.18126  16.989820      85.216466    
20.500000 85.500000 0.500000 463.066589      0.77642  21.989058      85.129204    
25.500000 85.500000 0.500000 0.000000     -2.13821  26.988297      85.041942    
30.500000 85.500000 0.500000 0.000000     -1.98181  31.987535      84.954680    
35.500000 85.500000 0.500000 1.255600     -1.58706  36.986774      84.867418    
40.500000 85.500000 0.500000 333.195496      0.38195  41.986012      84.780155    
45.500000 85.500000 0.500000 65.441101     -0.88251  46.985251      84.692893    
50.500000 85.500000 0.500000 123.779999     -0.50651  51.984489      84.605631    
55.500000 85.500000 0.500000 113.837799     -0.55704  56.983728      84.518369    
60.500000 85.500000 0.500000 66.779999     -0.85509  61.982966      84.431107    
65.500000 85.500000 0.500000 391.724487      0.60904  66.982205      84.343845    
70.500000 85.500000 0.500000 86.783302     -0.74297  71.981443      84.256583    
75.500000 85.500000 0.500000 219.607803     -0.01567  76.980682      84.169321    
80.500000 85.500000 0.500000 372.963287      0.52800  81.979920      84.082059    
85.500000 85.500000 0.500000 106.779999     -0.61660  86.979159      83.994797    
90.500000 85.500000 0.500000 27.664400     -1.08595  91.978397      83.907535    
95.500000 85.500000 0.500000 132.472198     -0.45724  96.977636      83.820273    
0.500000 90.500000 0.500000 208.494995     -0.07213  2.0793666      90.477490    
5.500000 90.500000 0.500000 281.403290      0.22433  7.0786051      90.390228    
10.500000 90.500000 0.500000 249.135605      0.07841  12.077844      90.302966    
15.500000 90.500000 0.500000 850.858887      1.98181  17.077082      90.215704    
20.500000 90.500000 0.500000 442.529999      0.71842  22.076321      90.128442    
25.500000 90.500000 0.500000 18.626699     -1.14430  27.075559      90.041180    
30.500000 90.500000 0.500000 0.015600     -1.68236  32.074797      89.953918    
35.500000 90.500000 0.500000 41.308899     -0.97916  37.074036      89.866656    
40.500000 90.500000 0.500000 121.901100     -0.52081  42.073274      89.779394    
45.500000 90.500000 0.500000 175.411102     -0.26956  47.072513      89.692132    
50.500000 90.500000 0.500000 204.263397     -0.09729  52.071751      89.604870    
55.500000 90.500000 0.500000 138.891098     -0.42272  57.070990      89.517608    
60.500000 90.500000 0.500000 142.233307     -0.40225  62.070228      89.430346    
65.500000 90.500000 0.500000 214.498901     -0.04702  67.069467      89.343084    
70.500000 90.500000 0.500000 39.972198     -0.98933  72.068705      89.255822    
75.500000 90.500000 0.500000 37.512199     -1.00999  77.067944      89.168560    
80.500000 90.500000 0.500000 237.193298      0.06585  82.067182      89.081298    
85.500000 90.500000 0.500000 30.371099     -1.03109  87.066421      88.994036    
90.500000 90.500000 0.500000 15.041100     -1.19394  92.065659      88.906774    
95.500000 90.500000 0.500000 29.172199     -1.07472  97.064898      88.819512    
0.500000 95.500000 0.500000 114.433296     -0.54974  2.1666286      95.476729    
5.500000 95.500000 0.500000 339.899994      0.39546  7.1658671      95.389467    
10.500000 95.500000 0.500000 237.131104      0.05957  12.165106      95.302205    
15.500000 95.500000 0.500000 459.572205      0.76798  17.164344      95.214943    
20.500000 95.500000 0.500000 258.787811      0.11619  22.163583      95.127681    
25.500000 95.500000 0.500000 0.277800     -1.65710  27.162821      95.040419    
30.500000 95.500000 0.500000 11.397800     -1.28871  32.162060      94.953156    
35.500000 95.500000 0.500000 110.681099     -0.57913  37.161298      94.865894    
40.500000 95.500000 0.500000 316.192200      0.32854  42.160536      94.778632    
45.500000 95.500000 0.500000 160.115601     -0.32854  47.159775      94.691370    
50.500000 95.500000 0.500000 235.440002      0.05329  52.159013      94.604108    
55.500000 95.500000 0.500000 275.284393      0.17956  57.158252      94.516846    
60.500000 95.500000 0.500000 87.323303     -0.73474  62.157490      94.429584    
65.500000 95.500000 0.500000 42.750000     -0.95912  67.156729      94.342322    
70.500000 95.500000 0.500000 10.538900     -1.33310  72.155967      94.255060    
75.500000 95.500000 0.500000 14.940000     -1.20682  77.155206      94.167798    
80.500000 95.500000 0.500000 10.735500     -1.31801  82.154444      94.080536    
85.500000 95.500000 0.500000 7.451100     -1.43076  87.153683      93.993274    
90.500000 95.500000 0.500000 5.010000     -1.46654  92.152921      93.906012    
95.500000 95.500000 0.500000 3.458900     -1.52403  97.152160      93.818750    
