With Rotated Coordinates: Normal Score Transform: pygeostat_saved_data
 7
X
Y
Z
value
NS_value
Rotated X
Rotated Y
0.500000 0.500000 0.500000 0.000000     -2.67379 0.56472058     0.42554748    
5.500000 0.500000 0.500000 0.000000     -2.37603  5.5160609     -.27031801    
10.500000 0.500000 0.500000 204.054993     -0.10989  10.467401     -.96618351    
15.500000 0.500000 0.500000 157.588303     -0.34180  15.418742     -1.6620490    
20.500000 0.500000 0.500000 210.154999     -0.06585  20.370082     -2.3579145    
25.500000 0.500000 0.500000 386.173309      0.59402  25.321422     -3.0537800    
30.500000 0.500000 0.500000 422.756592      0.66274  30.272763     -3.7496455    
35.500000 0.500000 0.500000 541.809998      0.99961  35.224103     -4.4455110    
40.500000 0.500000 0.500000 576.163330      1.15644  40.175443     -5.1413765    
45.500000 0.500000 0.500000 549.518372      1.04181  45.126784     -5.8372420    
50.500000 0.500000 0.500000 200.958298     -0.13514  50.078124     -6.5331075    
55.500000 0.500000 0.500000 375.029907      0.54246  55.029464     -7.2289730    
60.500000 0.500000 0.500000 320.968292      0.34180  59.980805     -7.9248385    
65.500000 0.500000 0.500000 374.281708      0.53522  64.932145     -8.6207040    
70.500000 0.500000 0.500000 270.466705      0.16048  69.883485     -9.3165695    
75.500000 0.500000 0.500000 14.636700     -1.21991  74.834826     -10.012435    
80.500000 0.500000 0.500000 138.963303     -0.41588  79.786166     -10.708301    
85.500000 0.500000 0.500000 330.253296      0.37522  84.737506     -11.404166    
90.500000 0.500000 0.500000 363.000000      0.49940  89.688847     -12.100032    
95.500000 0.500000 0.500000 122.781700     -0.51365  94.640187     -12.795897    
0.500000 5.500000 0.500000 0.000000     -1.89949  1.2605861      5.3768878    
5.500000 5.500000 0.500000 11.474400     -1.27446  6.2119264      4.6810223    
10.500000 5.500000 0.500000 43.175598     -0.94924  11.163267      3.9851568    
15.500000 5.500000 0.500000 107.290001     -0.60904  16.114607      3.2892913    
20.500000 5.500000 0.500000 281.265503      0.21150  21.065947      2.5934258    
25.500000 5.500000 0.500000 313.061096      0.30877  26.017288      1.8975603    
30.500000 5.500000 0.500000 424.531097      0.67056  30.968628      1.2016948    
35.500000 5.500000 0.500000 253.062195      0.10358  35.919968     0.50582933    
40.500000 5.500000 0.500000 407.880005      0.63183  40.871309     -.19003617    
45.500000 5.500000 0.500000 222.167801      0.00313  45.822649     -.88590167    
50.500000 5.500000 0.500000 283.696686      0.24365  50.773990     -1.5817672    
55.500000 5.500000 0.500000 216.302200     -0.03447  55.725330     -2.2776327    
60.500000 5.500000 0.500000 261.458893      0.12882  60.676670     -2.9734982    
65.500000 5.500000 0.500000 235.391098      0.04702  65.628011     -3.6693637    
70.500000 5.500000 0.500000 474.660004      0.81950  70.579351     -4.3652292    
75.500000 5.500000 0.500000 277.003296      0.19870  75.530691     -5.0610947    
80.500000 5.500000 0.500000 428.578888      0.67843  80.482032     -5.7569602    
85.500000 5.500000 0.500000 772.396606      1.65710  85.433372     -6.4528257    
90.500000 5.500000 0.500000 503.337799      0.90117  90.384712     -7.1486912    
95.500000 5.500000 0.500000 177.917801     -0.26307  95.336053     -7.8445567    
0.500000 10.500000 0.500000 66.873299     -0.84609  1.9564516      10.328228    
5.500000 10.500000 0.500000 66.746696     -0.86416  6.9077919      9.6323627    
10.500000 10.500000 0.500000 77.235603     -0.78492  11.859132      8.9364972    
15.500000 10.500000 0.500000 94.454399     -0.69429  16.810473      8.2406317    
20.500000 10.500000 0.500000 51.272202     -0.92975  21.761813      7.5447662    
25.500000 10.500000 0.500000 234.729996      0.04074  26.713153      6.8489007    
30.500000 10.500000 0.500000 528.935608      0.95912  31.664494      6.1530352    
35.500000 10.500000 0.500000 482.937805      0.85509  36.615834      5.4571697    
40.500000 10.500000 0.500000 505.185486      0.92014  41.567174      4.7613042    
45.500000 10.500000 0.500000 65.401100     -0.89180  46.518515      4.0654387    
50.500000 10.500000 0.500000 73.295601     -0.79348  51.469855      3.3695732    
55.500000 10.500000 0.500000 219.704498     -0.00940  56.421195      2.6737077    
60.500000 10.500000 0.500000 225.733307      0.01567  61.372536      1.9778422    
65.500000 10.500000 0.500000 182.372192     -0.23720  66.323876      1.2819767    
70.500000 10.500000 0.500000 390.133301      0.60151  71.275216     0.58611118    
75.500000 10.500000 0.500000 93.995598     -0.70229  76.226557     -.10975432    
80.500000 10.500000 0.500000 445.234497      0.74297  81.177897     -.80561982    
85.500000 10.500000 0.500000 377.331085      0.54974  86.129237     -1.5014853    
90.500000 10.500000 0.500000 231.436707      0.02820  91.080578     -2.1973508    
95.500000 10.500000 0.500000 104.372200     -0.63183  96.031918     -2.8932163    
0.500000 15.500000 0.500000 541.830017      1.00999  2.6523171      15.279569    
5.500000 15.500000 0.500000 172.673294     -0.27606  7.6036574      14.583703    
10.500000 15.500000 0.500000 87.331100     -0.72655  12.554998      13.887838    
15.500000 15.500000 0.500000 186.407806     -0.21150  17.506338      13.191972    
20.500000 15.500000 0.500000 118.986702     -0.54246  22.457678      12.496107    
25.500000 15.500000 0.500000 208.202194     -0.07841  27.409019      11.800241    
30.500000 15.500000 0.500000 676.192322      1.44842  32.360359      11.104376    
35.500000 15.500000 0.500000 554.272217      1.06362  37.311699      10.408510    
40.500000 15.500000 0.500000 558.902222      1.10884  42.263040      9.7126445    
45.500000 15.500000 0.500000 272.997803      0.16683  47.214380      9.0167790    
50.500000 15.500000 0.500000 81.733299     -0.75959  52.165721      8.3209135    
55.500000 15.500000 0.500000 313.634399      0.31534  57.117061      7.6250480    
60.500000 15.500000 0.500000 145.955597     -0.38195  62.068401      6.9291825    
65.500000 15.500000 0.500000 191.756699     -0.17956  67.019742      6.2333170    
70.500000 15.500000 0.500000 113.223297     -0.56437  71.971082      5.5374515    
75.500000 15.500000 0.500000 87.401100     -0.71842  76.922422      4.8415860    
80.500000 15.500000 0.500000 191.653305     -0.19231  81.873763      4.1457205    
85.500000 15.500000 0.500000 343.973389      0.40905  86.825103      3.4498550    
90.500000 15.500000 0.500000 90.415604     -0.71033  91.776443      2.7539895    
95.500000 15.500000 0.500000 341.132202      0.40225  96.727784      2.0581240    
0.500000 20.500000 0.500000 633.525024      1.30322  3.3481826      20.230909    
5.500000 20.500000 0.500000 667.548889      1.39671  8.2995229      19.535043    
10.500000 20.500000 0.500000 482.946686      0.86416  13.250863      18.839178    
15.500000 20.500000 0.500000 770.286682      1.63285  18.202204      18.143312    
20.500000 20.500000 0.500000 294.677795      0.28911  23.153544      17.447447    
25.500000 20.500000 0.500000 305.768890      0.29565  28.104884      16.751581    
30.500000 20.500000 0.500000 479.667786      0.84609  33.056225      16.055716    
35.500000 20.500000 0.500000 605.803284      1.23320  38.007565      15.359850    
40.500000 20.500000 0.500000 218.581100     -0.02193  42.958905      14.663985    
45.500000 20.500000 0.500000 443.858887      0.73474  47.910246      13.968119    
50.500000 20.500000 0.500000 224.752197      0.00940  52.861586      13.272254    
55.500000 20.500000 0.500000 357.417786      0.47821  57.812926      12.576388    
60.500000 20.500000 0.500000 329.866608      0.36850  62.764267      11.880523    
65.500000 20.500000 0.500000 0.000000     -1.93901  67.715607      11.184657    
70.500000 20.500000 0.500000 9.778900     -1.36421  72.666947      10.488792    
75.500000 20.500000 0.500000 252.237793      0.09729  77.618288      9.7929264    
80.500000 20.500000 0.500000 459.354401      0.75959  82.569628      9.0970609    
85.500000 20.500000 0.500000 150.772202     -0.37522  87.520968      8.4011954    
90.500000 20.500000 0.500000 277.854401      0.20509  92.472309      7.7053299    
95.500000 20.500000 0.500000 358.205505      0.48525  97.423649      7.0094644    
0.500000 25.500000 0.500000 943.635010      2.37603  4.0440481      25.182249    
5.500000 25.500000 0.500000 804.471130      1.76538  8.9953884      24.486384    
10.500000 25.500000 0.500000 659.869995      1.36421  13.946729      23.790518    
15.500000 25.500000 0.500000 556.913330      1.08595  18.898069      23.094653    
20.500000 25.500000 0.500000 346.709991      0.43646  23.849409      22.398787    
25.500000 25.500000 0.500000 80.099998     -0.77642  28.800750      21.702922    
30.500000 25.500000 0.500000 499.897797      0.89180  33.752090      21.007056    
35.500000 25.500000 0.500000 720.216675      1.52403  38.703430      20.311191    
40.500000 25.500000 0.500000 350.205505      0.45724  43.654771      19.615325    
45.500000 25.500000 0.500000 530.035522      0.97916  48.606111      18.919460    
50.500000 25.500000 0.500000 468.263306      0.78492  53.557452      18.223594    
55.500000 25.500000 0.500000 440.191101      0.71033  58.508792      17.527729    
60.500000 25.500000 0.500000 281.331085      0.21791  63.460132      16.831863    
65.500000 25.500000 0.500000 104.641098     -0.62419  68.411473      16.135998    
70.500000 25.500000 0.500000 14.106700     -1.23320  73.362813      15.440132    
75.500000 25.500000 0.500000 144.353302     -0.38870  78.314153      14.744267    
80.500000 25.500000 0.500000 197.258896     -0.16048  83.265494      14.048401    
85.500000 25.500000 0.500000 136.416702     -0.42958  88.216834      13.352536    
90.500000 25.500000 0.500000 152.614395     -0.36180  93.168174      12.656670    
95.500000 25.500000 0.500000 152.516693     -0.36850  98.119515      11.960805    
0.500000 30.500000 0.500000 320.226715      0.33517  4.7399136      30.133590    
5.500000 30.500000 0.500000 781.194519      1.70874  9.6912539      29.437724    
10.500000 30.500000 0.500000 594.945618      1.20682  14.642594      28.741859    
15.500000 30.500000 0.500000 546.493408      1.03109  19.593935      28.045993    
20.500000 30.500000 0.500000 647.992188      1.33310  24.545275      27.350128    
25.500000 30.500000 0.500000 0.000000     -2.49771  29.496615      26.654262    
30.500000 30.500000 0.500000 570.921082      1.14430  34.447956      25.958397    
35.500000 30.500000 0.500000 943.423279      2.28182  39.399296      25.262531    
40.500000 30.500000 0.500000 569.085571      1.12050  44.350636      24.566666    
45.500000 30.500000 0.500000 108.952202     -0.58656  49.301977      23.870800    
50.500000 30.500000 0.500000 377.399994      0.55704  54.253317      23.174935    
55.500000 30.500000 0.500000 184.411102     -0.21791  59.204657      22.479069    
60.500000 30.500000 0.500000 626.222290      1.26047  64.155998      21.783204    
65.500000 30.500000 0.500000 528.228882      0.94924  69.107338      21.087338    
70.500000 30.500000 0.500000 696.080017      1.50432  74.058678      20.391473    
75.500000 30.500000 0.500000 438.438812      0.70229  79.010019      19.695607    
80.500000 30.500000 0.500000 825.535522      1.89949  83.961359      18.999742    
85.500000 30.500000 0.500000 195.571106     -0.17319  88.912699      18.303876    
90.500000 30.500000 0.500000 0.000000     -2.02859  93.864040      17.608011    
95.500000 30.500000 0.500000 0.000000     -2.08028  98.815380      16.912145    
0.500000 35.500000 0.500000 662.445007      1.38028  5.4357791      35.084930    
5.500000 35.500000 0.500000 338.700012      0.38870  10.387119      34.389064    
10.500000 35.500000 0.500000 496.092194      0.88251  15.338460      33.693199    
15.500000 35.500000 0.500000 445.892212      0.75125  20.289800      32.997333    
20.500000 35.500000 0.500000 490.066711      0.87330  25.241140      32.301468    
25.500000 35.500000 0.500000 469.837708      0.79348  30.192481      31.605602    
30.500000 35.500000 0.500000 820.145630      1.86273  35.143821      30.909737    
35.500000 35.500000 0.500000 721.133423      1.54436  40.095161      30.213871    
40.500000 35.500000 0.500000 419.187805      0.65495  45.046502      29.518006    
45.500000 35.500000 0.500000 96.012199     -0.67843  49.997842      28.822140    
50.500000 35.500000 0.500000 135.607803     -0.43646  54.949183      28.126275    
55.500000 35.500000 0.500000 157.479996     -0.34845  59.900523      27.430409    
60.500000 35.500000 0.500000 282.026703      0.23076  64.851863      26.734544    
65.500000 35.500000 0.500000 628.464417      1.27446  69.803204      26.038678    
70.500000 35.500000 0.500000 380.188812      0.56437  74.754544      25.342813    
75.500000 35.500000 0.500000 504.958893      0.91061  79.705884      24.646947    
80.500000 35.500000 0.500000 745.307678      1.58706  84.657225      23.951082    
85.500000 35.500000 0.500000 674.889893      1.41353  89.608565      23.255216    
90.500000 35.500000 0.500000 191.685593     -0.18593  94.559905      22.559351    
95.500000 35.500000 0.500000 24.378901     -1.10884  99.511246      21.863485    
0.500000 40.500000 0.500000 283.859985      0.25011  6.1316446      40.036270    
5.500000 40.500000 0.500000 267.544403      0.14780  11.082985      39.340405    
10.500000 40.500000 0.500000 124.724503     -0.49231  16.034325      38.644539    
15.500000 40.500000 0.500000 126.336700     -0.48525  20.985666      37.948674    
20.500000 40.500000 0.500000 204.091095     -0.10358  25.937006      37.252808    
25.500000 40.500000 0.500000 293.524506      0.26307  30.888346      36.556943    
30.500000 40.500000 0.500000 557.384521      1.09732  35.839687      35.861077    
35.500000 40.500000 0.500000 819.033386      1.82833  40.791027      35.165212    
40.500000 40.500000 0.500000 876.262207      2.02859  45.742367      34.469346    
45.500000 40.500000 0.500000 159.712204     -0.33517  50.693708      33.773481    
50.500000 40.500000 0.500000 155.172195     -0.35512  55.645048      33.077615    
55.500000 40.500000 0.500000 348.921112      0.44337  60.596388      32.381750    
60.500000 40.500000 0.500000 397.273285      0.61660  65.547729      31.685884    
65.500000 40.500000 0.500000 263.113312      0.14147  70.499069      30.990019    
70.500000 40.500000 0.500000 80.419998     -0.76798  75.450409      30.294153    
75.500000 40.500000 0.500000 0.000000     -1.73636  80.401750      29.598288    
80.500000 40.500000 0.500000 30.223301     -1.04181  85.353090      28.902422    
85.500000 40.500000 0.500000 183.453293     -0.22433  90.304430      28.206557    
90.500000 40.500000 0.500000 217.036697     -0.02820  95.255771      27.510691    
95.500000 40.500000 0.500000 9.561100     -1.39671  100.20711      26.814826    
0.500000 45.500000 0.500000 259.290009      0.12250  6.8275101      44.987611    
5.500000 45.500000 0.500000 134.901093     -0.44337  11.778850      44.291745    
10.500000 45.500000 0.500000 134.422195     -0.45029  16.730191      43.595880    
15.500000 45.500000 0.500000 233.891098      0.03447  21.681531      42.900014    
20.500000 45.500000 0.500000 369.962189      0.51365  26.632871      42.204149    
25.500000 45.500000 0.500000 632.985596      1.28871  31.584212      41.508283    
30.500000 45.500000 0.500000 684.366577      1.46654  36.535552      40.812418    
35.500000 45.500000 0.500000 675.041077      1.43076  41.486892      40.116552    
40.500000 45.500000 0.500000 508.486694      0.92975  46.438233      39.420687    
45.500000 45.500000 0.500000 119.627800     -0.53522  51.389573      38.724821    
50.500000 45.500000 0.500000 323.596710      0.34845  56.340914      38.028956    
55.500000 45.500000 0.500000 274.037811      0.17319  61.292254      37.333090    
60.500000 45.500000 0.500000 352.788910      0.46421  66.243594      36.637225    
65.500000 45.500000 0.500000 328.128906      0.36180  71.194935      35.941359    
70.500000 45.500000 0.500000 142.736694     -0.39546  76.146275      35.245494    
75.500000 45.500000 0.500000 182.516693     -0.23076  81.097615      34.549628    
80.500000 45.500000 0.500000 202.179993     -0.12250  86.048956      33.853763    
85.500000 45.500000 0.500000 212.113297     -0.05329  91.000296      33.157897    
90.500000 45.500000 0.500000 107.779999     -0.59402  95.951636      32.462032    
95.500000 45.500000 0.500000 4.686700     -1.48517  100.90298      31.766166    
0.500000 50.500000 0.500000 199.323303     -0.14780  7.5233756      49.938951    
5.500000 50.500000 0.500000 163.362198     -0.30877  12.474716      49.243085    
10.500000 50.500000 0.500000 345.711090      0.42958  17.426056      48.547220    
15.500000 50.500000 0.500000 385.123413      0.58656  22.377397      47.851354    
20.500000 50.500000 0.500000 911.576721      2.20435  27.328737      47.155489    
25.500000 50.500000 0.500000 1020.445618      2.49771  32.280077      46.459623    
30.500000 50.500000 0.500000 513.162170      0.93945  37.231418      45.763758    
35.500000 50.500000 0.500000 370.543304      0.52081  42.182758      45.067892    
40.500000 50.500000 0.500000 127.517799     -0.47821  47.134098      44.372027    
45.500000 50.500000 0.500000 56.545601     -0.91061  52.085439      43.676161    
50.500000 50.500000 0.500000 171.891098     -0.28911  57.036779      42.980296    
55.500000 50.500000 0.500000 311.005615      0.30220  61.988119      42.284430    
60.500000 50.500000 0.500000 203.493301     -0.11619  66.939460      41.588565    
65.500000 50.500000 0.500000 3.492200     -1.50432  71.890800      40.892699    
70.500000 50.500000 0.500000 409.715607      0.63950  76.842140      40.196834    
75.500000 50.500000 0.500000 410.417786      0.64720  81.793481      39.500968    
80.500000 50.500000 0.500000 615.811096      1.24672  86.744821      38.805103    
85.500000 50.500000 0.500000 381.309998      0.57174  91.696161      38.109237    
90.500000 50.500000 0.500000 29.941099     -1.06362  96.647502      37.413372    
95.500000 50.500000 0.500000 18.742201     -1.13232  101.59884      36.717506    
0.500000 55.500000 0.500000 431.478302      0.68634  8.2192411      54.890291    
5.500000 55.500000 0.500000 199.285599     -0.15414  13.170581      54.194426    
10.500000 55.500000 0.500000 313.907806      0.32194  18.121922      53.498560    
15.500000 55.500000 0.500000 848.711121      1.93901  23.073262      52.802695    
20.500000 55.500000 0.500000 1021.297913      2.67379  28.024602      52.106829    
25.500000 55.500000 0.500000 808.152222      1.79597  32.975943      51.410964    
30.500000 55.500000 0.500000 695.593323      1.48517  37.927283      50.715098    
35.500000 55.500000 0.500000 172.298904     -0.28258  42.878623      50.019233    
40.500000 55.500000 0.500000 39.516701     -0.99961  47.829964      49.323367    
45.500000 55.500000 0.500000 20.670000     -1.12050  52.781304      48.627502    
50.500000 55.500000 0.500000 16.385599     -1.18126  57.732645      47.931636    
55.500000 55.500000 0.500000 70.065598     -0.82830  62.683985      47.235771    
60.500000 55.500000 0.500000 293.609985      0.26956  67.635325      46.539905    
65.500000 55.500000 0.500000 180.929993     -0.24365  72.586666      45.844040    
70.500000 55.500000 0.500000 256.683289      0.10989  77.538006      45.148174    
75.500000 55.500000 0.500000 276.936615      0.19231  82.489346      44.452309    
80.500000 55.500000 0.500000 165.742203     -0.30220  87.440687      43.756443    
85.500000 55.500000 0.500000 120.544403     -0.52800  92.392027      43.060578    
90.500000 55.500000 0.500000 0.000000     -3.02334  97.343367      42.364712    
95.500000 55.500000 0.500000 251.179993      0.09099  102.29471      41.668847    
0.500000 60.500000 0.500000 364.876709      0.50651  8.9151066      59.841632    
5.500000 60.500000 0.500000 130.824493     -0.46421  13.866447      59.145766    
10.500000 60.500000 0.500000 220.403305     -0.00313  18.817787      58.449901    
15.500000 60.500000 0.500000 904.667725      2.08028  23.769128      57.754035    
20.500000 60.500000 0.500000 780.570007      1.68236  28.720468      57.058170    
25.500000 60.500000 0.500000 732.206726      1.56535  33.671808      56.362304    
30.500000 60.500000 0.500000 206.515594     -0.09099  38.623149      55.666439    
35.500000 60.500000 0.500000 9.820000     -1.34849  43.574489      54.970573    
40.500000 60.500000 0.500000 9.652200     -1.38028  48.525829      54.274708    
45.500000 60.500000 0.500000 0.623300     -1.63285  53.477170      53.578842    
50.500000 60.500000 0.500000 33.473301     -1.02048  58.428510      52.882977    
55.500000 60.500000 0.500000 99.806702     -0.65495  63.379850      52.187111    
60.500000 60.500000 0.500000 107.618896     -0.60151  68.331191      51.491246    
65.500000 60.500000 0.500000 16.951099     -1.15644  73.282531      50.795380    
70.500000 60.500000 0.500000 30.120001     -1.05265  78.233871      50.099515    
75.500000 60.500000 0.500000 27.398899     -1.09732  83.185212      49.403649    
80.500000 60.500000 0.500000 16.741100     -1.16876  88.136552      48.707784    
85.500000 60.500000 0.500000 12.490000     -1.24672  93.087892      48.011918    
90.500000 60.500000 0.500000 67.355598     -0.83716  98.039233      47.316053    
95.500000 60.500000 0.500000 552.625488      1.05265  102.99057      46.620187    
0.500000 65.500000 0.500000 62.631699     -0.90117  9.6109721      64.792972    
5.500000 65.500000 0.500000 210.228897     -0.05957  14.562312      64.097106    
10.500000 65.500000 0.500000 162.449997     -0.31534  19.513653      63.401241    
15.500000 65.500000 0.500000 799.637817      1.73636  24.464993      62.705375    
20.500000 65.500000 0.500000 1165.308838      3.02334  29.416333      62.009510    
25.500000 65.500000 0.500000 770.022217      1.60953  34.367674      61.313644    
30.500000 65.500000 0.500000 66.467796     -0.87330  39.319014      60.617779    
35.500000 65.500000 0.500000 2.067800     -1.56535  44.270354      59.921913    
40.500000 65.500000 0.500000 0.000000     -2.20435  49.221695      59.226048    
45.500000 65.500000 0.500000 9.021100     -1.41353  54.173035      58.530182    
50.500000 65.500000 0.500000 11.741100     -1.26047  59.124376      57.834317    
55.500000 65.500000 0.500000 3.016700     -1.54436  64.075716      57.138451    
60.500000 65.500000 0.500000 127.693298     -0.47120  69.027056      56.442586    
65.500000 65.500000 0.500000 262.898895      0.13514  73.978397      55.746720    
70.500000 65.500000 0.500000 72.142197     -0.80209  78.929737      55.050855    
75.500000 65.500000 0.500000 97.559998     -0.67056  83.881077      54.354989    
80.500000 65.500000 0.500000 70.834396     -0.81950  88.832418      53.659124    
85.500000 65.500000 0.500000 86.495598     -0.75125  93.783758      52.963258    
90.500000 65.500000 0.500000 529.451111      0.96909  98.735098      52.267393    
95.500000 65.500000 0.500000 570.859009      1.13232  103.68644      51.571527    
0.500000 70.500000 0.500000 43.395000     -0.93945  10.306838      69.744312    
5.500000 70.500000 0.500000 139.626694     -0.40905  15.258178      69.048447    
10.500000 70.500000 0.500000 433.512207      0.69429  20.209518      68.352581    
15.500000 70.500000 0.500000 579.325500      1.16876  25.160859      67.656716    
20.500000 70.500000 0.500000 908.198914      2.13821  30.112199      66.960850    
25.500000 70.500000 0.500000 186.937805     -0.20509  35.063539      66.264985    
30.500000 70.500000 0.500000 0.000000     -1.76538  40.014880      65.569119    
35.500000 70.500000 0.500000 0.000000     -1.79597  44.966220      64.873254    
40.500000 70.500000 0.500000 6.222200     -1.44842  49.917560      64.177388    
45.500000 70.500000 0.500000 53.447800     -0.92014  54.868901      63.481523    
50.500000 70.500000 0.500000 167.692200     -0.29565  59.820241      62.785657    
55.500000 70.500000 0.500000 196.081100     -0.16683  64.771581      62.089792    
60.500000 70.500000 0.500000 361.397797      0.49231  69.722922      61.393926    
65.500000 70.500000 0.500000 530.489990      0.98933  74.674262      60.698061    
70.500000 70.500000 0.500000 475.320007      0.83716  79.625602      60.002195    
75.500000 70.500000 0.500000 241.837799      0.07213  84.576943      59.306330    
80.500000 70.500000 0.500000 356.615601      0.47120  89.528283      58.610464    
85.500000 70.500000 0.500000 472.474487      0.81077  94.479623      57.914599    
90.500000 70.500000 0.500000 289.886688      0.25658  99.430964      57.218733    
95.500000 70.500000 0.500000 160.438904     -0.32194  104.38230      56.522868    
0.500000 75.500000 0.500000 200.315002     -0.14147  11.002703      74.695653    
5.500000 75.500000 0.500000 102.375603     -0.63950  15.954043      73.999787    
10.500000 75.500000 0.500000 187.101105     -0.19870  20.905384      73.303922    
15.500000 75.500000 0.500000 594.633423      1.19394  25.856724      72.608056    
20.500000 75.500000 0.500000 637.747803      1.31801  30.808064      71.912191    
25.500000 75.500000 0.500000 0.000000     -1.82833  35.759405      71.216325    
30.500000 75.500000 0.500000 0.000000     -1.86273  40.710745      70.520460    
35.500000 75.500000 0.500000 11.032200     -1.30322  45.662085      69.824594    
40.500000 75.500000 0.500000 112.765602     -0.57174  50.613426      69.128729    
45.500000 75.500000 0.500000 400.736694      0.62419  55.564766      68.432863    
50.500000 75.500000 0.500000 443.401093      0.72655  60.516107      67.736998    
55.500000 75.500000 0.500000 471.752197      0.80209  65.467447      67.041132    
60.500000 75.500000 0.500000 344.989990      0.42272  70.418787      66.345267    
65.500000 75.500000 0.500000 282.286713      0.23720  75.370128      65.649401    
70.500000 75.500000 0.500000 269.575592      0.15414  80.321468      64.953536    
75.500000 75.500000 0.500000 344.885590      0.41588  85.272808      64.257670    
80.500000 75.500000 0.500000 475.114502      0.82830  90.224149      63.561805    
85.500000 75.500000 0.500000 544.807922      1.02048  95.175489      62.865939    
90.500000 75.500000 0.500000 596.428894      1.21991  100.12683      62.170074    
95.500000 75.500000 0.500000 200.982193     -0.12882  105.07817      61.474208    
0.500000 80.500000 0.500000 101.898300     -0.64720  11.698569      79.646993    
5.500000 80.500000 0.500000 99.077797     -0.66274  16.649909      78.951127    
10.500000 80.500000 0.500000 179.413300     -0.25658  21.601249      78.255262    
15.500000 80.500000 0.500000 554.612183      1.07472  26.552590      77.559396    
20.500000 80.500000 0.500000 276.581085      0.18593  31.503930      76.863531    
25.500000 80.500000 0.500000 0.000000     -2.28182  36.455270      76.167665    
30.500000 80.500000 0.500000 0.000000     -1.70874  41.406611      75.471800    
35.500000 80.500000 0.500000 0.885600     -1.60953  46.357951      74.775934    
40.500000 80.500000 0.500000 214.998901     -0.04074  51.309291      74.080069    
45.500000 80.500000 0.500000 349.211090      0.45029  56.260632      73.384204    
50.500000 80.500000 0.500000 383.953308      0.57913  61.211972      72.688338    
55.500000 80.500000 0.500000 71.201103     -0.81077  66.163312      71.992473    
60.500000 80.500000 0.500000 208.059998     -0.08470  71.114653      71.296607    
65.500000 80.500000 0.500000 325.918915      0.35512  76.065993      70.600742    
70.500000 80.500000 0.500000 655.867798      1.34849  81.017333      69.904876    
75.500000 80.500000 0.500000 230.694397      0.02193  85.968674      69.209011    
80.500000 80.500000 0.500000 250.077805      0.08470  90.920014      68.513145    
85.500000 80.500000 0.500000 294.077789      0.27606  95.871354      67.817280    
90.500000 80.500000 0.500000 180.245605     -0.25011  100.82269      67.121414    
95.500000 80.500000 0.500000 124.233398     -0.49940  105.77404      66.425549    
0.500000 85.500000 0.500000 42.384998     -0.96909  12.394434      84.598333    
5.500000 85.500000 0.500000 95.226700     -0.68634  17.345774      83.902468    
10.500000 85.500000 0.500000 294.558899      0.28258  22.297115      83.206602    
15.500000 85.500000 0.500000 579.844421      1.18126  27.248455      82.510737    
20.500000 85.500000 0.500000 463.066589      0.77642  32.199795      81.814871    
25.500000 85.500000 0.500000 0.000000     -2.13821  37.151136      81.119006    
30.500000 85.500000 0.500000 0.000000     -1.98181  42.102476      80.423140    
35.500000 85.500000 0.500000 1.255600     -1.58706  47.053816      79.727275    
40.500000 85.500000 0.500000 333.195496      0.38195  52.005157      79.031409    
45.500000 85.500000 0.500000 65.441101     -0.88251  56.956497      78.335544    
50.500000 85.500000 0.500000 123.779999     -0.50651  61.907838      77.639678    
55.500000 85.500000 0.500000 113.837799     -0.55704  66.859178      76.943813    
60.500000 85.500000 0.500000 66.779999     -0.85509  71.810518      76.247947    
65.500000 85.500000 0.500000 391.724487      0.60904  76.761859      75.552082    
70.500000 85.500000 0.500000 86.783302     -0.74297  81.713199      74.856216    
75.500000 85.500000 0.500000 219.607803     -0.01567  86.664539      74.160351    
80.500000 85.500000 0.500000 372.963287      0.52800  91.615880      73.464485    
85.500000 85.500000 0.500000 106.779999     -0.61660  96.567220      72.768620    
90.500000 85.500000 0.500000 27.664400     -1.08595  101.51856      72.072754    
95.500000 85.500000 0.500000 132.472198     -0.45724  106.46990      71.376889    
0.500000 90.500000 0.500000 208.494995     -0.07213  13.090300      89.549674    
5.500000 90.500000 0.500000 281.403290      0.22433  18.041640      88.853808    
10.500000 90.500000 0.500000 249.135605      0.07841  22.992980      88.157943    
15.500000 90.500000 0.500000 850.858887      1.98181  27.944321      87.462077    
20.500000 90.500000 0.500000 442.529999      0.71842  32.895661      86.766212    
25.500000 90.500000 0.500000 18.626699     -1.14430  37.847001      86.070346    
30.500000 90.500000 0.500000 0.015600     -1.68236  42.798342      85.374481    
35.500000 90.500000 0.500000 41.308899     -0.97916  47.749682      84.678615    
40.500000 90.500000 0.500000 121.901100     -0.52081  52.701022      83.982750    
45.500000 90.500000 0.500000 175.411102     -0.26956  57.652363      83.286884    
50.500000 90.500000 0.500000 204.263397     -0.09729  62.603703      82.591019    
55.500000 90.500000 0.500000 138.891098     -0.42272  67.555043      81.895153    
60.500000 90.500000 0.500000 142.233307     -0.40225  72.506384      81.199288    
65.500000 90.500000 0.500000 214.498901     -0.04702  77.457724      80.503422    
70.500000 90.500000 0.500000 39.972198     -0.98933  82.409064      79.807557    
75.500000 90.500000 0.500000 37.512199     -1.00999  87.360405      79.111691    
80.500000 90.500000 0.500000 237.193298      0.06585  92.311745      78.415826    
85.500000 90.500000 0.500000 30.371099     -1.03109  97.263085      77.719960    
90.500000 90.500000 0.500000 15.041100     -1.19394  102.21443      77.024095    
95.500000 90.500000 0.500000 29.172199     -1.07472  107.16577      76.328229    
0.500000 95.500000 0.500000 114.433296     -0.54974  13.786165      94.501014    
5.500000 95.500000 0.500000 339.899994      0.39546  18.737505      93.805149    
10.500000 95.500000 0.500000 237.131104      0.05957  23.688846      93.109283    
15.500000 95.500000 0.500000 459.572205      0.76798  28.640186      92.413418    
20.500000 95.500000 0.500000 258.787811      0.11619  33.591526      91.717552    
25.500000 95.500000 0.500000 0.277800     -1.65710  38.542867      91.021687    
30.500000 95.500000 0.500000 11.397800     -1.28871  43.494207      90.325821    
35.500000 95.500000 0.500000 110.681099     -0.57913  48.445547      89.629956    
40.500000 95.500000 0.500000 316.192200      0.32854  53.396888      88.934090    
45.500000 95.500000 0.500000 160.115601     -0.32854  58.348228      88.238225    
50.500000 95.500000 0.500000 235.440002      0.05329  63.299569      87.542359    
55.500000 95.500000 0.500000 275.284393      0.17956  68.250909      86.846494    
60.500000 95.500000 0.500000 87.323303     -0.73474  73.202249      86.150628    
65.500000 95.500000 0.500000 42.750000     -0.95912  78.153590      85.454763    
70.500000 95.500000 0.500000 10.538900     -1.33310  83.104930      84.758897    
75.500000 95.500000 0.500000 14.940000     -1.20682  88.056270      84.063032    
80.500000 95.500000 0.500000 10.735500     -1.31801  93.007611      83.367166    
85.500000 95.500000 0.500000 7.451100     -1.43076  97.958951      82.671301    
90.500000 95.500000 0.500000 5.010000     -1.46654  102.91029      81.975435    
95.500000 95.500000 0.500000 3.458900     -1.52403  107.86163      81.279570    
