With Rotated Coordinates: Normal Score Transform: pygeostat_saved_data
 7
X
Y
Z
value
NS_value
Rotated X
Rotated Y
0.500000 0.500000 0.500000 0.000000     -2.67379 0.41562694     0.57206140    
5.500000 0.500000 0.500000 0.000000     -2.37603  5.3540686      1.3542337    
10.500000 0.500000 0.500000 204.054993     -0.10989  10.292510      2.1364060    
15.500000 0.500000 0.500000 157.588303     -0.34180  15.230952      2.9185784    
20.500000 0.500000 0.500000 210.154999     -0.06585  20.169394      3.7007507    
25.500000 0.500000 0.500000 386.173309      0.59402  25.107835      4.4829230    
30.500000 0.500000 0.500000 422.756592      0.66274  30.046277      5.2650953    
35.500000 0.500000 0.500000 541.809998      0.99961  34.984719      6.0472676    
40.500000 0.500000 0.500000 576.163330      1.15644  39.923161      6.8294400    
45.500000 0.500000 0.500000 549.518372      1.04181  44.861602      7.6116123    
50.500000 0.500000 0.500000 200.958298     -0.13514  49.800044      8.3937846    
55.500000 0.500000 0.500000 375.029907      0.54246  54.738486      9.1759569    
60.500000 0.500000 0.500000 320.968292      0.34180  59.676927      9.9581292    
65.500000 0.500000 0.500000 374.281708      0.53522  64.615369      10.740302    
70.500000 0.500000 0.500000 270.466705      0.16048  69.553811      11.522474    
75.500000 0.500000 0.500000 14.636700     -1.21991  74.492252      12.304646    
80.500000 0.500000 0.500000 138.963303     -0.41588  79.430694      13.086819    
85.500000 0.500000 0.500000 330.253296      0.37522  84.369136      13.868991    
90.500000 0.500000 0.500000 363.000000      0.49940  89.307578      14.651163    
95.500000 0.500000 0.500000 122.781700     -0.51365  94.246019      15.433335    
0.500000 5.500000 0.500000 0.000000     -1.89949 -.36654538      5.5105031    
5.500000 5.500000 0.500000 11.474400     -1.27446  4.5718963      6.2926754    
10.500000 5.500000 0.500000 43.175598     -0.94924  9.5103380      7.0748477    
15.500000 5.500000 0.500000 107.290001     -0.60904  14.448780      7.8570201    
20.500000 5.500000 0.500000 281.265503      0.21150  19.387221      8.6391924    
25.500000 5.500000 0.500000 313.061096      0.30877  24.325663      9.4213647    
30.500000 5.500000 0.500000 424.531097      0.67056  29.264105      10.203537    
35.500000 5.500000 0.500000 253.062195      0.10358  34.202547      10.985709    
40.500000 5.500000 0.500000 407.880005      0.63183  39.140988      11.767882    
45.500000 5.500000 0.500000 222.167801      0.00313  44.079430      12.550054    
50.500000 5.500000 0.500000 283.696686      0.24365  49.017872      13.332226    
55.500000 5.500000 0.500000 216.302200     -0.03447  53.956313      14.114399    
60.500000 5.500000 0.500000 261.458893      0.12882  58.894755      14.896571    
65.500000 5.500000 0.500000 235.391098      0.04702  63.833197      15.678743    
70.500000 5.500000 0.500000 474.660004      0.81950  68.771638      16.460916    
75.500000 5.500000 0.500000 277.003296      0.19870  73.710080      17.243088    
80.500000 5.500000 0.500000 428.578888      0.67843  78.648522      18.025260    
85.500000 5.500000 0.500000 772.396606      1.65710  83.586964      18.807433    
90.500000 5.500000 0.500000 503.337799      0.90117  88.525405      19.589605    
95.500000 5.500000 0.500000 177.917801     -0.26307  93.463847      20.371777    
0.500000 10.500000 0.500000 66.873299     -0.84609 -1.1487177      10.448945    
5.500000 10.500000 0.500000 66.746696     -0.86416  3.7897240      11.231117    
10.500000 10.500000 0.500000 77.235603     -0.78492  8.7281657      12.013289    
15.500000 10.500000 0.500000 94.454399     -0.69429  13.666607      12.795462    
20.500000 10.500000 0.500000 51.272202     -0.92975  18.605049      13.577634    
25.500000 10.500000 0.500000 234.729996      0.04074  23.543491      14.359806    
30.500000 10.500000 0.500000 528.935608      0.95912  28.481933      15.141979    
35.500000 10.500000 0.500000 482.937805      0.85509  33.420374      15.924151    
40.500000 10.500000 0.500000 505.185486      0.92014  38.358816      16.706323    
45.500000 10.500000 0.500000 65.401100     -0.89180  43.297258      17.488496    
50.500000 10.500000 0.500000 73.295601     -0.79348  48.235699      18.270668    
55.500000 10.500000 0.500000 219.704498     -0.00940  53.174141      19.052840    
60.500000 10.500000 0.500000 225.733307      0.01567  58.112583      19.835013    
65.500000 10.500000 0.500000 182.372192     -0.23720  63.051024      20.617185    
70.500000 10.500000 0.500000 390.133301      0.60151  67.989466      21.399357    
75.500000 10.500000 0.500000 93.995598     -0.70229  72.927908      22.181530    
80.500000 10.500000 0.500000 445.234497      0.74297  77.866350      22.963702    
85.500000 10.500000 0.500000 377.331085      0.54974  82.804791      23.745874    
90.500000 10.500000 0.500000 231.436707      0.02820  87.743233      24.528047    
95.500000 10.500000 0.500000 104.372200     -0.63183  92.681675      25.310219    
0.500000 15.500000 0.500000 541.830017      1.00999 -1.9308900      15.387387    
5.500000 15.500000 0.500000 172.673294     -0.27606  3.0075517      16.169559    
10.500000 15.500000 0.500000 87.331100     -0.72655  7.9459934      16.951731    
15.500000 15.500000 0.500000 186.407806     -0.21150  12.884435      17.733903    
20.500000 15.500000 0.500000 118.986702     -0.54246  17.822877      18.516076    
25.500000 15.500000 0.500000 208.202194     -0.07841  22.761319      19.298248    
30.500000 15.500000 0.500000 676.192322      1.44842  27.699760      20.080420    
35.500000 15.500000 0.500000 554.272217      1.06362  32.638202      20.862593    
40.500000 15.500000 0.500000 558.902222      1.10884  37.576644      21.644765    
45.500000 15.500000 0.500000 272.997803      0.16683  42.515085      22.426937    
50.500000 15.500000 0.500000 81.733299     -0.75959  47.453527      23.209110    
55.500000 15.500000 0.500000 313.634399      0.31534  52.391969      23.991282    
60.500000 15.500000 0.500000 145.955597     -0.38195  57.330410      24.773454    
65.500000 15.500000 0.500000 191.756699     -0.17956  62.268852      25.555627    
70.500000 15.500000 0.500000 113.223297     -0.56437  67.207294      26.337799    
75.500000 15.500000 0.500000 87.401100     -0.71842  72.145736      27.119971    
80.500000 15.500000 0.500000 191.653305     -0.19231  77.084177      27.902144    
85.500000 15.500000 0.500000 343.973389      0.40905  82.022619      28.684316    
90.500000 15.500000 0.500000 90.415604     -0.71033  86.961061      29.466488    
95.500000 15.500000 0.500000 341.132202      0.40225  91.899502      30.248661    
0.500000 20.500000 0.500000 633.525024      1.30322 -2.7130623      20.325828    
5.500000 20.500000 0.500000 667.548889      1.39671  2.2253794      21.108001    
10.500000 20.500000 0.500000 482.946686      0.86416  7.1638211      21.890173    
15.500000 20.500000 0.500000 770.286682      1.63285  12.102263      22.672345    
20.500000 20.500000 0.500000 294.677795      0.28911  17.040704      23.454517    
25.500000 20.500000 0.500000 305.768890      0.29565  21.979146      24.236690    
30.500000 20.500000 0.500000 479.667786      0.84609  26.917588      25.018862    
35.500000 20.500000 0.500000 605.803284      1.23320  31.856030      25.801034    
40.500000 20.500000 0.500000 218.581100     -0.02193  36.794471      26.583207    
45.500000 20.500000 0.500000 443.858887      0.73474  41.732913      27.365379    
50.500000 20.500000 0.500000 224.752197      0.00940  46.671355      28.147551    
55.500000 20.500000 0.500000 357.417786      0.47821  51.609796      28.929724    
60.500000 20.500000 0.500000 329.866608      0.36850  56.548238      29.711896    
65.500000 20.500000 0.500000 0.000000     -1.93901  61.486680      30.494068    
70.500000 20.500000 0.500000 9.778900     -1.36421  66.425122      31.276241    
75.500000 20.500000 0.500000 252.237793      0.09729  71.363563      32.058413    
80.500000 20.500000 0.500000 459.354401      0.75959  76.302005      32.840585    
85.500000 20.500000 0.500000 150.772202     -0.37522  81.240447      33.622758    
90.500000 20.500000 0.500000 277.854401      0.20509  86.178888      34.404930    
95.500000 20.500000 0.500000 358.205505      0.48525  91.117330      35.187102    
0.500000 25.500000 0.500000 943.635010      2.37603 -3.4952347      25.264270    
5.500000 25.500000 0.500000 804.471130      1.76538  1.4432070      26.046442    
10.500000 25.500000 0.500000 659.869995      1.36421  6.3816488      26.828615    
15.500000 25.500000 0.500000 556.913330      1.08595  11.320090      27.610787    
20.500000 25.500000 0.500000 346.709991      0.43646  16.258532      28.392959    
25.500000 25.500000 0.500000 80.099998     -0.77642  21.196974      29.175132    
30.500000 25.500000 0.500000 499.897797      0.89180  26.135416      29.957304    
35.500000 25.500000 0.500000 720.216675      1.52403  31.073857      30.739476    
40.500000 25.500000 0.500000 350.205505      0.45724  36.012299      31.521648    
45.500000 25.500000 0.500000 530.035522      0.97916  40.950741      32.303821    
50.500000 25.500000 0.500000 468.263306      0.78492  45.889182      33.085993    
55.500000 25.500000 0.500000 440.191101      0.71033  50.827624      33.868165    
60.500000 25.500000 0.500000 281.331085      0.21791  55.766066      34.650338    
65.500000 25.500000 0.500000 104.641098     -0.62419  60.704507      35.432510    
70.500000 25.500000 0.500000 14.106700     -1.23320  65.642949      36.214682    
75.500000 25.500000 0.500000 144.353302     -0.38870  70.581391      36.996855    
80.500000 25.500000 0.500000 197.258896     -0.16048  75.519833      37.779027    
85.500000 25.500000 0.500000 136.416702     -0.42958  80.458274      38.561199    
90.500000 25.500000 0.500000 152.614395     -0.36180  85.396716      39.343372    
95.500000 25.500000 0.500000 152.516693     -0.36850  90.335158      40.125544    
0.500000 30.500000 0.500000 320.226715      0.33517 -4.2774070      30.202712    
5.500000 30.500000 0.500000 781.194519      1.70874 0.66103473      30.984884    
10.500000 30.500000 0.500000 594.945618      1.20682  5.5994764      31.767056    
15.500000 30.500000 0.500000 546.493408      1.03109  10.537918      32.549229    
20.500000 30.500000 0.500000 647.992188      1.33310  15.476360      33.331401    
25.500000 30.500000 0.500000 0.000000     -2.49771  20.414802      34.113573    
30.500000 30.500000 0.500000 570.921082      1.14430  25.353243      34.895746    
35.500000 30.500000 0.500000 943.423279      2.28182  30.291685      35.677918    
40.500000 30.500000 0.500000 569.085571      1.12050  35.230127      36.460090    
45.500000 30.500000 0.500000 108.952202     -0.58656  40.168568      37.242262    
50.500000 30.500000 0.500000 377.399994      0.55704  45.107010      38.024435    
55.500000 30.500000 0.500000 184.411102     -0.21791  50.045452      38.806607    
60.500000 30.500000 0.500000 626.222290      1.26047  54.983893      39.588779    
65.500000 30.500000 0.500000 528.228882      0.94924  59.922335      40.370952    
70.500000 30.500000 0.500000 696.080017      1.50432  64.860777      41.153124    
75.500000 30.500000 0.500000 438.438812      0.70229  69.799219      41.935296    
80.500000 30.500000 0.500000 825.535522      1.89949  74.737660      42.717469    
85.500000 30.500000 0.500000 195.571106     -0.17319  79.676102      43.499641    
90.500000 30.500000 0.500000 0.000000     -2.02859  84.614544      44.281813    
95.500000 30.500000 0.500000 0.000000     -2.08028  89.552985      45.063986    
0.500000 35.500000 0.500000 662.445007      1.38028 -5.0595793      35.141153    
5.500000 35.500000 0.500000 338.700012      0.38870 -.12113759      35.923326    
10.500000 35.500000 0.500000 496.092194      0.88251  4.8173041      36.705498    
15.500000 35.500000 0.500000 445.892212      0.75125  9.7557458      37.487670    
20.500000 35.500000 0.500000 490.066711      0.87330  14.694188      38.269843    
25.500000 35.500000 0.500000 469.837708      0.79348  19.632629      39.052015    
30.500000 35.500000 0.500000 820.145630      1.86273  24.571071      39.834187    
35.500000 35.500000 0.500000 721.133423      1.54436  29.509513      40.616360    
40.500000 35.500000 0.500000 419.187805      0.65495  34.447954      41.398532    
45.500000 35.500000 0.500000 96.012199     -0.67843  39.386396      42.180704    
50.500000 35.500000 0.500000 135.607803     -0.43646  44.324838      42.962877    
55.500000 35.500000 0.500000 157.479996     -0.34845  49.263279      43.745049    
60.500000 35.500000 0.500000 282.026703      0.23076  54.201721      44.527221    
65.500000 35.500000 0.500000 628.464417      1.27446  59.140163      45.309393    
70.500000 35.500000 0.500000 380.188812      0.56437  64.078605      46.091566    
75.500000 35.500000 0.500000 504.958893      0.91061  69.017046      46.873738    
80.500000 35.500000 0.500000 745.307678      1.58706  73.955488      47.655910    
85.500000 35.500000 0.500000 674.889893      1.41353  78.893930      48.438083    
90.500000 35.500000 0.500000 191.685593     -0.18593  83.832371      49.220255    
95.500000 35.500000 0.500000 24.378901     -1.10884  88.770813      50.002427    
0.500000 40.500000 0.500000 283.859985      0.25011 -5.8417516      40.079595    
5.500000 40.500000 0.500000 267.544403      0.14780 -.90330991      40.861767    
10.500000 40.500000 0.500000 124.724503     -0.49231  4.0351318      41.643940    
15.500000 40.500000 0.500000 126.336700     -0.48525  8.9735735      42.426112    
20.500000 40.500000 0.500000 204.091095     -0.10358  13.912015      43.208284    
25.500000 40.500000 0.500000 293.524506      0.26307  18.850457      43.990457    
30.500000 40.500000 0.500000 557.384521      1.09732  23.788899      44.772629    
35.500000 40.500000 0.500000 819.033386      1.82833  28.727340      45.554801    
40.500000 40.500000 0.500000 876.262207      2.02859  33.665782      46.336974    
45.500000 40.500000 0.500000 159.712204     -0.33517  38.604224      47.119146    
50.500000 40.500000 0.500000 155.172195     -0.35512  43.542665      47.901318    
55.500000 40.500000 0.500000 348.921112      0.44337  48.481107      48.683491    
60.500000 40.500000 0.500000 397.273285      0.61660  53.419549      49.465663    
65.500000 40.500000 0.500000 263.113312      0.14147  58.357991      50.247835    
70.500000 40.500000 0.500000 80.419998     -0.76798  63.296432      51.030008    
75.500000 40.500000 0.500000 0.000000     -1.73636  68.234874      51.812180    
80.500000 40.500000 0.500000 30.223301     -1.04181  73.173316      52.594352    
85.500000 40.500000 0.500000 183.453293     -0.22433  78.111757      53.376524    
90.500000 40.500000 0.500000 217.036697     -0.02820  83.050199      54.158697    
95.500000 40.500000 0.500000 9.561100     -1.39671  87.988641      54.940869    
0.500000 45.500000 0.500000 259.290009      0.12250 -6.6239239      45.018037    
5.500000 45.500000 0.500000 134.901093     -0.44337 -1.6854822      45.800209    
10.500000 45.500000 0.500000 134.422195     -0.45029  3.2529595      46.582381    
15.500000 45.500000 0.500000 233.891098      0.03447  8.1914012      47.364554    
20.500000 45.500000 0.500000 369.962189      0.51365  13.129843      48.146726    
25.500000 45.500000 0.500000 632.985596      1.28871  18.068285      48.928898    
30.500000 45.500000 0.500000 684.366577      1.46654  23.006726      49.711071    
35.500000 45.500000 0.500000 675.041077      1.43076  27.945168      50.493243    
40.500000 45.500000 0.500000 508.486694      0.92975  32.883610      51.275415    
45.500000 45.500000 0.500000 119.627800     -0.53522  37.822051      52.057588    
50.500000 45.500000 0.500000 323.596710      0.34845  42.760493      52.839760    
55.500000 45.500000 0.500000 274.037811      0.17319  47.698935      53.621932    
60.500000 45.500000 0.500000 352.788910      0.46421  52.637377      54.404105    
65.500000 45.500000 0.500000 328.128906      0.36180  57.575818      55.186277    
70.500000 45.500000 0.500000 142.736694     -0.39546  62.514260      55.968449    
75.500000 45.500000 0.500000 182.516693     -0.23076  67.452702      56.750622    
80.500000 45.500000 0.500000 202.179993     -0.12250  72.391143      57.532794    
85.500000 45.500000 0.500000 212.113297     -0.05329  77.329585      58.314966    
90.500000 45.500000 0.500000 107.779999     -0.59402  82.268027      59.097138    
95.500000 45.500000 0.500000 4.686700     -1.48517  87.206468      59.879311    
0.500000 50.500000 0.500000 199.323303     -0.14780 -7.4060963      49.956478    
5.500000 50.500000 0.500000 163.362198     -0.30877 -2.4676545      50.738651    
10.500000 50.500000 0.500000 345.711090      0.42958  2.4707872      51.520823    
15.500000 50.500000 0.500000 385.123413      0.58656  7.4092289      52.302995    
20.500000 50.500000 0.500000 911.576721      2.20435  12.347671      53.085168    
25.500000 50.500000 0.500000 1020.445618      2.49771  17.286112      53.867340    
30.500000 50.500000 0.500000 513.162170      0.93945  22.224554      54.649512    
35.500000 50.500000 0.500000 370.543304      0.52081  27.162996      55.431685    
40.500000 50.500000 0.500000 127.517799     -0.47821  32.101437      56.213857    
45.500000 50.500000 0.500000 56.545601     -0.91061  37.039879      56.996029    
50.500000 50.500000 0.500000 171.891098     -0.28911  41.978321      57.778202    
55.500000 50.500000 0.500000 311.005615      0.30220  46.916762      58.560374    
60.500000 50.500000 0.500000 203.493301     -0.11619  51.855204      59.342546    
65.500000 50.500000 0.500000 3.492200     -1.50432  56.793646      60.124719    
70.500000 50.500000 0.500000 409.715607      0.63950  61.732088      60.906891    
75.500000 50.500000 0.500000 410.417786      0.64720  66.670529      61.689063    
80.500000 50.500000 0.500000 615.811096      1.24672  71.608971      62.471236    
85.500000 50.500000 0.500000 381.309998      0.57174  76.547413      63.253408    
90.500000 50.500000 0.500000 29.941099     -1.06362  81.485854      64.035580    
95.500000 50.500000 0.500000 18.742201     -1.13232  86.424296      64.817753    
0.500000 55.500000 0.500000 431.478302      0.68634 -8.1882686      54.894920    
5.500000 55.500000 0.500000 199.285599     -0.15414 -3.2498269      55.677092    
10.500000 55.500000 0.500000 313.907806      0.32194  1.6886148      56.459265    
15.500000 55.500000 0.500000 848.711121      1.93901  6.6270565      57.241437    
20.500000 55.500000 0.500000 1021.297913      2.67379  11.565498      58.023609    
25.500000 55.500000 0.500000 808.152222      1.79597  16.503940      58.805782    
30.500000 55.500000 0.500000 695.593323      1.48517  21.442382      59.587954    
35.500000 55.500000 0.500000 172.298904     -0.28258  26.380823      60.370126    
40.500000 55.500000 0.500000 39.516701     -0.99961  31.319265      61.152299    
45.500000 55.500000 0.500000 20.670000     -1.12050  36.257707      61.934471    
50.500000 55.500000 0.500000 16.385599     -1.18126  41.196148      62.716643    
55.500000 55.500000 0.500000 70.065598     -0.82830  46.134590      63.498816    
60.500000 55.500000 0.500000 293.609985      0.26956  51.073032      64.280988    
65.500000 55.500000 0.500000 180.929993     -0.24365  56.011474      65.063160    
70.500000 55.500000 0.500000 256.683289      0.10989  60.949915      65.845333    
75.500000 55.500000 0.500000 276.936615      0.19231  65.888357      66.627505    
80.500000 55.500000 0.500000 165.742203     -0.30220  70.826799      67.409677    
85.500000 55.500000 0.500000 120.544403     -0.52800  75.765240      68.191850    
90.500000 55.500000 0.500000 0.000000     -3.02334  80.703682      68.974022    
95.500000 55.500000 0.500000 251.179993      0.09099  85.642124      69.756194    
0.500000 60.500000 0.500000 364.876709      0.50651 -8.9704409      59.833362    
5.500000 60.500000 0.500000 130.824493     -0.46421 -4.0319992      60.615534    
10.500000 60.500000 0.500000 220.403305     -0.00313 0.90644252      61.397706    
15.500000 60.500000 0.500000 904.667725      2.08028  5.8448842      62.179879    
20.500000 60.500000 0.500000 780.570007      1.68236  10.783326      62.962051    
25.500000 60.500000 0.500000 732.206726      1.56535  15.721768      63.744223    
30.500000 60.500000 0.500000 206.515594     -0.09099  20.660209      64.526396    
35.500000 60.500000 0.500000 9.820000     -1.34849  25.598651      65.308568    
40.500000 60.500000 0.500000 9.652200     -1.38028  30.537093      66.090740    
45.500000 60.500000 0.500000 0.623300     -1.63285  35.475534      66.872913    
50.500000 60.500000 0.500000 33.473301     -1.02048  40.413976      67.655085    
55.500000 60.500000 0.500000 99.806702     -0.65495  45.352418      68.437257    
60.500000 60.500000 0.500000 107.618896     -0.60151  50.290860      69.219430    
65.500000 60.500000 0.500000 16.951099     -1.15644  55.229301      70.001602    
70.500000 60.500000 0.500000 30.120001     -1.05265  60.167743      70.783774    
75.500000 60.500000 0.500000 27.398899     -1.09732  65.106185      71.565947    
80.500000 60.500000 0.500000 16.741100     -1.16876  70.044626      72.348119    
85.500000 60.500000 0.500000 12.490000     -1.24672  74.983068      73.130291    
90.500000 60.500000 0.500000 67.355598     -0.83716  79.921510      73.912464    
95.500000 60.500000 0.500000 552.625488      1.05265  84.859951      74.694636    
0.500000 65.500000 0.500000 62.631699     -0.90117 -9.7526132      64.771804    
5.500000 65.500000 0.500000 210.228897     -0.05957 -4.8141715      65.553976    
10.500000 65.500000 0.500000 162.449997     -0.31534 0.12427020      66.336148    
15.500000 65.500000 0.500000 799.637817      1.73636  5.0627119      67.118321    
20.500000 65.500000 0.500000 1165.308838      3.02334  10.001154      67.900493    
25.500000 65.500000 0.500000 770.022217      1.60953  14.939595      68.682665    
30.500000 65.500000 0.500000 66.467796     -0.87330  19.878037      69.464837    
35.500000 65.500000 0.500000 2.067800     -1.56535  24.816479      70.247010    
40.500000 65.500000 0.500000 0.000000     -2.20435  29.754920      71.029182    
45.500000 65.500000 0.500000 9.021100     -1.41353  34.693362      71.811354    
50.500000 65.500000 0.500000 11.741100     -1.26047  39.631804      72.593527    
55.500000 65.500000 0.500000 3.016700     -1.54436  44.570246      73.375699    
60.500000 65.500000 0.500000 127.693298     -0.47120  49.508687      74.157871    
65.500000 65.500000 0.500000 262.898895      0.13514  54.447129      74.940044    
70.500000 65.500000 0.500000 72.142197     -0.80209  59.385571      75.722216    
75.500000 65.500000 0.500000 97.559998     -0.67056  64.324012      76.504388    
80.500000 65.500000 0.500000 70.834396     -0.81950  69.262454      77.286561    
85.500000 65.500000 0.500000 86.495598     -0.75125  74.200896      78.068733    
90.500000 65.500000 0.500000 529.451111      0.96909  79.139337      78.850905    
95.500000 65.500000 0.500000 570.859009      1.13232  84.077779      79.633078    
0.500000 70.500000 0.500000 43.395000     -0.93945 -10.534786      69.710245    
5.500000 70.500000 0.500000 139.626694     -0.40905 -5.5963438      70.492418    
10.500000 70.500000 0.500000 433.512207      0.69429 -.65790212      71.274590    
15.500000 70.500000 0.500000 579.325500      1.16876  4.2805396      72.056762    
20.500000 70.500000 0.500000 908.198914      2.13821  9.2189813      72.838935    
25.500000 70.500000 0.500000 186.937805     -0.20509  14.157423      73.621107    
30.500000 70.500000 0.500000 0.000000     -1.76538  19.095865      74.403279    
35.500000 70.500000 0.500000 0.000000     -1.79597  24.034306      75.185451    
40.500000 70.500000 0.500000 6.222200     -1.44842  28.972748      75.967624    
45.500000 70.500000 0.500000 53.447800     -0.92014  33.911190      76.749796    
50.500000 70.500000 0.500000 167.692200     -0.29565  38.849632      77.531968    
55.500000 70.500000 0.500000 196.081100     -0.16683  43.788073      78.314141    
60.500000 70.500000 0.500000 361.397797      0.49231  48.726515      79.096313    
65.500000 70.500000 0.500000 530.489990      0.98933  53.664957      79.878485    
70.500000 70.500000 0.500000 475.320007      0.83716  58.603398      80.660658    
75.500000 70.500000 0.500000 241.837799      0.07213  63.541840      81.442830    
80.500000 70.500000 0.500000 356.615601      0.47120  68.480282      82.225002    
85.500000 70.500000 0.500000 472.474487      0.81077  73.418723      83.007175    
90.500000 70.500000 0.500000 289.886688      0.25658  78.357165      83.789347    
95.500000 70.500000 0.500000 160.438904     -0.32194  83.295607      84.571519    
0.500000 75.500000 0.500000 200.315002     -0.14147 -11.316958      74.648687    
5.500000 75.500000 0.500000 102.375603     -0.63950 -6.3785161      75.430859    
10.500000 75.500000 0.500000 187.101105     -0.19870 -1.4400744      76.213032    
15.500000 75.500000 0.500000 594.633423      1.19394  3.4983673      76.995204    
20.500000 75.500000 0.500000 637.747803      1.31801  8.4368090      77.777376    
25.500000 75.500000 0.500000 0.000000     -1.82833  13.375251      78.559549    
30.500000 75.500000 0.500000 0.000000     -1.86273  18.313692      79.341721    
35.500000 75.500000 0.500000 11.032200     -1.30322  23.252134      80.123893    
40.500000 75.500000 0.500000 112.765602     -0.57174  28.190576      80.906066    
45.500000 75.500000 0.500000 400.736694      0.62419  33.129017      81.688238    
50.500000 75.500000 0.500000 443.401093      0.72655  38.067459      82.470410    
55.500000 75.500000 0.500000 471.752197      0.80209  43.005901      83.252582    
60.500000 75.500000 0.500000 344.989990      0.42272  47.944343      84.034755    
65.500000 75.500000 0.500000 282.286713      0.23720  52.882784      84.816927    
70.500000 75.500000 0.500000 269.575592      0.15414  57.821226      85.599099    
75.500000 75.500000 0.500000 344.885590      0.41588  62.759668      86.381272    
80.500000 75.500000 0.500000 475.114502      0.82830  67.698109      87.163444    
85.500000 75.500000 0.500000 544.807922      1.02048  72.636551      87.945616    
90.500000 75.500000 0.500000 596.428894      1.21991  77.574993      88.727789    
95.500000 75.500000 0.500000 200.982193     -0.12882  82.513435      89.509961    
0.500000 80.500000 0.500000 101.898300     -0.64720 -12.099130      79.587129    
5.500000 80.500000 0.500000 99.077797     -0.66274 -7.1606885      80.369301    
10.500000 80.500000 0.500000 179.413300     -0.25658 -2.2222468      81.151473    
15.500000 80.500000 0.500000 554.612183      1.07472  2.7161949      81.933646    
20.500000 80.500000 0.500000 276.581085      0.18593  7.6546366      82.715818    
25.500000 80.500000 0.500000 0.000000     -2.28182  12.593078      83.497990    
30.500000 80.500000 0.500000 0.000000     -1.70874  17.531520      84.280163    
35.500000 80.500000 0.500000 0.885600     -1.60953  22.469962      85.062335    
40.500000 80.500000 0.500000 214.998901     -0.04074  27.408403      85.844507    
45.500000 80.500000 0.500000 349.211090      0.45029  32.346845      86.626680    
50.500000 80.500000 0.500000 383.953308      0.57913  37.285287      87.408852    
55.500000 80.500000 0.500000 71.201103     -0.81077  42.223729      88.191024    
60.500000 80.500000 0.500000 208.059998     -0.08470  47.162170      88.973196    
65.500000 80.500000 0.500000 325.918915      0.35512  52.100612      89.755369    
70.500000 80.500000 0.500000 655.867798      1.34849  57.039054      90.537541    
75.500000 80.500000 0.500000 230.694397      0.02193  61.977495      91.319713    
80.500000 80.500000 0.500000 250.077805      0.08470  66.915937      92.101886    
85.500000 80.500000 0.500000 294.077789      0.27606  71.854379      92.884058    
90.500000 80.500000 0.500000 180.245605     -0.25011  76.792821      93.666230    
95.500000 80.500000 0.500000 124.233398     -0.49940  81.731262      94.448403    
0.500000 85.500000 0.500000 42.384998     -0.96909 -12.881302      84.525570    
5.500000 85.500000 0.500000 95.226700     -0.68634 -7.9428608      85.307743    
10.500000 85.500000 0.500000 294.558899      0.28258 -3.0044191      86.089915    
15.500000 85.500000 0.500000 579.844421      1.18126  1.9340226      86.872087    
20.500000 85.500000 0.500000 463.066589      0.77642  6.8724643      87.654260    
25.500000 85.500000 0.500000 0.000000     -2.13821  11.810906      88.436432    
30.500000 85.500000 0.500000 0.000000     -1.98181  16.749348      89.218604    
35.500000 85.500000 0.500000 1.255600     -1.58706  21.687789      90.000777    
40.500000 85.500000 0.500000 333.195496      0.38195  26.626231      90.782949    
45.500000 85.500000 0.500000 65.441101     -0.88251  31.564673      91.565121    
50.500000 85.500000 0.500000 123.779999     -0.50651  36.503115      92.347294    
55.500000 85.500000 0.500000 113.837799     -0.55704  41.441556      93.129466    
60.500000 85.500000 0.500000 66.779999     -0.85509  46.379998      93.911638    
65.500000 85.500000 0.500000 391.724487      0.60904  51.318440      94.693811    
70.500000 85.500000 0.500000 86.783302     -0.74297  56.256881      95.475983    
75.500000 85.500000 0.500000 219.607803     -0.01567  61.195323      96.258155    
80.500000 85.500000 0.500000 372.963287      0.52800  66.133765      97.040327    
85.500000 85.500000 0.500000 106.779999     -0.61660  71.072206      97.822500    
90.500000 85.500000 0.500000 27.664400     -1.08595  76.010648      98.604672    
95.500000 85.500000 0.500000 132.472198     -0.45724  80.949090      99.386844    
0.500000 90.500000 0.500000 208.494995     -0.07213 -13.663475      89.464012    
5.500000 90.500000 0.500000 281.403290      0.22433 -8.7250331      90.246184    
10.500000 90.500000 0.500000 249.135605      0.07841 -3.7865914      91.028357    
15.500000 90.500000 0.500000 850.858887      1.98181  1.1518503      91.810529    
20.500000 90.500000 0.500000 442.529999      0.71842  6.0902920      92.592701    
25.500000 90.500000 0.500000 18.626699     -1.14430  11.028734      93.374874    
30.500000 90.500000 0.500000 0.015600     -1.68236  15.967175      94.157046    
35.500000 90.500000 0.500000 41.308899     -0.97916  20.905617      94.939218    
40.500000 90.500000 0.500000 121.901100     -0.52081  25.844059      95.721391    
45.500000 90.500000 0.500000 175.411102     -0.26956  30.782501      96.503563    
50.500000 90.500000 0.500000 204.263397     -0.09729  35.720942      97.285735    
55.500000 90.500000 0.500000 138.891098     -0.42272  40.659384      98.067908    
60.500000 90.500000 0.500000 142.233307     -0.40225  45.597826      98.850080    
65.500000 90.500000 0.500000 214.498901     -0.04702  50.536267      99.632252    
70.500000 90.500000 0.500000 39.972198     -0.98933  55.474709      100.41442    
75.500000 90.500000 0.500000 37.512199     -1.00999  60.413151      101.19660    
80.500000 90.500000 0.500000 237.193298      0.06585  65.351592      101.97877    
85.500000 90.500000 0.500000 30.371099     -1.03109  70.290034      102.76094    
90.500000 90.500000 0.500000 15.041100     -1.19394  75.228476      103.54311    
95.500000 90.500000 0.500000 29.172199     -1.07472  80.166918      104.32529    
0.500000 95.500000 0.500000 114.433296     -0.54974 -14.445647      94.402454    
5.500000 95.500000 0.500000 339.899994      0.39546 -9.5072054      95.184626    
10.500000 95.500000 0.500000 237.131104      0.05957 -4.5687637      95.966798    
15.500000 95.500000 0.500000 459.572205      0.76798 0.36967799      96.748971    
20.500000 95.500000 0.500000 258.787811      0.11619  5.3081197      97.531143    
25.500000 95.500000 0.500000 0.277800     -1.65710  10.246561      98.313315    
30.500000 95.500000 0.500000 11.397800     -1.28871  15.185003      99.095488    
35.500000 95.500000 0.500000 110.681099     -0.57913  20.123445      99.877660    
40.500000 95.500000 0.500000 316.192200      0.32854  25.061887      100.65983    
45.500000 95.500000 0.500000 160.115601     -0.32854  30.000328      101.44200    
50.500000 95.500000 0.500000 235.440002      0.05329  34.938770      102.22418    
55.500000 95.500000 0.500000 275.284393      0.17956  39.877212      103.00635    
60.500000 95.500000 0.500000 87.323303     -0.73474  44.815653      103.78852    
65.500000 95.500000 0.500000 42.750000     -0.95912  49.754095      104.57069    
70.500000 95.500000 0.500000 10.538900     -1.33310  54.692537      105.35287    
75.500000 95.500000 0.500000 14.940000     -1.20682  59.630978      106.13504    
80.500000 95.500000 0.500000 10.735500     -1.31801  64.569420      106.91721    
85.500000 95.500000 0.500000 7.451100     -1.43076  69.507862      107.69938    
90.500000 95.500000 0.500000 5.010000     -1.46654  74.446304      108.48156    
95.500000 95.500000 0.500000 3.458900     -1.52403  79.384745      109.26373    
