With Rotated Coordinates: Normal Score Transform: pygeostat_saved_data
 7
X
Y
Z
value
NS_value
Rotated X
Rotated Y
0.500000 0.500000 0.500000 0.000000     -2.67379 0.47314679     0.52548275    
5.500000 0.500000 0.500000 0.000000     -2.37603  5.4662945     0.78716252    
10.500000 0.500000 0.500000 204.054993     -0.10989  10.459442      1.0488423    
15.500000 0.500000 0.500000 157.588303     -0.34180  15.452590      1.3105221    
20.500000 0.500000 0.500000 210.154999     -0.06585  20.445737      1.5722019    
25.500000 0.500000 0.500000 386.173309      0.59402  25.438885      1.8338816    
30.500000 0.500000 0.500000 422.756592      0.66274  30.432033      2.0955614    
35.500000 0.500000 0.500000 541.809998      0.99961  35.425181      2.3572412    
40.500000 0.500000 0.500000 576.163330      1.15644  40.418328      2.6189210    
45.500000 0.500000 0.500000 549.518372      1.04181  45.411476      2.8806008    
50.500000 0.500000 0.500000 200.958298     -0.13514  50.404624      3.1422805    
55.500000 0.500000 0.500000 375.029907      0.54246  55.397771      3.4039603    
60.500000 0.500000 0.500000 320.968292      0.34180  60.390919      3.6656401    
65.500000 0.500000 0.500000 374.281708      0.53522  65.384067      3.9273199    
70.500000 0.500000 0.500000 270.466705      0.16048  70.377214      4.1889997    
75.500000 0.500000 0.500000 14.636700     -1.21991  75.370362      4.4506794    
80.500000 0.500000 0.500000 138.963303     -0.41588  80.363510      4.7123592    
85.500000 0.500000 0.500000 330.253296      0.37522  85.356657      4.9740390    
90.500000 0.500000 0.500000 363.000000      0.49940  90.349805      5.2357188    
95.500000 0.500000 0.500000 122.781700     -0.51365  95.342953      5.4973985    
0.500000 5.500000 0.500000 0.000000     -1.89949 0.21146701      5.5186304    
5.500000 5.500000 0.500000 11.474400     -1.27446  5.2046147      5.7803102    
10.500000 5.500000 0.500000 43.175598     -0.94924  10.197762      6.0419900    
15.500000 5.500000 0.500000 107.290001     -0.60904  15.190910      6.3036698    
20.500000 5.500000 0.500000 281.265503      0.21150  20.184058      6.5653495    
25.500000 5.500000 0.500000 313.061096      0.30877  25.177205      6.8270293    
30.500000 5.500000 0.500000 424.531097      0.67056  30.170353      7.0887091    
35.500000 5.500000 0.500000 253.062195      0.10358  35.163501      7.3503889    
40.500000 5.500000 0.500000 407.880005      0.63183  40.156648      7.6120687    
45.500000 5.500000 0.500000 222.167801      0.00313  45.149796      7.8737484    
50.500000 5.500000 0.500000 283.696686      0.24365  50.142944      8.1354282    
55.500000 5.500000 0.500000 216.302200     -0.03447  55.136091      8.3971080    
60.500000 5.500000 0.500000 261.458893      0.12882  60.129239      8.6587878    
65.500000 5.500000 0.500000 235.391098      0.04702  65.122387      8.9204675    
70.500000 5.500000 0.500000 474.660004      0.81950  70.115534      9.1821473    
75.500000 5.500000 0.500000 277.003296      0.19870  75.108682      9.4438271    
80.500000 5.500000 0.500000 428.578888      0.67843  80.101830      9.7055069    
85.500000 5.500000 0.500000 772.396606      1.65710  85.094977      9.9671867    
90.500000 5.500000 0.500000 503.337799      0.90117  90.088125      10.228866    
95.500000 5.500000 0.500000 177.917801     -0.26307  95.081273      10.490546    
0.500000 10.500000 0.500000 66.873299     -0.84609 -.50212769E-01  10.511778    
5.500000 10.500000 0.500000 66.746696     -0.86416  4.9429349      10.773458    
10.500000 10.500000 0.500000 77.235603     -0.78492  9.9360826      11.035138    
15.500000 10.500000 0.500000 94.454399     -0.69429  14.929230      11.296817    
20.500000 10.500000 0.500000 51.272202     -0.92975  19.922378      11.558497    
25.500000 10.500000 0.500000 234.729996      0.04074  24.915526      11.820177    
30.500000 10.500000 0.500000 528.935608      0.95912  29.908673      12.081857    
35.500000 10.500000 0.500000 482.937805      0.85509  34.901821      12.343537    
40.500000 10.500000 0.500000 505.185486      0.92014  39.894969      12.605216    
45.500000 10.500000 0.500000 65.401100     -0.89180  44.888116      12.866896    
50.500000 10.500000 0.500000 73.295601     -0.79348  49.881264      13.128576    
55.500000 10.500000 0.500000 219.704498     -0.00940  54.874412      13.390256    
60.500000 10.500000 0.500000 225.733307      0.01567  59.867559      13.651935    
65.500000 10.500000 0.500000 182.372192     -0.23720  64.860707      13.913615    
70.500000 10.500000 0.500000 390.133301      0.60151  69.853855      14.175295    
75.500000 10.500000 0.500000 93.995598     -0.70229  74.847002      14.436975    
80.500000 10.500000 0.500000 445.234497      0.74297  79.840150      14.698655    
85.500000 10.500000 0.500000 377.331085      0.54974  84.833298      14.960334    
90.500000 10.500000 0.500000 231.436707      0.02820  89.826445      15.222014    
95.500000 10.500000 0.500000 104.372200     -0.63183  94.819593      15.483694    
0.500000 15.500000 0.500000 541.830017      1.00999 -.31189255      15.504926    
5.500000 15.500000 0.500000 172.673294     -0.27606  4.6812551      15.766606    
10.500000 15.500000 0.500000 87.331100     -0.72655  9.6744028      16.028285    
15.500000 15.500000 0.500000 186.407806     -0.21150  14.667550      16.289965    
20.500000 15.500000 0.500000 118.986702     -0.54246  19.660698      16.551645    
25.500000 15.500000 0.500000 208.202194     -0.07841  24.653846      16.813325    
30.500000 15.500000 0.500000 676.192322      1.44842  29.646993      17.075004    
35.500000 15.500000 0.500000 554.272217      1.06362  34.640141      17.336684    
40.500000 15.500000 0.500000 558.902222      1.10884  39.633289      17.598364    
45.500000 15.500000 0.500000 272.997803      0.16683  44.626437      17.860044    
50.500000 15.500000 0.500000 81.733299     -0.75959  49.619584      18.121724    
55.500000 15.500000 0.500000 313.634399      0.31534  54.612732      18.383403    
60.500000 15.500000 0.500000 145.955597     -0.38195  59.605880      18.645083    
65.500000 15.500000 0.500000 191.756699     -0.17956  64.599027      18.906763    
70.500000 15.500000 0.500000 113.223297     -0.56437  69.592175      19.168443    
75.500000 15.500000 0.500000 87.401100     -0.71842  74.585323      19.430122    
80.500000 15.500000 0.500000 191.653305     -0.19231  79.578470      19.691802    
85.500000 15.500000 0.500000 343.973389      0.40905  84.571618      19.953482    
90.500000 15.500000 0.500000 90.415604     -0.71033  89.564766      20.215162    
95.500000 15.500000 0.500000 341.132202      0.40225  94.557913      20.476842    
0.500000 20.500000 0.500000 633.525024      1.30322 -.57357233      20.498073    
5.500000 20.500000 0.500000 667.548889      1.39671  4.4195753      20.759753    
10.500000 20.500000 0.500000 482.946686      0.86416  9.4127230      21.021433    
15.500000 20.500000 0.500000 770.286682      1.63285  14.405871      21.283113    
20.500000 20.500000 0.500000 294.677795      0.28911  19.399018      21.544793    
25.500000 20.500000 0.500000 305.768890      0.29565  24.392166      21.806472    
30.500000 20.500000 0.500000 479.667786      0.84609  29.385314      22.068152    
35.500000 20.500000 0.500000 605.803284      1.23320  34.378461      22.329832    
40.500000 20.500000 0.500000 218.581100     -0.02193  39.371609      22.591512    
45.500000 20.500000 0.500000 443.858887      0.73474  44.364757      22.853191    
50.500000 20.500000 0.500000 224.752197      0.00940  49.357904      23.114871    
55.500000 20.500000 0.500000 357.417786      0.47821  54.351052      23.376551    
60.500000 20.500000 0.500000 329.866608      0.36850  59.344200      23.638231    
65.500000 20.500000 0.500000 0.000000     -1.93901  64.337347      23.899911    
70.500000 20.500000 0.500000 9.778900     -1.36421  69.330495      24.161590    
75.500000 20.500000 0.500000 252.237793      0.09729  74.323643      24.423270    
80.500000 20.500000 0.500000 459.354401      0.75959  79.316790      24.684950    
85.500000 20.500000 0.500000 150.772202     -0.37522  84.309938      24.946630    
90.500000 20.500000 0.500000 277.854401      0.20509  89.303086      25.208309    
95.500000 20.500000 0.500000 358.205505      0.48525  94.296233      25.469989    
0.500000 25.500000 0.500000 943.635010      2.37603 -.83525211      25.491221    
5.500000 25.500000 0.500000 804.471130      1.76538  4.1578956      25.752901    
10.500000 25.500000 0.500000 659.869995      1.36421  9.1510432      26.014581    
15.500000 25.500000 0.500000 556.913330      1.08595  14.144191      26.276260    
20.500000 25.500000 0.500000 346.709991      0.43646  19.137339      26.537940    
25.500000 25.500000 0.500000 80.099998     -0.77642  24.130486      26.799620    
30.500000 25.500000 0.500000 499.897797      0.89180  29.123634      27.061300    
35.500000 25.500000 0.500000 720.216675      1.52403  34.116782      27.322980    
40.500000 25.500000 0.500000 350.205505      0.45724  39.109929      27.584659    
45.500000 25.500000 0.500000 530.035522      0.97916  44.103077      27.846339    
50.500000 25.500000 0.500000 468.263306      0.78492  49.096225      28.108019    
55.500000 25.500000 0.500000 440.191101      0.71033  54.089372      28.369699    
60.500000 25.500000 0.500000 281.331085      0.21791  59.082520      28.631378    
65.500000 25.500000 0.500000 104.641098     -0.62419  64.075668      28.893058    
70.500000 25.500000 0.500000 14.106700     -1.23320  69.068815      29.154738    
75.500000 25.500000 0.500000 144.353302     -0.38870  74.061963      29.416418    
80.500000 25.500000 0.500000 197.258896     -0.16048  79.055111      29.678098    
85.500000 25.500000 0.500000 136.416702     -0.42958  84.048258      29.939777    
90.500000 25.500000 0.500000 152.614395     -0.36180  89.041406      30.201457    
95.500000 25.500000 0.500000 152.516693     -0.36850  94.034554      30.463137    
0.500000 30.500000 0.500000 320.226715      0.33517 -1.0969319      30.484369    
5.500000 30.500000 0.500000 781.194519      1.70874  3.8962158      30.746049    
10.500000 30.500000 0.500000 594.945618      1.20682  8.8893635      31.007728    
15.500000 30.500000 0.500000 546.493408      1.03109  13.882511      31.269408    
20.500000 30.500000 0.500000 647.992188      1.33310  18.875659      31.531088    
25.500000 30.500000 0.500000 0.000000     -2.49771  23.868806      31.792768    
30.500000 30.500000 0.500000 570.921082      1.14430  28.861954      32.054447    
35.500000 30.500000 0.500000 943.423279      2.28182  33.855102      32.316127    
40.500000 30.500000 0.500000 569.085571      1.12050  38.848250      32.577807    
45.500000 30.500000 0.500000 108.952202     -0.58656  43.841397      32.839487    
50.500000 30.500000 0.500000 377.399994      0.55704  48.834545      33.101167    
55.500000 30.500000 0.500000 184.411102     -0.21791  53.827693      33.362846    
60.500000 30.500000 0.500000 626.222290      1.26047  58.820840      33.624526    
65.500000 30.500000 0.500000 528.228882      0.94924  63.813988      33.886206    
70.500000 30.500000 0.500000 696.080017      1.50432  68.807136      34.147886    
75.500000 30.500000 0.500000 438.438812      0.70229  73.800283      34.409565    
80.500000 30.500000 0.500000 825.535522      1.89949  78.793431      34.671245    
85.500000 30.500000 0.500000 195.571106     -0.17319  83.786579      34.932925    
90.500000 30.500000 0.500000 0.000000     -2.02859  88.779726      35.194605    
95.500000 30.500000 0.500000 0.000000     -2.08028  93.772874      35.456285    
0.500000 35.500000 0.500000 662.445007      1.38028 -1.3586117      35.477516    
5.500000 35.500000 0.500000 338.700012      0.38870  3.6345360      35.739196    
10.500000 35.500000 0.500000 496.092194      0.88251  8.6276837      36.000876    
15.500000 35.500000 0.500000 445.892212      0.75125  13.620831      36.262556    
20.500000 35.500000 0.500000 490.066711      0.87330  18.613979      36.524236    
25.500000 35.500000 0.500000 469.837708      0.79348  23.607127      36.785915    
30.500000 35.500000 0.500000 820.145630      1.86273  28.600274      37.047595    
35.500000 35.500000 0.500000 721.133423      1.54436  33.593422      37.309275    
40.500000 35.500000 0.500000 419.187805      0.65495  38.586570      37.570955    
45.500000 35.500000 0.500000 96.012199     -0.67843  43.579717      37.832634    
50.500000 35.500000 0.500000 135.607803     -0.43646  48.572865      38.094314    
55.500000 35.500000 0.500000 157.479996     -0.34845  53.566013      38.355994    
60.500000 35.500000 0.500000 282.026703      0.23076  58.559160      38.617674    
65.500000 35.500000 0.500000 628.464417      1.27446  63.552308      38.879354    
70.500000 35.500000 0.500000 380.188812      0.56437  68.545456      39.141033    
75.500000 35.500000 0.500000 504.958893      0.91061  73.538603      39.402713    
80.500000 35.500000 0.500000 745.307678      1.58706  78.531751      39.664393    
85.500000 35.500000 0.500000 674.889893      1.41353  83.524899      39.926073    
90.500000 35.500000 0.500000 191.685593     -0.18593  88.518046      40.187752    
95.500000 35.500000 0.500000 24.378901     -1.10884  93.511194      40.449432    
0.500000 40.500000 0.500000 283.859985      0.25011 -1.6202914      40.470664    
5.500000 40.500000 0.500000 267.544403      0.14780  3.3728562      40.732344    
10.500000 40.500000 0.500000 124.724503     -0.49231  8.3660039      40.994024    
15.500000 40.500000 0.500000 126.336700     -0.48525  13.359152      41.255703    
20.500000 40.500000 0.500000 204.091095     -0.10358  18.352299      41.517383    
25.500000 40.500000 0.500000 293.524506      0.26307  23.345447      41.779063    
30.500000 40.500000 0.500000 557.384521      1.09732  28.338595      42.040743    
35.500000 40.500000 0.500000 819.033386      1.82833  33.331742      42.302423    
40.500000 40.500000 0.500000 876.262207      2.02859  38.324890      42.564102    
45.500000 40.500000 0.500000 159.712204     -0.33517  43.318038      42.825782    
50.500000 40.500000 0.500000 155.172195     -0.35512  48.311185      43.087462    
55.500000 40.500000 0.500000 348.921112      0.44337  53.304333      43.349142    
60.500000 40.500000 0.500000 397.273285      0.61660  58.297481      43.610821    
65.500000 40.500000 0.500000 263.113312      0.14147  63.290628      43.872501    
70.500000 40.500000 0.500000 80.419998     -0.76798  68.283776      44.134181    
75.500000 40.500000 0.500000 0.000000     -1.73636  73.276924      44.395861    
80.500000 40.500000 0.500000 30.223301     -1.04181  78.270071      44.657541    
85.500000 40.500000 0.500000 183.453293     -0.22433  83.263219      44.919220    
90.500000 40.500000 0.500000 217.036697     -0.02820  88.256367      45.180900    
95.500000 40.500000 0.500000 9.561100     -1.39671  93.249514      45.442580    
0.500000 45.500000 0.500000 259.290009      0.12250 -1.8819712      45.463812    
5.500000 45.500000 0.500000 134.901093     -0.44337  3.1111765      45.725492    
10.500000 45.500000 0.500000 134.422195     -0.45029  8.1043241      45.987171    
15.500000 45.500000 0.500000 233.891098      0.03447  13.097472      46.248851    
20.500000 45.500000 0.500000 369.962189      0.51365  18.090619      46.510531    
25.500000 45.500000 0.500000 632.985596      1.28871  23.083767      46.772211    
30.500000 45.500000 0.500000 684.366577      1.46654  28.076915      47.033890    
35.500000 45.500000 0.500000 675.041077      1.43076  33.070062      47.295570    
40.500000 45.500000 0.500000 508.486694      0.92975  38.063210      47.557250    
45.500000 45.500000 0.500000 119.627800     -0.53522  43.056358      47.818930    
50.500000 45.500000 0.500000 323.596710      0.34845  48.049506      48.080610    
55.500000 45.500000 0.500000 274.037811      0.17319  53.042653      48.342289    
60.500000 45.500000 0.500000 352.788910      0.46421  58.035801      48.603969    
65.500000 45.500000 0.500000 328.128906      0.36180  63.028949      48.865649    
70.500000 45.500000 0.500000 142.736694     -0.39546  68.022096      49.127329    
75.500000 45.500000 0.500000 182.516693     -0.23076  73.015244      49.389008    
80.500000 45.500000 0.500000 202.179993     -0.12250  78.008392      49.650688    
85.500000 45.500000 0.500000 212.113297     -0.05329  83.001539      49.912368    
90.500000 45.500000 0.500000 107.779999     -0.59402  87.994687      50.174048    
95.500000 45.500000 0.500000 4.686700     -1.48517  92.987835      50.435728    
0.500000 50.500000 0.500000 199.323303     -0.14780 -2.1436510      50.456959    
5.500000 50.500000 0.500000 163.362198     -0.30877  2.8494967      50.718639    
10.500000 50.500000 0.500000 345.711090      0.42958  7.8426443      50.980319    
15.500000 50.500000 0.500000 385.123413      0.58656  12.835792      51.241999    
20.500000 50.500000 0.500000 911.576721      2.20435  17.828940      51.503679    
25.500000 50.500000 0.500000 1020.445618      2.49771  22.822087      51.765358    
30.500000 50.500000 0.500000 513.162170      0.93945  27.815235      52.027038    
35.500000 50.500000 0.500000 370.543304      0.52081  32.808383      52.288718    
40.500000 50.500000 0.500000 127.517799     -0.47821  37.801530      52.550398    
45.500000 50.500000 0.500000 56.545601     -0.91061  42.794678      52.812077    
50.500000 50.500000 0.500000 171.891098     -0.28911  47.787826      53.073757    
55.500000 50.500000 0.500000 311.005615      0.30220  52.780973      53.335437    
60.500000 50.500000 0.500000 203.493301     -0.11619  57.774121      53.597117    
65.500000 50.500000 0.500000 3.492200     -1.50432  62.767269      53.858797    
70.500000 50.500000 0.500000 409.715607      0.63950  67.760416      54.120476    
75.500000 50.500000 0.500000 410.417786      0.64720  72.753564      54.382156    
80.500000 50.500000 0.500000 615.811096      1.24672  77.746712      54.643836    
85.500000 50.500000 0.500000 381.309998      0.57174  82.739859      54.905516    
90.500000 50.500000 0.500000 29.941099     -1.06362  87.733007      55.167196    
95.500000 50.500000 0.500000 18.742201     -1.13232  92.726155      55.428875    
0.500000 55.500000 0.500000 431.478302      0.68634 -2.4053308      55.450107    
5.500000 55.500000 0.500000 199.285599     -0.15414  2.5878169      55.711787    
10.500000 55.500000 0.500000 313.907806      0.32194  7.5809646      55.973467    
15.500000 55.500000 0.500000 848.711121      1.93901  12.574112      56.235146    
20.500000 55.500000 0.500000 1021.297913      2.67379  17.567260      56.496826    
25.500000 55.500000 0.500000 808.152222      1.79597  22.560408      56.758506    
30.500000 55.500000 0.500000 695.593323      1.48517  27.553555      57.020186    
35.500000 55.500000 0.500000 172.298904     -0.28258  32.546703      57.281866    
40.500000 55.500000 0.500000 39.516701     -0.99961  37.539851      57.543545    
45.500000 55.500000 0.500000 20.670000     -1.12050  42.532998      57.805225    
50.500000 55.500000 0.500000 16.385599     -1.18126  47.526146      58.066905    
55.500000 55.500000 0.500000 70.065598     -0.82830  52.519294      58.328585    
60.500000 55.500000 0.500000 293.609985      0.26956  57.512441      58.590265    
65.500000 55.500000 0.500000 180.929993     -0.24365  62.505589      58.851944    
70.500000 55.500000 0.500000 256.683289      0.10989  67.498737      59.113624    
75.500000 55.500000 0.500000 276.936615      0.19231  72.491884      59.375304    
80.500000 55.500000 0.500000 165.742203     -0.30220  77.485032      59.636984    
85.500000 55.500000 0.500000 120.544403     -0.52800  82.478180      59.898663    
90.500000 55.500000 0.500000 0.000000     -3.02334  87.471327      60.160343    
95.500000 55.500000 0.500000 251.179993      0.09099  92.464475      60.422023    
0.500000 60.500000 0.500000 364.876709      0.50651 -2.6670106      60.443255    
5.500000 60.500000 0.500000 130.824493     -0.46421  2.3261371      60.704935    
10.500000 60.500000 0.500000 220.403305     -0.00313  7.3192848      60.966614    
15.500000 60.500000 0.500000 904.667725      2.08028  12.312432      61.228294    
20.500000 60.500000 0.500000 780.570007      1.68236  17.305580      61.489974    
25.500000 60.500000 0.500000 732.206726      1.56535  22.298728      61.751654    
30.500000 60.500000 0.500000 206.515594     -0.09099  27.291875      62.013334    
35.500000 60.500000 0.500000 9.820000     -1.34849  32.285023      62.275013    
40.500000 60.500000 0.500000 9.652200     -1.38028  37.278171      62.536693    
45.500000 60.500000 0.500000 0.623300     -1.63285  42.271319      62.798373    
50.500000 60.500000 0.500000 33.473301     -1.02048  47.264466      63.060053    
55.500000 60.500000 0.500000 99.806702     -0.65495  52.257614      63.321732    
60.500000 60.500000 0.500000 107.618896     -0.60151  57.250762      63.583412    
65.500000 60.500000 0.500000 16.951099     -1.15644  62.243909      63.845092    
70.500000 60.500000 0.500000 30.120001     -1.05265  67.237057      64.106772    
75.500000 60.500000 0.500000 27.398899     -1.09732  72.230205      64.368452    
80.500000 60.500000 0.500000 16.741100     -1.16876  77.223352      64.630131    
85.500000 60.500000 0.500000 12.490000     -1.24672  82.216500      64.891811    
90.500000 60.500000 0.500000 67.355598     -0.83716  87.209648      65.153491    
95.500000 60.500000 0.500000 552.625488      1.05265  92.202795      65.415171    
0.500000 65.500000 0.500000 62.631699     -0.90117 -2.9286903      65.436403    
5.500000 65.500000 0.500000 210.228897     -0.05957  2.0644573      65.698082    
10.500000 65.500000 0.500000 162.449997     -0.31534  7.0576050      65.959762    
15.500000 65.500000 0.500000 799.637817      1.73636  12.050753      66.221442    
20.500000 65.500000 0.500000 1165.308838      3.02334  17.043900      66.483122    
25.500000 65.500000 0.500000 770.022217      1.60953  22.037048      66.744801    
30.500000 65.500000 0.500000 66.467796     -0.87330  27.030196      67.006481    
35.500000 65.500000 0.500000 2.067800     -1.56535  32.023343      67.268161    
40.500000 65.500000 0.500000 0.000000     -2.20435  37.016491      67.529841    
45.500000 65.500000 0.500000 9.021100     -1.41353  42.009639      67.791521    
50.500000 65.500000 0.500000 11.741100     -1.26047  47.002786      68.053200    
55.500000 65.500000 0.500000 3.016700     -1.54436  51.995934      68.314880    
60.500000 65.500000 0.500000 127.693298     -0.47120  56.989082      68.576560    
65.500000 65.500000 0.500000 262.898895      0.13514  61.982229      68.838240    
70.500000 65.500000 0.500000 72.142197     -0.80209  66.975377      69.099919    
75.500000 65.500000 0.500000 97.559998     -0.67056  71.968525      69.361599    
80.500000 65.500000 0.500000 70.834396     -0.81950  76.961672      69.623279    
85.500000 65.500000 0.500000 86.495598     -0.75125  81.954820      69.884959    
90.500000 65.500000 0.500000 529.451111      0.96909  86.947968      70.146639    
95.500000 65.500000 0.500000 570.859009      1.13232  91.941115      70.408318    
0.500000 70.500000 0.500000 43.395000     -0.93945 -3.1903701      70.429550    
5.500000 70.500000 0.500000 139.626694     -0.40905  1.8027776      70.691230    
10.500000 70.500000 0.500000 433.512207      0.69429  6.7959252      70.952910    
15.500000 70.500000 0.500000 579.325500      1.16876  11.789073      71.214590    
20.500000 70.500000 0.500000 908.198914      2.13821  16.782221      71.476269    
25.500000 70.500000 0.500000 186.937805     -0.20509  21.775368      71.737949    
30.500000 70.500000 0.500000 0.000000     -1.76538  26.768516      71.999629    
35.500000 70.500000 0.500000 0.000000     -1.79597  31.761664      72.261309    
40.500000 70.500000 0.500000 6.222200     -1.44842  36.754811      72.522988    
45.500000 70.500000 0.500000 53.447800     -0.92014  41.747959      72.784668    
50.500000 70.500000 0.500000 167.692200     -0.29565  46.741107      73.046348    
55.500000 70.500000 0.500000 196.081100     -0.16683  51.734254      73.308028    
60.500000 70.500000 0.500000 361.397797      0.49231  56.727402      73.569708    
65.500000 70.500000 0.500000 530.489990      0.98933  61.720550      73.831387    
70.500000 70.500000 0.500000 475.320007      0.83716  66.713697      74.093067    
75.500000 70.500000 0.500000 241.837799      0.07213  71.706845      74.354747    
80.500000 70.500000 0.500000 356.615601      0.47120  76.699993      74.616427    
85.500000 70.500000 0.500000 472.474487      0.81077  81.693140      74.878106    
90.500000 70.500000 0.500000 289.886688      0.25658  86.686288      75.139786    
95.500000 70.500000 0.500000 160.438904     -0.32194  91.679436      75.401466    
0.500000 75.500000 0.500000 200.315002     -0.14147 -3.4520499      75.422698    
5.500000 75.500000 0.500000 102.375603     -0.63950  1.5410978      75.684378    
10.500000 75.500000 0.500000 187.101105     -0.19870  6.5342454      75.946057    
15.500000 75.500000 0.500000 594.633423      1.19394  11.527393      76.207737    
20.500000 75.500000 0.500000 637.747803      1.31801  16.520541      76.469417    
25.500000 75.500000 0.500000 0.000000     -1.82833  21.513688      76.731097    
30.500000 75.500000 0.500000 0.000000     -1.86273  26.506836      76.992777    
35.500000 75.500000 0.500000 11.032200     -1.30322  31.499984      77.254456    
40.500000 75.500000 0.500000 112.765602     -0.57174  36.493131      77.516136    
45.500000 75.500000 0.500000 400.736694      0.62419  41.486279      77.777816    
50.500000 75.500000 0.500000 443.401093      0.72655  46.479427      78.039496    
55.500000 75.500000 0.500000 471.752197      0.80209  51.472575      78.301175    
60.500000 75.500000 0.500000 344.989990      0.42272  56.465722      78.562855    
65.500000 75.500000 0.500000 282.286713      0.23720  61.458870      78.824535    
70.500000 75.500000 0.500000 269.575592      0.15414  66.452018      79.086215    
75.500000 75.500000 0.500000 344.885590      0.41588  71.445165      79.347895    
80.500000 75.500000 0.500000 475.114502      0.82830  76.438313      79.609574    
85.500000 75.500000 0.500000 544.807922      1.02048  81.431461      79.871254    
90.500000 75.500000 0.500000 596.428894      1.21991  86.424608      80.132934    
95.500000 75.500000 0.500000 200.982193     -0.12882  91.417756      80.394614    
0.500000 80.500000 0.500000 101.898300     -0.64720 -3.7137297      80.415846    
5.500000 80.500000 0.500000 99.077797     -0.66274  1.2794180      80.677525    
10.500000 80.500000 0.500000 179.413300     -0.25658  6.2725657      80.939205    
15.500000 80.500000 0.500000 554.612183      1.07472  11.265713      81.200885    
20.500000 80.500000 0.500000 276.581085      0.18593  16.258861      81.462565    
25.500000 80.500000 0.500000 0.000000     -2.28182  21.252009      81.724244    
30.500000 80.500000 0.500000 0.000000     -1.70874  26.245156      81.985924    
35.500000 80.500000 0.500000 0.885600     -1.60953  31.238304      82.247604    
40.500000 80.500000 0.500000 214.998901     -0.04074  36.231452      82.509284    
45.500000 80.500000 0.500000 349.211090      0.45029  41.224599      82.770964    
50.500000 80.500000 0.500000 383.953308      0.57913  46.217747      83.032643    
55.500000 80.500000 0.500000 71.201103     -0.81077  51.210895      83.294323    
60.500000 80.500000 0.500000 208.059998     -0.08470  56.204042      83.556003    
65.500000 80.500000 0.500000 325.918915      0.35512  61.197190      83.817683    
70.500000 80.500000 0.500000 655.867798      1.34849  66.190338      84.079362    
75.500000 80.500000 0.500000 230.694397      0.02193  71.183485      84.341042    
80.500000 80.500000 0.500000 250.077805      0.08470  76.176633      84.602722    
85.500000 80.500000 0.500000 294.077789      0.27606  81.169781      84.864402    
90.500000 80.500000 0.500000 180.245605     -0.25011  86.162928      85.126082    
95.500000 80.500000 0.500000 124.233398     -0.49940  91.156076      85.387761    
0.500000 85.500000 0.500000 42.384998     -0.96909 -3.9754095      85.408993    
5.500000 85.500000 0.500000 95.226700     -0.68634  1.0177382      85.670673    
10.500000 85.500000 0.500000 294.558899      0.28258  6.0108859      85.932353    
15.500000 85.500000 0.500000 579.844421      1.18126  11.004034      86.194033    
20.500000 85.500000 0.500000 463.066589      0.77642  15.997181      86.455712    
25.500000 85.500000 0.500000 0.000000     -2.13821  20.990329      86.717392    
30.500000 85.500000 0.500000 0.000000     -1.98181  25.983477      86.979072    
35.500000 85.500000 0.500000 1.255600     -1.58706  30.976624      87.240752    
40.500000 85.500000 0.500000 333.195496      0.38195  35.969772      87.502431    
45.500000 85.500000 0.500000 65.441101     -0.88251  40.962920      87.764111    
50.500000 85.500000 0.500000 123.779999     -0.50651  45.956067      88.025791    
55.500000 85.500000 0.500000 113.837799     -0.55704  50.949215      88.287471    
60.500000 85.500000 0.500000 66.779999     -0.85509  55.942363      88.549151    
65.500000 85.500000 0.500000 391.724487      0.60904  60.935510      88.810830    
70.500000 85.500000 0.500000 86.783302     -0.74297  65.928658      89.072510    
75.500000 85.500000 0.500000 219.607803     -0.01567  70.921806      89.334190    
80.500000 85.500000 0.500000 372.963287      0.52800  75.914953      89.595870    
85.500000 85.500000 0.500000 106.779999     -0.61660  80.908101      89.857549    
90.500000 85.500000 0.500000 27.664400     -1.08595  85.901249      90.119229    
95.500000 85.500000 0.500000 132.472198     -0.45724  90.894396      90.380909    
0.500000 90.500000 0.500000 208.494995     -0.07213 -4.2370892      90.402141    
5.500000 90.500000 0.500000 281.403290      0.22433 0.75605844      90.663821    
10.500000 90.500000 0.500000 249.135605      0.07841  5.7492061      90.925500    
15.500000 90.500000 0.500000 850.858887      1.98181  10.742354      91.187180    
20.500000 90.500000 0.500000 442.529999      0.71842  15.735501      91.448860    
25.500000 90.500000 0.500000 18.626699     -1.14430  20.728649      91.710540    
30.500000 90.500000 0.500000 0.015600     -1.68236  25.721797      91.972220    
35.500000 90.500000 0.500000 41.308899     -0.97916  30.714944      92.233899    
40.500000 90.500000 0.500000 121.901100     -0.52081  35.708092      92.495579    
45.500000 90.500000 0.500000 175.411102     -0.26956  40.701240      92.757259    
50.500000 90.500000 0.500000 204.263397     -0.09729  45.694388      93.018939    
55.500000 90.500000 0.500000 138.891098     -0.42272  50.687535      93.280618    
60.500000 90.500000 0.500000 142.233307     -0.40225  55.680683      93.542298    
65.500000 90.500000 0.500000 214.498901     -0.04702  60.673831      93.803978    
70.500000 90.500000 0.500000 39.972198     -0.98933  65.666978      94.065658    
75.500000 90.500000 0.500000 37.512199     -1.00999  70.660126      94.327338    
80.500000 90.500000 0.500000 237.193298      0.06585  75.653274      94.589017    
85.500000 90.500000 0.500000 30.371099     -1.03109  80.646421      94.850697    
90.500000 90.500000 0.500000 15.041100     -1.19394  85.639569      95.112377    
95.500000 90.500000 0.500000 29.172199     -1.07472  90.632717      95.374057    
0.500000 95.500000 0.500000 114.433296     -0.54974 -4.4987690      95.395289    
5.500000 95.500000 0.500000 339.899994      0.39546 0.49437866      95.656968    
10.500000 95.500000 0.500000 237.131104      0.05957  5.4875263      95.918648    
15.500000 95.500000 0.500000 459.572205      0.76798  10.480674      96.180328    
20.500000 95.500000 0.500000 258.787811      0.11619  15.473822      96.442008    
25.500000 95.500000 0.500000 0.277800     -1.65710  20.466969      96.703687    
30.500000 95.500000 0.500000 11.397800     -1.28871  25.460117      96.965367    
35.500000 95.500000 0.500000 110.681099     -0.57913  30.453265      97.227047    
40.500000 95.500000 0.500000 316.192200      0.32854  35.446412      97.488727    
45.500000 95.500000 0.500000 160.115601     -0.32854  40.439560      97.750407    
50.500000 95.500000 0.500000 235.440002      0.05329  45.432708      98.012086    
55.500000 95.500000 0.500000 275.284393      0.17956  50.425855      98.273766    
60.500000 95.500000 0.500000 87.323303     -0.73474  55.419003      98.535446    
65.500000 95.500000 0.500000 42.750000     -0.95912  60.412151      98.797126    
70.500000 95.500000 0.500000 10.538900     -1.33310  65.405298      99.058805    
75.500000 95.500000 0.500000 14.940000     -1.20682  70.398446      99.320485    
80.500000 95.500000 0.500000 10.735500     -1.31801  75.391594      99.582165    
85.500000 95.500000 0.500000 7.451100     -1.43076  80.384741      99.843845    
90.500000 95.500000 0.500000 5.010000     -1.46654  85.377889      100.10552    
95.500000 95.500000 0.500000 3.458900     -1.52403  90.371037      100.36720    
